DEBUG: Executing command line:  cd "/opt/local/var/macports/build/_Users_m028373_src_macports_lcl_science_mpich2/mpich2/work/mpich2-1.5b1" && /usr/bin/make -w install PACKAGE=mpich2 DESTDIR=/opt/local/var/macports/build/_Users_m028373_src_macports_lcl_science_mpich2/mpich2/work/destroot 
make: Entering directory `/opt/local/var/macports/build/_Users_m028373_src_macports_lcl_science_mpich2/mpich2/work/mpich2-1.5b1'
make  install-recursive
make[1]: Entering directory `/opt/local/var/macports/build/_Users_m028373_src_macports_lcl_science_mpich2/mpich2/work/mpich2-1.5b1'
Making install in src/mpl
make[2]: Entering directory `/opt/local/var/macports/build/_Users_m028373_src_macports_lcl_science_mpich2/mpich2/work/mpich2-1.5b1/src/mpl'
make[3]: Entering directory `/opt/local/var/macports/build/_Users_m028373_src_macports_lcl_science_mpich2/mpich2/work/mpich2-1.5b1/src/mpl'
test -z "/opt/local/lib" || /opt/local/bin/gmkdir -p "/opt/local/var/macports/build/_Users_m028373_src_macports_lcl_science_mpich2/mpich2/work/destroot/opt/local/lib"
 /bin/sh ./libtool   --mode=install /usr/bin/install -c   libmpl.la '/opt/local/var/macports/build/_Users_m028373_src_macports_lcl_science_mpich2/mpich2/work/destroot/opt/local/lib'
libtool: install: /usr/bin/install -c .libs/libmpl.1.dylib /opt/local/var/macports/build/_Users_m028373_src_macports_lcl_science_mpich2/mpich2/work/destroot/opt/local/lib/libmpl.1.dylib
libtool: install: (cd /opt/local/var/macports/build/_Users_m028373_src_macports_lcl_science_mpich2/mpich2/work/destroot/opt/local/lib && { ln -s -f libmpl.1.dylib libmpl.dylib || { rm -f libmpl.dylib && ln -s libmpl.1.dylib libmpl.dylib; }; })
libtool: install: /usr/bin/install -c .libs/libmpl.lai /opt/local/var/macports/build/_Users_m028373_src_macports_lcl_science_mpich2/mpich2/work/destroot/opt/local/lib/libmpl.la
libtool: install: /usr/bin/install -c .libs/libmpl.a /opt/local/var/macports/build/_Users_m028373_src_macports_lcl_science_mpich2/mpich2/work/destroot/opt/local/lib/libmpl.a
libtool: install: chmod 644 /opt/local/var/macports/build/_Users_m028373_src_macports_lcl_science_mpich2/mpich2/work/destroot/opt/local/lib/libmpl.a
libtool: install: ranlib /opt/local/var/macports/build/_Users_m028373_src_macports_lcl_science_mpich2/mpich2/work/destroot/opt/local/lib/libmpl.a
libtool: install: warning: remember to run `libtool --finish /opt/local/lib'
test -z "/opt/local/include" || /opt/local/bin/gmkdir -p "/opt/local/var/macports/build/_Users_m028373_src_macports_lcl_science_mpich2/mpich2/work/destroot/opt/local/include"
make[3]: Leaving directory `/opt/local/var/macports/build/_Users_m028373_src_macports_lcl_science_mpich2/mpich2/work/mpich2-1.5b1/src/mpl'
make[2]: Leaving directory `/opt/local/var/macports/build/_Users_m028373_src_macports_lcl_science_mpich2/mpich2/work/mpich2-1.5b1/src/mpl'
Making install in src/openpa
make[2]: Entering directory `/opt/local/var/macports/build/_Users_m028373_src_macports_lcl_science_mpich2/mpich2/work/mpich2-1.5b1/src/openpa'
Making install in src
make[3]: Entering directory `/opt/local/var/macports/build/_Users_m028373_src_macports_lcl_science_mpich2/mpich2/work/mpich2-1.5b1/src/openpa/src'
make[4]: Entering directory `/opt/local/var/macports/build/_Users_m028373_src_macports_lcl_science_mpich2/mpich2/work/mpich2-1.5b1/src/openpa/src'
test -z "/opt/local/lib" || /opt/local/bin/gmkdir -p "/opt/local/var/macports/build/_Users_m028373_src_macports_lcl_science_mpich2/mpich2/work/destroot/opt/local/lib"
 /bin/sh ../libtool   --mode=install /usr/bin/install -c   libopa.la '/opt/local/var/macports/build/_Users_m028373_src_macports_lcl_science_mpich2/mpich2/work/destroot/opt/local/lib'
libtool: install: /usr/bin/install -c .libs/libopa.1.dylib /opt/local/var/macports/build/_Users_m028373_src_macports_lcl_science_mpich2/mpich2/work/destroot/opt/local/lib/libopa.1.dylib
libtool: install: (cd /opt/local/var/macports/build/_Users_m028373_src_macports_lcl_science_mpich2/mpich2/work/destroot/opt/local/lib && { ln -s -f libopa.1.dylib libopa.dylib || { rm -f libopa.dylib && ln -s libopa.1.dylib libopa.dylib; }; })
libtool: install: /usr/bin/install -c .libs/libopa.lai /opt/local/var/macports/build/_Users_m028373_src_macports_lcl_science_mpich2/mpich2/work/destroot/opt/local/lib/libopa.la
libtool: install: /usr/bin/install -c .libs/libopa.a /opt/local/var/macports/build/_Users_m028373_src_macports_lcl_science_mpich2/mpich2/work/destroot/opt/local/lib/libopa.a
libtool: install: chmod 644 /opt/local/var/macports/build/_Users_m028373_src_macports_lcl_science_mpich2/mpich2/work/destroot/opt/local/lib/libopa.a
libtool: install: ranlib /opt/local/var/macports/build/_Users_m028373_src_macports_lcl_science_mpich2/mpich2/work/destroot/opt/local/lib/libopa.a
libtool: install: warning: remember to run `libtool --finish /opt/local/lib'
test -z "/opt/local/include" || /opt/local/bin/gmkdir -p "/opt/local/var/macports/build/_Users_m028373_src_macports_lcl_science_mpich2/mpich2/work/destroot/opt/local/include"
 /usr/bin/install -c -m 644 opa_primitives.h opa_queue.h opa_util.h '/opt/local/var/macports/build/_Users_m028373_src_macports_lcl_science_mpich2/mpich2/work/destroot/opt/local/include'
test -z "/opt/local/include" || /opt/local/bin/gmkdir -p "/opt/local/var/macports/build/_Users_m028373_src_macports_lcl_science_mpich2/mpich2/work/destroot/opt/local/include"
/opt/local/bin/gmkdir -p '/opt/local/var/macports/build/_Users_m028373_src_macports_lcl_science_mpich2/mpich2/work/destroot/opt/local/include/primitives'
 /usr/bin/install -c -m 644  primitives/opa_by_lock.h primitives/opa_emulated.h primitives/opa_gcc_ia64.h primitives/opa_gcc_intel_32_64.h primitives/opa_gcc_intel_32_64_barrier.h primitives/opa_gcc_intel_32_64_ops.h primitives/opa_gcc_intel_32_64_p3.h primitives/opa_gcc_intel_32_64_p3barrier.h primitives/opa_gcc_intrinsics.h primitives/opa_gcc_ppc.h primitives/opa_gcc_sicortex.h primitives/opa_nt_intrinsics.h primitives/opa_sun_atomic_ops.h primitives/opa_unsafe.h '/opt/local/var/macports/build/_Users_m028373_src_macports_lcl_science_mpich2/mpich2/work/destroot/opt/local/include/primitives'
test -z "/opt/local/include" || /opt/local/bin/gmkdir -p "/opt/local/var/macports/build/_Users_m028373_src_macports_lcl_science_mpich2/mpich2/work/destroot/opt/local/include"
 /usr/bin/install -c -m 644 opa_config.h '/opt/local/var/macports/build/_Users_m028373_src_macports_lcl_science_mpich2/mpich2/work/destroot/opt/local/include'
make[4]: Leaving directory `/opt/local/var/macports/build/_Users_m028373_src_macports_lcl_science_mpich2/mpich2/work/mpich2-1.5b1/src/openpa/src'
make[3]: Leaving directory `/opt/local/var/macports/build/_Users_m028373_src_macports_lcl_science_mpich2/mpich2/work/mpich2-1.5b1/src/openpa/src'
Making install in test
make[3]: Entering directory `/opt/local/var/macports/build/_Users_m028373_src_macports_lcl_science_mpich2/mpich2/work/mpich2-1.5b1/src/openpa/test'
make[4]: Entering directory `/opt/local/var/macports/build/_Users_m028373_src_macports_lcl_science_mpich2/mpich2/work/mpich2-1.5b1/src/openpa/test'
make[4]: Nothing to be done for `install-exec-am'.
make[4]: Nothing to be done for `install-data-am'.
make[4]: Leaving directory `/opt/local/var/macports/build/_Users_m028373_src_macports_lcl_science_mpich2/mpich2/work/mpich2-1.5b1/src/openpa/test'
make[3]: Leaving directory `/opt/local/var/macports/build/_Users_m028373_src_macports_lcl_science_mpich2/mpich2/work/mpich2-1.5b1/src/openpa/test'
make[3]: Entering directory `/opt/local/var/macports/build/_Users_m028373_src_macports_lcl_science_mpich2/mpich2/work/mpich2-1.5b1/src/openpa'
make[4]: Entering directory `/opt/local/var/macports/build/_Users_m028373_src_macports_lcl_science_mpich2/mpich2/work/mpich2-1.5b1/src/openpa'
make[4]: Nothing to be done for `install-exec-am'.
test -z "/opt/local/lib/pkgconfig" || /opt/local/bin/gmkdir -p "/opt/local/var/macports/build/_Users_m028373_src_macports_lcl_science_mpich2/mpich2/work/destroot/opt/local/lib/pkgconfig"
 /usr/bin/install -c -m 644 openpa.pc '/opt/local/var/macports/build/_Users_m028373_src_macports_lcl_science_mpich2/mpich2/work/destroot/opt/local/lib/pkgconfig'
make[4]: Leaving directory `/opt/local/var/macports/build/_Users_m028373_src_macports_lcl_science_mpich2/mpich2/work/mpich2-1.5b1/src/openpa'
make[3]: Leaving directory `/opt/local/var/macports/build/_Users_m028373_src_macports_lcl_science_mpich2/mpich2/work/mpich2-1.5b1/src/openpa'
make[2]: Leaving directory `/opt/local/var/macports/build/_Users_m028373_src_macports_lcl_science_mpich2/mpich2/work/mpich2-1.5b1/src/openpa'
Making install in src/mpe2
make[2]: Entering directory `/opt/local/var/macports/build/_Users_m028373_src_macports_lcl_science_mpich2/mpich2/work/mpich2-1.5b1/src/mpe2'
Installing MPE2 include files to /opt/local/var/macports/build/_Users_m028373_src_macports_lcl_science_mpich2/mpich2/work/destroot/opt/local/include
Installing MPE2 libraries to /opt/local/var/macports/build/_Users_m028373_src_macports_lcl_science_mpich2/mpich2/work/destroot/opt/local/lib
Installing MPE2 utility programs to /opt/local/var/macports/build/_Users_m028373_src_macports_lcl_science_mpich2/mpich2/work/destroot/opt/local/bin
Installing MPE2 configuration files to /opt/local/var/macports/build/_Users_m028373_src_macports_lcl_science_mpich2/mpich2/work/destroot/opt/local/etc
Installing MPE2 system utility programs to /opt/local/var/macports/build/_Users_m028373_src_macports_lcl_science_mpich2/mpich2/work/destroot/opt/local/sbin
Installing MPE2 man to /opt/local/var/macports/build/_Users_m028373_src_macports_lcl_science_mpich2/mpich2/work/destroot/opt/local/share/man
Installing MPE2 html to /opt/local/var/macports/build/_Users_m028373_src_macports_lcl_science_mpich2/mpich2/work/destroot/opt/local/share/doc/mpich2
Installing SLOG2SDK's lib
Installing SLOG2SDK's doc
install: /opt/local/var/macports/build/_Users_m028373_src_macports_lcl_science_mpich2/mpich2/work/destroot/opt/local/share/doc/mpich2/jumpshot-4/usersguide.pdf: No such file or directory
*** Error installing file usersguide.pdf to /opt/local/var/macports/build/_Users_m028373_src_macports_lcl_science_mpich2/mpich2/work/destroot/opt/local/share/doc/mpich2/jumpshot-4/usersguide.pdf with mode 0644. ***
Installed MPE2 in /opt/local/var/macports/build/_Users_m028373_src_macports_lcl_science_mpich2/mpich2/work/destroot/opt/local
/opt/local/var/macports/build/_Users_m028373_src_macports_lcl_science_mpich2/mpich2/work/destroot/opt/local/sbin/mpeuninstall may be used to remove the installation
make[2]: Leaving directory `/opt/local/var/macports/build/_Users_m028373_src_macports_lcl_science_mpich2/mpich2/work/mpich2-1.5b1/src/mpe2'
Making install in src/mpi/romio
make[2]: Entering directory `/opt/local/var/macports/build/_Users_m028373_src_macports_lcl_science_mpich2/mpich2/work/mpich2-1.5b1/src/mpi/romio'
make[3]: Entering directory `/opt/local/var/macports/build/_Users_m028373_src_macports_lcl_science_mpich2/mpich2/work/mpich2-1.5b1/src/mpi/romio'
make[4]: Entering directory `/opt/local/var/macports/build/_Users_m028373_src_macports_lcl_science_mpich2/mpich2/work/mpich2-1.5b1/src/mpi/romio'
make[4]: Nothing to be done for `install-exec-am'.
test -z "/opt/local/include" || mkdir -p "/opt/local/var/macports/build/_Users_m028373_src_macports_lcl_science_mpich2/mpich2/work/destroot/opt/local/include"
test -z "/opt/local/include" || mkdir -p "/opt/local/var/macports/build/_Users_m028373_src_macports_lcl_science_mpich2/mpich2/work/destroot/opt/local/include"
 /usr/bin/install -c -m 644 include/mpio.h include/mpiof.h '/opt/local/var/macports/build/_Users_m028373_src_macports_lcl_science_mpich2/mpich2/work/destroot/opt/local/include'
make[4]: Leaving directory `/opt/local/var/macports/build/_Users_m028373_src_macports_lcl_science_mpich2/mpich2/work/mpich2-1.5b1/src/mpi/romio'
make[3]: Leaving directory `/opt/local/var/macports/build/_Users_m028373_src_macports_lcl_science_mpich2/mpich2/work/mpich2-1.5b1/src/mpi/romio'
make[2]: Leaving directory `/opt/local/var/macports/build/_Users_m028373_src_macports_lcl_science_mpich2/mpich2/work/mpich2-1.5b1/src/mpi/romio'
Making install in src/pm/hydra
make[2]: Entering directory `/opt/local/var/macports/build/_Users_m028373_src_macports_lcl_science_mpich2/mpich2/work/mpich2-1.5b1/src/pm/hydra'
Making install in ../../mpl
make[3]: Entering directory `/opt/local/var/macports/build/_Users_m028373_src_macports_lcl_science_mpich2/mpich2/work/mpich2-1.5b1/src/mpl'
make[4]: Entering directory `/opt/local/var/macports/build/_Users_m028373_src_macports_lcl_science_mpich2/mpich2/work/mpich2-1.5b1/src/mpl'
test -z "/opt/local/lib" || /opt/local/bin/gmkdir -p "/opt/local/var/macports/build/_Users_m028373_src_macports_lcl_science_mpich2/mpich2/work/destroot/opt/local/lib"
 /bin/sh ./libtool   --mode=install /usr/bin/install -c   libmpl.la '/opt/local/var/macports/build/_Users_m028373_src_macports_lcl_science_mpich2/mpich2/work/destroot/opt/local/lib'
libtool: install: /usr/bin/install -c .libs/libmpl.1.dylib /opt/local/var/macports/build/_Users_m028373_src_macports_lcl_science_mpich2/mpich2/work/destroot/opt/local/lib/libmpl.1.dylib
libtool: install: (cd /opt/local/var/macports/build/_Users_m028373_src_macports_lcl_science_mpich2/mpich2/work/destroot/opt/local/lib && { ln -s -f libmpl.1.dylib libmpl.dylib || { rm -f libmpl.dylib && ln -s libmpl.1.dylib libmpl.dylib; }; })
libtool: install: /usr/bin/install -c .libs/libmpl.lai /opt/local/var/macports/build/_Users_m028373_src_macports_lcl_science_mpich2/mpich2/work/destroot/opt/local/lib/libmpl.la
libtool: install: /usr/bin/install -c .libs/libmpl.a /opt/local/var/macports/build/_Users_m028373_src_macports_lcl_science_mpich2/mpich2/work/destroot/opt/local/lib/libmpl.a
libtool: install: chmod 644 /opt/local/var/macports/build/_Users_m028373_src_macports_lcl_science_mpich2/mpich2/work/destroot/opt/local/lib/libmpl.a
libtool: install: ranlib /opt/local/var/macports/build/_Users_m028373_src_macports_lcl_science_mpich2/mpich2/work/destroot/opt/local/lib/libmpl.a
libtool: install: warning: remember to run `libtool --finish /opt/local/lib'
test -z "/opt/local/include" || /opt/local/bin/gmkdir -p "/opt/local/var/macports/build/_Users_m028373_src_macports_lcl_science_mpich2/mpich2/work/destroot/opt/local/include"
make[4]: Leaving directory `/opt/local/var/macports/build/_Users_m028373_src_macports_lcl_science_mpich2/mpich2/work/mpich2-1.5b1/src/mpl'
make[3]: Leaving directory `/opt/local/var/macports/build/_Users_m028373_src_macports_lcl_science_mpich2/mpich2/work/mpich2-1.5b1/src/mpl'
Making install in tools/topo/hwloc/hwloc
make[3]: Entering directory `/opt/local/var/macports/build/_Users_m028373_src_macports_lcl_science_mpich2/mpich2/work/mpich2-1.5b1/src/pm/hydra/tools/topo/hwloc/hwloc'
Making install in src
make[4]: Entering directory `/opt/local/var/macports/build/_Users_m028373_src_macports_lcl_science_mpich2/mpich2/work/mpich2-1.5b1/src/pm/hydra/tools/topo/hwloc/hwloc/src'
make[5]: Entering directory `/opt/local/var/macports/build/_Users_m028373_src_macports_lcl_science_mpich2/mpich2/work/mpich2-1.5b1/src/pm/hydra/tools/topo/hwloc/hwloc/src'
test -z "/opt/local/lib" || mkdir -p "/opt/local/var/macports/build/_Users_m028373_src_macports_lcl_science_mpich2/mpich2/work/destroot/opt/local/lib"
make  install-exec-hook
make[6]: Entering directory `/opt/local/var/macports/build/_Users_m028373_src_macports_lcl_science_mpich2/mpich2/work/mpich2-1.5b1/src/pm/hydra/tools/topo/hwloc/hwloc/src'
make[6]: Nothing to be done for `install-exec-hook'.
make[6]: Leaving directory `/opt/local/var/macports/build/_Users_m028373_src_macports_lcl_science_mpich2/mpich2/work/mpich2-1.5b1/src/pm/hydra/tools/topo/hwloc/hwloc/src'
test -z "" || mkdir -p "/opt/local/var/macports/build/_Users_m028373_src_macports_lcl_science_mpich2/mpich2/work/destroot"
make[5]: Leaving directory `/opt/local/var/macports/build/_Users_m028373_src_macports_lcl_science_mpich2/mpich2/work/mpich2-1.5b1/src/pm/hydra/tools/topo/hwloc/hwloc/src'
make[4]: Leaving directory `/opt/local/var/macports/build/_Users_m028373_src_macports_lcl_science_mpich2/mpich2/work/mpich2-1.5b1/src/pm/hydra/tools/topo/hwloc/hwloc/src'
Making install in include
make[4]: Entering directory `/opt/local/var/macports/build/_Users_m028373_src_macports_lcl_science_mpich2/mpich2/work/mpich2-1.5b1/src/pm/hydra/tools/topo/hwloc/hwloc/include'
make[5]: Entering directory `/opt/local/var/macports/build/_Users_m028373_src_macports_lcl_science_mpich2/mpich2/work/mpich2-1.5b1/src/pm/hydra/tools/topo/hwloc/hwloc/include'
make[5]: Nothing to be done for `install-exec-am'.
test -z "/opt/local/include" || mkdir -p "/opt/local/var/macports/build/_Users_m028373_src_macports_lcl_science_mpich2/mpich2/work/destroot/opt/local/include"
test -z "" || mkdir -p "/opt/local/var/macports/build/_Users_m028373_src_macports_lcl_science_mpich2/mpich2/work/destroot"
test -z "" || mkdir -p "/opt/local/var/macports/build/_Users_m028373_src_macports_lcl_science_mpich2/mpich2/work/destroot"
make[5]: Leaving directory `/opt/local/var/macports/build/_Users_m028373_src_macports_lcl_science_mpich2/mpich2/work/mpich2-1.5b1/src/pm/hydra/tools/topo/hwloc/hwloc/include'
make[4]: Leaving directory `/opt/local/var/macports/build/_Users_m028373_src_macports_lcl_science_mpich2/mpich2/work/mpich2-1.5b1/src/pm/hydra/tools/topo/hwloc/hwloc/include'
make[4]: Entering directory `/opt/local/var/macports/build/_Users_m028373_src_macports_lcl_science_mpich2/mpich2/work/mpich2-1.5b1/src/pm/hydra/tools/topo/hwloc/hwloc'
make[5]: Entering directory `/opt/local/var/macports/build/_Users_m028373_src_macports_lcl_science_mpich2/mpich2/work/mpich2-1.5b1/src/pm/hydra/tools/topo/hwloc/hwloc'
make[5]: Nothing to be done for `install-exec-am'.
test -z "/opt/local/share/hydra" || mkdir -p "/opt/local/var/macports/build/_Users_m028373_src_macports_lcl_science_mpich2/mpich2/work/destroot/opt/local/share/hydra"
test -z "" || mkdir -p "/opt/local/var/macports/build/_Users_m028373_src_macports_lcl_science_mpich2/mpich2/work/destroot"
make[5]: Leaving directory `/opt/local/var/macports/build/_Users_m028373_src_macports_lcl_science_mpich2/mpich2/work/mpich2-1.5b1/src/pm/hydra/tools/topo/hwloc/hwloc'
make[4]: Leaving directory `/opt/local/var/macports/build/_Users_m028373_src_macports_lcl_science_mpich2/mpich2/work/mpich2-1.5b1/src/pm/hydra/tools/topo/hwloc/hwloc'
make[3]: Leaving directory `/opt/local/var/macports/build/_Users_m028373_src_macports_lcl_science_mpich2/mpich2/work/mpich2-1.5b1/src/pm/hydra/tools/topo/hwloc/hwloc'
Making install in .
make[3]: Entering directory `/opt/local/var/macports/build/_Users_m028373_src_macports_lcl_science_mpich2/mpich2/work/mpich2-1.5b1/src/pm/hydra'
make[4]: Entering directory `/opt/local/var/macports/build/_Users_m028373_src_macports_lcl_science_mpich2/mpich2/work/mpich2-1.5b1/src/pm/hydra'
test -z "/opt/local/bin" || mkdir -p "/opt/local/var/macports/build/_Users_m028373_src_macports_lcl_science_mpich2/mpich2/work/destroot/opt/local/bin"
  /bin/sh ./libtool   --mode=install /usr/bin/install -c hydra_persist hydra_nameserver hydra_pmi_proxy mpiexec.hydra '/opt/local/var/macports/build/_Users_m028373_src_macports_lcl_science_mpich2/mpich2/work/destroot/opt/local/bin'
libtool: install: /usr/bin/install -c .libs/hydra_persist /opt/local/var/macports/build/_Users_m028373_src_macports_lcl_science_mpich2/mpich2/work/destroot/opt/local/bin/hydra_persist
libtool: install: /usr/bin/install -c .libs/hydra_nameserver /opt/local/var/macports/build/_Users_m028373_src_macports_lcl_science_mpich2/mpich2/work/destroot/opt/local/bin/hydra_nameserver
libtool: install: /usr/bin/install -c .libs/hydra_pmi_proxy /opt/local/var/macports/build/_Users_m028373_src_macports_lcl_science_mpich2/mpich2/work/destroot/opt/local/bin/hydra_pmi_proxy
libtool: install: /usr/bin/install -c .libs/mpiexec.hydra /opt/local/var/macports/build/_Users_m028373_src_macports_lcl_science_mpich2/mpich2/work/destroot/opt/local/bin/mpiexec.hydra
make  install-exec-hook
make[5]: Entering directory `/opt/local/var/macports/build/_Users_m028373_src_macports_lcl_science_mpich2/mpich2/work/mpich2-1.5b1/src/pm/hydra'
if [ -x /opt/local/var/macports/build/_Users_m028373_src_macports_lcl_science_mpich2/mpich2/work/destroot/opt/local/bin/mpiexec.hydra ] ; then \
	    cd /opt/local/var/macports/build/_Users_m028373_src_macports_lcl_science_mpich2/mpich2/work/destroot/opt/local/bin && ln -f -s mpiexec.hydra mpiexec ; \
	    cd /opt/local/var/macports/build/_Users_m028373_src_macports_lcl_science_mpich2/mpich2/work/destroot/opt/local/bin && ln -f -s mpiexec.hydra mpirun ; \
	fi
make[5]: Leaving directory `/opt/local/var/macports/build/_Users_m028373_src_macports_lcl_science_mpich2/mpich2/work/mpich2-1.5b1/src/pm/hydra'
make[4]: Nothing to be done for `install-data-am'.
make[4]: Leaving directory `/opt/local/var/macports/build/_Users_m028373_src_macports_lcl_science_mpich2/mpich2/work/mpich2-1.5b1/src/pm/hydra'
make[3]: Leaving directory `/opt/local/var/macports/build/_Users_m028373_src_macports_lcl_science_mpich2/mpich2/work/mpich2-1.5b1/src/pm/hydra'
make[2]: Leaving directory `/opt/local/var/macports/build/_Users_m028373_src_macports_lcl_science_mpich2/mpich2/work/mpich2-1.5b1/src/pm/hydra'
Making install in .
make[2]: Entering directory `/opt/local/var/macports/build/_Users_m028373_src_macports_lcl_science_mpich2/mpich2/work/mpich2-1.5b1'
make[3]: Entering directory `/opt/local/var/macports/build/_Users_m028373_src_macports_lcl_science_mpich2/mpich2/work/mpich2-1.5b1'
test -z "/opt/local/lib" || mkdir -p "/opt/local/var/macports/build/_Users_m028373_src_macports_lcl_science_mpich2/mpich2/work/destroot/opt/local/lib"
 /bin/sh ./libtool   --mode=install /usr/bin/install -c   lib/libmpich.la lib/libpmpich.la lib/libmpichcxx.la lib/libfmpich.la lib/libmpichf90.la '/opt/local/var/macports/build/_Users_m028373_src_macports_lcl_science_mpich2/mpich2/work/destroot/opt/local/lib'
libtool: install: /usr/bin/install -c lib/.libs/libmpich.6.dylib /opt/local/var/macports/build/_Users_m028373_src_macports_lcl_science_mpich2/mpich2/work/destroot/opt/local/lib/libmpich.6.dylib
libtool: install: (cd /opt/local/var/macports/build/_Users_m028373_src_macports_lcl_science_mpich2/mpich2/work/destroot/opt/local/lib && { ln -s -f libmpich.6.dylib libmpich.dylib || { rm -f libmpich.dylib && ln -s libmpich.6.dylib libmpich.dylib; }; })
libtool: install: /usr/bin/install -c lib/.libs/libmpich.lai /opt/local/var/macports/build/_Users_m028373_src_macports_lcl_science_mpich2/mpich2/work/destroot/opt/local/lib/libmpich.la
libtool: install: /usr/bin/install -c lib/.libs/libpmpich.6.dylib /opt/local/var/macports/build/_Users_m028373_src_macports_lcl_science_mpich2/mpich2/work/destroot/opt/local/lib/libpmpich.6.dylib
libtool: install: (cd /opt/local/var/macports/build/_Users_m028373_src_macports_lcl_science_mpich2/mpich2/work/destroot/opt/local/lib && { ln -s -f libpmpich.6.dylib libpmpich.dylib || { rm -f libpmpich.dylib && ln -s libpmpich.6.dylib libpmpich.dylib; }; })
libtool: install: /usr/bin/install -c lib/.libs/libpmpich.lai /opt/local/var/macports/build/_Users_m028373_src_macports_lcl_science_mpich2/mpich2/work/destroot/opt/local/lib/libpmpich.la
libtool: install: /usr/bin/install -c lib/.libs/libmpichcxx.6.dylib /opt/local/var/macports/build/_Users_m028373_src_macports_lcl_science_mpich2/mpich2/work/destroot/opt/local/lib/libmpichcxx.6.dylib
libtool: install: (cd /opt/local/var/macports/build/_Users_m028373_src_macports_lcl_science_mpich2/mpich2/work/destroot/opt/local/lib && { ln -s -f libmpichcxx.6.dylib libmpichcxx.dylib || { rm -f libmpichcxx.dylib && ln -s libmpichcxx.6.dylib libmpichcxx.dylib; }; })
libtool: install: /usr/bin/install -c lib/.libs/libmpichcxx.lai /opt/local/var/macports/build/_Users_m028373_src_macports_lcl_science_mpich2/mpich2/work/destroot/opt/local/lib/libmpichcxx.la
libtool: install: /usr/bin/install -c lib/.libs/libfmpich.6.dylib /opt/local/var/macports/build/_Users_m028373_src_macports_lcl_science_mpich2/mpich2/work/destroot/opt/local/lib/libfmpich.6.dylib
libtool: install: (cd /opt/local/var/macports/build/_Users_m028373_src_macports_lcl_science_mpich2/mpich2/work/destroot/opt/local/lib && { ln -s -f libfmpich.6.dylib libfmpich.dylib || { rm -f libfmpich.dylib && ln -s libfmpich.6.dylib libfmpich.dylib; }; })
libtool: install: /usr/bin/install -c lib/.libs/libfmpich.lai /opt/local/var/macports/build/_Users_m028373_src_macports_lcl_science_mpich2/mpich2/work/destroot/opt/local/lib/libfmpich.la
libtool: install: /usr/bin/install -c lib/.libs/libmpichf90.6.dylib /opt/local/var/macports/build/_Users_m028373_src_macports_lcl_science_mpich2/mpich2/work/destroot/opt/local/lib/libmpichf90.6.dylib
libtool: install: (cd /opt/local/var/macports/build/_Users_m028373_src_macports_lcl_science_mpich2/mpich2/work/destroot/opt/local/lib && { ln -s -f libmpichf90.6.dylib libmpichf90.dylib || { rm -f libmpichf90.dylib && ln -s libmpichf90.6.dylib libmpichf90.dylib; }; })
libtool: install: /usr/bin/install -c lib/.libs/libmpichf90.lai /opt/local/var/macports/build/_Users_m028373_src_macports_lcl_science_mpich2/mpich2/work/destroot/opt/local/lib/libmpichf90.la
libtool: install: /usr/bin/install -c lib/.libs/libmpich.a /opt/local/var/macports/build/_Users_m028373_src_macports_lcl_science_mpich2/mpich2/work/destroot/opt/local/lib/libmpich.a
libtool: install: chmod 644 /opt/local/var/macports/build/_Users_m028373_src_macports_lcl_science_mpich2/mpich2/work/destroot/opt/local/lib/libmpich.a
libtool: install: ranlib /opt/local/var/macports/build/_Users_m028373_src_macports_lcl_science_mpich2/mpich2/work/destroot/opt/local/lib/libmpich.a
libtool: install: /usr/bin/install -c lib/.libs/libpmpich.a /opt/local/var/macports/build/_Users_m028373_src_macports_lcl_science_mpich2/mpich2/work/destroot/opt/local/lib/libpmpich.a
libtool: install: chmod 644 /opt/local/var/macports/build/_Users_m028373_src_macports_lcl_science_mpich2/mpich2/work/destroot/opt/local/lib/libpmpich.a
libtool: install: ranlib /opt/local/var/macports/build/_Users_m028373_src_macports_lcl_science_mpich2/mpich2/work/destroot/opt/local/lib/libpmpich.a
libtool: install: /usr/bin/install -c lib/.libs/libmpichcxx.a /opt/local/var/macports/build/_Users_m028373_src_macports_lcl_science_mpich2/mpich2/work/destroot/opt/local/lib/libmpichcxx.a
libtool: install: chmod 644 /opt/local/var/macports/build/_Users_m028373_src_macports_lcl_science_mpich2/mpich2/work/destroot/opt/local/lib/libmpichcxx.a
libtool: install: ranlib /opt/local/var/macports/build/_Users_m028373_src_macports_lcl_science_mpich2/mpich2/work/destroot/opt/local/lib/libmpichcxx.a
libtool: install: /usr/bin/install -c lib/.libs/libfmpich.a /opt/local/var/macports/build/_Users_m028373_src_macports_lcl_science_mpich2/mpich2/work/destroot/opt/local/lib/libfmpich.a
libtool: install: chmod 644 /opt/local/var/macports/build/_Users_m028373_src_macports_lcl_science_mpich2/mpich2/work/destroot/opt/local/lib/libfmpich.a
libtool: install: ranlib /opt/local/var/macports/build/_Users_m028373_src_macports_lcl_science_mpich2/mpich2/work/destroot/opt/local/lib/libfmpich.a
libtool: install: /usr/bin/install -c lib/.libs/libmpichf90.a /opt/local/var/macports/build/_Users_m028373_src_macports_lcl_science_mpich2/mpich2/work/destroot/opt/local/lib/libmpichf90.a
libtool: install: chmod 644 /opt/local/var/macports/build/_Users_m028373_src_macports_lcl_science_mpich2/mpich2/work/destroot/opt/local/lib/libmpichf90.a
libtool: install: ranlib /opt/local/var/macports/build/_Users_m028373_src_macports_lcl_science_mpich2/mpich2/work/destroot/opt/local/lib/libmpichf90.a
ranlib: file: /opt/local/var/macports/build/_Users_m028373_src_macports_lcl_science_mpich2/mpich2/work/destroot/opt/local/lib/libmpichf90.a(mpi_base.o) has no symbols
libtool: install: warning: remember to run `libtool --finish /opt/local/lib'
test -z "/opt/local/bin" || mkdir -p "/opt/local/var/macports/build/_Users_m028373_src_macports_lcl_science_mpich2/mpich2/work/destroot/opt/local/bin"
  /bin/sh ./libtool   --mode=install /usr/bin/install -c src/env/mpich2version '/opt/local/var/macports/build/_Users_m028373_src_macports_lcl_science_mpich2/mpich2/work/destroot/opt/local/bin'
libtool: install: /usr/bin/install -c src/env/.libs/mpich2version /opt/local/var/macports/build/_Users_m028373_src_macports_lcl_science_mpich2/mpich2/work/destroot/opt/local/bin/mpich2version
test -z "/opt/local/bin" || mkdir -p "/opt/local/var/macports/build/_Users_m028373_src_macports_lcl_science_mpich2/mpich2/work/destroot/opt/local/bin"
 /usr/bin/install -c src/env/mpicc src/env/parkill src/env/mpif77 src/env/mpif90 src/env/mpicxx '/opt/local/var/macports/build/_Users_m028373_src_macports_lcl_science_mpich2/mpich2/work/destroot/opt/local/bin'
test -z "/opt/local/etc" || mkdir -p "/opt/local/var/macports/build/_Users_m028373_src_macports_lcl_science_mpich2/mpich2/work/destroot/opt/local/etc"
 /usr/bin/install -c -m 644 src/env/mpicc.conf src/env/mpif77.conf src/env/mpif90.conf src/env/mpicxx.conf '/opt/local/var/macports/build/_Users_m028373_src_macports_lcl_science_mpich2/mpich2/work/destroot/opt/local/etc'
make  install-exec-hook
make[4]: Entering directory `/opt/local/var/macports/build/_Users_m028373_src_macports_lcl_science_mpich2/mpich2/work/mpich2-1.5b1'
for e in /opt/local/var/macports/build/_Users_m028373_src_macports_lcl_science_mpich2/mpich2/work/destroot/opt/local/bin/mpicc /opt/local/var/macports/build/_Users_m028373_src_macports_lcl_science_mpich2/mpich2/work/destroot/opt/local/bin/mpicxx \
		/opt/local/var/macports/build/_Users_m028373_src_macports_lcl_science_mpich2/mpich2/work/destroot/opt/local/bin/mpif77 /opt/local/var/macports/build/_Users_m028373_src_macports_lcl_science_mpich2/mpich2/work/destroot/opt/local/bin/mpif90 ; do \
		if test -e ${e} ; then \
			sed -e "s+^prefix=.*+prefix=/opt/local+g" \
				-e "s+^exec_prefix=.*+exec_prefix=/opt/local+g" \
				-e "s+^sysconfdir=.*+sysconfdir=/opt/local/etc+g" \
				-e "s+^includdir=.*+includedir=/opt/local/include+g" \
				-e "s+^libdir=.*+libdir=/opt/local/lib+g" ${e} > ${e}.tmp ; \
			/usr/bin/install -c ${e}.tmp ${e} ; \
			rm -f ${e}.tmp ; \
		fi ; \
	done
make[4]: Leaving directory `/opt/local/var/macports/build/_Users_m028373_src_macports_lcl_science_mpich2/mpich2/work/mpich2-1.5b1'
/usr/bin/install -c -m 644 mpicc.1 /opt/local/var/macports/build/_Users_m028373_src_macports_lcl_science_mpich2/mpich2/work/destroot/opt/local/share/man/man1/mpicc.1
/usr/bin/install -c -m 644 mpicxx.1 /opt/local/var/macports/build/_Users_m028373_src_macports_lcl_science_mpich2/mpich2/work/destroot/opt/local/share/man/man1/mpicxx.1
/usr/bin/install -c -m 644 mpiexec.1 /opt/local/var/macports/build/_Users_m028373_src_macports_lcl_science_mpich2/mpich2/work/destroot/opt/local/share/man/man1/mpiexec.1
/usr/bin/install -c -m 644 mpif77.1 /opt/local/var/macports/build/_Users_m028373_src_macports_lcl_science_mpich2/mpich2/work/destroot/opt/local/share/man/man1/mpif77.1
/usr/bin/install -c -m 644 mpif90.1 /opt/local/var/macports/build/_Users_m028373_src_macports_lcl_science_mpich2/mpich2/work/destroot/opt/local/share/man/man1/mpif90.1
/usr/bin/install -c -m 644 MPIX_Comm_create_group.3 /opt/local/var/macports/build/_Users_m028373_src_macports_lcl_science_mpich2/mpich2/work/destroot/opt/local/share/man/man3/MPIX_Comm_create_group.3
/usr/bin/install -c -m 644 MPIX_Comm_group_failed.3 /opt/local/var/macports/build/_Users_m028373_src_macports_lcl_science_mpich2/mpich2/work/destroot/opt/local/share/man/man3/MPIX_Comm_group_failed.3
/usr/bin/install -c -m 644 MPIX_Comm_idup.3 /opt/local/var/macports/build/_Users_m028373_src_macports_lcl_science_mpich2/mpich2/work/destroot/opt/local/share/man/man3/MPIX_Comm_idup.3
/usr/bin/install -c -m 644 MPIX_Comm_reenable_anysource.3 /opt/local/var/macports/build/_Users_m028373_src_macports_lcl_science_mpich2/mpich2/work/destroot/opt/local/share/man/man3/MPIX_Comm_reenable_anysource.3
/usr/bin/install -c -m 644 MPIX_Comm_remote_group_failed.3 /opt/local/var/macports/build/_Users_m028373_src_macports_lcl_science_mpich2/mpich2/work/destroot/opt/local/share/man/man3/MPIX_Comm_remote_group_failed.3
/usr/bin/install -c -m 644 MPIX_Comm_split_type.3 /opt/local/var/macports/build/_Users_m028373_src_macports_lcl_science_mpich2/mpich2/work/destroot/opt/local/share/man/man3/MPIX_Comm_split_type.3
/usr/bin/install -c -m 644 MPIX_Iallgather.3 /opt/local/var/macports/build/_Users_m028373_src_macports_lcl_science_mpich2/mpich2/work/destroot/opt/local/share/man/man3/MPIX_Iallgather.3
/usr/bin/install -c -m 644 MPIX_Iallgatherv.3 /opt/local/var/macports/build/_Users_m028373_src_macports_lcl_science_mpich2/mpich2/work/destroot/opt/local/share/man/man3/MPIX_Iallgatherv.3
/usr/bin/install -c -m 644 MPIX_Iallreduce.3 /opt/local/var/macports/build/_Users_m028373_src_macports_lcl_science_mpich2/mpich2/work/destroot/opt/local/share/man/man3/MPIX_Iallreduce.3
/usr/bin/install -c -m 644 MPIX_Ialltoall.3 /opt/local/var/macports/build/_Users_m028373_src_macports_lcl_science_mpich2/mpich2/work/destroot/opt/local/share/man/man3/MPIX_Ialltoall.3
/usr/bin/install -c -m 644 MPIX_Ialltoallv.3 /opt/local/var/macports/build/_Users_m028373_src_macports_lcl_science_mpich2/mpich2/work/destroot/opt/local/share/man/man3/MPIX_Ialltoallv.3
/usr/bin/install -c -m 644 MPIX_Ialltoallw.3 /opt/local/var/macports/build/_Users_m028373_src_macports_lcl_science_mpich2/mpich2/work/destroot/opt/local/share/man/man3/MPIX_Ialltoallw.3
/usr/bin/install -c -m 644 MPIX_Ibarrier.3 /opt/local/var/macports/build/_Users_m028373_src_macports_lcl_science_mpich2/mpich2/work/destroot/opt/local/share/man/man3/MPIX_Ibarrier.3
/usr/bin/install -c -m 644 MPIX_Ibcast.3 /opt/local/var/macports/build/_Users_m028373_src_macports_lcl_science_mpich2/mpich2/work/destroot/opt/local/share/man/man3/MPIX_Ibcast.3
/usr/bin/install -c -m 644 MPIX_Iexscan.3 /opt/local/var/macports/build/_Users_m028373_src_macports_lcl_science_mpich2/mpich2/work/destroot/opt/local/share/man/man3/MPIX_Iexscan.3
/usr/bin/install -c -m 644 MPIX_Igather.3 /opt/local/var/macports/build/_Users_m028373_src_macports_lcl_science_mpich2/mpich2/work/destroot/opt/local/share/man/man3/MPIX_Igather.3
/usr/bin/install -c -m 644 MPIX_Igatherv.3 /opt/local/var/macports/build/_Users_m028373_src_macports_lcl_science_mpich2/mpich2/work/destroot/opt/local/share/man/man3/MPIX_Igatherv.3
/usr/bin/install -c -m 644 MPIX_Improbe.3 /opt/local/var/macports/build/_Users_m028373_src_macports_lcl_science_mpich2/mpich2/work/destroot/opt/local/share/man/man3/MPIX_Improbe.3
/usr/bin/install -c -m 644 MPIX_Imrecv.3 /opt/local/var/macports/build/_Users_m028373_src_macports_lcl_science_mpich2/mpich2/work/destroot/opt/local/share/man/man3/MPIX_Imrecv.3
/usr/bin/install -c -m 644 MPIX_Ireduce.3 /opt/local/var/macports/build/_Users_m028373_src_macports_lcl_science_mpich2/mpich2/work/destroot/opt/local/share/man/man3/MPIX_Ireduce.3
/usr/bin/install -c -m 644 MPIX_Ireduce_scatter.3 /opt/local/var/macports/build/_Users_m028373_src_macports_lcl_science_mpich2/mpich2/work/destroot/opt/local/share/man/man3/MPIX_Ireduce_scatter.3
/usr/bin/install -c -m 644 MPIX_Ireduce_scatter_block.3 /opt/local/var/macports/build/_Users_m028373_src_macports_lcl_science_mpich2/mpich2/work/destroot/opt/local/share/man/man3/MPIX_Ireduce_scatter_block.3
/usr/bin/install -c -m 644 MPIX_Iscan.3 /opt/local/var/macports/build/_Users_m028373_src_macports_lcl_science_mpich2/mpich2/work/destroot/opt/local/share/man/man3/MPIX_Iscan.3
/usr/bin/install -c -m 644 MPIX_Iscatter.3 /opt/local/var/macports/build/_Users_m028373_src_macports_lcl_science_mpich2/mpich2/work/destroot/opt/local/share/man/man3/MPIX_Iscatter.3
/usr/bin/install -c -m 644 MPIX_Iscatterv.3 /opt/local/var/macports/build/_Users_m028373_src_macports_lcl_science_mpich2/mpich2/work/destroot/opt/local/share/man/man3/MPIX_Iscatterv.3
/usr/bin/install -c -m 644 MPIX_Mprobe.3 /opt/local/var/macports/build/_Users_m028373_src_macports_lcl_science_mpich2/mpich2/work/destroot/opt/local/share/man/man3/MPIX_Mprobe.3
/usr/bin/install -c -m 644 MPIX_Mrecv.3 /opt/local/var/macports/build/_Users_m028373_src_macports_lcl_science_mpich2/mpich2/work/destroot/opt/local/share/man/man3/MPIX_Mrecv.3
/usr/bin/install -c -m 644 MPIX_T_category_changed.3 /opt/local/var/macports/build/_Users_m028373_src_macports_lcl_science_mpich2/mpich2/work/destroot/opt/local/share/man/man3/MPIX_T_category_changed.3
/usr/bin/install -c -m 644 MPIX_T_category_get_categories.3 /opt/local/var/macports/build/_Users_m028373_src_macports_lcl_science_mpich2/mpich2/work/destroot/opt/local/share/man/man3/MPIX_T_category_get_categories.3
/usr/bin/install -c -m 644 MPIX_T_category_get_cvars.3 /opt/local/var/macports/build/_Users_m028373_src_macports_lcl_science_mpich2/mpich2/work/destroot/opt/local/share/man/man3/MPIX_T_category_get_cvars.3
/usr/bin/install -c -m 644 MPIX_T_category_get_info.3 /opt/local/var/macports/build/_Users_m028373_src_macports_lcl_science_mpich2/mpich2/work/destroot/opt/local/share/man/man3/MPIX_T_category_get_info.3
/usr/bin/install -c -m 644 MPIX_T_category_get_num.3 /opt/local/var/macports/build/_Users_m028373_src_macports_lcl_science_mpich2/mpich2/work/destroot/opt/local/share/man/man3/MPIX_T_category_get_num.3
/usr/bin/install -c -m 644 MPIX_T_category_get_pvars.3 /opt/local/var/macports/build/_Users_m028373_src_macports_lcl_science_mpich2/mpich2/work/destroot/opt/local/share/man/man3/MPIX_T_category_get_pvars.3
/usr/bin/install -c -m 644 MPIX_T_cvar_get_info.3 /opt/local/var/macports/build/_Users_m028373_src_macports_lcl_science_mpich2/mpich2/work/destroot/opt/local/share/man/man3/MPIX_T_cvar_get_info.3
/usr/bin/install -c -m 644 MPIX_T_cvar_get_num.3 /opt/local/var/macports/build/_Users_m028373_src_macports_lcl_science_mpich2/mpich2/work/destroot/opt/local/share/man/man3/MPIX_T_cvar_get_num.3
/usr/bin/install -c -m 644 MPIX_T_cvar_handle_alloc.3 /opt/local/var/macports/build/_Users_m028373_src_macports_lcl_science_mpich2/mpich2/work/destroot/opt/local/share/man/man3/MPIX_T_cvar_handle_alloc.3
/usr/bin/install -c -m 644 MPIX_T_cvar_handle_free.3 /opt/local/var/macports/build/_Users_m028373_src_macports_lcl_science_mpich2/mpich2/work/destroot/opt/local/share/man/man3/MPIX_T_cvar_handle_free.3
/usr/bin/install -c -m 644 MPIX_T_cvar_read.3 /opt/local/var/macports/build/_Users_m028373_src_macports_lcl_science_mpich2/mpich2/work/destroot/opt/local/share/man/man3/MPIX_T_cvar_read.3
/usr/bin/install -c -m 644 MPIX_T_cvar_write.3 /opt/local/var/macports/build/_Users_m028373_src_macports_lcl_science_mpich2/mpich2/work/destroot/opt/local/share/man/man3/MPIX_T_cvar_write.3
/usr/bin/install -c -m 644 MPIX_T_enum_get_info.3 /opt/local/var/macports/build/_Users_m028373_src_macports_lcl_science_mpich2/mpich2/work/destroot/opt/local/share/man/man3/MPIX_T_enum_get_info.3
/usr/bin/install -c -m 644 MPIX_T_enum_get_item.3 /opt/local/var/macports/build/_Users_m028373_src_macports_lcl_science_mpich2/mpich2/work/destroot/opt/local/share/man/man3/MPIX_T_enum_get_item.3
/usr/bin/install -c -m 644 MPIX_T_finalize.3 /opt/local/var/macports/build/_Users_m028373_src_macports_lcl_science_mpich2/mpich2/work/destroot/opt/local/share/man/man3/MPIX_T_finalize.3
/usr/bin/install -c -m 644 MPIX_T_init_thread.3 /opt/local/var/macports/build/_Users_m028373_src_macports_lcl_science_mpich2/mpich2/work/destroot/opt/local/share/man/man3/MPIX_T_init_thread.3
/usr/bin/install -c -m 644 MPIX_T_pvar_get_info.3 /opt/local/var/macports/build/_Users_m028373_src_macports_lcl_science_mpich2/mpich2/work/destroot/opt/local/share/man/man3/MPIX_T_pvar_get_info.3
/usr/bin/install -c -m 644 MPIX_T_pvar_get_num.3 /opt/local/var/macports/build/_Users_m028373_src_macports_lcl_science_mpich2/mpich2/work/destroot/opt/local/share/man/man3/MPIX_T_pvar_get_num.3
/usr/bin/install -c -m 644 MPIX_T_pvar_handle_alloc.3 /opt/local/var/macports/build/_Users_m028373_src_macports_lcl_science_mpich2/mpich2/work/destroot/opt/local/share/man/man3/MPIX_T_pvar_handle_alloc.3
/usr/bin/install -c -m 644 MPIX_T_pvar_handle_free.3 /opt/local/var/macports/build/_Users_m028373_src_macports_lcl_science_mpich2/mpich2/work/destroot/opt/local/share/man/man3/MPIX_T_pvar_handle_free.3
/usr/bin/install -c -m 644 MPIX_T_pvar_read.3 /opt/local/var/macports/build/_Users_m028373_src_macports_lcl_science_mpich2/mpich2/work/destroot/opt/local/share/man/man3/MPIX_T_pvar_read.3
/usr/bin/install -c -m 644 MPIX_T_pvar_readreset.3 /opt/local/var/macports/build/_Users_m028373_src_macports_lcl_science_mpich2/mpich2/work/destroot/opt/local/share/man/man3/MPIX_T_pvar_readreset.3
/usr/bin/install -c -m 644 MPIX_T_pvar_reset.3 /opt/local/var/macports/build/_Users_m028373_src_macports_lcl_science_mpich2/mpich2/work/destroot/opt/local/share/man/man3/MPIX_T_pvar_reset.3
/usr/bin/install -c -m 644 MPIX_T_pvar_session_create.3 /opt/local/var/macports/build/_Users_m028373_src_macports_lcl_science_mpich2/mpich2/work/destroot/opt/local/share/man/man3/MPIX_T_pvar_session_create.3
/usr/bin/install -c -m 644 MPIX_T_pvar_session_free.3 /opt/local/var/macports/build/_Users_m028373_src_macports_lcl_science_mpich2/mpich2/work/destroot/opt/local/share/man/man3/MPIX_T_pvar_session_free.3
/usr/bin/install -c -m 644 MPIX_T_pvar_start.3 /opt/local/var/macports/build/_Users_m028373_src_macports_lcl_science_mpich2/mpich2/work/destroot/opt/local/share/man/man3/MPIX_T_pvar_start.3
/usr/bin/install -c -m 644 MPIX_T_pvar_stop.3 /opt/local/var/macports/build/_Users_m028373_src_macports_lcl_science_mpich2/mpich2/work/destroot/opt/local/share/man/man3/MPIX_T_pvar_stop.3
/usr/bin/install -c -m 644 MPIX_T_pvar_write.3 /opt/local/var/macports/build/_Users_m028373_src_macports_lcl_science_mpich2/mpich2/work/destroot/opt/local/share/man/man3/MPIX_T_pvar_write.3
/usr/bin/install -c -m 644 MPI_Abort.3 /opt/local/var/macports/build/_Users_m028373_src_macports_lcl_science_mpich2/mpich2/work/destroot/opt/local/share/man/man3/MPI_Abort.3
/usr/bin/install -c -m 644 MPI_Accumulate.3 /opt/local/var/macports/build/_Users_m028373_src_macports_lcl_science_mpich2/mpich2/work/destroot/opt/local/share/man/man3/MPI_Accumulate.3
/usr/bin/install -c -m 644 MPI_Add_error_class.3 /opt/local/var/macports/build/_Users_m028373_src_macports_lcl_science_mpich2/mpich2/work/destroot/opt/local/share/man/man3/MPI_Add_error_class.3
/usr/bin/install -c -m 644 MPI_Add_error_code.3 /opt/local/var/macports/build/_Users_m028373_src_macports_lcl_science_mpich2/mpich2/work/destroot/opt/local/share/man/man3/MPI_Add_error_code.3
/usr/bin/install -c -m 644 MPI_Add_error_string.3 /opt/local/var/macports/build/_Users_m028373_src_macports_lcl_science_mpich2/mpich2/work/destroot/opt/local/share/man/man3/MPI_Add_error_string.3
/usr/bin/install -c -m 644 MPI_Address.3 /opt/local/var/macports/build/_Users_m028373_src_macports_lcl_science_mpich2/mpich2/work/destroot/opt/local/share/man/man3/MPI_Address.3
/usr/bin/install -c -m 644 MPI_Allgather.3 /opt/local/var/macports/build/_Users_m028373_src_macports_lcl_science_mpich2/mpich2/work/destroot/opt/local/share/man/man3/MPI_Allgather.3
/usr/bin/install -c -m 644 MPI_Allgatherv.3 /opt/local/var/macports/build/_Users_m028373_src_macports_lcl_science_mpich2/mpich2/work/destroot/opt/local/share/man/man3/MPI_Allgatherv.3
/usr/bin/install -c -m 644 MPI_Alloc_mem.3 /opt/local/var/macports/build/_Users_m028373_src_macports_lcl_science_mpich2/mpich2/work/destroot/opt/local/share/man/man3/MPI_Alloc_mem.3
/usr/bin/install -c -m 644 MPI_Allreduce.3 /opt/local/var/macports/build/_Users_m028373_src_macports_lcl_science_mpich2/mpich2/work/destroot/opt/local/share/man/man3/MPI_Allreduce.3
/usr/bin/install -c -m 644 MPI_Alltoall.3 /opt/local/var/macports/build/_Users_m028373_src_macports_lcl_science_mpich2/mpich2/work/destroot/opt/local/share/man/man3/MPI_Alltoall.3
/usr/bin/install -c -m 644 MPI_Alltoallv.3 /opt/local/var/macports/build/_Users_m028373_src_macports_lcl_science_mpich2/mpich2/work/destroot/opt/local/share/man/man3/MPI_Alltoallv.3
/usr/bin/install -c -m 644 MPI_Alltoallw.3 /opt/local/var/macports/build/_Users_m028373_src_macports_lcl_science_mpich2/mpich2/work/destroot/opt/local/share/man/man3/MPI_Alltoallw.3
/usr/bin/install -c -m 644 MPI_Attr_delete.3 /opt/local/var/macports/build/_Users_m028373_src_macports_lcl_science_mpich2/mpich2/work/destroot/opt/local/share/man/man3/MPI_Attr_delete.3
/usr/bin/install -c -m 644 MPI_Attr_get.3 /opt/local/var/macports/build/_Users_m028373_src_macports_lcl_science_mpich2/mpich2/work/destroot/opt/local/share/man/man3/MPI_Attr_get.3
/usr/bin/install -c -m 644 MPI_Attr_put.3 /opt/local/var/macports/build/_Users_m028373_src_macports_lcl_science_mpich2/mpich2/work/destroot/opt/local/share/man/man3/MPI_Attr_put.3
/usr/bin/install -c -m 644 MPI_Barrier.3 /opt/local/var/macports/build/_Users_m028373_src_macports_lcl_science_mpich2/mpich2/work/destroot/opt/local/share/man/man3/MPI_Barrier.3
/usr/bin/install -c -m 644 MPI_Bcast.3 /opt/local/var/macports/build/_Users_m028373_src_macports_lcl_science_mpich2/mpich2/work/destroot/opt/local/share/man/man3/MPI_Bcast.3
/usr/bin/install -c -m 644 MPI_Bsend.3 /opt/local/var/macports/build/_Users_m028373_src_macports_lcl_science_mpich2/mpich2/work/destroot/opt/local/share/man/man3/MPI_Bsend.3
/usr/bin/install -c -m 644 MPI_Bsend_init.3 /opt/local/var/macports/build/_Users_m028373_src_macports_lcl_science_mpich2/mpich2/work/destroot/opt/local/share/man/man3/MPI_Bsend_init.3
/usr/bin/install -c -m 644 MPI_Buffer_attach.3 /opt/local/var/macports/build/_Users_m028373_src_macports_lcl_science_mpich2/mpich2/work/destroot/opt/local/share/man/man3/MPI_Buffer_attach.3
/usr/bin/install -c -m 644 MPI_Buffer_detach.3 /opt/local/var/macports/build/_Users_m028373_src_macports_lcl_science_mpich2/mpich2/work/destroot/opt/local/share/man/man3/MPI_Buffer_detach.3
/usr/bin/install -c -m 644 MPI_Cancel.3 /opt/local/var/macports/build/_Users_m028373_src_macports_lcl_science_mpich2/mpich2/work/destroot/opt/local/share/man/man3/MPI_Cancel.3
/usr/bin/install -c -m 644 MPI_Cart_coords.3 /opt/local/var/macports/build/_Users_m028373_src_macports_lcl_science_mpich2/mpich2/work/destroot/opt/local/share/man/man3/MPI_Cart_coords.3
/usr/bin/install -c -m 644 MPI_Cart_create.3 /opt/local/var/macports/build/_Users_m028373_src_macports_lcl_science_mpich2/mpich2/work/destroot/opt/local/share/man/man3/MPI_Cart_create.3
/usr/bin/install -c -m 644 MPI_Cart_get.3 /opt/local/var/macports/build/_Users_m028373_src_macports_lcl_science_mpich2/mpich2/work/destroot/opt/local/share/man/man3/MPI_Cart_get.3
/usr/bin/install -c -m 644 MPI_Cart_map.3 /opt/local/var/macports/build/_Users_m028373_src_macports_lcl_science_mpich2/mpich2/work/destroot/opt/local/share/man/man3/MPI_Cart_map.3
/usr/bin/install -c -m 644 MPI_Cart_rank.3 /opt/local/var/macports/build/_Users_m028373_src_macports_lcl_science_mpich2/mpich2/work/destroot/opt/local/share/man/man3/MPI_Cart_rank.3
/usr/bin/install -c -m 644 MPI_Cart_shift.3 /opt/local/var/macports/build/_Users_m028373_src_macports_lcl_science_mpich2/mpich2/work/destroot/opt/local/share/man/man3/MPI_Cart_shift.3
/usr/bin/install -c -m 644 MPI_Cart_sub.3 /opt/local/var/macports/build/_Users_m028373_src_macports_lcl_science_mpich2/mpich2/work/destroot/opt/local/share/man/man3/MPI_Cart_sub.3
/usr/bin/install -c -m 644 MPI_Cartdim_get.3 /opt/local/var/macports/build/_Users_m028373_src_macports_lcl_science_mpich2/mpich2/work/destroot/opt/local/share/man/man3/MPI_Cartdim_get.3
/usr/bin/install -c -m 644 MPI_Close_port.3 /opt/local/var/macports/build/_Users_m028373_src_macports_lcl_science_mpich2/mpich2/work/destroot/opt/local/share/man/man3/MPI_Close_port.3
/usr/bin/install -c -m 644 MPI_Comm_accept.3 /opt/local/var/macports/build/_Users_m028373_src_macports_lcl_science_mpich2/mpich2/work/destroot/opt/local/share/man/man3/MPI_Comm_accept.3
/usr/bin/install -c -m 644 MPI_Comm_call_errhandler.3 /opt/local/var/macports/build/_Users_m028373_src_macports_lcl_science_mpich2/mpich2/work/destroot/opt/local/share/man/man3/MPI_Comm_call_errhandler.3
/usr/bin/install -c -m 644 MPI_Comm_compare.3 /opt/local/var/macports/build/_Users_m028373_src_macports_lcl_science_mpich2/mpich2/work/destroot/opt/local/share/man/man3/MPI_Comm_compare.3
/usr/bin/install -c -m 644 MPI_Comm_connect.3 /opt/local/var/macports/build/_Users_m028373_src_macports_lcl_science_mpich2/mpich2/work/destroot/opt/local/share/man/man3/MPI_Comm_connect.3
/usr/bin/install -c -m 644 MPI_Comm_create.3 /opt/local/var/macports/build/_Users_m028373_src_macports_lcl_science_mpich2/mpich2/work/destroot/opt/local/share/man/man3/MPI_Comm_create.3
/usr/bin/install -c -m 644 MPI_Comm_create_errhandler.3 /opt/local/var/macports/build/_Users_m028373_src_macports_lcl_science_mpich2/mpich2/work/destroot/opt/local/share/man/man3/MPI_Comm_create_errhandler.3
/usr/bin/install -c -m 644 MPI_Comm_create_keyval.3 /opt/local/var/macports/build/_Users_m028373_src_macports_lcl_science_mpich2/mpich2/work/destroot/opt/local/share/man/man3/MPI_Comm_create_keyval.3
/usr/bin/install -c -m 644 MPI_Comm_delete_attr.3 /opt/local/var/macports/build/_Users_m028373_src_macports_lcl_science_mpich2/mpich2/work/destroot/opt/local/share/man/man3/MPI_Comm_delete_attr.3
/usr/bin/install -c -m 644 MPI_Comm_disconnect.3 /opt/local/var/macports/build/_Users_m028373_src_macports_lcl_science_mpich2/mpich2/work/destroot/opt/local/share/man/man3/MPI_Comm_disconnect.3
/usr/bin/install -c -m 644 MPI_Comm_dup.3 /opt/local/var/macports/build/_Users_m028373_src_macports_lcl_science_mpich2/mpich2/work/destroot/opt/local/share/man/man3/MPI_Comm_dup.3
/usr/bin/install -c -m 644 MPI_Comm_free.3 /opt/local/var/macports/build/_Users_m028373_src_macports_lcl_science_mpich2/mpich2/work/destroot/opt/local/share/man/man3/MPI_Comm_free.3
/usr/bin/install -c -m 644 MPI_Comm_free_keyval.3 /opt/local/var/macports/build/_Users_m028373_src_macports_lcl_science_mpich2/mpich2/work/destroot/opt/local/share/man/man3/MPI_Comm_free_keyval.3
/usr/bin/install -c -m 644 MPI_Comm_get_attr.3 /opt/local/var/macports/build/_Users_m028373_src_macports_lcl_science_mpich2/mpich2/work/destroot/opt/local/share/man/man3/MPI_Comm_get_attr.3
/usr/bin/install -c -m 644 MPI_Comm_get_errhandler.3 /opt/local/var/macports/build/_Users_m028373_src_macports_lcl_science_mpich2/mpich2/work/destroot/opt/local/share/man/man3/MPI_Comm_get_errhandler.3
/usr/bin/install -c -m 644 MPI_Comm_get_name.3 /opt/local/var/macports/build/_Users_m028373_src_macports_lcl_science_mpich2/mpich2/work/destroot/opt/local/share/man/man3/MPI_Comm_get_name.3
/usr/bin/install -c -m 644 MPI_Comm_get_parent.3 /opt/local/var/macports/build/_Users_m028373_src_macports_lcl_science_mpich2/mpich2/work/destroot/opt/local/share/man/man3/MPI_Comm_get_parent.3
/usr/bin/install -c -m 644 MPI_Comm_group.3 /opt/local/var/macports/build/_Users_m028373_src_macports_lcl_science_mpich2/mpich2/work/destroot/opt/local/share/man/man3/MPI_Comm_group.3
/usr/bin/install -c -m 644 MPI_Comm_join.3 /opt/local/var/macports/build/_Users_m028373_src_macports_lcl_science_mpich2/mpich2/work/destroot/opt/local/share/man/man3/MPI_Comm_join.3
/usr/bin/install -c -m 644 MPI_Comm_rank.3 /opt/local/var/macports/build/_Users_m028373_src_macports_lcl_science_mpich2/mpich2/work/destroot/opt/local/share/man/man3/MPI_Comm_rank.3
/usr/bin/install -c -m 644 MPI_Comm_remote_group.3 /opt/local/var/macports/build/_Users_m028373_src_macports_lcl_science_mpich2/mpich2/work/destroot/opt/local/share/man/man3/MPI_Comm_remote_group.3
/usr/bin/install -c -m 644 MPI_Comm_remote_size.3 /opt/local/var/macports/build/_Users_m028373_src_macports_lcl_science_mpich2/mpich2/work/destroot/opt/local/share/man/man3/MPI_Comm_remote_size.3
/usr/bin/install -c -m 644 MPI_Comm_set_attr.3 /opt/local/var/macports/build/_Users_m028373_src_macports_lcl_science_mpich2/mpich2/work/destroot/opt/local/share/man/man3/MPI_Comm_set_attr.3
/usr/bin/install -c -m 644 MPI_Comm_set_errhandler.3 /opt/local/var/macports/build/_Users_m028373_src_macports_lcl_science_mpich2/mpich2/work/destroot/opt/local/share/man/man3/MPI_Comm_set_errhandler.3
/usr/bin/install -c -m 644 MPI_Comm_set_name.3 /opt/local/var/macports/build/_Users_m028373_src_macports_lcl_science_mpich2/mpich2/work/destroot/opt/local/share/man/man3/MPI_Comm_set_name.3
/usr/bin/install -c -m 644 MPI_Comm_size.3 /opt/local/var/macports/build/_Users_m028373_src_macports_lcl_science_mpich2/mpich2/work/destroot/opt/local/share/man/man3/MPI_Comm_size.3
/usr/bin/install -c -m 644 MPI_Comm_spawn.3 /opt/local/var/macports/build/_Users_m028373_src_macports_lcl_science_mpich2/mpich2/work/destroot/opt/local/share/man/man3/MPI_Comm_spawn.3
/usr/bin/install -c -m 644 MPI_Comm_spawn_multiple.3 /opt/local/var/macports/build/_Users_m028373_src_macports_lcl_science_mpich2/mpich2/work/destroot/opt/local/share/man/man3/MPI_Comm_spawn_multiple.3
/usr/bin/install -c -m 644 MPI_Comm_split.3 /opt/local/var/macports/build/_Users_m028373_src_macports_lcl_science_mpich2/mpich2/work/destroot/opt/local/share/man/man3/MPI_Comm_split.3
/usr/bin/install -c -m 644 MPI_Comm_test_inter.3 /opt/local/var/macports/build/_Users_m028373_src_macports_lcl_science_mpich2/mpich2/work/destroot/opt/local/share/man/man3/MPI_Comm_test_inter.3
/usr/bin/install -c -m 644 MPI_Dims_create.3 /opt/local/var/macports/build/_Users_m028373_src_macports_lcl_science_mpich2/mpich2/work/destroot/opt/local/share/man/man3/MPI_Dims_create.3
/usr/bin/install -c -m 644 MPI_Dist_graph_create.3 /opt/local/var/macports/build/_Users_m028373_src_macports_lcl_science_mpich2/mpich2/work/destroot/opt/local/share/man/man3/MPI_Dist_graph_create.3
/usr/bin/install -c -m 644 MPI_Dist_graph_create_adjacent.3 /opt/local/var/macports/build/_Users_m028373_src_macports_lcl_science_mpich2/mpich2/work/destroot/opt/local/share/man/man3/MPI_Dist_graph_create_adjacent.3
/usr/bin/install -c -m 644 MPI_Dist_graph_neighbors.3 /opt/local/var/macports/build/_Users_m028373_src_macports_lcl_science_mpich2/mpich2/work/destroot/opt/local/share/man/man3/MPI_Dist_graph_neighbors.3
/usr/bin/install -c -m 644 MPI_Dist_graph_neighbors_count.3 /opt/local/var/macports/build/_Users_m028373_src_macports_lcl_science_mpich2/mpich2/work/destroot/opt/local/share/man/man3/MPI_Dist_graph_neighbors_count.3
/usr/bin/install -c -m 644 MPI_Errhandler_create.3 /opt/local/var/macports/build/_Users_m028373_src_macports_lcl_science_mpich2/mpich2/work/destroot/opt/local/share/man/man3/MPI_Errhandler_create.3
/usr/bin/install -c -m 644 MPI_Errhandler_free.3 /opt/local/var/macports/build/_Users_m028373_src_macports_lcl_science_mpich2/mpich2/work/destroot/opt/local/share/man/man3/MPI_Errhandler_free.3
/usr/bin/install -c -m 644 MPI_Errhandler_get.3 /opt/local/var/macports/build/_Users_m028373_src_macports_lcl_science_mpich2/mpich2/work/destroot/opt/local/share/man/man3/MPI_Errhandler_get.3
/usr/bin/install -c -m 644 MPI_Errhandler_set.3 /opt/local/var/macports/build/_Users_m028373_src_macports_lcl_science_mpich2/mpich2/work/destroot/opt/local/share/man/man3/MPI_Errhandler_set.3
/usr/bin/install -c -m 644 MPI_Error_class.3 /opt/local/var/macports/build/_Users_m028373_src_macports_lcl_science_mpich2/mpich2/work/destroot/opt/local/share/man/man3/MPI_Error_class.3
/usr/bin/install -c -m 644 MPI_Error_string.3 /opt/local/var/macports/build/_Users_m028373_src_macports_lcl_science_mpich2/mpich2/work/destroot/opt/local/share/man/man3/MPI_Error_string.3
/usr/bin/install -c -m 644 MPI_Exscan.3 /opt/local/var/macports/build/_Users_m028373_src_macports_lcl_science_mpich2/mpich2/work/destroot/opt/local/share/man/man3/MPI_Exscan.3
/usr/bin/install -c -m 644 MPI_File_call_errhandler.3 /opt/local/var/macports/build/_Users_m028373_src_macports_lcl_science_mpich2/mpich2/work/destroot/opt/local/share/man/man3/MPI_File_call_errhandler.3
/usr/bin/install -c -m 644 MPI_File_create_errhandler.3 /opt/local/var/macports/build/_Users_m028373_src_macports_lcl_science_mpich2/mpich2/work/destroot/opt/local/share/man/man3/MPI_File_create_errhandler.3
/usr/bin/install -c -m 644 MPI_File_get_errhandler.3 /opt/local/var/macports/build/_Users_m028373_src_macports_lcl_science_mpich2/mpich2/work/destroot/opt/local/share/man/man3/MPI_File_get_errhandler.3
/usr/bin/install -c -m 644 MPI_File_set_errhandler.3 /opt/local/var/macports/build/_Users_m028373_src_macports_lcl_science_mpich2/mpich2/work/destroot/opt/local/share/man/man3/MPI_File_set_errhandler.3
/usr/bin/install -c -m 644 MPI_Finalize.3 /opt/local/var/macports/build/_Users_m028373_src_macports_lcl_science_mpich2/mpich2/work/destroot/opt/local/share/man/man3/MPI_Finalize.3
/usr/bin/install -c -m 644 MPI_Finalized.3 /opt/local/var/macports/build/_Users_m028373_src_macports_lcl_science_mpich2/mpich2/work/destroot/opt/local/share/man/man3/MPI_Finalized.3
/usr/bin/install -c -m 644 MPI_Free_mem.3 /opt/local/var/macports/build/_Users_m028373_src_macports_lcl_science_mpich2/mpich2/work/destroot/opt/local/share/man/man3/MPI_Free_mem.3
/usr/bin/install -c -m 644 MPI_Gather.3 /opt/local/var/macports/build/_Users_m028373_src_macports_lcl_science_mpich2/mpich2/work/destroot/opt/local/share/man/man3/MPI_Gather.3
/usr/bin/install -c -m 644 MPI_Gatherv.3 /opt/local/var/macports/build/_Users_m028373_src_macports_lcl_science_mpich2/mpich2/work/destroot/opt/local/share/man/man3/MPI_Gatherv.3
/usr/bin/install -c -m 644 MPI_Get.3 /opt/local/var/macports/build/_Users_m028373_src_macports_lcl_science_mpich2/mpich2/work/destroot/opt/local/share/man/man3/MPI_Get.3
/usr/bin/install -c -m 644 MPI_Get_address.3 /opt/local/var/macports/build/_Users_m028373_src_macports_lcl_science_mpich2/mpich2/work/destroot/opt/local/share/man/man3/MPI_Get_address.3
/usr/bin/install -c -m 644 MPI_Get_count.3 /opt/local/var/macports/build/_Users_m028373_src_macports_lcl_science_mpich2/mpich2/work/destroot/opt/local/share/man/man3/MPI_Get_count.3
/usr/bin/install -c -m 644 MPI_Get_elements.3 /opt/local/var/macports/build/_Users_m028373_src_macports_lcl_science_mpich2/mpich2/work/destroot/opt/local/share/man/man3/MPI_Get_elements.3
/usr/bin/install -c -m 644 MPI_Get_processor_name.3 /opt/local/var/macports/build/_Users_m028373_src_macports_lcl_science_mpich2/mpich2/work/destroot/opt/local/share/man/man3/MPI_Get_processor_name.3
/usr/bin/install -c -m 644 MPI_Get_version.3 /opt/local/var/macports/build/_Users_m028373_src_macports_lcl_science_mpich2/mpich2/work/destroot/opt/local/share/man/man3/MPI_Get_version.3
/usr/bin/install -c -m 644 MPI_Graph_create.3 /opt/local/var/macports/build/_Users_m028373_src_macports_lcl_science_mpich2/mpich2/work/destroot/opt/local/share/man/man3/MPI_Graph_create.3
/usr/bin/install -c -m 644 MPI_Graph_get.3 /opt/local/var/macports/build/_Users_m028373_src_macports_lcl_science_mpich2/mpich2/work/destroot/opt/local/share/man/man3/MPI_Graph_get.3
/usr/bin/install -c -m 644 MPI_Graph_map.3 /opt/local/var/macports/build/_Users_m028373_src_macports_lcl_science_mpich2/mpich2/work/destroot/opt/local/share/man/man3/MPI_Graph_map.3
/usr/bin/install -c -m 644 MPI_Graph_neighbors.3 /opt/local/var/macports/build/_Users_m028373_src_macports_lcl_science_mpich2/mpich2/work/destroot/opt/local/share/man/man3/MPI_Graph_neighbors.3
/usr/bin/install -c -m 644 MPI_Graph_neighbors_count.3 /opt/local/var/macports/build/_Users_m028373_src_macports_lcl_science_mpich2/mpich2/work/destroot/opt/local/share/man/man3/MPI_Graph_neighbors_count.3
/usr/bin/install -c -m 644 MPI_Graphdims_get.3 /opt/local/var/macports/build/_Users_m028373_src_macports_lcl_science_mpich2/mpich2/work/destroot/opt/local/share/man/man3/MPI_Graphdims_get.3
/usr/bin/install -c -m 644 MPI_Grequest_complete.3 /opt/local/var/macports/build/_Users_m028373_src_macports_lcl_science_mpich2/mpich2/work/destroot/opt/local/share/man/man3/MPI_Grequest_complete.3
/usr/bin/install -c -m 644 MPI_Grequest_start.3 /opt/local/var/macports/build/_Users_m028373_src_macports_lcl_science_mpich2/mpich2/work/destroot/opt/local/share/man/man3/MPI_Grequest_start.3
/usr/bin/install -c -m 644 MPI_Group_compare.3 /opt/local/var/macports/build/_Users_m028373_src_macports_lcl_science_mpich2/mpich2/work/destroot/opt/local/share/man/man3/MPI_Group_compare.3
/usr/bin/install -c -m 644 MPI_Group_difference.3 /opt/local/var/macports/build/_Users_m028373_src_macports_lcl_science_mpich2/mpich2/work/destroot/opt/local/share/man/man3/MPI_Group_difference.3
/usr/bin/install -c -m 644 MPI_Group_excl.3 /opt/local/var/macports/build/_Users_m028373_src_macports_lcl_science_mpich2/mpich2/work/destroot/opt/local/share/man/man3/MPI_Group_excl.3
/usr/bin/install -c -m 644 MPI_Group_free.3 /opt/local/var/macports/build/_Users_m028373_src_macports_lcl_science_mpich2/mpich2/work/destroot/opt/local/share/man/man3/MPI_Group_free.3
/usr/bin/install -c -m 644 MPI_Group_incl.3 /opt/local/var/macports/build/_Users_m028373_src_macports_lcl_science_mpich2/mpich2/work/destroot/opt/local/share/man/man3/MPI_Group_incl.3
/usr/bin/install -c -m 644 MPI_Group_intersection.3 /opt/local/var/macports/build/_Users_m028373_src_macports_lcl_science_mpich2/mpich2/work/destroot/opt/local/share/man/man3/MPI_Group_intersection.3
/usr/bin/install -c -m 644 MPI_Group_range_excl.3 /opt/local/var/macports/build/_Users_m028373_src_macports_lcl_science_mpich2/mpich2/work/destroot/opt/local/share/man/man3/MPI_Group_range_excl.3
/usr/bin/install -c -m 644 MPI_Group_range_incl.3 /opt/local/var/macports/build/_Users_m028373_src_macports_lcl_science_mpich2/mpich2/work/destroot/opt/local/share/man/man3/MPI_Group_range_incl.3
/usr/bin/install -c -m 644 MPI_Group_rank.3 /opt/local/var/macports/build/_Users_m028373_src_macports_lcl_science_mpich2/mpich2/work/destroot/opt/local/share/man/man3/MPI_Group_rank.3
/usr/bin/install -c -m 644 MPI_Group_size.3 /opt/local/var/macports/build/_Users_m028373_src_macports_lcl_science_mpich2/mpich2/work/destroot/opt/local/share/man/man3/MPI_Group_size.3
/usr/bin/install -c -m 644 MPI_Group_translate_ranks.3 /opt/local/var/macports/build/_Users_m028373_src_macports_lcl_science_mpich2/mpich2/work/destroot/opt/local/share/man/man3/MPI_Group_translate_ranks.3
/usr/bin/install -c -m 644 MPI_Group_union.3 /opt/local/var/macports/build/_Users_m028373_src_macports_lcl_science_mpich2/mpich2/work/destroot/opt/local/share/man/man3/MPI_Group_union.3
/usr/bin/install -c -m 644 MPI_Ibsend.3 /opt/local/var/macports/build/_Users_m028373_src_macports_lcl_science_mpich2/mpich2/work/destroot/opt/local/share/man/man3/MPI_Ibsend.3
/usr/bin/install -c -m 644 MPI_Info_create.3 /opt/local/var/macports/build/_Users_m028373_src_macports_lcl_science_mpich2/mpich2/work/destroot/opt/local/share/man/man3/MPI_Info_create.3
/usr/bin/install -c -m 644 MPI_Info_delete.3 /opt/local/var/macports/build/_Users_m028373_src_macports_lcl_science_mpich2/mpich2/work/destroot/opt/local/share/man/man3/MPI_Info_delete.3
/usr/bin/install -c -m 644 MPI_Info_dup.3 /opt/local/var/macports/build/_Users_m028373_src_macports_lcl_science_mpich2/mpich2/work/destroot/opt/local/share/man/man3/MPI_Info_dup.3
/usr/bin/install -c -m 644 MPI_Info_free.3 /opt/local/var/macports/build/_Users_m028373_src_macports_lcl_science_mpich2/mpich2/work/destroot/opt/local/share/man/man3/MPI_Info_free.3
/usr/bin/install -c -m 644 MPI_Info_get.3 /opt/local/var/macports/build/_Users_m028373_src_macports_lcl_science_mpich2/mpich2/work/destroot/opt/local/share/man/man3/MPI_Info_get.3
/usr/bin/install -c -m 644 MPI_Info_get_nkeys.3 /opt/local/var/macports/build/_Users_m028373_src_macports_lcl_science_mpich2/mpich2/work/destroot/opt/local/share/man/man3/MPI_Info_get_nkeys.3
/usr/bin/install -c -m 644 MPI_Info_get_nthkey.3 /opt/local/var/macports/build/_Users_m028373_src_macports_lcl_science_mpich2/mpich2/work/destroot/opt/local/share/man/man3/MPI_Info_get_nthkey.3
/usr/bin/install -c -m 644 MPI_Info_get_valuelen.3 /opt/local/var/macports/build/_Users_m028373_src_macports_lcl_science_mpich2/mpich2/work/destroot/opt/local/share/man/man3/MPI_Info_get_valuelen.3
/usr/bin/install -c -m 644 MPI_Info_set.3 /opt/local/var/macports/build/_Users_m028373_src_macports_lcl_science_mpich2/mpich2/work/destroot/opt/local/share/man/man3/MPI_Info_set.3
/usr/bin/install -c -m 644 MPI_Init.3 /opt/local/var/macports/build/_Users_m028373_src_macports_lcl_science_mpich2/mpich2/work/destroot/opt/local/share/man/man3/MPI_Init.3
/usr/bin/install -c -m 644 MPI_Init_thread.3 /opt/local/var/macports/build/_Users_m028373_src_macports_lcl_science_mpich2/mpich2/work/destroot/opt/local/share/man/man3/MPI_Init_thread.3
/usr/bin/install -c -m 644 MPI_Initialized.3 /opt/local/var/macports/build/_Users_m028373_src_macports_lcl_science_mpich2/mpich2/work/destroot/opt/local/share/man/man3/MPI_Initialized.3
/usr/bin/install -c -m 644 MPI_Intercomm_create.3 /opt/local/var/macports/build/_Users_m028373_src_macports_lcl_science_mpich2/mpich2/work/destroot/opt/local/share/man/man3/MPI_Intercomm_create.3
/usr/bin/install -c -m 644 MPI_Intercomm_merge.3 /opt/local/var/macports/build/_Users_m028373_src_macports_lcl_science_mpich2/mpich2/work/destroot/opt/local/share/man/man3/MPI_Intercomm_merge.3
/usr/bin/install -c -m 644 MPI_Iprobe.3 /opt/local/var/macports/build/_Users_m028373_src_macports_lcl_science_mpich2/mpich2/work/destroot/opt/local/share/man/man3/MPI_Iprobe.3
/usr/bin/install -c -m 644 MPI_Irecv.3 /opt/local/var/macports/build/_Users_m028373_src_macports_lcl_science_mpich2/mpich2/work/destroot/opt/local/share/man/man3/MPI_Irecv.3
/usr/bin/install -c -m 644 MPI_Irsend.3 /opt/local/var/macports/build/_Users_m028373_src_macports_lcl_science_mpich2/mpich2/work/destroot/opt/local/share/man/man3/MPI_Irsend.3
/usr/bin/install -c -m 644 MPI_Is_thread_main.3 /opt/local/var/macports/build/_Users_m028373_src_macports_lcl_science_mpich2/mpich2/work/destroot/opt/local/share/man/man3/MPI_Is_thread_main.3
/usr/bin/install -c -m 644 MPI_Isend.3 /opt/local/var/macports/build/_Users_m028373_src_macports_lcl_science_mpich2/mpich2/work/destroot/opt/local/share/man/man3/MPI_Isend.3
/usr/bin/install -c -m 644 MPI_Issend.3 /opt/local/var/macports/build/_Users_m028373_src_macports_lcl_science_mpich2/mpich2/work/destroot/opt/local/share/man/man3/MPI_Issend.3
/usr/bin/install -c -m 644 MPI_Keyval_create.3 /opt/local/var/macports/build/_Users_m028373_src_macports_lcl_science_mpich2/mpich2/work/destroot/opt/local/share/man/man3/MPI_Keyval_create.3
/usr/bin/install -c -m 644 MPI_Keyval_free.3 /opt/local/var/macports/build/_Users_m028373_src_macports_lcl_science_mpich2/mpich2/work/destroot/opt/local/share/man/man3/MPI_Keyval_free.3
/usr/bin/install -c -m 644 MPI_Lookup_name.3 /opt/local/var/macports/build/_Users_m028373_src_macports_lcl_science_mpich2/mpich2/work/destroot/opt/local/share/man/man3/MPI_Lookup_name.3
/usr/bin/install -c -m 644 MPI_Op_commute.3 /opt/local/var/macports/build/_Users_m028373_src_macports_lcl_science_mpich2/mpich2/work/destroot/opt/local/share/man/man3/MPI_Op_commute.3
/usr/bin/install -c -m 644 MPI_Op_create.3 /opt/local/var/macports/build/_Users_m028373_src_macports_lcl_science_mpich2/mpich2/work/destroot/opt/local/share/man/man3/MPI_Op_create.3
/usr/bin/install -c -m 644 MPI_Op_free.3 /opt/local/var/macports/build/_Users_m028373_src_macports_lcl_science_mpich2/mpich2/work/destroot/opt/local/share/man/man3/MPI_Op_free.3
/usr/bin/install -c -m 644 MPI_Open_port.3 /opt/local/var/macports/build/_Users_m028373_src_macports_lcl_science_mpich2/mpich2/work/destroot/opt/local/share/man/man3/MPI_Open_port.3
/usr/bin/install -c -m 644 MPI_Pack.3 /opt/local/var/macports/build/_Users_m028373_src_macports_lcl_science_mpich2/mpich2/work/destroot/opt/local/share/man/man3/MPI_Pack.3
/usr/bin/install -c -m 644 MPI_Pack_external.3 /opt/local/var/macports/build/_Users_m028373_src_macports_lcl_science_mpich2/mpich2/work/destroot/opt/local/share/man/man3/MPI_Pack_external.3
/usr/bin/install -c -m 644 MPI_Pack_external_size.3 /opt/local/var/macports/build/_Users_m028373_src_macports_lcl_science_mpich2/mpich2/work/destroot/opt/local/share/man/man3/MPI_Pack_external_size.3
/usr/bin/install -c -m 644 MPI_Pack_size.3 /opt/local/var/macports/build/_Users_m028373_src_macports_lcl_science_mpich2/mpich2/work/destroot/opt/local/share/man/man3/MPI_Pack_size.3
/usr/bin/install -c -m 644 MPI_Pcontrol.3 /opt/local/var/macports/build/_Users_m028373_src_macports_lcl_science_mpich2/mpich2/work/destroot/opt/local/share/man/man3/MPI_Pcontrol.3
/usr/bin/install -c -m 644 MPI_Probe.3 /opt/local/var/macports/build/_Users_m028373_src_macports_lcl_science_mpich2/mpich2/work/destroot/opt/local/share/man/man3/MPI_Probe.3
/usr/bin/install -c -m 644 MPI_Publish_name.3 /opt/local/var/macports/build/_Users_m028373_src_macports_lcl_science_mpich2/mpich2/work/destroot/opt/local/share/man/man3/MPI_Publish_name.3
/usr/bin/install -c -m 644 MPI_Put.3 /opt/local/var/macports/build/_Users_m028373_src_macports_lcl_science_mpich2/mpich2/work/destroot/opt/local/share/man/man3/MPI_Put.3
/usr/bin/install -c -m 644 MPI_Query_thread.3 /opt/local/var/macports/build/_Users_m028373_src_macports_lcl_science_mpich2/mpich2/work/destroot/opt/local/share/man/man3/MPI_Query_thread.3
/usr/bin/install -c -m 644 MPI_Recv.3 /opt/local/var/macports/build/_Users_m028373_src_macports_lcl_science_mpich2/mpich2/work/destroot/opt/local/share/man/man3/MPI_Recv.3
/usr/bin/install -c -m 644 MPI_Recv_init.3 /opt/local/var/macports/build/_Users_m028373_src_macports_lcl_science_mpich2/mpich2/work/destroot/opt/local/share/man/man3/MPI_Recv_init.3
/usr/bin/install -c -m 644 MPI_Reduce.3 /opt/local/var/macports/build/_Users_m028373_src_macports_lcl_science_mpich2/mpich2/work/destroot/opt/local/share/man/man3/MPI_Reduce.3
/usr/bin/install -c -m 644 MPI_Reduce_local.3 /opt/local/var/macports/build/_Users_m028373_src_macports_lcl_science_mpich2/mpich2/work/destroot/opt/local/share/man/man3/MPI_Reduce_local.3
/usr/bin/install -c -m 644 MPI_Reduce_scatter.3 /opt/local/var/macports/build/_Users_m028373_src_macports_lcl_science_mpich2/mpich2/work/destroot/opt/local/share/man/man3/MPI_Reduce_scatter.3
/usr/bin/install -c -m 644 MPI_Reduce_scatter_block.3 /opt/local/var/macports/build/_Users_m028373_src_macports_lcl_science_mpich2/mpich2/work/destroot/opt/local/share/man/man3/MPI_Reduce_scatter_block.3
/usr/bin/install -c -m 644 MPI_Request_free.3 /opt/local/var/macports/build/_Users_m028373_src_macports_lcl_science_mpich2/mpich2/work/destroot/opt/local/share/man/man3/MPI_Request_free.3
/usr/bin/install -c -m 644 MPI_Request_get_status.3 /opt/local/var/macports/build/_Users_m028373_src_macports_lcl_science_mpich2/mpich2/work/destroot/opt/local/share/man/man3/MPI_Request_get_status.3
/usr/bin/install -c -m 644 MPI_Rsend.3 /opt/local/var/macports/build/_Users_m028373_src_macports_lcl_science_mpich2/mpich2/work/destroot/opt/local/share/man/man3/MPI_Rsend.3
/usr/bin/install -c -m 644 MPI_Rsend_init.3 /opt/local/var/macports/build/_Users_m028373_src_macports_lcl_science_mpich2/mpich2/work/destroot/opt/local/share/man/man3/MPI_Rsend_init.3
/usr/bin/install -c -m 644 MPI_Scan.3 /opt/local/var/macports/build/_Users_m028373_src_macports_lcl_science_mpich2/mpich2/work/destroot/opt/local/share/man/man3/MPI_Scan.3
/usr/bin/install -c -m 644 MPI_Scatter.3 /opt/local/var/macports/build/_Users_m028373_src_macports_lcl_science_mpich2/mpich2/work/destroot/opt/local/share/man/man3/MPI_Scatter.3
/usr/bin/install -c -m 644 MPI_Scatterv.3 /opt/local/var/macports/build/_Users_m028373_src_macports_lcl_science_mpich2/mpich2/work/destroot/opt/local/share/man/man3/MPI_Scatterv.3
/usr/bin/install -c -m 644 MPI_Send.3 /opt/local/var/macports/build/_Users_m028373_src_macports_lcl_science_mpich2/mpich2/work/destroot/opt/local/share/man/man3/MPI_Send.3
/usr/bin/install -c -m 644 MPI_Send_init.3 /opt/local/var/macports/build/_Users_m028373_src_macports_lcl_science_mpich2/mpich2/work/destroot/opt/local/share/man/man3/MPI_Send_init.3
/usr/bin/install -c -m 644 MPI_Sendrecv.3 /opt/local/var/macports/build/_Users_m028373_src_macports_lcl_science_mpich2/mpich2/work/destroot/opt/local/share/man/man3/MPI_Sendrecv.3
/usr/bin/install -c -m 644 MPI_Sendrecv_replace.3 /opt/local/var/macports/build/_Users_m028373_src_macports_lcl_science_mpich2/mpich2/work/destroot/opt/local/share/man/man3/MPI_Sendrecv_replace.3
/usr/bin/install -c -m 644 MPI_Ssend.3 /opt/local/var/macports/build/_Users_m028373_src_macports_lcl_science_mpich2/mpich2/work/destroot/opt/local/share/man/man3/MPI_Ssend.3
/usr/bin/install -c -m 644 MPI_Ssend_init.3 /opt/local/var/macports/build/_Users_m028373_src_macports_lcl_science_mpich2/mpich2/work/destroot/opt/local/share/man/man3/MPI_Ssend_init.3
/usr/bin/install -c -m 644 MPI_Start.3 /opt/local/var/macports/build/_Users_m028373_src_macports_lcl_science_mpich2/mpich2/work/destroot/opt/local/share/man/man3/MPI_Start.3
/usr/bin/install -c -m 644 MPI_Startall.3 /opt/local/var/macports/build/_Users_m028373_src_macports_lcl_science_mpich2/mpich2/work/destroot/opt/local/share/man/man3/MPI_Startall.3
/usr/bin/install -c -m 644 MPI_Status_set_cancelled.3 /opt/local/var/macports/build/_Users_m028373_src_macports_lcl_science_mpich2/mpich2/work/destroot/opt/local/share/man/man3/MPI_Status_set_cancelled.3
/usr/bin/install -c -m 644 MPI_Status_set_elements.3 /opt/local/var/macports/build/_Users_m028373_src_macports_lcl_science_mpich2/mpich2/work/destroot/opt/local/share/man/man3/MPI_Status_set_elements.3
/usr/bin/install -c -m 644 MPI_Test.3 /opt/local/var/macports/build/_Users_m028373_src_macports_lcl_science_mpich2/mpich2/work/destroot/opt/local/share/man/man3/MPI_Test.3
/usr/bin/install -c -m 644 MPI_Test_cancelled.3 /opt/local/var/macports/build/_Users_m028373_src_macports_lcl_science_mpich2/mpich2/work/destroot/opt/local/share/man/man3/MPI_Test_cancelled.3
/usr/bin/install -c -m 644 MPI_Testall.3 /opt/local/var/macports/build/_Users_m028373_src_macports_lcl_science_mpich2/mpich2/work/destroot/opt/local/share/man/man3/MPI_Testall.3
/usr/bin/install -c -m 644 MPI_Testany.3 /opt/local/var/macports/build/_Users_m028373_src_macports_lcl_science_mpich2/mpich2/work/destroot/opt/local/share/man/man3/MPI_Testany.3
/usr/bin/install -c -m 644 MPI_Testsome.3 /opt/local/var/macports/build/_Users_m028373_src_macports_lcl_science_mpich2/mpich2/work/destroot/opt/local/share/man/man3/MPI_Testsome.3
/usr/bin/install -c -m 644 MPI_Topo_test.3 /opt/local/var/macports/build/_Users_m028373_src_macports_lcl_science_mpich2/mpich2/work/destroot/opt/local/share/man/man3/MPI_Topo_test.3
/usr/bin/install -c -m 644 MPI_Type_commit.3 /opt/local/var/macports/build/_Users_m028373_src_macports_lcl_science_mpich2/mpich2/work/destroot/opt/local/share/man/man3/MPI_Type_commit.3
/usr/bin/install -c -m 644 MPI_Type_contiguous.3 /opt/local/var/macports/build/_Users_m028373_src_macports_lcl_science_mpich2/mpich2/work/destroot/opt/local/share/man/man3/MPI_Type_contiguous.3
/usr/bin/install -c -m 644 MPI_Type_create_darray.3 /opt/local/var/macports/build/_Users_m028373_src_macports_lcl_science_mpich2/mpich2/work/destroot/opt/local/share/man/man3/MPI_Type_create_darray.3
/usr/bin/install -c -m 644 MPI_Type_create_hindexed.3 /opt/local/var/macports/build/_Users_m028373_src_macports_lcl_science_mpich2/mpich2/work/destroot/opt/local/share/man/man3/MPI_Type_create_hindexed.3
/usr/bin/install -c -m 644 MPI_Type_create_hvector.3 /opt/local/var/macports/build/_Users_m028373_src_macports_lcl_science_mpich2/mpich2/work/destroot/opt/local/share/man/man3/MPI_Type_create_hvector.3
/usr/bin/install -c -m 644 MPI_Type_create_indexed_block.3 /opt/local/var/macports/build/_Users_m028373_src_macports_lcl_science_mpich2/mpich2/work/destroot/opt/local/share/man/man3/MPI_Type_create_indexed_block.3
/usr/bin/install -c -m 644 MPI_Type_create_keyval.3 /opt/local/var/macports/build/_Users_m028373_src_macports_lcl_science_mpich2/mpich2/work/destroot/opt/local/share/man/man3/MPI_Type_create_keyval.3
/usr/bin/install -c -m 644 MPI_Type_create_resized.3 /opt/local/var/macports/build/_Users_m028373_src_macports_lcl_science_mpich2/mpich2/work/destroot/opt/local/share/man/man3/MPI_Type_create_resized.3
/usr/bin/install -c -m 644 MPI_Type_create_struct.3 /opt/local/var/macports/build/_Users_m028373_src_macports_lcl_science_mpich2/mpich2/work/destroot/opt/local/share/man/man3/MPI_Type_create_struct.3
/usr/bin/install -c -m 644 MPI_Type_create_subarray.3 /opt/local/var/macports/build/_Users_m028373_src_macports_lcl_science_mpich2/mpich2/work/destroot/opt/local/share/man/man3/MPI_Type_create_subarray.3
/usr/bin/install -c -m 644 MPI_Type_delete_attr.3 /opt/local/var/macports/build/_Users_m028373_src_macports_lcl_science_mpich2/mpich2/work/destroot/opt/local/share/man/man3/MPI_Type_delete_attr.3
/usr/bin/install -c -m 644 MPI_Type_dup.3 /opt/local/var/macports/build/_Users_m028373_src_macports_lcl_science_mpich2/mpich2/work/destroot/opt/local/share/man/man3/MPI_Type_dup.3
/usr/bin/install -c -m 644 MPI_Type_extent.3 /opt/local/var/macports/build/_Users_m028373_src_macports_lcl_science_mpich2/mpich2/work/destroot/opt/local/share/man/man3/MPI_Type_extent.3
/usr/bin/install -c -m 644 MPI_Type_free.3 /opt/local/var/macports/build/_Users_m028373_src_macports_lcl_science_mpich2/mpich2/work/destroot/opt/local/share/man/man3/MPI_Type_free.3
/usr/bin/install -c -m 644 MPI_Type_free_keyval.3 /opt/local/var/macports/build/_Users_m028373_src_macports_lcl_science_mpich2/mpich2/work/destroot/opt/local/share/man/man3/MPI_Type_free_keyval.3
/usr/bin/install -c -m 644 MPI_Type_get_attr.3 /opt/local/var/macports/build/_Users_m028373_src_macports_lcl_science_mpich2/mpich2/work/destroot/opt/local/share/man/man3/MPI_Type_get_attr.3
/usr/bin/install -c -m 644 MPI_Type_get_contents.3 /opt/local/var/macports/build/_Users_m028373_src_macports_lcl_science_mpich2/mpich2/work/destroot/opt/local/share/man/man3/MPI_Type_get_contents.3
/usr/bin/install -c -m 644 MPI_Type_get_envelope.3 /opt/local/var/macports/build/_Users_m028373_src_macports_lcl_science_mpich2/mpich2/work/destroot/opt/local/share/man/man3/MPI_Type_get_envelope.3
/usr/bin/install -c -m 644 MPI_Type_get_extent.3 /opt/local/var/macports/build/_Users_m028373_src_macports_lcl_science_mpich2/mpich2/work/destroot/opt/local/share/man/man3/MPI_Type_get_extent.3
/usr/bin/install -c -m 644 MPI_Type_get_name.3 /opt/local/var/macports/build/_Users_m028373_src_macports_lcl_science_mpich2/mpich2/work/destroot/opt/local/share/man/man3/MPI_Type_get_name.3
/usr/bin/install -c -m 644 MPI_Type_get_true_extent.3 /opt/local/var/macports/build/_Users_m028373_src_macports_lcl_science_mpich2/mpich2/work/destroot/opt/local/share/man/man3/MPI_Type_get_true_extent.3
/usr/bin/install -c -m 644 MPI_Type_hindexed.3 /opt/local/var/macports/build/_Users_m028373_src_macports_lcl_science_mpich2/mpich2/work/destroot/opt/local/share/man/man3/MPI_Type_hindexed.3
/usr/bin/install -c -m 644 MPI_Type_hvector.3 /opt/local/var/macports/build/_Users_m028373_src_macports_lcl_science_mpich2/mpich2/work/destroot/opt/local/share/man/man3/MPI_Type_hvector.3
/usr/bin/install -c -m 644 MPI_Type_indexed.3 /opt/local/var/macports/build/_Users_m028373_src_macports_lcl_science_mpich2/mpich2/work/destroot/opt/local/share/man/man3/MPI_Type_indexed.3
/usr/bin/install -c -m 644 MPI_Type_lb.3 /opt/local/var/macports/build/_Users_m028373_src_macports_lcl_science_mpich2/mpich2/work/destroot/opt/local/share/man/man3/MPI_Type_lb.3
/usr/bin/install -c -m 644 MPI_Type_match_size.3 /opt/local/var/macports/build/_Users_m028373_src_macports_lcl_science_mpich2/mpich2/work/destroot/opt/local/share/man/man3/MPI_Type_match_size.3
/usr/bin/install -c -m 644 MPI_Type_set_attr.3 /opt/local/var/macports/build/_Users_m028373_src_macports_lcl_science_mpich2/mpich2/work/destroot/opt/local/share/man/man3/MPI_Type_set_attr.3
/usr/bin/install -c -m 644 MPI_Type_set_name.3 /opt/local/var/macports/build/_Users_m028373_src_macports_lcl_science_mpich2/mpich2/work/destroot/opt/local/share/man/man3/MPI_Type_set_name.3
/usr/bin/install -c -m 644 MPI_Type_size.3 /opt/local/var/macports/build/_Users_m028373_src_macports_lcl_science_mpich2/mpich2/work/destroot/opt/local/share/man/man3/MPI_Type_size.3
/usr/bin/install -c -m 644 MPI_Type_struct.3 /opt/local/var/macports/build/_Users_m028373_src_macports_lcl_science_mpich2/mpich2/work/destroot/opt/local/share/man/man3/MPI_Type_struct.3
/usr/bin/install -c -m 644 MPI_Type_ub.3 /opt/local/var/macports/build/_Users_m028373_src_macports_lcl_science_mpich2/mpich2/work/destroot/opt/local/share/man/man3/MPI_Type_ub.3
/usr/bin/install -c -m 644 MPI_Type_vector.3 /opt/local/var/macports/build/_Users_m028373_src_macports_lcl_science_mpich2/mpich2/work/destroot/opt/local/share/man/man3/MPI_Type_vector.3
/usr/bin/install -c -m 644 MPI_Unpack.3 /opt/local/var/macports/build/_Users_m028373_src_macports_lcl_science_mpich2/mpich2/work/destroot/opt/local/share/man/man3/MPI_Unpack.3
/usr/bin/install -c -m 644 MPI_Unpack_external.3 /opt/local/var/macports/build/_Users_m028373_src_macports_lcl_science_mpich2/mpich2/work/destroot/opt/local/share/man/man3/MPI_Unpack_external.3
/usr/bin/install -c -m 644 MPI_Unpublish_name.3 /opt/local/var/macports/build/_Users_m028373_src_macports_lcl_science_mpich2/mpich2/work/destroot/opt/local/share/man/man3/MPI_Unpublish_name.3
/usr/bin/install -c -m 644 MPI_Wait.3 /opt/local/var/macports/build/_Users_m028373_src_macports_lcl_science_mpich2/mpich2/work/destroot/opt/local/share/man/man3/MPI_Wait.3
/usr/bin/install -c -m 644 MPI_Waitall.3 /opt/local/var/macports/build/_Users_m028373_src_macports_lcl_science_mpich2/mpich2/work/destroot/opt/local/share/man/man3/MPI_Waitall.3
/usr/bin/install -c -m 644 MPI_Waitany.3 /opt/local/var/macports/build/_Users_m028373_src_macports_lcl_science_mpich2/mpich2/work/destroot/opt/local/share/man/man3/MPI_Waitany.3
/usr/bin/install -c -m 644 MPI_Waitsome.3 /opt/local/var/macports/build/_Users_m028373_src_macports_lcl_science_mpich2/mpich2/work/destroot/opt/local/share/man/man3/MPI_Waitsome.3
/usr/bin/install -c -m 644 MPI_Win_call_errhandler.3 /opt/local/var/macports/build/_Users_m028373_src_macports_lcl_science_mpich2/mpich2/work/destroot/opt/local/share/man/man3/MPI_Win_call_errhandler.3
/usr/bin/install -c -m 644 MPI_Win_complete.3 /opt/local/var/macports/build/_Users_m028373_src_macports_lcl_science_mpich2/mpich2/work/destroot/opt/local/share/man/man3/MPI_Win_complete.3
/usr/bin/install -c -m 644 MPI_Win_create.3 /opt/local/var/macports/build/_Users_m028373_src_macports_lcl_science_mpich2/mpich2/work/destroot/opt/local/share/man/man3/MPI_Win_create.3
/usr/bin/install -c -m 644 MPI_Win_create_errhandler.3 /opt/local/var/macports/build/_Users_m028373_src_macports_lcl_science_mpich2/mpich2/work/destroot/opt/local/share/man/man3/MPI_Win_create_errhandler.3
/usr/bin/install -c -m 644 MPI_Win_create_keyval.3 /opt/local/var/macports/build/_Users_m028373_src_macports_lcl_science_mpich2/mpich2/work/destroot/opt/local/share/man/man3/MPI_Win_create_keyval.3
/usr/bin/install -c -m 644 MPI_Win_delete_attr.3 /opt/local/var/macports/build/_Users_m028373_src_macports_lcl_science_mpich2/mpich2/work/destroot/opt/local/share/man/man3/MPI_Win_delete_attr.3
/usr/bin/install -c -m 644 MPI_Win_fence.3 /opt/local/var/macports/build/_Users_m028373_src_macports_lcl_science_mpich2/mpich2/work/destroot/opt/local/share/man/man3/MPI_Win_fence.3
/usr/bin/install -c -m 644 MPI_Win_free.3 /opt/local/var/macports/build/_Users_m028373_src_macports_lcl_science_mpich2/mpich2/work/destroot/opt/local/share/man/man3/MPI_Win_free.3
/usr/bin/install -c -m 644 MPI_Win_free_keyval.3 /opt/local/var/macports/build/_Users_m028373_src_macports_lcl_science_mpich2/mpich2/work/destroot/opt/local/share/man/man3/MPI_Win_free_keyval.3
/usr/bin/install -c -m 644 MPI_Win_get_attr.3 /opt/local/var/macports/build/_Users_m028373_src_macports_lcl_science_mpich2/mpich2/work/destroot/opt/local/share/man/man3/MPI_Win_get_attr.3
/usr/bin/install -c -m 644 MPI_Win_get_errhandler.3 /opt/local/var/macports/build/_Users_m028373_src_macports_lcl_science_mpich2/mpich2/work/destroot/opt/local/share/man/man3/MPI_Win_get_errhandler.3
/usr/bin/install -c -m 644 MPI_Win_get_group.3 /opt/local/var/macports/build/_Users_m028373_src_macports_lcl_science_mpich2/mpich2/work/destroot/opt/local/share/man/man3/MPI_Win_get_group.3
/usr/bin/install -c -m 644 MPI_Win_get_name.3 /opt/local/var/macports/build/_Users_m028373_src_macports_lcl_science_mpich2/mpich2/work/destroot/opt/local/share/man/man3/MPI_Win_get_name.3
/usr/bin/install -c -m 644 MPI_Win_lock.3 /opt/local/var/macports/build/_Users_m028373_src_macports_lcl_science_mpich2/mpich2/work/destroot/opt/local/share/man/man3/MPI_Win_lock.3
/usr/bin/install -c -m 644 MPI_Win_post.3 /opt/local/var/macports/build/_Users_m028373_src_macports_lcl_science_mpich2/mpich2/work/destroot/opt/local/share/man/man3/MPI_Win_post.3
/usr/bin/install -c -m 644 MPI_Win_set_attr.3 /opt/local/var/macports/build/_Users_m028373_src_macports_lcl_science_mpich2/mpich2/work/destroot/opt/local/share/man/man3/MPI_Win_set_attr.3
/usr/bin/install -c -m 644 MPI_Win_set_errhandler.3 /opt/local/var/macports/build/_Users_m028373_src_macports_lcl_science_mpich2/mpich2/work/destroot/opt/local/share/man/man3/MPI_Win_set_errhandler.3
/usr/bin/install -c -m 644 MPI_Win_set_name.3 /opt/local/var/macports/build/_Users_m028373_src_macports_lcl_science_mpich2/mpich2/work/destroot/opt/local/share/man/man3/MPI_Win_set_name.3
/usr/bin/install -c -m 644 MPI_Win_start.3 /opt/local/var/macports/build/_Users_m028373_src_macports_lcl_science_mpich2/mpich2/work/destroot/opt/local/share/man/man3/MPI_Win_start.3
/usr/bin/install -c -m 644 MPI_Win_test.3 /opt/local/var/macports/build/_Users_m028373_src_macports_lcl_science_mpich2/mpich2/work/destroot/opt/local/share/man/man3/MPI_Win_test.3
/usr/bin/install -c -m 644 MPI_Win_unlock.3 /opt/local/var/macports/build/_Users_m028373_src_macports_lcl_science_mpich2/mpich2/work/destroot/opt/local/share/man/man3/MPI_Win_unlock.3
/usr/bin/install -c -m 644 MPI_Win_wait.3 /opt/local/var/macports/build/_Users_m028373_src_macports_lcl_science_mpich2/mpich2/work/destroot/opt/local/share/man/man3/MPI_Win_wait.3
/usr/bin/install -c -m 644 MPI_Wtick.3 /opt/local/var/macports/build/_Users_m028373_src_macports_lcl_science_mpich2/mpich2/work/destroot/opt/local/share/man/man3/MPI_Wtick.3
/usr/bin/install -c -m 644 MPI_Wtime.3 /opt/local/var/macports/build/_Users_m028373_src_macports_lcl_science_mpich2/mpich2/work/destroot/opt/local/share/man/man3/MPI_Wtime.3
if [ ! -e /opt/local/var/macports/build/_Users_m028373_src_macports_lcl_science_mpich2/mpich2/work/destroot/opt/local/share/doc/mpich2 ] ; then mkdir -p /opt/local/var/macports/build/_Users_m028373_src_macports_lcl_science_mpich2/mpich2/work/destroot/opt/local/share/doc/mpich2 ; fi
if [ -s ./doc/userguide/user.pdf ] ; then /usr/bin/install -c -m 644 ./doc/userguide/user.pdf /opt/local/var/macports/build/_Users_m028373_src_macports_lcl_science_mpich2/mpich2/work/destroot/opt/local/share/doc/mpich2/user.pdf ; fi
if [ -s ./doc/installguide/install.pdf ] ; then /usr/bin/install -c -m 644 ./doc/installguide/install.pdf /opt/local/var/macports/build/_Users_m028373_src_macports_lcl_science_mpich2/mpich2/work/destroot/opt/local/share/doc/mpich2/install.pdf ; fi
if [ -s ./doc/smpd/smpd_pmi.pdf ] ; then /usr/bin/install -c -m 644 ./doc/smpd/smpd_pmi.pdf /opt/local/var/macports/build/_Users_m028373_src_macports_lcl_science_mpich2/mpich2/work/destroot/opt/local/share/doc/mpich2/smpd_pmi.pdf ; fi
if [ -s ./doc/logging/logging.pdf ] ; then /usr/bin/install -c -m 644 ./doc/logging/logging.pdf /opt/local/var/macports/build/_Users_m028373_src_macports_lcl_science_mpich2/mpich2/work/destroot/opt/local/share/doc/mpich2/logging.pdf ; fi
test -z "/opt/local/include" || mkdir -p "/opt/local/var/macports/build/_Users_m028373_src_macports_lcl_science_mpich2/mpich2/work/destroot/opt/local/include"
 /usr/bin/install -c -m 644 src/binding/f90/mpi.mod src/binding/f90/mpi_sizeofs.mod src/binding/f90/mpi_constants.mod src/binding/f90/mpi_base.mod src/include/mpix.h '/opt/local/var/macports/build/_Users_m028373_src_macports_lcl_science_mpich2/mpich2/work/destroot/opt/local/include'
test -z "/opt/local/include" || mkdir -p "/opt/local/var/macports/build/_Users_m028373_src_macports_lcl_science_mpich2/mpich2/work/destroot/opt/local/include"
 /usr/bin/install -c -m 644 src/binding/cxx/mpicxx.h src/binding/f77/mpif.h src/include/mpi.h '/opt/local/var/macports/build/_Users_m028373_src_macports_lcl_science_mpich2/mpich2/work/destroot/opt/local/include'
test -z "/opt/local/lib/pkgconfig" || mkdir -p "/opt/local/var/macports/build/_Users_m028373_src_macports_lcl_science_mpich2/mpich2/work/destroot/opt/local/lib/pkgconfig"
 /usr/bin/install -c -m 644 src/packaging/pkgconfig/mpich2.pc '/opt/local/var/macports/build/_Users_m028373_src_macports_lcl_science_mpich2/mpich2/work/destroot/opt/local/lib/pkgconfig'
make[3]: Leaving directory `/opt/local/var/macports/build/_Users_m028373_src_macports_lcl_science_mpich2/mpich2/work/mpich2-1.5b1'
make[2]: Leaving directory `/opt/local/var/macports/build/_Users_m028373_src_macports_lcl_science_mpich2/mpich2/work/mpich2-1.5b1'
Making install in examples
make[2]: Entering directory `/opt/local/var/macports/build/_Users_m028373_src_macports_lcl_science_mpich2/mpich2/work/mpich2-1.5b1/examples'
make[3]: Entering directory `/opt/local/var/macports/build/_Users_m028373_src_macports_lcl_science_mpich2/mpich2/work/mpich2-1.5b1/examples'
make[3]: Nothing to be done for `install-exec-am'.
make[3]: Nothing to be done for `install-data-am'.
make[3]: Leaving directory `/opt/local/var/macports/build/_Users_m028373_src_macports_lcl_science_mpich2/mpich2/work/mpich2-1.5b1/examples'
make[2]: Leaving directory `/opt/local/var/macports/build/_Users_m028373_src_macports_lcl_science_mpich2/mpich2/work/mpich2-1.5b1/examples'
make[1]: Leaving directory `/opt/local/var/macports/build/_Users_m028373_src_macports_lcl_science_mpich2/mpich2/work/mpich2-1.5b1'
make: Leaving directory `/opt/local/var/macports/build/_Users_m028373_src_macports_lcl_science_mpich2/mpich2/work/mpich2-1.5b1'
