Configuring MPICH2 version 1.0.7 with '--prefix=/home/u3/germaneau/soft/science/mpich2-1.0.7.7_install/' '--enable-sharedlibs=gcc' '--enable-dynamiclibs'
Running on system: Linux mtl13 2.6.24.5-smp #2 SMP Wed Apr 30 13:41:38 CDT 2008 i686 Intel(R) Pentium(R) 4 CPU 2.40GHz GenuineIntel GNU/Linux
Executing mpich2prereq in /home/u3/germaneau/soft/science/mpich2-1.0.7/src/mpid/ch3 with 
Executing mpich2prereq in /home/u3/germaneau/soft/science/mpich2-1.0.7/src/mpid/ch3/channels/sock
sourcing /home/u3/germaneau/soft/science/mpich2-1.0.7/src/pm/mpd/mpich2prereq
sourcing /home/u3/germaneau/soft/science/mpich2-1.0.7/src/pm/mpd/setup_pm
checking for gcc... gcc
checking for C compiler default output file name... a.out
checking whether the C compiler works... yes
checking whether we are cross compiling... no
checking for suffix of executables... 
checking for suffix of object files... o
checking whether we are using the GNU C compiler... yes
checking whether gcc accepts -g... yes
checking for gcc option to accept ANSI C... none needed
checking whether C compiler accepts option -O2... yes
checking whether routines compiled with -O2 can be linked with ones compiled without -O2... yes
checking for type of weak symbol support... pragma weak
checking whether __attribute__ ((weak)) allowed... yes
checking for multiple weak symbol support... yes
checking for g77... g77
checking whether we are using the GNU Fortran 77 compiler... yes
checking whether g77 accepts -g... yes
checking whether Fortran 77 compiler accepts option -O2... yes
checking whether routines compiled with -O2 can be linked with ones compiled without -O2... yes
checking how to get verbose linking output from g77... -v
checking for Fortran libraries of g77...  -L/home/u3/germaneau/intel/tbb/2.0/ia32/cc4.1.0_libc2.4_kernel2.6.16.21/lib -L/usr/lib/gcc/i486-slackware-linux/4.2.3 -L/usr/lib/gcc/i486-slackware-linux/4.2.3/../../../../i486-slackware-linux/lib -L/usr/lib/gcc/i486-slackware-linux/4.2.3/../../.. -lgfortranbegin -lgfortran -lm -lgcc_s
checking whether g77 accepts the FLIBS found by autoconf... yes
checking whether C can link with  -L/home/u3/germaneau/intel/tbb/2.0/ia32/cc4.1.0_libc2.4_kernel2.6.16.21/lib -L/usr/lib/gcc/i486-slackware-linux/4.2.3 -L/usr/lib/gcc/i486-slackware-linux/4.2.3/../../../../i486-slackware-linux/lib -L/usr/lib/gcc/i486-slackware-linux/4.2.3/../../.. -lgfortranbegin -lgfortran -lm -lgcc_s... yes
checking for linker for Fortran main programs... Use Fortran to link programs
checking for Fortran 77 name mangling... lower underscore
checking what libraries are needed to link Fortran programs with C routines that use stdio... none
checking for f90... no
checking for xlf90... no
checking for pgf90... no
checking for ifort... ifort
checking that f works as the extension for Fortran 90 program... yes
checking whether we are using the GNU Fortran 90 compiler... no
checking whether ifort accepts -g... yes
checking for extension for Fortran 90 programs... f90
checking whether the Fortran 90 compiler (ifort  ) works... yes
checking whether the Fortran 90 compiler (ifort  ) is a cross-compiler... no
checking whether Fortran 90 works with Fortran 77... yes
checking whether Fortran accepts ! for comments... yes
checking for include directory flag for Fortran... -I
checking for Fortran 77 flag for library directories... -L
checking for which Fortran libraries are needed to link C with Fortran... none
checking whether g77 allows -shared -fpic... yes
checking whether Fortran compiler processes .F files with C preprocessor... yes
checking that f works as the extension for Fortran 90 program... yes
checking whether we are using the GNU Fortran 90 compiler... (cached) no
checking whether ifort accepts -g... (cached) yes
checking for extension for Fortran 90 programs... f90
checking whether the Fortran 90 compiler (ifort  ) works... yes
checking whether the Fortran 90 compiler (ifort  ) is a cross-compiler... no
checking for Fortran 90 module extension... mod
checking for Fortran 90 module include flag... -I
checking whether Fortran 90 accepts f90 suffix... yes
checking whether Fortran 90 compiler accepts option -O2... yes
checking whether routines compiled with -O2 can be linked with ones compiled without -O2... yes
checking whether Fortran 90 compiler processes .F90 files with C preprocessor... yes
checking what libraries are needed to link Fortran90 programs with C routines that use stdio... none
checking for f90 compiler vendor... intel
checking for c++... c++
checking whether we are using the GNU C++ compiler... yes
checking whether c++ accepts -g... yes
checking whether the C++ compiler c++ can build an executable... yes
checking whether the compiler supports exceptions... yes
checking whether the compiler recognizes bool as a built-in type... yes
checking whether the compiler implements namespaces... yes
checking whether <iostream> available... yes
checking whether the compiler implements the namespace std... yes
checking whether <math> available... no
checking for GNU g++ version... 4 . 2
checking whether C++ compiler accepts option -O2... yes
checking whether routines compiled with -O2 can be linked with ones compiled without -O2... yes
checking for perl... /usr/bin/perl
checking for ar... ar
checking for ranlib... ranlib
checking for etags... etags
checking for etags argument to specify language... --language=c
checking for killall... killall
checking for a BSD-compatible install... /bin/ginstall -c
checking whether install works... yes
checking whether install breaks libraries... no
checking whether mkdir -p works... yes
checking for make... make
checking whether clock skew breaks make... no
checking whether make supports include... yes
checking whether make allows comments in actions... yes
checking for virtual path format... VPATH
checking whether make sets CFLAGS... no
checking for bash... /bin/sh
checking whether /bin/sh supports arrays... yes
checking how to run the C preprocessor... gcc -E
checking for dlfcn.h... yes
checking for library containing dlopen... -ldl
checking for dlopen... yes
checking for dlsym... yes
Creating shared libraries using GNU
checking for doctext... false
checking for location of doctext style files... unavailable
checking for an ANSI C-conforming const... yes
checking for volatile... yes
checking for restrict... __restrict
checking for inline... inline
checking whether __attribute__ allowed... yes
checking whether __attribute__((format)) allowed... yes
checking whether byte ordering is bigendian... no
checking whether C compiler allows unaligned doubles... yes
checking whether gcc supports __func__... yes
Using gcc to determine dependencies
checking whether long double is supported... yes
checking whether long long is supported... yes
checking for max C struct integer alignment... four
checking for max C struct floating point alignment... four
checking for max C struct alignment of structs with doubles... four
checking for max C struct floating point alignment with long doubles... four
checking if alignment of structs with doubles is based on position... no
checking if alignment of structs with long long ints is based on position... no
checking if double alignment breaks rules, find actual alignment... no
checking for alignment restrictions on pointers... int or better
checking for egrep... grep -E
checking for ANSI C header files... yes
checking for sys/types.h... yes
checking for sys/stat.h... yes
checking for stdlib.h... yes
checking for string.h... yes
checking for memory.h... yes
checking for strings.h... yes
checking for inttypes.h... yes
checking for stdint.h... yes
checking for unistd.h... yes
checking for char... yes
checking size of char... 1
checking for short... yes
checking size of short... 2
checking for int... yes
checking size of int... 4
checking for long... yes
checking size of long... 4
checking for long long... yes
checking size of long long... 8
checking for float... yes
checking size of float... 4
checking for double... yes
checking size of double... 8
checking for long double... yes
checking size of long double... 12
checking for wchar_t... yes
checking size of wchar_t... 4
checking for void *... yes
checking size of void *... 4
checking for size of float int... 8
checking for size of double int... 12
checking for size of long int... 8
checking for size of short int... 6
checking for size of 2 int... 8
checking for size of long double int... 16
checking for sys/bitypes.h... yes
checking for int16_t... yes
checking for int32_t... yes
checking for int64_t... yes
checking for size of Fortran type integer... 4
checking for size of Fortran type real... 4
checking for size of Fortran type double precision... 8
checking whether integer*1 is supported... yes
checking whether integer*2 is supported... yes
checking whether integer*4 is supported... yes
checking whether integer*8 is supported... yes
checking whether integer*16 is supported... no
checking whether real*4 is supported... yes
checking whether real*8 is supported... yes
checking whether real*16 is supported... no
checking for C type matching Fortran integer... int
checking for size of MPI_Status... 20
checking for values of Fortran logicals... True is 1 and False is 0
checking for Fortran 90 integer kind for 4-byte integers... 4
checking for Fortran 90 integer kind for 8-byte integers... 8
checking for bool... yes
checking size of bool... 1
checking how to run the C++ preprocessor... c++ -E
checking for complex... yes
checking for Complex... yes
checking size of Complex... 8
checking for DoubleComplex... yes
checking size of DoubleComplex... 16
checking for LongDoubleComplex... yes
checking size of LongDoubleComplex... 24
checking if char * pointers use byte addresses... yes
checking for alignment restrictions on int64_t... no
checking for alignment restrictions on int32_t... no
checking for size of MPI_BSEND_OVERHEAD... 59
checking for gcc __asm__ and pentium cmpxchgl instruction... yes
checking for gcc __asm__ and AMD x86_64 cmpxchgq instruction... no
checking for gcc __asm__ and IA64 xchg4 instruction... no
checking for ANSI C header files... (cached) yes
checking for stdlib.h... (cached) yes
checking for stdarg.h... yes
checking for sys/types.h... (cached) yes
checking for inttypes.h... (cached) yes
checking for limits.h... yes
checking for stddef.h... yes
checking for errno.h... yes
checking for sys/socket.h... yes
checking for sys/time.h... yes
checking for unistd.h... (cached) yes
checking for endian.h... yes
checking for assert.h... yes
checking for sys/uio.h... yes
checking for size_t... yes
checking for setitimer... yes
checking for alarm... yes
checking for vsnprintf... yes
checking for vsprintf... yes
checking whether vsnprintf needs a declaration... no
checking for strerror... yes
checking for snprintf... yes
checking whether snprintf needs a declaration... no
checking for va_copy... yes
checking for working alloca.h... yes
checking for alloca... yes
checking for strdup... yes
checking whether strdup needs a declaration... no
checking for clock_gettime... no
checking for clock_getres... no
checking for gethrtime... no
checking for gettimeofday... yes
sourcing /home/u3/germaneau/soft/science/mpich2-1.0.7/src/mpid/ch3/setup_device
RUNNING SETUP_DEVICE FOR THE CH3 DEVICE
sourcing /home/u3/germaneau/soft/science/mpich2-1.0.7/src/mpid/ch3/channels/sock/setup_channel
RUNNING SETUP_CHANNEL FOR THE SOCK CHANNEL
sourcing /home/u3/germaneau/soft/science/mpich2-1.0.7/src/mpid/common/sock/setup
RUNNING SETUP FOR THE SOCK INTERFACE
checking for pthread.h... yes
checking for pthread_yield... no
checking for library containing pthread_key_create... -lpthread
checking for pthread_cleanup_push... no
checking whether pthread_cleanup_push is available (may be a macro in pthread.h)... no
checking for sched_yield... yes
checking for yield... no
checking for usleep... yes
checking for sleep... yes
checking for select... yes
RUNNING CONFIGURE FOR CH3 DEVICE
checking for make... make
checking whether clock skew breaks make... no
checking whether make supports include... yes
checking whether make allows comments in actions... yes
checking for virtual path format... VPATH
checking whether make sets CFLAGS... yes
checking for gcc... gcc
checking for C compiler default output file name... a.out
checking whether the C compiler works... yes
checking whether we are cross compiling... no
checking for suffix of executables... 
checking for suffix of object files... o
checking whether we are using the GNU C compiler... yes
checking whether gcc accepts -g... yes
checking for gcc option to accept ANSI C... none needed
checking how to run the C preprocessor... gcc -E
checking for assert.h... yes
checking for limits.h... yes
checking for string.h... yes
checking for sys/types.h... yes
checking for sys/uio.h... yes
checking for uuid/uuid.h... yes
checking for time.h... yes
checking for ctype.h... yes
checking for unistd.h... yes
checking for arpa/inet.h... yes
checking for sys/socket.h... yes
checking for net/if.h... yes
checking for egrep... grep -E
checking for ANSI C header files... yes
checking for sys/types.h... (cached) yes
checking for sys/stat.h... yes
checking for stdlib.h... yes
checking for string.h... (cached) yes
checking for memory.h... yes
checking for strings.h... yes
checking for inttypes.h... yes
checking for stdint.h... yes
checking for unistd.h... (cached) yes
checking for pid_t... yes
checking for inet_pton... yes
checking for gethostname... yes
checking whether gethostname needs a declaration... no
checking for CFUUIDCreate... no
checking for uuid_generate... no
checking for time... yes
checking for library containing uuid_generate... -luuid
checking whether CPP accepts variable length argument lists... yes
checking whether byte ordering is bigendian... no
checking whether we can use struct ifconf... yes
checking for int... yes
checking size of int... 4
checking for long... yes
checking size of long... 4
checking for long long... yes
checking size of long long... 8
checking for void *... yes
checking size of void *... 4
checking for etags... etags
configure: creating ./config.status
config.status: creating Makefile
config.status: creating src/Makefile
config.status: creating util/Makefile
config.status: creating util/shm/Makefile
config.status: creating util/shmbase/Makefile
config.status: creating channels/Makefile
config.status: creating localdefs
config.status: creating include/mpid_thread.h
config.status: creating include/mpidi_ch3_conf.h
config.status: include/mpidi_ch3_conf.h is unchanged
config.status: executing default-1 commands
copying /home/u3/germaneau/soft/science/mpich2-1.0.7/src/mpid/ch3/../common/thread/mpid_thread_mpe.c to src/mpid_thread.c
configure: configuring in util/sock
configure: running /bin/sh '/home/u3/germaneau/soft/science/mpich2-1.0.7/src/mpid/ch3/util/sock/configure' --prefix=/home/u3/germaneau/soft/science/mpich2-1.0.7.7_install/  '--prefix=/home/u3/germaneau/soft/science/mpich2-1.0.7.7_install/' '--enable-sharedlibs=gcc' '--enable-dynamiclibs' 'CC=gcc' 'CFLAGS= -O2' --cache-file=/dev/null --srcdir=/home/u3/germaneau/soft/science/mpich2-1.0.7/src/mpid/ch3/util/sock
RUNNING CONFIGURE FOR CH3 UTIL SOCK ROUTINES
checking for make... make
checking whether clock skew breaks make... no
checking whether make supports include... yes
checking whether make allows comments in actions... yes
checking for virtual path format... VPATH
checking whether make sets CFLAGS... yes
checking for ar... ar
checking for ranlib... ranlib
checking for gcc... gcc
checking for C compiler default output file name... a.out
checking whether the C compiler works... yes
checking whether we are cross compiling... no
checking for suffix of executables... 
checking for suffix of object files... o
checking whether we are using the GNU C compiler... yes
checking whether gcc accepts -g... yes
checking for gcc option to accept ANSI C... none needed
checking how to run the C preprocessor... gcc -E
checking for assert.h... yes
checking for limits.h... yes
checking for string.h... yes
checking for sys/types.h... yes
checking for sys/uio.h... yes
checking for time.h... yes
checking for ctype.h... yes
checking for unistd.h... yes
checking for arpa/inet.h... yes
checking for sys/socket.h... yes
checking for net/if.h... yes
checking for egrep... grep -E
checking for ANSI C header files... yes
checking for sys/types.h... (cached) yes
checking for sys/stat.h... yes
checking for stdlib.h... yes
checking for string.h... (cached) yes
checking for memory.h... yes
checking for strings.h... yes
checking for inttypes.h... yes
checking for stdint.h... yes
checking for unistd.h... (cached) yes
checking for pid_t... yes
checking for inet_pton... yes
checking for gethostname... yes
checking whether gethostname needs a declaration... no
checking whether CPP accepts variable length argument lists... yes
checking whether byte ordering is bigendian... no
checking whether we can use struct ifconf... yes
checking for int... yes
checking size of int... 4
checking for long... yes
checking size of long... 4
checking for long long... yes
checking size of long long... 8
checking for void *... yes
checking size of void *... 4
checking for etags... etags
configure: creating ./config.status
config.status: creating Makefile
config.status: creating ch3usockconf.h
config.status: ch3usockconf.h is unchanged
config.status: executing default-1 commands
Updating dependency directories .deps
configure: configuring in channels/sock
configure: running /bin/sh '/home/u3/germaneau/soft/science/mpich2-1.0.7/src/mpid/ch3/channels/sock/configure' --prefix=/home/u3/germaneau/soft/science/mpich2-1.0.7.7_install/  '--prefix=/home/u3/germaneau/soft/science/mpich2-1.0.7.7_install/' '--enable-sharedlibs=gcc' '--enable-dynamiclibs' 'CC=gcc' 'CFLAGS= -O2' --cache-file=/dev/null --srcdir=/home/u3/germaneau/soft/science/mpich2-1.0.7/src/mpid/ch3/channels/sock
RUNNING CONFIGURE FOR THE SOCK CHANNEL
checking for a BSD-compatible install... /bin/ginstall -c
checking whether install works... yes
checking for ranlib... ranlib
checking for gcc... gcc
checking for C compiler default output file name... a.out
checking whether the C compiler works... yes
checking whether we are cross compiling... no
checking for suffix of executables... 
checking for suffix of object files... o
checking whether we are using the GNU C compiler... yes
checking whether gcc accepts -g... yes
checking for gcc option to accept ANSI C... none needed
checking whether install breaks libraries... no
checking whether mkdir -p works... yes
checking for make... make
checking whether clock skew breaks make... no
checking whether make supports include... yes
checking whether make allows comments in actions... yes
checking for virtual path format... VPATH
checking whether make sets CFLAGS... yes
checking for ar... ar
checking for ranlib... ranlib
checking for net/if.h... yes
checking how to run the C preprocessor... gcc -E
checking for netdb.h... yes
checking for sys/ioctl.h... yes
checking for sys/socket.h... yes
checking for sys/sockio.h... no
checking for sys/types.h... yes
checking for errno.h... yes
checking for netinet/in.h... yes
configure: creating ./config.status
config.status: creating Makefile
config.status: creating src/Makefile
config.status: creating localdefs
config.status: creating include/mpidi_ch3i_sock_conf.h
config.status: include/mpidi_ch3i_sock_conf.h is unchanged
config.status: executing default-1 commands
Updating dependency directories .deps
RUNNING CONFIGURE FOR THE SOCK INTERFACE
checking for gcc... gcc
checking for C compiler default output file name... a.out
checking whether the C compiler works... yes
checking whether we are cross compiling... no
checking for suffix of executables... 
checking for suffix of object files... o
checking whether we are using the GNU C compiler... yes
checking whether gcc accepts -g... yes
checking for gcc option to accept ANSI C... none needed
checking for strerror... yes
checking for make... make
checking whether clock skew breaks make... no
checking whether make supports include... yes
checking whether make allows comments in actions... yes
checking for virtual path format... VPATH
checking whether make sets CFLAGS... yes
checking for ar... ar
checking for ranlib... ranlib
configure: creating ./config.status
config.status: creating Makefile
config.status: creating localdefs
config.status: creating mpidu_sock_conf.h
config.status: mpidu_sock_conf.h is unchanged
configure: configuring in poll
configure: running /bin/sh '/home/u3/germaneau/soft/science/mpich2-1.0.7/src/mpid/common/sock/poll/configure' --prefix=/home/u3/germaneau/soft/science/mpich2-1.0.7.7_install/  '--prefix=/home/u3/germaneau/soft/science/mpich2-1.0.7.7_install/' '--enable-sharedlibs=gcc' '--enable-dynamiclibs' 'CC=gcc' 'CFLAGS= -O2' --cache-file=/dev/null --srcdir=/home/u3/germaneau/soft/science/mpich2-1.0.7/src/mpid/common/sock/poll
RUNNING CONFIGURE FOR THE POLL IMPLEMENTATION OF SOCK
checking for make... make
checking whether clock skew breaks make... no
checking whether make supports include... yes
checking whether make allows comments in actions... yes
checking for virtual path format... VPATH
checking whether make sets CFLAGS... yes
checking for gcc... gcc
checking for C compiler default output file name... a.out
checking whether the C compiler works... yes
checking whether we are cross compiling... no
checking for suffix of executables... 
checking for suffix of object files... o
checking whether we are using the GNU C compiler... yes
checking whether gcc accepts -g... yes
checking for gcc option to accept ANSI C... none needed
checking for inline... inline
checking for poll... yes
checking how to run the C preprocessor... gcc -E
checking for assert.h... yes
checking for errno.h... yes
checking for fcntl.h... yes
checking for limits.h... yes
checking for netdb.h... yes
checking for netinet/in.h... yes
checking for netinet/tcp.h... yes
checking for poll.h... yes
checking for stdlib.h... yes
checking for sys/param.h... yes
checking for sys/poll.h... yes
checking for sys/types.h... yes
checking for sys/uio.h... yes
checking for unistd.h... yes
checking if struct poll is defined... yes
checking if a simple program using poll() can be compiled... yes
checking whether bit fields work in ip.h... yes
checking for gethostname... yes
checking whether gethostname needs a declaration... no
checking for library containing socket... none required
checking for library containing gethostbyname... none required
checking whether socklen_t is defined (in sys/socket.h if present)... yes
checking for etags... etags
configure: creating ./config.status
config.status: creating Makefile
config.status: creating localdefs
config.status: creating mpidu_socki_conf.h
config.status: mpidu_socki_conf.h is unchanged
config.status: executing default-1 commands
Updating dependency directories .deps
Configuring with args --prefix=/home/u3/germaneau/soft/science/mpich2-1.0.7.7_install/ --enable-sharedlibs=gcc --enable-dynamiclibs
checking for architecture... LINUX
ROMIO home directory is /home/u3/germaneau/soft/science/mpich2-1.0.7/src/mpi/romio
checking for gcc... gcc
checking for C compiler default output file name... a.out
checking whether the C compiler works... yes
checking whether we are cross compiling... no
checking for suffix of executables... 
checking for suffix of object files... o
checking whether we are using the GNU C compiler... yes
checking whether gcc accepts -g... yes
checking for gcc option to accept ANSI C... none needed
checking whether we are using the GNU Fortran 77 compiler... yes
checking whether g77 accepts -g... yes
checking how to run the C preprocessor... gcc -E
checking for memalign... yes
checking Fortran external names
Fortran externals have a trailing underscore and are lowercase
checking for inline... inline
checking how to run the C preprocessor... gcc -E
checking for egrep... grep -E
checking for ANSI C header files... yes
checking for sys/types.h... yes
checking for sys/stat.h... yes
checking for stdlib.h... yes
checking for string.h... yes
checking for memory.h... yes
checking for strings.h... yes
checking for inttypes.h... yes
checking for stdint.h... yes
checking for unistd.h... yes
checking for unistd.h... (cached) yes
checking fcntl.h usability... yes
checking fcntl.h presence... yes
checking for fcntl.h... yes
checking malloc.h usability... yes
checking malloc.h presence... yes
checking for malloc.h... yes
checking stddef.h usability... yes
checking stddef.h presence... yes
checking for stddef.h... yes
checking for int... yes
checking size of int... 4
checking for void *... yes
checking size of void *... 4
checking for int large enough for pointers... yes
checking for long long... yes
checking size of long long... 8
checking for extension for Fortran 90 programs... f90
checking for Fortran 90 KIND parameter for 8-byte integers...            8
checking that we can use integer*8 to declare MPI_DISPLACMENT_CURRENT... yes
Overriding Array test for MPICH2
checking for weak symbol support... pragma weak
checking that weak symbols are visible to other files... yes
checking that the compiler correctly implements weak symbols... yes
checking whether struct flock compatible with MPI_Offset... yes
checking for pvfs2-config... notfound
checking configured file systems... testfs ufs nfs
configure: WARNING: File locks may not work with NFS.  See the Installation and
users manual for instructions on testing and if necessary fixing this
checking for library containing aio_write... -lrt
checking signal.h usability... yes
checking signal.h presence... yes
checking for signal.h... yes
checking if aio.h exists and can be compiled... yes
checking if sys/aio.h exists and can be compiled... no
checking whether aio routines can be used... yes
checking for obsolete two-argument aio_write... no
checking for obsolete two-argument aio_suspend... no
checking for aio_fildes member of aiocb structure... yes
checking for aio_whence member of aiocb structure... no
checking for aio_handle member of aiocb structure... no
checking for aio_reqprio member of aiocb structure... yes
checking for aio_sigevent member of aiocb structure... yes
checking sys/vfs.h usability... yes
checking sys/vfs.h presence... yes
checking for sys/vfs.h... yes
checking sys/param.h usability... yes
checking sys/param.h presence... yes
checking for sys/param.h... yes
checking sys/mount.h usability... yes
checking sys/mount.h presence... yes
checking for sys/mount.h... yes
checking sys/statvfs.h usability... yes
checking sys/statvfs.h presence... yes
checking for sys/statvfs.h... yes
checking whether struct statfs properly defined... yes
checking for f_fstypename member of statfs structure... no
checking for sys/stat.h... (cached) yes
checking for sys/types.h... (cached) yes
checking for unistd.h... (cached) yes
checking for stat... yes
checking for st_fstype member of stat structure... no
checking for sys/types.h... (cached) yes
checking for sys/statvfs.h... (cached) yes
checking for sys/vfs.h... (cached) yes
checking for statvfs... yes
checking for f_basetype member of statvfs structure... no
checking for unistd.h... (cached) yes
checking for large file defines... yes
checking whether off64_t is an scalar type... yes
checking for strerror... yes
checking for doctext... false
checking for strdup... yes
checking whether strdup needs a declaration... no
checking for snprintf... yes
checking whether snprintf needs a declaration... no
checking for lstat... yes
checking whether lstat needs a declaration... yes
checking for readlink... yes
checking whether readlink needs a declaration... no
checking for fsync... yes
checking whether fsync needs a declaration... no
checking for ftruncate... yes
checking whether ftruncate needs a declaration... no
checking for unistd.h... (cached) yes
checking for large file defines... yes
setting SYSDEP_INC to 
checking for restrict... __restrict
checking whether __attribute__ allowed... yes
checking whether __attribute__((format)) allowed... yes
setting CC to gcc
setting F77 to g77
setting TEST_CC to /home/u3/germaneau/soft/science/mpich2-1.0.7/bin/mpicc
setting TEST_F77 to /home/u3/germaneau/soft/science/mpich2-1.0.7/bin/mpif77
setting CFLAGS to  -O2  -DFORTRANUNDERSCORE -D_LARGEFILE64_SOURCE -D_FILE_OFFSET_BITS=64 -DHAVE_ROMIOCONF_H -D_LARGEFILE64_SOURCE -D_FILE_OFFSET_BITS=64
setting USER_CFLAGS to 
setting USER_FFLAGS to 
configure: creating ./config.status
config.status: creating Makefile
config.status: creating localdefs
config.status: creating mpi-io/Makefile
config.status: creating mpi2-other/info/Makefile
config.status: creating mpi2-other/array/Makefile
config.status: creating adio/common/Makefile
config.status: creating test/Makefile
config.status: creating test/misc.c
config.status: creating test/large_file.c
config.status: creating test/runtests
config.status: creating util/romioinstall
config.status: creating include/mpio.h
config.status: creating include/mpiof.h
config.status: creating adio/ad_nfs/Makefile
config.status: creating adio/ad_ufs/Makefile
config.status: creating adio/ad_bgl/Makefile
config.status: creating adio/ad_bglockless/Makefile
config.status: creating adio/ad_panfs/Makefile
config.status: creating adio/ad_xfs/Makefile
config.status: creating adio/ad_sfs/Makefile
config.status: creating adio/ad_pfs/Makefile
config.status: creating adio/ad_testfs/Makefile
config.status: creating adio/ad_pvfs/Makefile
config.status: creating adio/ad_pvfs2/Makefile
config.status: creating adio/ad_gridftp/Makefile
config.status: creating adio/ad_lustre/Makefile
config.status: creating mpi-io/fortran/Makefile
config.status: creating mpi2-other/info/fortran/Makefile
config.status: creating mpi2-other/array/fortran/Makefile
config.status: creating test/fmisc.f
config.status: creating test/fcoll_test.f
config.status: creating test/pfcoll_test.f
config.status: creating test/fperf.f
config.status: creating mpi-io/glue/mpich2/Makefile
config.status: creating mpi-io/glue/mpich1/Makefile
config.status: creating mpi-io/glue/default/Makefile
config.status: creating common/dataloop/Makefile
config.status: creating adio/include/romioconf.h
config.status: executing default-1 commands
RUNNING CONFIGURE FOR THE SIMPLE PMI
checking for make... make
checking whether clock skew breaks make... no
checking whether make supports include... yes
checking whether make allows comments in actions... yes
checking for virtual path format... VPATH
checking whether make sets CFLAGS... yes
checking for gcc... gcc
checking for C compiler default output file name... a.out
checking whether the C compiler works... yes
checking whether we are cross compiling... no
checking for suffix of executables... 
checking for suffix of object files... o
checking whether we are using the GNU C compiler... yes
checking whether gcc accepts -g... yes
checking for gcc option to accept ANSI C... none needed
checking how to run the C preprocessor... gcc -E
checking for unistd.h... yes
checking for string.h... yes
checking for stdlib.h... yes
checking for sys/socket.h... yes
checking for strings.h... yes
checking for snprintf... yes
checking whether snprintf needs a declaration... no
checking for sys/types.h... yes
checking for sys/param.h... yes
checking for sys/socket.h... (cached) yes
checking for netinet/in.h... yes
checking for netinet/tcp.h... yes
checking for sys/un.h... yes
checking for netdb.h... yes
checking for library containing socket... none required
checking for library containing gethostbyname... none required
checking for socket... yes
checking for setsockopt... yes
checking for gethostbyname... yes
checking whether socklen_t is defined (in sys/socket.h if present)... yes
checking whether struct hostent contains h_addr_list... yes
configure: creating ./config.status
config.status: creating Makefile
config.status: creating localdefs
config.status: creating pmiconf.h
config.status: pmiconf.h is unchanged
Configuring with args --prefix=/home/u3/germaneau/soft/science/mpich2-1.0.7.7_install/ --enable-sharedlibs=gcc --enable-dynamiclibs
checking for gcc... gcc
checking for C compiler default output file name... a.out
checking whether the C compiler works... yes
checking whether we are cross compiling... no
checking for suffix of executables... 
checking for suffix of object files... o
checking whether we are using the GNU C compiler... yes
checking whether gcc accepts -g... yes
checking for gcc option to accept ANSI C... none needed
checking whether make sets $(MAKE)... yes
checking whether ln -s works... yes
checking for a BSD-compatible install... /bin/ginstall -c
checking whether install /bin/ginstall -c works... yes
Using INSTALL=/bin/ginstall -c
checking for totalview... no
checking for python2.5... python2.5
checking for python2.4... no
checking for python2.3... no
checking for python2.2... no
checking for python2... no
checking for python... python
checking that python2.5 is a valid python version... yes
checking that the cPickle module is available for python2.5... yes
checking for library containing socket... none required
checking how to run the C preprocessor... gcc -E
checking for egrep... grep -E
checking for ANSI C header files... yes
checking for sys/wait.h that is POSIX.1 compatible... yes
checking for sys/types.h... yes
checking for sys/stat.h... yes
checking for stdlib.h... yes
checking for string.h... yes
checking for memory.h... yes
checking for strings.h... yes
checking for inttypes.h... yes
checking for stdint.h... yes
checking for unistd.h... yes
checking fcntl.h usability... yes
checking fcntl.h presence... yes
checking for fcntl.h... yes
checking for strings.h... (cached) yes
checking sys/time.h usability... yes
checking sys/time.h presence... yes
checking for sys/time.h... yes
checking for unistd.h... (cached) yes
checking for stdlib.h... (cached) yes
checking sys/param.h usability... yes
checking sys/param.h presence... yes
checking for sys/param.h... yes
checking for putenv... yes
checking for socket... yes
checking for snprintf... yes
checking whether snprintf needs a declaration... no
configure: creating ./config.status
config.status: creating Makefile
config.status: creating mpdconf.h
Configuring MPE Profiling System with '--prefix=/home/u3/germaneau/soft/science/mpich2-1.0.7.7_install/' '--enable-sharedlibs=gcc' '--enable-dynamiclibs' 'CC=gcc' 'CFLAGS= -O2' 'F77=g77' 'FFLAGS= -O2' 'MPI_CC=/home/u3/germaneau/soft/science/mpich2-1.0.7/bin/mpicc' 'MPI_F77=/home/u3/germaneau/soft/science/mpich2-1.0.7/bin/mpif77'
checking gnumake... yes using --no-print-directory
checking BSD 4.4 make... no - whew
checking OSF V3 make... no
checking for virtual path format... VPATH
This MPE build is part of the MPICH2 build
checking for gcc... gcc
checking for C compiler default output file name... a.out
checking whether the C compiler works... yes
checking whether we are cross compiling... no
checking for suffix of executables... 
checking for suffix of object files... o
checking whether we are using the GNU C compiler... yes
checking whether gcc accepts -g... yes
checking for gcc option to accept ANSI C... none needed
checking whether MPI_CC has been set ... /home/u3/germaneau/soft/science/mpich2-1.0.7/bin/mpicc 
checking whether we are using the GNU Fortran 77 compiler... yes
checking whether g77 accepts -g... yes
checking whether MPI_F77 has been set ... /home/u3/germaneau/soft/science/mpich2-1.0.7/bin/mpif77 
checking how to get verbose linking output from g77... -v
checking for Fortran libraries of g77...  -L/home/u3/germaneau/intel/tbb/2.0/ia32/cc4.1.0_libc2.4_kernel2.6.16.21/lib -L/usr/lib/gcc/i486-slackware-linux/4.2.3 -L/usr/lib/gcc/i486-slackware-linux/4.2.3/../../../../i486-slackware-linux/lib -L/usr/lib/gcc/i486-slackware-linux/4.2.3/../../.. -lpthread -ldl -lrt -lgfortranbegin -lgfortran -lm -lgcc_s
checking whether g77 accepts the FLIBS found by autoconf... yes
checking whether C can link with  -L/home/u3/germaneau/intel/tbb/2.0/ia32/cc4.1.0_libc2.4_kernel2.6.16.21/lib -L/usr/lib/gcc/i486-slackware-linux/4.2.3 -L/usr/lib/gcc/i486-slackware-linux/4.2.3/../../../../i486-slackware-linux/lib -L/usr/lib/gcc/i486-slackware-linux/4.2.3/../../.. -lpthread -ldl -lrt -lgfortranbegin -lgfortran -lm -lgcc_s... yes
checking for linker for Fortran main programs... Use Fortran to link programs
checking for Fortran 77 name mangling... lower underscore
checking what libraries are needed to link Fortran programs with C routines that use stdio... none
checking for Fortran 77 flag for library directories... -L
checking for include directory flag for Fortran... -I
checking how to run the C preprocessor... gcc -E
checking whether ln -s works... yes
checking for a BSD-compatible install... /bin/ginstall -c
checking whether install works... yes
checking for ranlib... ranlib
checking whether install breaks libraries... no
checking for leftover Makefiles in subpackages ... none 
configure: creating ./config.status
config.status: creating Makefile
config.status: creating sbin/mpetestlink
config.status: creating sbin/mpetestexec
config.status: creating sbin/mpetestexeclog
config.status: creating sbin/mpeinstall
config.status: creating sbin/mpecheckinstall
config.status: creating sbin/mpecheckbuild
config.status: creating etc/mpe_help.conf
config.status: creating etc/mpe_f77env.conf
config.status: creating mpe_conf.h
config.status: executing default-1 commands
configure: configuring in src/misc
configure: running /bin/sh '/home/u3/germaneau/soft/science/mpich2-1.0.7/src/mpe2/src/misc/configure' --prefix=/home/u3/germaneau/soft/science/mpich2-1.0.7.7_install/  '--prefix=/home/u3/germaneau/soft/science/mpich2-1.0.7.7_install/' '--enable-sharedlibs=gcc' '--enable-dynamiclibs' 'CC=gcc' 'CFLAGS= -O2' 'F77=g77' 'FFLAGS= -O2' 'MPI_CC=/home/u3/germaneau/soft/science/mpich2-1.0.7/bin/mpicc' 'MPI_F77=/home/u3/germaneau/soft/science/mpich2-1.0.7/bin/mpif77' --cache-file=/dev/null --srcdir=/home/u3/germaneau/soft/science/mpich2-1.0.7/src/mpe2/src/misc
Configuring MPE Miscellaneous Library with '--prefix=/home/u3/germaneau/soft/science/mpich2-1.0.7.7_install/' '--enable-sharedlibs=gcc' '--enable-dynamiclibs' 'CC=gcc' 'CFLAGS= -O2' 'F77=g77' 'FFLAGS= -O2' 'MPI_CC=/home/u3/germaneau/soft/science/mpich2-1.0.7/bin/mpicc' 'MPI_F77=/home/u3/germaneau/soft/science/mpich2-1.0.7/bin/mpif77' '--cache-file=/dev/null' '--srcdir=/home/u3/germaneau/soft/science/mpich2-1.0.7/src/mpe2/src/misc'
checking gnumake... yes using --no-print-directory
checking BSD 4.4 make... no - whew
checking OSF V3 make... no
checking for virtual path format... VPATH
checking build system type... i686-pc-linux-gnu
checking host system type... i686-pc-linux-gnu
checking for gcc... gcc
checking for C compiler default output file name... a.out
checking whether the C compiler works... yes
checking whether we are cross compiling... no
checking for suffix of executables... 
checking for suffix of object files... o
checking whether we are using the GNU C compiler... yes
checking whether gcc accepts -g... yes
checking for gcc option to accept ANSI C... none needed
checking for ar... ar
checking for ranlib... ranlib
checking how to run the C preprocessor... gcc -E
checking for dbx... no
checking for gdb... /usr/bin/gdb
checking for egrep... grep -E
checking for ANSI C header files... yes
checking for an ANSI C-conforming const... yes
checking for sysinfo... yes
checking for uname... yes
checking for gethostbyname... yes
checking for sys/types.h... yes
checking for sys/stat.h... yes
checking for stdlib.h... yes
checking for string.h... yes
checking for memory.h... yes
checking for strings.h... yes
checking for inttypes.h... yes
checking for stdint.h... yes
checking for unistd.h... yes
checking for unistd.h... (cached) yes
checking for stdlib.h... (cached) yes
checking for string.h... (cached) yes
checking netdb.h usability... yes
checking netdb.h presence... yes
checking for netdb.h... yes
checking sys/systeminfo.h usability... no
checking sys/systeminfo.h presence... no
checking for sys/systeminfo.h... no
checking for sys/types.h... (cached) yes
checking for sighandler_t... no
checking for kill... yes
checking whether kill needs a declaration... no
configure: creating ./config.status
config.status: creating Makefile
config.status: creating src/Makefile
config.status: creating src/dbxerr.c
config.status: creating mpe_misc_conf.h
configure: configuring in src/callstack
configure: running /bin/sh '/home/u3/germaneau/soft/science/mpich2-1.0.7/src/mpe2/src/callstack/configure' --prefix=/home/u3/germaneau/soft/science/mpich2-1.0.7.7_install/  '--prefix=/home/u3/germaneau/soft/science/mpich2-1.0.7.7_install/' '--enable-sharedlibs=gcc' '--enable-dynamiclibs' 'CC=gcc' 'CFLAGS= -O2' 'F77=g77' 'FFLAGS= -O2' 'MPI_CC=/home/u3/germaneau/soft/science/mpich2-1.0.7/bin/mpicc' 'MPI_F77=/home/u3/germaneau/soft/science/mpich2-1.0.7/bin/mpif77' --cache-file=/dev/null --srcdir=/home/u3/germaneau/soft/science/mpich2-1.0.7/src/mpe2/src/callstack
Configuring MPE CallStack Library with '--prefix=/home/u3/germaneau/soft/science/mpich2-1.0.7.7_install/' '--enable-sharedlibs=gcc' '--enable-dynamiclibs' 'CC=gcc' 'CFLAGS= -O2' 'F77=g77' 'FFLAGS= -O2' 'MPI_CC=/home/u3/germaneau/soft/science/mpich2-1.0.7/bin/mpicc' 'MPI_F77=/home/u3/germaneau/soft/science/mpich2-1.0.7/bin/mpif77' '--cache-file=/dev/null' '--srcdir=/home/u3/germaneau/soft/science/mpich2-1.0.7/src/mpe2/src/callstack'
checking gnumake... yes using --no-print-directory
checking BSD 4.4 make... no - whew
checking OSF V3 make... no
checking for virtual path format... VPATH
checking for gcc... gcc
checking for C compiler default output file name... a.out
checking whether the C compiler works... yes
checking whether we are cross compiling... no
checking for suffix of executables... 
checking for suffix of object files... o
checking whether we are using the GNU C compiler... yes
checking whether gcc accepts -g... yes
checking for gcc option to accept ANSI C... none needed
checking for ar... ar
checking for ranlib... ranlib
checking how to run the C preprocessor... gcc -E
checking for egrep... grep -E
checking for ANSI C header files... yes
checking for an ANSI C-conforming const... yes
checking for inline... inline
checking for sys/types.h... yes
checking for sys/stat.h... yes
checking for stdlib.h... yes
checking for string.h... yes
checking for memory.h... yes
checking for strings.h... yes
checking for inttypes.h... yes
checking for stdint.h... yes
checking for unistd.h... yes
checking stdio.h usability... yes
checking stdio.h presence... yes
checking for stdio.h... yes
checking for string.h... (cached) yes
checking for unistd.h... (cached) yes
checking fcntl.h usability... yes
checking fcntl.h presence... yes
checking for fcntl.h... yes
checking execinfo.h usability... yes
checking execinfo.h presence... yes
checking for execinfo.h... yes
checking whether <execinfo.h> defines backtrace_symbols_fd() ... yes
checking if <execinfo.h> links with -Wl,--export-dynamic ... yes
checking for fdopen... yes
checking whether fdopen needs a declaration... no
configure: creating ./config.status
config.status: creating Makefile
config.status: creating src/Makefile
config.status: creating include/mpe_callstack.h
config.status: creating etc/mpe_callstack_ldflags.conf
config.status: creating mpe_callstack_conf.h
configure: configuring in src/logging
configure: running /bin/sh '/home/u3/germaneau/soft/science/mpich2-1.0.7/src/mpe2/src/logging/configure' --prefix=/home/u3/germaneau/soft/science/mpich2-1.0.7.7_install/  '--prefix=/home/u3/germaneau/soft/science/mpich2-1.0.7.7_install/' '--enable-sharedlibs=gcc' '--enable-dynamiclibs' 'CC=gcc' 'CFLAGS= -O2' 'F77=g77' 'FFLAGS= -O2' 'MPI_CC=/home/u3/germaneau/soft/science/mpich2-1.0.7/bin/mpicc' 'MPI_F77=/home/u3/germaneau/soft/science/mpich2-1.0.7/bin/mpif77' --cache-file=/dev/null --srcdir=/home/u3/germaneau/soft/science/mpich2-1.0.7/src/mpe2/src/logging
Configuring MPE Logging Library and Tools with '--prefix=/home/u3/germaneau/soft/science/mpich2-1.0.7.7_install/' '--enable-sharedlibs=gcc' '--enable-dynamiclibs' 'CC=gcc' 'CFLAGS= -O2' 'F77=g77' 'FFLAGS= -O2' 'MPI_CC=/home/u3/germaneau/soft/science/mpich2-1.0.7/bin/mpicc' 'MPI_F77=/home/u3/germaneau/soft/science/mpich2-1.0.7/bin/mpif77' '--cache-file=/dev/null' '--srcdir=/home/u3/germaneau/soft/science/mpich2-1.0.7/src/mpe2/src/logging'
checking gnumake... yes using --no-print-directory
checking BSD 4.4 make... no - whew
checking OSF V3 make... no
checking for virtual path format... VPATH
checking for gcc... gcc
checking for C compiler default output file name... a.out
checking whether the C compiler works... yes
checking whether we are cross compiling... no
checking for suffix of executables... 
checking for suffix of object files... o
checking whether we are using the GNU C compiler... yes
checking whether gcc accepts -g... yes
checking for gcc option to accept ANSI C... none needed
checking for ar... ar
checking for ranlib... ranlib
checking how to run the C preprocessor... gcc -E
checking for egrep... grep -E
checking for ANSI C header files... yes
checking for an ANSI C-conforming const... yes
checking whether byte ordering is bigendian... no
checking for sys/types.h... yes
checking for sys/stat.h... yes
checking for stdlib.h... yes
checking for string.h... yes
checking for memory.h... yes
checking for strings.h... yes
checking for inttypes.h... yes
checking for stdint.h... yes
checking for unistd.h... yes
checking stdio.h usability... yes
checking stdio.h presence... yes
checking for stdio.h... yes
checking for stdlib.h... (cached) yes
checking for string.h... (cached) yes
checking for unistd.h... (cached) yes
checking sys/time.h usability... yes
checking sys/time.h presence... yes
checking for sys/time.h... yes
checking for sys/types.h... (cached) yes
checking sys/bitypes.h usability... yes
checking sys/bitypes.h presence... yes
checking for sys/bitypes.h... yes
checking for sys/stat.h... (cached) yes
checking fcntl.h usability... yes
checking fcntl.h presence... yes
checking for fcntl.h... yes
checking for header that defines C99 integer types, intXX_t ... <stdint.h> 
checking for inttypes.h... (cached) yes
checking whether <inttypes.h> defines the PRIdXX macros ... yes
checking if <stdint.h> can be behind system headers ... yes
checking for void *... yes
checking size of void *... 4
checking for address-sized integer ... CLOG_int32_t
checking build system type... i686-pc-linux-gnu
checking host system type... i686-pc-linux-gnu
checking for gethostname... yes
checking whether gethostname needs a declaration... no
checking for snprintf... yes
checking whether snprintf needs a declaration... no
checking for mkstemp... yes
checking whether mkstemp needs a declaration... no
checking for srand48... yes
checking whether srand48 needs a declaration... no
checking for lrand48... yes
checking whether lrand48 needs a declaration... no
checking for special C compiler options needed for large files... no
checking for _FILE_OFFSET_BITS value needed for large files... 64
checking for _LARGE_FILES value needed for large files... no
checking for O_LARGEFILE for open() ... needs _LARGEFILE64_SOURCE 
checking for O_BINARY for open() ... no
checking pthread.h usability... yes
checking pthread.h presence... yes
checking for pthread.h... yes
checking for pthread_mutex_lock in -lpthread... yes
configure: creating ./config.status
config.status: creating Makefile
config.status: creating src/Makefile
config.status: creating include/clog_inttypes.h
config.status: creating include/mpi_null.h
config.status: creating include/mpe_log_thread.h
config.status: creating etc/mpe_log.conf
config.status: creating etc/mpe_nolog.conf
config.status: creating etc/mpe_log_postlib.conf
config.status: creating mpe_logging_conf.h
configure: configuring in src/wrappers
configure: running /bin/sh '/home/u3/germaneau/soft/science/mpich2-1.0.7/src/mpe2/src/wrappers/configure' --prefix=/home/u3/germaneau/soft/science/mpich2-1.0.7.7_install/  '--prefix=/home/u3/germaneau/soft/science/mpich2-1.0.7.7_install/' '--enable-sharedlibs=gcc' '--enable-dynamiclibs' 'CC=gcc' 'CFLAGS= -O2' 'F77=g77' 'FFLAGS= -O2' 'MPI_CC=/home/u3/germaneau/soft/science/mpich2-1.0.7/bin/mpicc' 'MPI_F77=/home/u3/germaneau/soft/science/mpich2-1.0.7/bin/mpif77' --cache-file=/dev/null --srcdir=/home/u3/germaneau/soft/science/mpich2-1.0.7/src/mpe2/src/wrappers
Configuring MPE Wrapper Libraries For MPI with '--prefix=/home/u3/germaneau/soft/science/mpich2-1.0.7.7_install/' '--enable-sharedlibs=gcc' '--enable-dynamiclibs' 'CC=gcc' 'CFLAGS= -O2' 'F77=g77' 'FFLAGS= -O2' 'MPI_CC=/home/u3/germaneau/soft/science/mpich2-1.0.7/bin/mpicc' 'MPI_F77=/home/u3/germaneau/soft/science/mpich2-1.0.7/bin/mpif77' '--cache-file=/dev/null' '--srcdir=/home/u3/germaneau/soft/science/mpich2-1.0.7/src/mpe2/src/wrappers'
checking gnumake... yes using --no-print-directory
checking BSD 4.4 make... no - whew
checking OSF V3 make... no
checking for virtual path format... VPATH
checking for gcc... gcc
checking for C compiler default output file name... a.out
checking whether the C compiler works... yes
checking whether we are cross compiling... no
checking for suffix of executables... 
checking for suffix of object files... o
checking whether we are using the GNU C compiler... yes
checking whether gcc accepts -g... yes
checking for gcc option to accept ANSI C... none needed
checking for ar... ar
checking for ranlib... ranlib
checking how to run the C preprocessor... gcc -E
checking for egrep... grep -E
checking for ANSI C header files... yes
checking for an ANSI C-conforming const... yes
checking for sys/types.h... yes
checking for sys/stat.h... yes
checking for stdlib.h... yes
checking for string.h... yes
checking for memory.h... yes
checking for strings.h... yes
checking for inttypes.h... yes
checking for stdint.h... yes
checking for unistd.h... yes
checking stdio.h usability... yes
checking stdio.h presence... yes
checking for stdio.h... yes
checking for stdlib.h... (cached) yes
checking for string.h... (cached) yes
checking stdarg.h usability... yes
checking stdarg.h presence... yes
checking for stdarg.h... yes
checking for working alloca.h... yes
checking for alloca... yes
checking for stdarg is correct... yes
checking if compiler accepts prototypes ... yes
checking build system type... i686-pc-linux-gnu
checking host system type... i686-pc-linux-gnu
checking for safe PMPI invocations ... no
checking for the value of MPI_STATUS_SIZE ... 5
configure: creating ./config.status
config.status: creating Makefile
config.status: creating src/Makefile
config.status: creating test/Makefile
config.status: creating etc/mpe_f77env.conf
config.status: creating etc/mpe_mpilog.conf
config.status: creating etc/mpe_mpitrace.conf
config.status: creating mpe_wrappers_conf.h
configure: configuring in src/graphics
configure: running /bin/sh '/home/u3/germaneau/soft/science/mpich2-1.0.7/src/mpe2/src/graphics/configure' --prefix=/home/u3/germaneau/soft/science/mpich2-1.0.7.7_install/  '--prefix=/home/u3/germaneau/soft/science/mpich2-1.0.7.7_install/' '--enable-sharedlibs=gcc' '--enable-dynamiclibs' 'CC=gcc' 'CFLAGS= -O2' 'F77=g77' 'FFLAGS= -O2' 'MPI_CC=/home/u3/germaneau/soft/science/mpich2-1.0.7/bin/mpicc' 'MPI_F77=/home/u3/germaneau/soft/science/mpich2-1.0.7/bin/mpif77' --cache-file=/dev/null --srcdir=/home/u3/germaneau/soft/science/mpich2-1.0.7/src/mpe2/src/graphics
Configuring MPE X Graphics Library with '--prefix=/home/u3/germaneau/soft/science/mpich2-1.0.7.7_install/' '--enable-sharedlibs=gcc' '--enable-dynamiclibs' 'CC=gcc' 'CFLAGS= -O2' 'F77=g77' 'FFLAGS= -O2' 'MPI_CC=/home/u3/germaneau/soft/science/mpich2-1.0.7/bin/mpicc' 'MPI_F77=/home/u3/germaneau/soft/science/mpich2-1.0.7/bin/mpif77' '--cache-file=/dev/null' '--srcdir=/home/u3/germaneau/soft/science/mpich2-1.0.7/src/mpe2/src/graphics'
checking gnumake... yes using --no-print-directory
checking BSD 4.4 make... no - whew
checking OSF V3 make... no
checking for virtual path format... VPATH
checking for gcc... gcc
checking for C compiler default output file name... a.out
checking whether the C compiler works... yes
checking whether we are cross compiling... no
checking for suffix of executables... 
checking for suffix of object files... o
checking whether we are using the GNU C compiler... yes
checking whether gcc accepts -g... yes
checking for gcc option to accept ANSI C... none needed
checking for ar... ar
checking for ranlib... ranlib
checking how to run the C preprocessor... gcc -E
checking for X... libraries , headers in standard search path
checking for egrep... grep -E
checking for ANSI C header files... yes
checking for an ANSI C-conforming const... yes
checking for sys/types.h... yes
checking for sys/stat.h... yes
checking for stdlib.h... yes
checking for string.h... yes
checking for memory.h... yes
checking for strings.h... yes
checking for inttypes.h... yes
checking for stdint.h... yes
checking for unistd.h... yes
checking for void *... yes
checking size of void *... 4
checking for long pointer... no
checking for system... yes
checking for unistd.h... (cached) yes
checking for stdlib.h... (cached) yes
checking for string.h... (cached) yes
configure: creating ./config.status
config.status: creating Makefile
config.status: creating src/Makefile
config.status: creating contrib/life/Makefile
config.status: creating contrib/mandel/Makefile
config.status: creating contrib/mastermind/Makefile
config.status: creating contrib/test/Makefile
config.status: creating etc/mpe_mpianim.conf
config.status: creating etc/mpe_graphics.conf
config.status: creating mpe_graphics_conf.h
configure: configuring in src/collchk
configure: running /bin/sh '/home/u3/germaneau/soft/science/mpich2-1.0.7/src/mpe2/src/collchk/configure' --prefix=/home/u3/germaneau/soft/science/mpich2-1.0.7.7_install/  '--prefix=/home/u3/germaneau/soft/science/mpich2-1.0.7.7_install/' '--enable-sharedlibs=gcc' '--enable-dynamiclibs' 'CC=gcc' 'CFLAGS= -O2' 'F77=g77' 'FFLAGS= -O2' 'MPI_CC=/home/u3/germaneau/soft/science/mpich2-1.0.7/bin/mpicc' 'MPI_F77=/home/u3/germaneau/soft/science/mpich2-1.0.7/bin/mpif77' --cache-file=/dev/null --srcdir=/home/u3/germaneau/soft/science/mpich2-1.0.7/src/mpe2/src/collchk
Configuring MPE Collective and Datatype Checking Library with '--prefix=/home/u3/germaneau/soft/science/mpich2-1.0.7.7_install/' '--enable-sharedlibs=gcc' '--enable-dynamiclibs' 'CC=gcc' 'CFLAGS= -O2' 'F77=g77' 'FFLAGS= -O2' 'MPI_CC=/home/u3/germaneau/soft/science/mpich2-1.0.7/bin/mpicc' 'MPI_F77=/home/u3/germaneau/soft/science/mpich2-1.0.7/bin/mpif77' '--cache-file=/dev/null' '--srcdir=/home/u3/germaneau/soft/science/mpich2-1.0.7/src/mpe2/src/collchk'
checking gnumake... yes using --no-print-directory
checking BSD 4.4 make... no - whew
checking OSF V3 make... no
checking for virtual path format... VPATH
checking build system type... i686-pc-linux-gnu
checking host system type... i686-pc-linux-gnu
checking for gcc... gcc
checking for C compiler default output file name... a.out
checking whether the C compiler works... yes
checking whether we are cross compiling... no
checking for suffix of executables... 
checking for suffix of object files... o
checking whether we are using the GNU C compiler... yes
checking whether gcc accepts -g... yes
checking for gcc option to accept ANSI C... none needed
checking for ar... ar
checking for ranlib... ranlib
checking how to run the C preprocessor... gcc -E
checking for egrep... grep -E
checking for ANSI C header files... yes
checking for an ANSI C-conforming const... yes
checking for sys/types.h... yes
checking for sys/stat.h... yes
checking for stdlib.h... yes
checking for string.h... yes
checking for memory.h... yes
checking for strings.h... yes
checking for inttypes.h... yes
checking for stdint.h... yes
checking for unistd.h... yes
checking stdio.h usability... yes
checking stdio.h presence... yes
checking for stdio.h... yes
checking for stdlib.h... (cached) yes
checking for string.h... (cached) yes
checking for unistd.h... (cached) yes
checking for working alloca.h... yes
checking for alloca... yes
configure: creating ./config.status
config.status: creating Makefile
config.status: creating src/Makefile
config.status: creating test/Makefile
config.status: creating etc/mpe_mpicheck.conf
config.status: creating mpe_collchk_conf.h
configure: configuring in src/slog2sdk
configure: running /bin/sh '/home/u3/germaneau/soft/science/mpich2-1.0.7/src/mpe2/src/slog2sdk/configure' --prefix=/home/u3/germaneau/soft/science/mpich2-1.0.7.7_install/  '--prefix=/home/u3/germaneau/soft/science/mpich2-1.0.7.7_install/' '--enable-sharedlibs=gcc' '--enable-dynamiclibs' 'CC=gcc' 'CFLAGS= -O2' 'F77=g77' 'FFLAGS= -O2' 'MPI_CC=/home/u3/germaneau/soft/science/mpich2-1.0.7/bin/mpicc' 'MPI_F77=/home/u3/germaneau/soft/science/mpich2-1.0.7/bin/mpif77' --cache-file=/dev/null --srcdir=/home/u3/germaneau/soft/science/mpich2-1.0.7/src/mpe2/src/slog2sdk
Configuring SLOG2SDK with '--prefix=/home/u3/germaneau/soft/science/mpich2-1.0.7.7_install/' '--enable-sharedlibs=gcc' '--enable-dynamiclibs' 'CC=gcc' 'CFLAGS= -O2' 'F77=g77' 'FFLAGS= -O2' 'MPI_CC=/home/u3/germaneau/soft/science/mpich2-1.0.7/bin/mpicc' 'MPI_F77=/home/u3/germaneau/soft/science/mpich2-1.0.7/bin/mpif77' '--cache-file=/dev/null' '--srcdir=/home/u3/germaneau/soft/science/mpich2-1.0.7/src/mpe2/src/slog2sdk'
checking gnumake... yes using --no-print-directory
checking BSD 4.4 make... no - whew
checking OSF V3 make... no
checking for virtual path format... VPATH
checking for a BSD-compatible install... /bin/ginstall -c
checking whether install works... yes
checking if CLASSPATH is set... no, good to go
checking build system type... i686-pc-linux-gnu
checking host system type... i686-pc-linux-gnu
checking for java in user's PATH... found /usr/lib/java/bin//java
checking if /usr/lib/java/bin//java works... yes
checking if /usr/lib/java/bin//java runs simple jar file... yes
checking if /usr/lib/java/bin//java runs simple Swing class... yes
checking if /usr/lib/java/bin//java runs simple Swing jar file... yes
checking for Java version... java full version "1.6.0_06-b02", i.e. Java 2 SDK
checking for cygpath... no
creating sample logfiles from source
checking for leftover Makefiles in subpackages ... none 
configure: creating ./config.status
config.status: creating Makefile
config.status: creating sbin/install-package
config.status: creating bin/slog2print
config.status: creating bin/slog2navigator
config.status: creating bin/slog2filter
config.status: creating bin/slog2updater
config.status: creating bin/logconvertor
config.status: creating bin/jumpshot
config.status: creating bin/clogprint
config.status: creating bin/clogTOslog2
config.status: creating bin/clog2print
config.status: creating bin/clog2TOslog2
configure: configuring in trace_rlog
configure: running /bin/sh '/home/u3/germaneau/soft/science/mpich2-1.0.7/src/mpe2/src/slog2sdk/trace_rlog/configure' --prefix=/home/u3/germaneau/soft/science/mpich2-1.0.7.7_install/  '--prefix=/home/u3/germaneau/soft/science/mpich2-1.0.7.7_install/' '--enable-sharedlibs=gcc' '--enable-dynamiclibs' 'CC=gcc' 'CFLAGS= -O2' 'F77=g77' 'FFLAGS= -O2' 'MPI_CC=/home/u3/germaneau/soft/science/mpich2-1.0.7/bin/mpicc' 'MPI_F77=/home/u3/germaneau/soft/science/mpich2-1.0.7/bin/mpif77' '--cache-file=/dev/null' '--srcdir=/home/u3/germaneau/soft/science/mpich2-1.0.7/src/mpe2/src/slog2sdk' --cache-file=/dev/null --srcdir=/home/u3/germaneau/soft/science/mpich2-1.0.7/src/mpe2/src/slog2sdk/trace_rlog
Configuring TRACE_RLOG implementation with '--prefix=/home/u3/germaneau/soft/science/mpich2-1.0.7.7_install/' '--enable-sharedlibs=gcc' '--enable-dynamiclibs' 'CC=gcc' 'CFLAGS= -O2' 'F77=g77' 'FFLAGS= -O2' 'MPI_CC=/home/u3/germaneau/soft/science/mpich2-1.0.7/bin/mpicc' 'MPI_F77=/home/u3/germaneau/soft/science/mpich2-1.0.7/bin/mpif77' '--srcdir=/home/u3/germaneau/soft/science/mpich2-1.0.7/src/mpe2/src/slog2sdk' '--cache-file=/dev/null' '--srcdir=/home/u3/germaneau/soft/science/mpich2-1.0.7/src/mpe2/src/slog2sdk/trace_rlog' 'CXXFLAGS= -O2' 'CXX=c++'
checking gnumake... yes using --no-print-directory
checking BSD 4.4 make... no - whew
checking OSF V3 make... no
checking for virtual path format... VPATH
checking for gcc... gcc
checking for C compiler default output file name... a.out
checking whether the C compiler works... yes
checking whether we are cross compiling... no
checking for suffix of executables... 
checking for suffix of object files... o
checking whether we are using the GNU C compiler... yes
checking whether gcc accepts -g... yes
checking for gcc option to accept ANSI C... none needed
checking how to run the C preprocessor... gcc -E
checking for egrep... grep -E
checking for ANSI C header files... yes
checking for sys/types.h... yes
checking for sys/stat.h... yes
checking for stdlib.h... yes
checking for string.h... yes
checking for memory.h... yes
checking for strings.h... yes
checking for inttypes.h... yes
checking for stdint.h... yes
checking for unistd.h... yes
checking for stdlib.h... (cached) yes
checking stdio.h usability... yes
checking stdio.h presence... yes
checking for stdio.h... yes
checking for string.h... (cached) yes
checking ctype.h usability... yes
checking ctype.h presence... yes
checking for ctype.h... yes
checking errno.h usability... yes
checking errno.h presence... yes
checking for errno.h... yes
checking for an ANSI C-conforming const... yes
checking for void *... yes
checking size of void *... 4
checking for int... yes
checking size of int... 4
checking for long... yes
checking size of long... 4
checking for long long... yes
checking size of long long... 8
checking for __int64... no
checking size of __int64... 0
checking whether byte ordering is bigendian... no
checking build system type... i686-pc-linux-gnu
checking host system type... i686-pc-linux-gnu
checking for sed... sed
checking for a sed that does not truncate output... /bin/sed
checking for ld used by gcc... /usr/i486-slackware-linux/bin/ld
checking if the linker (/usr/i486-slackware-linux/bin/ld) is GNU ld... yes
checking for /usr/i486-slackware-linux/bin/ld option to reload object files... -r
checking for BSD-compatible nm... /usr/bin/nm -B
checking whether ln -s works... yes
checking how to recognise dependent libraries... pass_all
checking dlfcn.h usability... yes
checking dlfcn.h presence... yes
checking for dlfcn.h... yes
checking whether we are using the GNU C++ compiler... yes
checking whether c++ accepts -g... yes
checking how to run the C++ preprocessor... c++ -E
checking whether we are using the GNU Fortran 77 compiler... yes
checking whether g77 accepts -g... yes
checking the maximum length of command line arguments... 32768
checking command to parse /usr/bin/nm -B output from gcc object... ok
checking for objdir... .libs
checking for ar... ar
checking for ranlib... ranlib
checking for strip... strip
checking if gcc static flag  works... yes
checking if gcc supports -fno-rtti -fno-exceptions... no
checking for gcc option to produce PIC... -fPIC
checking if gcc PIC flag -fPIC works... yes
checking if gcc supports -c -o file.o... yes
checking whether the gcc linker (/usr/i486-slackware-linux/bin/ld) supports shared libraries... yes
checking whether -lc should be explicitly linked in... no
checking dynamic linker characteristics... GNU/Linux ld.so
checking how to hardcode library paths into programs... immediate
checking whether stripping libraries is possible... yes
checking if libtool supports shared libraries... yes
checking whether to build shared libraries... yes
checking whether to build static libraries... no
configure: creating libtool
appending configuration tag "CXX" to libtool
checking for ld used by c++... /usr/i486-slackware-linux/bin/ld
checking if the linker (/usr/i486-slackware-linux/bin/ld) is GNU ld... yes
checking whether the c++ linker (/usr/i486-slackware-linux/bin/ld) supports shared libraries... yes
checking for c++ option to produce PIC... -fPIC
checking if c++ PIC flag -fPIC works... yes
checking if c++ supports -c -o file.o... yes
checking whether the c++ linker (/usr/i486-slackware-linux/bin/ld) supports shared libraries... yes
checking dynamic linker characteristics... GNU/Linux ld.so
checking how to hardcode library paths into programs... immediate
checking whether stripping libraries is possible... yes
appending configuration tag "F77" to libtool
checking if libtool supports shared libraries... yes
checking whether to build shared libraries... yes
checking whether to build static libraries... no
checking for g77 option to produce PIC... -fPIC
checking if g77 PIC flag -fPIC works... yes
checking if g77 supports -c -o file.o... yes
checking whether the g77 linker (/usr/i486-slackware-linux/bin/ld) supports shared libraries... yes
checking dynamic linker characteristics... GNU/Linux ld.so
checking how to hardcode library paths into programs... immediate
checking whether stripping libraries is possible... yes
checking for malloc in -lefence... no
checking for strstr... yes
checking target system type... i686-pc-linux-gnu
checking for javah in user's PATH... not found
checking for javah in known locations... not found
configure: WARNING:  Invalid JNI include dir, exit! 
configure: WARNING: SLOG2SDK: No sub-package has been configured
MPE2:  "src/misc" "src/callstack" "src/logging" "src/wrappers" "src/graphics" "src/collchk" "src/slog2sdk" have been configured
checking the sizeof MPI_Offset... 8
checking whether the Fortran Offset type works with Fortran77... yes
checking whether the Fortran Offset type works with Fortran90... yes
Running Configure for F90 Type routines
checking for cc... gcc
checking whether the C compiler sets its return status correctly... yes
checking for an ANSI C-conforming const... no
checking that f works as the extension for Fortran 90 program... yes
checking for Fortran 90 compiler default output file name... a.out
checking whether the Fortran 90 compiler works... yes
checking whether we are cross compiling... no
checking for suffix of executables... 
checking for suffix of object files... o
checking whether we are using the GNU Fortran 90 compiler... no
checking whether ifort accepts -g... yes
checking whether Fortran 90 accepts f90 suffix... yes
checking for precision and range of reals...  6 , 37
checking for precision and range of double precision...  15 , 307
checking for range of integers...  9
checking whether we are using the GNU Fortran 77 compiler... yes
checking whether g77 accepts -g... yes
checking for linker for Fortran main programs... Use Fortran to link programs
checking for Fortran 77 name mangling... lower underscore
checking for available integer kinds and ranges...  2 , 1, 4 , 2, 9 , 4, 18 , 8,
 {  2 , 1 , 1 }, {  4 , 2 , 2 }, {  9 , 4 , 4 }, {  18 , 8 , 8 },
configure: creating ./config.status
config.status: creating mpif90model.h
configure: creating ./config.status
config.status: creating Makefile
config.status: creating src/Makefile
config.status: creating src/include/Makefile
config.status: creating src/include/mpich2info.h
config.status: creating mpich2-doxygen
config.status: creating src/include/mpichtimer.h
config.status: creating src/binding/Makefile
config.status: creating src/binding/cxx/Makefile
config.status: creating src/binding/cxx/mpicxx.h
config.status: creating src/binding/f77/Makefile
config.status: creating src/binding/f77/mpif.h
config.status: creating src/binding/f77/setbotf.f
config.status: creating src/binding/f90/Makefile
config.status: creating src/binding/f90/mpi_sizeofs.f90
config.status: creating src/pkgconfig/mpich2-ch3.pc
config.status: creating src/pkgconfig/Makefile
config.status: creating src/env/mpicc
config.status: creating src/env/mpicc.conf
config.status: creating src/env/mpicc.bash
config.status: creating src/env/mpicxx
config.status: creating src/env/mpicxx.conf
config.status: creating src/env/mpicxx.bash
config.status: creating src/env/mpif77
config.status: creating src/env/mpif77.conf
config.status: creating src/env/mpif77.bash
config.status: creating src/env/mpif90
config.status: creating src/env/mpif90.conf
config.status: creating src/env/mpif90.bash
config.status: creating src/env/parkill
config.status: creating src/env/Makefile
config.status: creating src/util/createshlib
config.status: creating src/mpi/Makefile
config.status: creating src/mpi/attr/Makefile
config.status: creating src/mpi/coll/Makefile
config.status: creating src/mpi/comm/Makefile
config.status: creating src/mpi/datatype/Makefile
config.status: creating src/mpi/debugger/Makefile
config.status: creating src/mpi/errhan/Makefile
config.status: creating src/mpi/group/Makefile
config.status: creating src/mpi/init/Makefile
config.status: creating src/mpi/misc/Makefile
config.status: creating src/mpi/pt2pt/Makefile
config.status: creating src/mpi/rma/Makefile
config.status: creating src/mpi/spawn/Makefile
config.status: creating src/mpi/timer/Makefile
config.status: creating src/mpi/topo/Makefile
config.status: creating src/mpid/Makefile
config.status: creating src/mpid/common/Makefile
config.status: creating src/mpid/common/datatype/Makefile
config.status: creating src/mpid/common/datatype/dataloop/Makefile
config.status: creating src/mpid/common/locks/Makefile
config.status: creating src/pm/Makefile
config.status: creating src/pmi/Makefile
config.status: creating src/nameserv/Makefile
config.status: creating src/nameserv/file/Makefile
config.status: creating src/nameserv/mpd/Makefile
config.status: creating src/nameserv/pmi/Makefile
config.status: creating src/nameserv/test/Makefile
config.status: creating src/util/Makefile
config.status: creating src/util/info/Makefile
config.status: creating src/util/instrm/Makefile
config.status: creating src/util/thread/Makefile
config.status: creating src/util/thread/mpe_thread.h
config.status: creating src/util/mem/Makefile
config.status: creating src/util/msgs/Makefile
config.status: creating src/util/param/Makefile
config.status: creating src/util/dbg/Makefile
config.status: creating src/util/dbg/getfuncstack
config.status: creating src/util/osserv/Makefile
config.status: creating src/include/mpi.h
config.status: creating test/Makefile
config.status: creating test/util/Makefile
config.status: creating test/basic/Makefile
config.status: creating test/commands/Makefile
config.status: creating test/commands/cmdtests
config.status: creating test/mpid/Makefile
config.status: creating test/mpid/ch3/Makefile
config.status: creating examples/Makefile
config.status: creating examples/f77/Makefile
config.status: creating examples/f90/Makefile
config.status: creating examples/cxx/Makefile
config.status: creating src/util/logging/Makefile
config.status: creating src/util/logging/common/Makefile
config.status: creating doc/Makefile
config.status: creating doc/mansrc/Makefile
config.status: creating doc/mansrc/createhtmlindex
config.status: creating doc/refman/Makefile
config.status: creating doc/installguide/Makefile
config.status: creating doc/userguide/Makefile
config.status: creating doc/logging/Makefile
config.status: creating doc/design/Makefile
config.status: creating doc/smpd/Makefile
config.status: creating doc/windev/Makefile
config.status: creating src/include/mpichconf.h
config.status: src/include/mpichconf.h is unchanged
config.status: executing default-1 commands
config.status: executing default-2 commands
config.status: executing default-3 commands
config.status: executing default-4 commands
copying ./src/util/thread/mpe_thread_posix.c to src/util/thread/mpe_thread.c
moving mpe_thread.h to src/include
config.status: executing default-5 commands
config.status: executing default-6 commands
config.status: executing default-7 commands
config.status: executing default-8 commands
config.status: executing default-9 commands
Updating dependency directories .deps
config.status: executing default-10 commands
config.status: executing default-11 commands
config.status: executing default-12 commands
config.status: executing default-13 commands
config.status: executing default-14 commands
configure: configuring in test/mpi
configure: running /bin/sh './configure' --prefix=/home/u3/germaneau/soft/science/mpich2-1.0.7.7_install/  '--prefix=/home/u3/germaneau/soft/science/mpich2-1.0.7.7_install/' '--enable-sharedlibs=gcc' '--enable-dynamiclibs' --cache-file=/dev/null --srcdir=.
RUNNING CONFIGURE FOR MPI TESTS
checking for make... make
checking whether clock skew breaks make... no
checking whether make supports include... yes
checking whether make allows comments in actions... yes
checking for virtual path format... VPATH
checking whether make sets CFLAGS... no
checking for gcc... gcc
checking for C compiler default output file name... a.out
checking whether the C compiler works... yes
checking whether we are cross compiling... no
checking for suffix of executables... 
checking for suffix of object files... o
checking whether we are using the GNU C compiler... yes
checking whether gcc accepts -g... yes
checking for gcc option to accept ANSI C... none needed
checking whether we are using the GNU Fortran 77 compiler... yes
checking whether g77 accepts -g... yes
checking whether we are using the GNU C++ compiler... yes
checking whether c++ accepts -g... yes
checking whether long double is supported... yes
checking whether long long is supported... yes
checking for an ANSI C-conforming const... yes
checking for restrict... __restrict
checking how to run the C preprocessor... gcc -E
checking for unistd.h... yes
checking for stdarg.h... yes
checking for string.h... yes
checking for stdlib.h... yes
checking for memory.h... yes
Configuring tests for MPICH2
checking whether struct hostent contains h_addr_list... no
checking whether integer*4 is supported... yes
checking whether integer*8 is supported... yes
checking whether integer*16 is supported... no
checking for Fortran 77 name mangling... lower underscore
checking for Fortran libraries needed for getarg... none needed
checking whether Fortran has pointer declaration... no
checking that f works as the extension for Fortran 90 program... yes
checking whether we are using the GNU Fortran 90 compiler... no
checking whether ifort accepts -g... yes
checking for extension for Fortran 90 programs... f90
checking whether the Fortran 90 compiler (ifort  ) works... yes
checking whether the Fortran 90 compiler (ifort  ) is a cross-compiler... no
checking whether Fortran 90 has Cray-style pointer declaration... yes
checking whether <iostream> available... yes
checking whether the compiler implements namespaces... yes
checking whether the compiler implements the namespace std... yes
checking for perl... /usr/bin/perl
checking for etags... etags
configure: creating ./config.status
config.status: creating maint/testmerge
config.status: creating runtests
config.status: creating Makefile
config.status: creating basic/Makefile
config.status: creating attr/Makefile
config.status: creating util/Makefile
config.status: creating coll/Makefile
config.status: creating comm/Makefile
config.status: creating datatype/Makefile
config.status: creating errhan/Makefile
config.status: creating group/Makefile
config.status: creating info/Makefile
config.status: creating init/Makefile
config.status: creating pt2pt/Makefile
config.status: creating rma/Makefile
config.status: creating spawn/Makefile
config.status: creating topo/Makefile
config.status: creating io/Makefile
config.status: creating f77/Makefile
config.status: creating f77/attr/Makefile
config.status: creating f77/attr/attraints.h
config.status: creating f77/pt2pt/attr1aints.h
config.status: creating f77/ext/add1size.h
config.status: creating f77/datatype/Makefile
config.status: creating f77/datatype/typeaints.h
config.status: creating f77/util/Makefile
config.status: creating f77/coll/Makefile
config.status: creating f77/comm/Makefile
config.status: creating f77/topo/Makefile
config.status: creating f77/init/Makefile
config.status: creating f77/rma/addsize.h
config.status: creating f77/pt2pt/Makefile
config.status: creating f77/info/Makefile
config.status: creating f77/spawn/Makefile
config.status: creating f77/spawn/type1aint.h
config.status: creating f77/rma/Makefile
config.status: creating f77/ext/Makefile
config.status: creating f77/ext/testlist
config.status: creating f77/io/Makefile
config.status: creating f77/io/iooffset.h
config.status: creating f77/io/iodisp.h
config.status: creating f77/io/ioaint.h
config.status: creating f90/Makefile
config.status: creating f90/attr/Makefile
config.status: creating f90/datatype/Makefile
config.status: creating f90/f90types/Makefile
config.status: creating f90/util/Makefile
config.status: creating f90/coll/Makefile
config.status: creating f90/comm/Makefile
config.status: creating f90/topo/Makefile
config.status: creating f90/init/Makefile
config.status: creating f90/pt2pt/Makefile
config.status: creating f90/rma/Makefile
config.status: creating f90/info/Makefile
config.status: creating f90/spawn/Makefile
config.status: creating f90/timer/Makefile
config.status: creating f90/ext/Makefile
config.status: creating f90/ext/testlist
config.status: creating f90/io/Makefile
config.status: creating f90/misc/Makefile
config.status: creating cxx/Makefile
config.status: creating cxx/util/Makefile
config.status: creating cxx/attr/Makefile
config.status: creating cxx/pt2pt/Makefile
config.status: creating cxx/comm/Makefile
config.status: creating cxx/coll/Makefile
config.status: creating cxx/info/Makefile
config.status: creating cxx/datatype/Makefile
config.status: creating cxx/io/Makefile
config.status: creating cxx/init/Makefile
config.status: creating cxx/rma/Makefile
config.status: creating cxx/spawn/Makefile
config.status: creating threads/Makefile
config.status: creating threads/pt2pt/Makefile
config.status: creating threads/util/Makefile
config.status: creating threads/comm/Makefile
config.status: creating errors/Makefile
config.status: creating errors/coll/Makefile
config.status: creating errors/comm/Makefile
config.status: creating errors/group/Makefile
config.status: creating errors/pt2pt/Makefile
config.status: creating errors/rma/Makefile
config.status: creating errors/spawn/Makefile
config.status: creating errors/topo/Makefile
config.status: creating errors/io/Makefile
config.status: creating errors/cxx/Makefile
config.status: creating errors/cxx/errhan/Makefile
config.status: creating errors/cxx/io/Makefile
config.status: creating errors/f77/Makefile
config.status: creating errors/f90/Makefile
config.status: creating manual/Makefile
config.status: creating manual/manyconnect
config.status: creating perf/Makefile
config.status: creating testlist
config.status: creating cxx/testlist
config.status: creating f77/testlist
config.status: creating f90/testlist
config.status: creating errors/testlist
config.status: creating errors/cxx/testlist
config.status: creating include/mpitestconf.h
config.status: include/mpitestconf.h is unchanged
config.status: executing default-1 commands
config.status: executing default-2 commands
config.status: executing default-3 commands
Configuration completed.
