if [ ! -d /root/mpich2-1.0.8p1/mpich2-install ] ; then mkdir -p /root/mpich2-1.0.8p1/mpich2-install ; fi
if [ ! -d /root/mpich2-1.0.8p1/mpich2-install/share ] ; then mkdir -p /root/mpich2-1.0.8p1/mpich2-install/share ; fi
if [ ! -d /root/mpich2-1.0.8p1/mpich2-install/share/doc/ ] ; then mkdir -p /root/mpich2-1.0.8p1/mpich2-install/share/doc/ ; fi
if [ ! -d /root/mpich2-1.0.8p1/mpich2-install/share/man ] ; then mkdir -p /root/mpich2-1.0.8p1/mpich2-install/share/man ; fi
if [ ! -d /root/mpich2-1.0.8p1/mpich2-install/include ] ; then mkdir -p /root/mpich2-1.0.8p1/mpich2-install/include ; fi
if [ ! -d /root/mpich2-1.0.8p1/mpich2-install ] ; then mkdir -p /root/mpich2-1.0.8p1/mpich2-install ; fi
if [ ! -d /root/mpich2-1.0.8p1/mpich2-install/lib ] ; then mkdir -p /root/mpich2-1.0.8p1/mpich2-install/lib ; fi
make install-local
make[1]: Entering directory `/root/mpich2-1.0.8p1'
if [ "no" = "yes" ] ; then \
	    /usr/bin/install -c -m 644 src/mpi/debugger/libtvmpich2.so \
			/root/mpich2-1.0.8p1/mpich2-install/lib/libtvmpich2.so ; fi
if [ -n "" ] ; then \
	    for pm in  /dev/null ; do \
		if [ -d src/pm/$pm ] ; then \
		     (cd src/pm/$pm && make install-alt ) ; fi ; \
	    done ; \
	fi
make[1]: Leaving directory `/root/mpich2-1.0.8p1'
/usr/bin/install -c -m 644 src/include/mpi.h /root/mpich2-1.0.8p1/mpich2-install/include/mpi.h
/usr/bin/install -c -m 644 lib/libmpich.a /root/mpich2-1.0.8p1/mpich2-install/lib/libmpich.a
if [ ! -d /root/mpich2-1.0.8p1/mpich2-install/share/doc/ ] ; then mkdir -p /root/mpich2-1.0.8p1/mpich2-install/share/doc/ ; fi
/usr/bin/install -c -m 644 index.htm /root/mpich2-1.0.8p1/mpich2-install/share/doc//index.htm
/usr/bin/install -c -m 644 index.htm /root/mpich2-1.0.8p1/mpich2-install/share/doc//www1/index.htm
/usr/bin/install -c -m 644 mpicc.html /root/mpich2-1.0.8p1/mpich2-install/share/doc//www1/mpicc.html
/usr/bin/install -c -m 644 mpicxx.html /root/mpich2-1.0.8p1/mpich2-install/share/doc//www1/mpicxx.html
/usr/bin/install -c -m 644 mpiexec.html /root/mpich2-1.0.8p1/mpich2-install/share/doc//www1/mpiexec.html
/usr/bin/install -c -m 644 mpif77.html /root/mpich2-1.0.8p1/mpich2-install/share/doc//www1/mpif77.html
/usr/bin/install -c -m 644 mpif90.html /root/mpich2-1.0.8p1/mpich2-install/share/doc//www1/mpif90.html
/usr/bin/install -c -m 644 MPI.html /root/mpich2-1.0.8p1/mpich2-install/share/doc//www1/MPI.html
/usr/bin/install -c -m 644 index.htm /root/mpich2-1.0.8p1/mpich2-install/share/doc//www3/index.htm
/usr/bin/install -c -m 644 MPI_Abort.html /root/mpich2-1.0.8p1/mpich2-install/share/doc//www3/MPI_Abort.html
/usr/bin/install -c -m 644 MPI_Accumulate.html /root/mpich2-1.0.8p1/mpich2-install/share/doc//www3/MPI_Accumulate.html
/usr/bin/install -c -m 644 MPI_Add_error_class.html /root/mpich2-1.0.8p1/mpich2-install/share/doc//www3/MPI_Add_error_class.html
/usr/bin/install -c -m 644 MPI_Add_error_code.html /root/mpich2-1.0.8p1/mpich2-install/share/doc//www3/MPI_Add_error_code.html
/usr/bin/install -c -m 644 MPI_Add_error_string.html /root/mpich2-1.0.8p1/mpich2-install/share/doc//www3/MPI_Add_error_string.html
/usr/bin/install -c -m 644 MPI_Address.html /root/mpich2-1.0.8p1/mpich2-install/share/doc//www3/MPI_Address.html
/usr/bin/install -c -m 644 MPI_Allgather.html /root/mpich2-1.0.8p1/mpich2-install/share/doc//www3/MPI_Allgather.html
/usr/bin/install -c -m 644 MPI_Allgatherv.html /root/mpich2-1.0.8p1/mpich2-install/share/doc//www3/MPI_Allgatherv.html
/usr/bin/install -c -m 644 MPI_Alloc_mem.html /root/mpich2-1.0.8p1/mpich2-install/share/doc//www3/MPI_Alloc_mem.html
/usr/bin/install -c -m 644 MPI_Allreduce.html /root/mpich2-1.0.8p1/mpich2-install/share/doc//www3/MPI_Allreduce.html
/usr/bin/install -c -m 644 MPI_Alltoall.html /root/mpich2-1.0.8p1/mpich2-install/share/doc//www3/MPI_Alltoall.html
/usr/bin/install -c -m 644 MPI_Alltoallv.html /root/mpich2-1.0.8p1/mpich2-install/share/doc//www3/MPI_Alltoallv.html
/usr/bin/install -c -m 644 MPI_Alltoallw.html /root/mpich2-1.0.8p1/mpich2-install/share/doc//www3/MPI_Alltoallw.html
/usr/bin/install -c -m 644 MPI_Attr_delete.html /root/mpich2-1.0.8p1/mpich2-install/share/doc//www3/MPI_Attr_delete.html
/usr/bin/install -c -m 644 MPI_Attr_get.html /root/mpich2-1.0.8p1/mpich2-install/share/doc//www3/MPI_Attr_get.html
/usr/bin/install -c -m 644 MPI_Attr_put.html /root/mpich2-1.0.8p1/mpich2-install/share/doc//www3/MPI_Attr_put.html
/usr/bin/install -c -m 644 MPI_Barrier.html /root/mpich2-1.0.8p1/mpich2-install/share/doc//www3/MPI_Barrier.html
/usr/bin/install -c -m 644 MPI_Bcast.html /root/mpich2-1.0.8p1/mpich2-install/share/doc//www3/MPI_Bcast.html
/usr/bin/install -c -m 644 MPI_Bsend.html /root/mpich2-1.0.8p1/mpich2-install/share/doc//www3/MPI_Bsend.html
/usr/bin/install -c -m 644 MPI_Bsend_init.html /root/mpich2-1.0.8p1/mpich2-install/share/doc//www3/MPI_Bsend_init.html
/usr/bin/install -c -m 644 MPI_Buffer_attach.html /root/mpich2-1.0.8p1/mpich2-install/share/doc//www3/MPI_Buffer_attach.html
/usr/bin/install -c -m 644 MPI_Buffer_detach.html /root/mpich2-1.0.8p1/mpich2-install/share/doc//www3/MPI_Buffer_detach.html
/usr/bin/install -c -m 644 MPI_Cancel.html /root/mpich2-1.0.8p1/mpich2-install/share/doc//www3/MPI_Cancel.html
/usr/bin/install -c -m 644 MPI_Cart_coords.html /root/mpich2-1.0.8p1/mpich2-install/share/doc//www3/MPI_Cart_coords.html
/usr/bin/install -c -m 644 MPI_Cart_create.html /root/mpich2-1.0.8p1/mpich2-install/share/doc//www3/MPI_Cart_create.html
/usr/bin/install -c -m 644 MPI_Cartdim_get.html /root/mpich2-1.0.8p1/mpich2-install/share/doc//www3/MPI_Cartdim_get.html
/usr/bin/install -c -m 644 MPI_Cart_get.html /root/mpich2-1.0.8p1/mpich2-install/share/doc//www3/MPI_Cart_get.html
/usr/bin/install -c -m 644 MPI_Cart_map.html /root/mpich2-1.0.8p1/mpich2-install/share/doc//www3/MPI_Cart_map.html
/usr/bin/install -c -m 644 MPI_Cart_rank.html /root/mpich2-1.0.8p1/mpich2-install/share/doc//www3/MPI_Cart_rank.html
/usr/bin/install -c -m 644 MPI_Cart_shift.html /root/mpich2-1.0.8p1/mpich2-install/share/doc//www3/MPI_Cart_shift.html
/usr/bin/install -c -m 644 MPI_Cart_sub.html /root/mpich2-1.0.8p1/mpich2-install/share/doc//www3/MPI_Cart_sub.html
/usr/bin/install -c -m 644 MPI_Close_port.html /root/mpich2-1.0.8p1/mpich2-install/share/doc//www3/MPI_Close_port.html
/usr/bin/install -c -m 644 MPI_Comm_accept.html /root/mpich2-1.0.8p1/mpich2-install/share/doc//www3/MPI_Comm_accept.html
/usr/bin/install -c -m 644 MPI_Comm_call_errhandler.html /root/mpich2-1.0.8p1/mpich2-install/share/doc//www3/MPI_Comm_call_errhandler.html
/usr/bin/install -c -m 644 MPI_Comm_compare.html /root/mpich2-1.0.8p1/mpich2-install/share/doc//www3/MPI_Comm_compare.html
/usr/bin/install -c -m 644 MPI_Comm_connect.html /root/mpich2-1.0.8p1/mpich2-install/share/doc//www3/MPI_Comm_connect.html
/usr/bin/install -c -m 644 MPI_Comm_create_errhandler.html /root/mpich2-1.0.8p1/mpich2-install/share/doc//www3/MPI_Comm_create_errhandler.html
/usr/bin/install -c -m 644 MPI_Comm_create.html /root/mpich2-1.0.8p1/mpich2-install/share/doc//www3/MPI_Comm_create.html
/usr/bin/install -c -m 644 MPI_Comm_create_keyval.html /root/mpich2-1.0.8p1/mpich2-install/share/doc//www3/MPI_Comm_create_keyval.html
/usr/bin/install -c -m 644 MPI_Comm_delete_attr.html /root/mpich2-1.0.8p1/mpich2-install/share/doc//www3/MPI_Comm_delete_attr.html
/usr/bin/install -c -m 644 MPI_Comm_disconnect.html /root/mpich2-1.0.8p1/mpich2-install/share/doc//www3/MPI_Comm_disconnect.html
/usr/bin/install -c -m 644 MPI_Comm_dup.html /root/mpich2-1.0.8p1/mpich2-install/share/doc//www3/MPI_Comm_dup.html
/usr/bin/install -c -m 644 MPI_Comm_free.html /root/mpich2-1.0.8p1/mpich2-install/share/doc//www3/MPI_Comm_free.html
/usr/bin/install -c -m 644 MPI_Comm_free_keyval.html /root/mpich2-1.0.8p1/mpich2-install/share/doc//www3/MPI_Comm_free_keyval.html
/usr/bin/install -c -m 644 MPI_Comm_get_attr.html /root/mpich2-1.0.8p1/mpich2-install/share/doc//www3/MPI_Comm_get_attr.html
/usr/bin/install -c -m 644 MPI_Comm_get_errhandler.html /root/mpich2-1.0.8p1/mpich2-install/share/doc//www3/MPI_Comm_get_errhandler.html
/usr/bin/install -c -m 644 MPI_Comm_get_name.html /root/mpich2-1.0.8p1/mpich2-install/share/doc//www3/MPI_Comm_get_name.html
/usr/bin/install -c -m 644 MPI_Comm_get_parent.html /root/mpich2-1.0.8p1/mpich2-install/share/doc//www3/MPI_Comm_get_parent.html
/usr/bin/install -c -m 644 MPI_Comm_group.html /root/mpich2-1.0.8p1/mpich2-install/share/doc//www3/MPI_Comm_group.html
/usr/bin/install -c -m 644 MPI_Comm_join.html /root/mpich2-1.0.8p1/mpich2-install/share/doc//www3/MPI_Comm_join.html
/usr/bin/install -c -m 644 MPI_Comm_rank.html /root/mpich2-1.0.8p1/mpich2-install/share/doc//www3/MPI_Comm_rank.html
/usr/bin/install -c -m 644 MPI_Comm_remote_group.html /root/mpich2-1.0.8p1/mpich2-install/share/doc//www3/MPI_Comm_remote_group.html
/usr/bin/install -c -m 644 MPI_Comm_remote_size.html /root/mpich2-1.0.8p1/mpich2-install/share/doc//www3/MPI_Comm_remote_size.html
/usr/bin/install -c -m 644 MPI_Comm_set_attr.html /root/mpich2-1.0.8p1/mpich2-install/share/doc//www3/MPI_Comm_set_attr.html
/usr/bin/install -c -m 644 MPI_Comm_set_errhandler.html /root/mpich2-1.0.8p1/mpich2-install/share/doc//www3/MPI_Comm_set_errhandler.html
/usr/bin/install -c -m 644 MPI_Comm_set_name.html /root/mpich2-1.0.8p1/mpich2-install/share/doc//www3/MPI_Comm_set_name.html
/usr/bin/install -c -m 644 MPI_Comm_size.html /root/mpich2-1.0.8p1/mpich2-install/share/doc//www3/MPI_Comm_size.html
/usr/bin/install -c -m 644 MPI_Comm_spawn.html /root/mpich2-1.0.8p1/mpich2-install/share/doc//www3/MPI_Comm_spawn.html
/usr/bin/install -c -m 644 MPI_Comm_spawn_multiple.html /root/mpich2-1.0.8p1/mpich2-install/share/doc//www3/MPI_Comm_spawn_multiple.html
/usr/bin/install -c -m 644 MPI_Comm_split.html /root/mpich2-1.0.8p1/mpich2-install/share/doc//www3/MPI_Comm_split.html
/usr/bin/install -c -m 644 MPI_Comm_test_inter.html /root/mpich2-1.0.8p1/mpich2-install/share/doc//www3/MPI_Comm_test_inter.html
/usr/bin/install -c -m 644 MPI_Dims_create.html /root/mpich2-1.0.8p1/mpich2-install/share/doc//www3/MPI_Dims_create.html
/usr/bin/install -c -m 644 MPI_Errhandler_create.html /root/mpich2-1.0.8p1/mpich2-install/share/doc//www3/MPI_Errhandler_create.html
/usr/bin/install -c -m 644 MPI_Errhandler_free.html /root/mpich2-1.0.8p1/mpich2-install/share/doc//www3/MPI_Errhandler_free.html
/usr/bin/install -c -m 644 MPI_Errhandler_get.html /root/mpich2-1.0.8p1/mpich2-install/share/doc//www3/MPI_Errhandler_get.html
/usr/bin/install -c -m 644 MPI_Errhandler_set.html /root/mpich2-1.0.8p1/mpich2-install/share/doc//www3/MPI_Errhandler_set.html
/usr/bin/install -c -m 644 MPI_Error_class.html /root/mpich2-1.0.8p1/mpich2-install/share/doc//www3/MPI_Error_class.html
/usr/bin/install -c -m 644 MPI_Error_string.html /root/mpich2-1.0.8p1/mpich2-install/share/doc//www3/MPI_Error_string.html
/usr/bin/install -c -m 644 MPI_Exscan.html /root/mpich2-1.0.8p1/mpich2-install/share/doc//www3/MPI_Exscan.html
/usr/bin/install -c -m 644 MPI_File_c2f.html /root/mpich2-1.0.8p1/mpich2-install/share/doc//www3/MPI_File_c2f.html
/usr/bin/install -c -m 644 MPI_File_call_errhandler.html /root/mpich2-1.0.8p1/mpich2-install/share/doc//www3/MPI_File_call_errhandler.html
/usr/bin/install -c -m 644 MPI_File_close.html /root/mpich2-1.0.8p1/mpich2-install/share/doc//www3/MPI_File_close.html
/usr/bin/install -c -m 644 MPI_File_create_errhandler.html /root/mpich2-1.0.8p1/mpich2-install/share/doc//www3/MPI_File_create_errhandler.html
/usr/bin/install -c -m 644 MPI_File_delete.html /root/mpich2-1.0.8p1/mpich2-install/share/doc//www3/MPI_File_delete.html
/usr/bin/install -c -m 644 MPI_File_f2c.html /root/mpich2-1.0.8p1/mpich2-install/share/doc//www3/MPI_File_f2c.html
/usr/bin/install -c -m 644 MPI_File_get_amode.html /root/mpich2-1.0.8p1/mpich2-install/share/doc//www3/MPI_File_get_amode.html
/usr/bin/install -c -m 644 MPI_File_get_atomicity.html /root/mpich2-1.0.8p1/mpich2-install/share/doc//www3/MPI_File_get_atomicity.html
/usr/bin/install -c -m 644 MPI_File_get_byte_offset.html /root/mpich2-1.0.8p1/mpich2-install/share/doc//www3/MPI_File_get_byte_offset.html
/usr/bin/install -c -m 644 MPI_File_get_errhandler.html /root/mpich2-1.0.8p1/mpich2-install/share/doc//www3/MPI_File_get_errhandler.html
/usr/bin/install -c -m 644 MPI_File_get_group.html /root/mpich2-1.0.8p1/mpich2-install/share/doc//www3/MPI_File_get_group.html
/usr/bin/install -c -m 644 MPI_File_get_info.html /root/mpich2-1.0.8p1/mpich2-install/share/doc//www3/MPI_File_get_info.html
/usr/bin/install -c -m 644 MPI_File_get_position.html /root/mpich2-1.0.8p1/mpich2-install/share/doc//www3/MPI_File_get_position.html
/usr/bin/install -c -m 644 MPI_File_get_position_shared.html /root/mpich2-1.0.8p1/mpich2-install/share/doc//www3/MPI_File_get_position_shared.html
/usr/bin/install -c -m 644 MPI_File_get_size.html /root/mpich2-1.0.8p1/mpich2-install/share/doc//www3/MPI_File_get_size.html
/usr/bin/install -c -m 644 MPI_File_get_type_extent.html /root/mpich2-1.0.8p1/mpich2-install/share/doc//www3/MPI_File_get_type_extent.html
/usr/bin/install -c -m 644 MPI_File_get_view.html /root/mpich2-1.0.8p1/mpich2-install/share/doc//www3/MPI_File_get_view.html
/usr/bin/install -c -m 644 MPI_File_iread_at.html /root/mpich2-1.0.8p1/mpich2-install/share/doc//www3/MPI_File_iread_at.html
/usr/bin/install -c -m 644 MPI_File_iread.html /root/mpich2-1.0.8p1/mpich2-install/share/doc//www3/MPI_File_iread.html
/usr/bin/install -c -m 644 MPI_File_iread_shared.html /root/mpich2-1.0.8p1/mpich2-install/share/doc//www3/MPI_File_iread_shared.html
/usr/bin/install -c -m 644 MPI_File_iwrite_at.html /root/mpich2-1.0.8p1/mpich2-install/share/doc//www3/MPI_File_iwrite_at.html
/usr/bin/install -c -m 644 MPI_File_iwrite.html /root/mpich2-1.0.8p1/mpich2-install/share/doc//www3/MPI_File_iwrite.html
/usr/bin/install -c -m 644 MPI_File_iwrite_shared.html /root/mpich2-1.0.8p1/mpich2-install/share/doc//www3/MPI_File_iwrite_shared.html
/usr/bin/install -c -m 644 MPI_File_open.html /root/mpich2-1.0.8p1/mpich2-install/share/doc//www3/MPI_File_open.html
/usr/bin/install -c -m 644 MPI_File_preallocate.html /root/mpich2-1.0.8p1/mpich2-install/share/doc//www3/MPI_File_preallocate.html
/usr/bin/install -c -m 644 MPI_File_read_all_begin.html /root/mpich2-1.0.8p1/mpich2-install/share/doc//www3/MPI_File_read_all_begin.html
/usr/bin/install -c -m 644 MPI_File_read_all_end.html /root/mpich2-1.0.8p1/mpich2-install/share/doc//www3/MPI_File_read_all_end.html
/usr/bin/install -c -m 644 MPI_File_read_all.html /root/mpich2-1.0.8p1/mpich2-install/share/doc//www3/MPI_File_read_all.html
/usr/bin/install -c -m 644 MPI_File_read_at_all_begin.html /root/mpich2-1.0.8p1/mpich2-install/share/doc//www3/MPI_File_read_at_all_begin.html
/usr/bin/install -c -m 644 MPI_File_read_at_all_end.html /root/mpich2-1.0.8p1/mpich2-install/share/doc//www3/MPI_File_read_at_all_end.html
/usr/bin/install -c -m 644 MPI_File_read_at_all.html /root/mpich2-1.0.8p1/mpich2-install/share/doc//www3/MPI_File_read_at_all.html
/usr/bin/install -c -m 644 MPI_File_read_at.html /root/mpich2-1.0.8p1/mpich2-install/share/doc//www3/MPI_File_read_at.html
/usr/bin/install -c -m 644 MPI_File_read.html /root/mpich2-1.0.8p1/mpich2-install/share/doc//www3/MPI_File_read.html
/usr/bin/install -c -m 644 MPI_File_read_ordered_begin.html /root/mpich2-1.0.8p1/mpich2-install/share/doc//www3/MPI_File_read_ordered_begin.html
/usr/bin/install -c -m 644 MPI_File_read_ordered_end.html /root/mpich2-1.0.8p1/mpich2-install/share/doc//www3/MPI_File_read_ordered_end.html
/usr/bin/install -c -m 644 MPI_File_read_ordered.html /root/mpich2-1.0.8p1/mpich2-install/share/doc//www3/MPI_File_read_ordered.html
/usr/bin/install -c -m 644 MPI_File_read_shared.html /root/mpich2-1.0.8p1/mpich2-install/share/doc//www3/MPI_File_read_shared.html
/usr/bin/install -c -m 644 MPI_File_seek.html /root/mpich2-1.0.8p1/mpich2-install/share/doc//www3/MPI_File_seek.html
/usr/bin/install -c -m 644 MPI_File_seek_shared.html /root/mpich2-1.0.8p1/mpich2-install/share/doc//www3/MPI_File_seek_shared.html
/usr/bin/install -c -m 644 MPI_File_set_atomicity.html /root/mpich2-1.0.8p1/mpich2-install/share/doc//www3/MPI_File_set_atomicity.html
/usr/bin/install -c -m 644 MPI_File_set_errhandler.html /root/mpich2-1.0.8p1/mpich2-install/share/doc//www3/MPI_File_set_errhandler.html
/usr/bin/install -c -m 644 MPI_File_set_info.html /root/mpich2-1.0.8p1/mpich2-install/share/doc//www3/MPI_File_set_info.html
/usr/bin/install -c -m 644 MPI_File_set_size.html /root/mpich2-1.0.8p1/mpich2-install/share/doc//www3/MPI_File_set_size.html
/usr/bin/install -c -m 644 MPI_File_set_view.html /root/mpich2-1.0.8p1/mpich2-install/share/doc//www3/MPI_File_set_view.html
/usr/bin/install -c -m 644 MPI_File_sync.html /root/mpich2-1.0.8p1/mpich2-install/share/doc//www3/MPI_File_sync.html
/usr/bin/install -c -m 644 MPI_File_write_all_begin.html /root/mpich2-1.0.8p1/mpich2-install/share/doc//www3/MPI_File_write_all_begin.html
/usr/bin/install -c -m 644 MPI_File_write_all_end.html /root/mpich2-1.0.8p1/mpich2-install/share/doc//www3/MPI_File_write_all_end.html
/usr/bin/install -c -m 644 MPI_File_write_all.html /root/mpich2-1.0.8p1/mpich2-install/share/doc//www3/MPI_File_write_all.html
/usr/bin/install -c -m 644 MPI_File_write_at_all_begin.html /root/mpich2-1.0.8p1/mpich2-install/share/doc//www3/MPI_File_write_at_all_begin.html
/usr/bin/install -c -m 644 MPI_File_write_at_all_end.html /root/mpich2-1.0.8p1/mpich2-install/share/doc//www3/MPI_File_write_at_all_end.html
/usr/bin/install -c -m 644 MPI_File_write_at_all.html /root/mpich2-1.0.8p1/mpich2-install/share/doc//www3/MPI_File_write_at_all.html
/usr/bin/install -c -m 644 MPI_File_write_at.html /root/mpich2-1.0.8p1/mpich2-install/share/doc//www3/MPI_File_write_at.html
/usr/bin/install -c -m 644 MPI_File_write.html /root/mpich2-1.0.8p1/mpich2-install/share/doc//www3/MPI_File_write.html
/usr/bin/install -c -m 644 MPI_File_write_ordered_begin.html /root/mpich2-1.0.8p1/mpich2-install/share/doc//www3/MPI_File_write_ordered_begin.html
/usr/bin/install -c -m 644 MPI_File_write_ordered_end.html /root/mpich2-1.0.8p1/mpich2-install/share/doc//www3/MPI_File_write_ordered_end.html
/usr/bin/install -c -m 644 MPI_File_write_ordered.html /root/mpich2-1.0.8p1/mpich2-install/share/doc//www3/MPI_File_write_ordered.html
/usr/bin/install -c -m 644 MPI_File_write_shared.html /root/mpich2-1.0.8p1/mpich2-install/share/doc//www3/MPI_File_write_shared.html
/usr/bin/install -c -m 644 MPI_Finalized.html /root/mpich2-1.0.8p1/mpich2-install/share/doc//www3/MPI_Finalized.html
/usr/bin/install -c -m 644 MPI_Finalize.html /root/mpich2-1.0.8p1/mpich2-install/share/doc//www3/MPI_Finalize.html
/usr/bin/install -c -m 644 MPI_Free_mem.html /root/mpich2-1.0.8p1/mpich2-install/share/doc//www3/MPI_Free_mem.html
/usr/bin/install -c -m 644 MPI_Gather.html /root/mpich2-1.0.8p1/mpich2-install/share/doc//www3/MPI_Gather.html
/usr/bin/install -c -m 644 MPI_Gatherv.html /root/mpich2-1.0.8p1/mpich2-install/share/doc//www3/MPI_Gatherv.html
/usr/bin/install -c -m 644 MPI_Get_address.html /root/mpich2-1.0.8p1/mpich2-install/share/doc//www3/MPI_Get_address.html
/usr/bin/install -c -m 644 MPI_Get_count.html /root/mpich2-1.0.8p1/mpich2-install/share/doc//www3/MPI_Get_count.html
/usr/bin/install -c -m 644 MPI_Get_elements.html /root/mpich2-1.0.8p1/mpich2-install/share/doc//www3/MPI_Get_elements.html
/usr/bin/install -c -m 644 MPI_Get.html /root/mpich2-1.0.8p1/mpich2-install/share/doc//www3/MPI_Get.html
/usr/bin/install -c -m 644 MPI_Get_processor_name.html /root/mpich2-1.0.8p1/mpich2-install/share/doc//www3/MPI_Get_processor_name.html
/usr/bin/install -c -m 644 MPI_Get_version.html /root/mpich2-1.0.8p1/mpich2-install/share/doc//www3/MPI_Get_version.html
/usr/bin/install -c -m 644 MPI_Graph_create.html /root/mpich2-1.0.8p1/mpich2-install/share/doc//www3/MPI_Graph_create.html
/usr/bin/install -c -m 644 MPI_Graphdims_get.html /root/mpich2-1.0.8p1/mpich2-install/share/doc//www3/MPI_Graphdims_get.html
/usr/bin/install -c -m 644 MPI_Graph_get.html /root/mpich2-1.0.8p1/mpich2-install/share/doc//www3/MPI_Graph_get.html
/usr/bin/install -c -m 644 MPI_Graph_map.html /root/mpich2-1.0.8p1/mpich2-install/share/doc//www3/MPI_Graph_map.html
/usr/bin/install -c -m 644 MPI_Graph_neighbors_count.html /root/mpich2-1.0.8p1/mpich2-install/share/doc//www3/MPI_Graph_neighbors_count.html
/usr/bin/install -c -m 644 MPI_Graph_neighbors.html /root/mpich2-1.0.8p1/mpich2-install/share/doc//www3/MPI_Graph_neighbors.html
/usr/bin/install -c -m 644 MPI_Grequest_complete.html /root/mpich2-1.0.8p1/mpich2-install/share/doc//www3/MPI_Grequest_complete.html
/usr/bin/install -c -m 644 MPI_Grequest_start.html /root/mpich2-1.0.8p1/mpich2-install/share/doc//www3/MPI_Grequest_start.html
/usr/bin/install -c -m 644 MPI_Group_compare.html /root/mpich2-1.0.8p1/mpich2-install/share/doc//www3/MPI_Group_compare.html
/usr/bin/install -c -m 644 MPI_Group_difference.html /root/mpich2-1.0.8p1/mpich2-install/share/doc//www3/MPI_Group_difference.html
/usr/bin/install -c -m 644 MPI_Group_excl.html /root/mpich2-1.0.8p1/mpich2-install/share/doc//www3/MPI_Group_excl.html
/usr/bin/install -c -m 644 MPI_Group_free.html /root/mpich2-1.0.8p1/mpich2-install/share/doc//www3/MPI_Group_free.html
/usr/bin/install -c -m 644 MPI_Group_incl.html /root/mpich2-1.0.8p1/mpich2-install/share/doc//www3/MPI_Group_incl.html
/usr/bin/install -c -m 644 MPI_Group_intersection.html /root/mpich2-1.0.8p1/mpich2-install/share/doc//www3/MPI_Group_intersection.html
/usr/bin/install -c -m 644 MPI_Group_range_excl.html /root/mpich2-1.0.8p1/mpich2-install/share/doc//www3/MPI_Group_range_excl.html
/usr/bin/install -c -m 644 MPI_Group_range_incl.html /root/mpich2-1.0.8p1/mpich2-install/share/doc//www3/MPI_Group_range_incl.html
/usr/bin/install -c -m 644 MPI_Group_rank.html /root/mpich2-1.0.8p1/mpich2-install/share/doc//www3/MPI_Group_rank.html
/usr/bin/install -c -m 644 MPI_Group_size.html /root/mpich2-1.0.8p1/mpich2-install/share/doc//www3/MPI_Group_size.html
/usr/bin/install -c -m 644 MPI_Group_translate_ranks.html /root/mpich2-1.0.8p1/mpich2-install/share/doc//www3/MPI_Group_translate_ranks.html
/usr/bin/install -c -m 644 MPI_Group_union.html /root/mpich2-1.0.8p1/mpich2-install/share/doc//www3/MPI_Group_union.html
/usr/bin/install -c -m 644 MPI_Ibsend.html /root/mpich2-1.0.8p1/mpich2-install/share/doc//www3/MPI_Ibsend.html
/usr/bin/install -c -m 644 MPI_Info_create.html /root/mpich2-1.0.8p1/mpich2-install/share/doc//www3/MPI_Info_create.html
/usr/bin/install -c -m 644 MPI_Info_delete.html /root/mpich2-1.0.8p1/mpich2-install/share/doc//www3/MPI_Info_delete.html
/usr/bin/install -c -m 644 MPI_Info_dup.html /root/mpich2-1.0.8p1/mpich2-install/share/doc//www3/MPI_Info_dup.html
/usr/bin/install -c -m 644 MPI_Info_free.html /root/mpich2-1.0.8p1/mpich2-install/share/doc//www3/MPI_Info_free.html
/usr/bin/install -c -m 644 MPI_Info_get.html /root/mpich2-1.0.8p1/mpich2-install/share/doc//www3/MPI_Info_get.html
/usr/bin/install -c -m 644 MPI_Info_get_nkeys.html /root/mpich2-1.0.8p1/mpich2-install/share/doc//www3/MPI_Info_get_nkeys.html
/usr/bin/install -c -m 644 MPI_Info_get_nthkey.html /root/mpich2-1.0.8p1/mpich2-install/share/doc//www3/MPI_Info_get_nthkey.html
/usr/bin/install -c -m 644 MPI_Info_get_valuelen.html /root/mpich2-1.0.8p1/mpich2-install/share/doc//www3/MPI_Info_get_valuelen.html
/usr/bin/install -c -m 644 MPI_Info_set.html /root/mpich2-1.0.8p1/mpich2-install/share/doc//www3/MPI_Info_set.html
/usr/bin/install -c -m 644 MPI_Init.html /root/mpich2-1.0.8p1/mpich2-install/share/doc//www3/MPI_Init.html
/usr/bin/install -c -m 644 MPI_Initialized.html /root/mpich2-1.0.8p1/mpich2-install/share/doc//www3/MPI_Initialized.html
/usr/bin/install -c -m 644 MPI_Init_thread.html /root/mpich2-1.0.8p1/mpich2-install/share/doc//www3/MPI_Init_thread.html
/usr/bin/install -c -m 644 MPI_Intercomm_create.html /root/mpich2-1.0.8p1/mpich2-install/share/doc//www3/MPI_Intercomm_create.html
/usr/bin/install -c -m 644 MPI_Intercomm_merge.html /root/mpich2-1.0.8p1/mpich2-install/share/doc//www3/MPI_Intercomm_merge.html
/usr/bin/install -c -m 644 MPI_Iprobe.html /root/mpich2-1.0.8p1/mpich2-install/share/doc//www3/MPI_Iprobe.html
/usr/bin/install -c -m 644 MPI_Irecv.html /root/mpich2-1.0.8p1/mpich2-install/share/doc//www3/MPI_Irecv.html
/usr/bin/install -c -m 644 MPI_Irsend.html /root/mpich2-1.0.8p1/mpich2-install/share/doc//www3/MPI_Irsend.html
/usr/bin/install -c -m 644 MPI_Isend.html /root/mpich2-1.0.8p1/mpich2-install/share/doc//www3/MPI_Isend.html
/usr/bin/install -c -m 644 MPI_Issend.html /root/mpich2-1.0.8p1/mpich2-install/share/doc//www3/MPI_Issend.html
/usr/bin/install -c -m 644 MPI_Is_thread_main.html /root/mpich2-1.0.8p1/mpich2-install/share/doc//www3/MPI_Is_thread_main.html
/usr/bin/install -c -m 644 MPI_Keyval_create.html /root/mpich2-1.0.8p1/mpich2-install/share/doc//www3/MPI_Keyval_create.html
/usr/bin/install -c -m 644 MPI_Keyval_free.html /root/mpich2-1.0.8p1/mpich2-install/share/doc//www3/MPI_Keyval_free.html
/usr/bin/install -c -m 644 MPI_Lookup_name.html /root/mpich2-1.0.8p1/mpich2-install/share/doc//www3/MPI_Lookup_name.html
/usr/bin/install -c -m 644 MPI_Op_create.html /root/mpich2-1.0.8p1/mpich2-install/share/doc//www3/MPI_Op_create.html
/usr/bin/install -c -m 644 MPI_Open_port.html /root/mpich2-1.0.8p1/mpich2-install/share/doc//www3/MPI_Open_port.html
/usr/bin/install -c -m 644 MPI_Op_free.html /root/mpich2-1.0.8p1/mpich2-install/share/doc//www3/MPI_Op_free.html
/usr/bin/install -c -m 644 MPI_Pack_external.html /root/mpich2-1.0.8p1/mpich2-install/share/doc//www3/MPI_Pack_external.html
/usr/bin/install -c -m 644 MPI_Pack_external_size.html /root/mpich2-1.0.8p1/mpich2-install/share/doc//www3/MPI_Pack_external_size.html
/usr/bin/install -c -m 644 MPI_Pack.html /root/mpich2-1.0.8p1/mpich2-install/share/doc//www3/MPI_Pack.html
/usr/bin/install -c -m 644 MPI_Pack_size.html /root/mpich2-1.0.8p1/mpich2-install/share/doc//www3/MPI_Pack_size.html
/usr/bin/install -c -m 644 MPI_Pcontrol.html /root/mpich2-1.0.8p1/mpich2-install/share/doc//www3/MPI_Pcontrol.html
/usr/bin/install -c -m 644 MPI_Probe.html /root/mpich2-1.0.8p1/mpich2-install/share/doc//www3/MPI_Probe.html
/usr/bin/install -c -m 644 MPI_Publish_name.html /root/mpich2-1.0.8p1/mpich2-install/share/doc//www3/MPI_Publish_name.html
/usr/bin/install -c -m 644 MPI_Put.html /root/mpich2-1.0.8p1/mpich2-install/share/doc//www3/MPI_Put.html
/usr/bin/install -c -m 644 MPI_Query_thread.html /root/mpich2-1.0.8p1/mpich2-install/share/doc//www3/MPI_Query_thread.html
/usr/bin/install -c -m 644 MPI_Recv.html /root/mpich2-1.0.8p1/mpich2-install/share/doc//www3/MPI_Recv.html
/usr/bin/install -c -m 644 MPI_Recv_init.html /root/mpich2-1.0.8p1/mpich2-install/share/doc//www3/MPI_Recv_init.html
/usr/bin/install -c -m 644 MPI_Reduce.html /root/mpich2-1.0.8p1/mpich2-install/share/doc//www3/MPI_Reduce.html
/usr/bin/install -c -m 644 MPI_Reduce_scatter.html /root/mpich2-1.0.8p1/mpich2-install/share/doc//www3/MPI_Reduce_scatter.html
/usr/bin/install -c -m 644 MPI_Register_datarep.html /root/mpich2-1.0.8p1/mpich2-install/share/doc//www3/MPI_Register_datarep.html
/usr/bin/install -c -m 644 MPI_Request_free.html /root/mpich2-1.0.8p1/mpich2-install/share/doc//www3/MPI_Request_free.html
/usr/bin/install -c -m 644 MPI_Request_get_status.html /root/mpich2-1.0.8p1/mpich2-install/share/doc//www3/MPI_Request_get_status.html
/usr/bin/install -c -m 644 MPI_Rsend.html /root/mpich2-1.0.8p1/mpich2-install/share/doc//www3/MPI_Rsend.html
/usr/bin/install -c -m 644 MPI_Rsend_init.html /root/mpich2-1.0.8p1/mpich2-install/share/doc//www3/MPI_Rsend_init.html
/usr/bin/install -c -m 644 MPI_Scan.html /root/mpich2-1.0.8p1/mpich2-install/share/doc//www3/MPI_Scan.html
/usr/bin/install -c -m 644 MPI_Scatter.html /root/mpich2-1.0.8p1/mpich2-install/share/doc//www3/MPI_Scatter.html
/usr/bin/install -c -m 644 MPI_Scatterv.html /root/mpich2-1.0.8p1/mpich2-install/share/doc//www3/MPI_Scatterv.html
/usr/bin/install -c -m 644 MPI_Send.html /root/mpich2-1.0.8p1/mpich2-install/share/doc//www3/MPI_Send.html
/usr/bin/install -c -m 644 MPI_Send_init.html /root/mpich2-1.0.8p1/mpich2-install/share/doc//www3/MPI_Send_init.html
/usr/bin/install -c -m 644 MPI_Sendrecv.html /root/mpich2-1.0.8p1/mpich2-install/share/doc//www3/MPI_Sendrecv.html
/usr/bin/install -c -m 644 MPI_Sendrecv_replace.html /root/mpich2-1.0.8p1/mpich2-install/share/doc//www3/MPI_Sendrecv_replace.html
/usr/bin/install -c -m 644 MPI_Ssend.html /root/mpich2-1.0.8p1/mpich2-install/share/doc//www3/MPI_Ssend.html
/usr/bin/install -c -m 644 MPI_Ssend_init.html /root/mpich2-1.0.8p1/mpich2-install/share/doc//www3/MPI_Ssend_init.html
/usr/bin/install -c -m 644 MPI_Startall.html /root/mpich2-1.0.8p1/mpich2-install/share/doc//www3/MPI_Startall.html
/usr/bin/install -c -m 644 MPI_Start.html /root/mpich2-1.0.8p1/mpich2-install/share/doc//www3/MPI_Start.html
/usr/bin/install -c -m 644 MPI_Status_set_cancelled.html /root/mpich2-1.0.8p1/mpich2-install/share/doc//www3/MPI_Status_set_cancelled.html
/usr/bin/install -c -m 644 MPI_Status_set_elements.html /root/mpich2-1.0.8p1/mpich2-install/share/doc//www3/MPI_Status_set_elements.html
/usr/bin/install -c -m 644 MPI_Testall.html /root/mpich2-1.0.8p1/mpich2-install/share/doc//www3/MPI_Testall.html
/usr/bin/install -c -m 644 MPI_Testany.html /root/mpich2-1.0.8p1/mpich2-install/share/doc//www3/MPI_Testany.html
/usr/bin/install -c -m 644 MPI_Test_cancelled.html /root/mpich2-1.0.8p1/mpich2-install/share/doc//www3/MPI_Test_cancelled.html
/usr/bin/install -c -m 644 MPI_Test.html /root/mpich2-1.0.8p1/mpich2-install/share/doc//www3/MPI_Test.html
/usr/bin/install -c -m 644 MPI_Testsome.html /root/mpich2-1.0.8p1/mpich2-install/share/doc//www3/MPI_Testsome.html
/usr/bin/install -c -m 644 MPI_Topo_test.html /root/mpich2-1.0.8p1/mpich2-install/share/doc//www3/MPI_Topo_test.html
/usr/bin/install -c -m 644 MPI_Type_commit.html /root/mpich2-1.0.8p1/mpich2-install/share/doc//www3/MPI_Type_commit.html
/usr/bin/install -c -m 644 MPI_Type_contiguous.html /root/mpich2-1.0.8p1/mpich2-install/share/doc//www3/MPI_Type_contiguous.html
/usr/bin/install -c -m 644 MPI_Type_create_darray.html /root/mpich2-1.0.8p1/mpich2-install/share/doc//www3/MPI_Type_create_darray.html
/usr/bin/install -c -m 644 MPI_Type_create_hindexed.html /root/mpich2-1.0.8p1/mpich2-install/share/doc//www3/MPI_Type_create_hindexed.html
/usr/bin/install -c -m 644 MPI_Type_create_hvector.html /root/mpich2-1.0.8p1/mpich2-install/share/doc//www3/MPI_Type_create_hvector.html
/usr/bin/install -c -m 644 MPI_Type_create_indexed_block.html /root/mpich2-1.0.8p1/mpich2-install/share/doc//www3/MPI_Type_create_indexed_block.html
/usr/bin/install -c -m 644 MPI_Type_create_keyval.html /root/mpich2-1.0.8p1/mpich2-install/share/doc//www3/MPI_Type_create_keyval.html
/usr/bin/install -c -m 644 MPI_Type_create_resized.html /root/mpich2-1.0.8p1/mpich2-install/share/doc//www3/MPI_Type_create_resized.html
/usr/bin/install -c -m 644 MPI_Type_create_struct.html /root/mpich2-1.0.8p1/mpich2-install/share/doc//www3/MPI_Type_create_struct.html
/usr/bin/install -c -m 644 MPI_Type_create_subarray.html /root/mpich2-1.0.8p1/mpich2-install/share/doc//www3/MPI_Type_create_subarray.html
/usr/bin/install -c -m 644 MPI_Type_delete_attr.html /root/mpich2-1.0.8p1/mpich2-install/share/doc//www3/MPI_Type_delete_attr.html
/usr/bin/install -c -m 644 MPI_Type_dup.html /root/mpich2-1.0.8p1/mpich2-install/share/doc//www3/MPI_Type_dup.html
/usr/bin/install -c -m 644 MPI_Type_extent.html /root/mpich2-1.0.8p1/mpich2-install/share/doc//www3/MPI_Type_extent.html
/usr/bin/install -c -m 644 MPI_Type_free.html /root/mpich2-1.0.8p1/mpich2-install/share/doc//www3/MPI_Type_free.html
/usr/bin/install -c -m 644 MPI_Type_free_keyval.html /root/mpich2-1.0.8p1/mpich2-install/share/doc//www3/MPI_Type_free_keyval.html
/usr/bin/install -c -m 644 MPI_Type_get_attr.html /root/mpich2-1.0.8p1/mpich2-install/share/doc//www3/MPI_Type_get_attr.html
/usr/bin/install -c -m 644 MPI_Type_get_contents.html /root/mpich2-1.0.8p1/mpich2-install/share/doc//www3/MPI_Type_get_contents.html
/usr/bin/install -c -m 644 MPI_Type_get_envelope.html /root/mpich2-1.0.8p1/mpich2-install/share/doc//www3/MPI_Type_get_envelope.html
/usr/bin/install -c -m 644 MPI_Type_get_extent.html /root/mpich2-1.0.8p1/mpich2-install/share/doc//www3/MPI_Type_get_extent.html
/usr/bin/install -c -m 644 MPI_Type_get_name.html /root/mpich2-1.0.8p1/mpich2-install/share/doc//www3/MPI_Type_get_name.html
/usr/bin/install -c -m 644 MPI_Type_get_true_extent.html /root/mpich2-1.0.8p1/mpich2-install/share/doc//www3/MPI_Type_get_true_extent.html
/usr/bin/install -c -m 644 MPI_Type_hindexed.html /root/mpich2-1.0.8p1/mpich2-install/share/doc//www3/MPI_Type_hindexed.html
/usr/bin/install -c -m 644 MPI_Type_hvector.html /root/mpich2-1.0.8p1/mpich2-install/share/doc//www3/MPI_Type_hvector.html
/usr/bin/install -c -m 644 MPI_Type_indexed.html /root/mpich2-1.0.8p1/mpich2-install/share/doc//www3/MPI_Type_indexed.html
/usr/bin/install -c -m 644 MPI_Type_lb.html /root/mpich2-1.0.8p1/mpich2-install/share/doc//www3/MPI_Type_lb.html
/usr/bin/install -c -m 644 MPI_Type_match_size.html /root/mpich2-1.0.8p1/mpich2-install/share/doc//www3/MPI_Type_match_size.html
/usr/bin/install -c -m 644 MPI_Type_set_attr.html /root/mpich2-1.0.8p1/mpich2-install/share/doc//www3/MPI_Type_set_attr.html
/usr/bin/install -c -m 644 MPI_Type_set_name.html /root/mpich2-1.0.8p1/mpich2-install/share/doc//www3/MPI_Type_set_name.html
/usr/bin/install -c -m 644 MPI_Type_size.html /root/mpich2-1.0.8p1/mpich2-install/share/doc//www3/MPI_Type_size.html
/usr/bin/install -c -m 644 MPI_Type_struct.html /root/mpich2-1.0.8p1/mpich2-install/share/doc//www3/MPI_Type_struct.html
/usr/bin/install -c -m 644 MPI_Type_ub.html /root/mpich2-1.0.8p1/mpich2-install/share/doc//www3/MPI_Type_ub.html
/usr/bin/install -c -m 644 MPI_Type_vector.html /root/mpich2-1.0.8p1/mpich2-install/share/doc//www3/MPI_Type_vector.html
/usr/bin/install -c -m 644 MPI_Unpack_external.html /root/mpich2-1.0.8p1/mpich2-install/share/doc//www3/MPI_Unpack_external.html
/usr/bin/install -c -m 644 MPI_Unpack.html /root/mpich2-1.0.8p1/mpich2-install/share/doc//www3/MPI_Unpack.html
/usr/bin/install -c -m 644 MPI_Unpublish_name.html /root/mpich2-1.0.8p1/mpich2-install/share/doc//www3/MPI_Unpublish_name.html
/usr/bin/install -c -m 644 MPI_Waitall.html /root/mpich2-1.0.8p1/mpich2-install/share/doc//www3/MPI_Waitall.html
/usr/bin/install -c -m 644 MPI_Waitany.html /root/mpich2-1.0.8p1/mpich2-install/share/doc//www3/MPI_Waitany.html
/usr/bin/install -c -m 644 MPI_Wait.html /root/mpich2-1.0.8p1/mpich2-install/share/doc//www3/MPI_Wait.html
/usr/bin/install -c -m 644 MPI_Waitsome.html /root/mpich2-1.0.8p1/mpich2-install/share/doc//www3/MPI_Waitsome.html
/usr/bin/install -c -m 644 MPI_Win_call_errhandler.html /root/mpich2-1.0.8p1/mpich2-install/share/doc//www3/MPI_Win_call_errhandler.html
/usr/bin/install -c -m 644 MPI_Win_complete.html /root/mpich2-1.0.8p1/mpich2-install/share/doc//www3/MPI_Win_complete.html
/usr/bin/install -c -m 644 MPI_Win_create_errhandler.html /root/mpich2-1.0.8p1/mpich2-install/share/doc//www3/MPI_Win_create_errhandler.html
/usr/bin/install -c -m 644 MPI_Win_create.html /root/mpich2-1.0.8p1/mpich2-install/share/doc//www3/MPI_Win_create.html
/usr/bin/install -c -m 644 MPI_Win_create_keyval.html /root/mpich2-1.0.8p1/mpich2-install/share/doc//www3/MPI_Win_create_keyval.html
/usr/bin/install -c -m 644 MPI_Win_delete_attr.html /root/mpich2-1.0.8p1/mpich2-install/share/doc//www3/MPI_Win_delete_attr.html
/usr/bin/install -c -m 644 MPI_Win_fence.html /root/mpich2-1.0.8p1/mpich2-install/share/doc//www3/MPI_Win_fence.html
/usr/bin/install -c -m 644 MPI_Win_free.html /root/mpich2-1.0.8p1/mpich2-install/share/doc//www3/MPI_Win_free.html
/usr/bin/install -c -m 644 MPI_Win_free_keyval.html /root/mpich2-1.0.8p1/mpich2-install/share/doc//www3/MPI_Win_free_keyval.html
/usr/bin/install -c -m 644 MPI_Win_get_attr.html /root/mpich2-1.0.8p1/mpich2-install/share/doc//www3/MPI_Win_get_attr.html
/usr/bin/install -c -m 644 MPI_Win_get_errhandler.html /root/mpich2-1.0.8p1/mpich2-install/share/doc//www3/MPI_Win_get_errhandler.html
/usr/bin/install -c -m 644 MPI_Win_get_group.html /root/mpich2-1.0.8p1/mpich2-install/share/doc//www3/MPI_Win_get_group.html
/usr/bin/install -c -m 644 MPI_Win_get_name.html /root/mpich2-1.0.8p1/mpich2-install/share/doc//www3/MPI_Win_get_name.html
/usr/bin/install -c -m 644 MPI_Win_lock.html /root/mpich2-1.0.8p1/mpich2-install/share/doc//www3/MPI_Win_lock.html
/usr/bin/install -c -m 644 MPI_Win_post.html /root/mpich2-1.0.8p1/mpich2-install/share/doc//www3/MPI_Win_post.html
/usr/bin/install -c -m 644 MPI_Win_set_attr.html /root/mpich2-1.0.8p1/mpich2-install/share/doc//www3/MPI_Win_set_attr.html
/usr/bin/install -c -m 644 MPI_Win_set_errhandler.html /root/mpich2-1.0.8p1/mpich2-install/share/doc//www3/MPI_Win_set_errhandler.html
/usr/bin/install -c -m 644 MPI_Win_set_name.html /root/mpich2-1.0.8p1/mpich2-install/share/doc//www3/MPI_Win_set_name.html
/usr/bin/install -c -m 644 MPI_Win_start.html /root/mpich2-1.0.8p1/mpich2-install/share/doc//www3/MPI_Win_start.html
/usr/bin/install -c -m 644 MPI_Win_test.html /root/mpich2-1.0.8p1/mpich2-install/share/doc//www3/MPI_Win_test.html
/usr/bin/install -c -m 644 MPI_Win_unlock.html /root/mpich2-1.0.8p1/mpich2-install/share/doc//www3/MPI_Win_unlock.html
/usr/bin/install -c -m 644 MPI_Win_wait.html /root/mpich2-1.0.8p1/mpich2-install/share/doc//www3/MPI_Win_wait.html
/usr/bin/install -c -m 644 MPI_Wtick.html /root/mpich2-1.0.8p1/mpich2-install/share/doc//www3/MPI_Wtick.html
/usr/bin/install -c -m 644 MPI_Wtime.html /root/mpich2-1.0.8p1/mpich2-install/share/doc//www3/MPI_Wtime.html
/usr/bin/install -c -m 644 MPI.1 /root/mpich2-1.0.8p1/mpich2-install/share/man/man1/MPI.1
/usr/bin/install -c -m 644 mpicc.1 /root/mpich2-1.0.8p1/mpich2-install/share/man/man1/mpicc.1
/usr/bin/install -c -m 644 mpicxx.1 /root/mpich2-1.0.8p1/mpich2-install/share/man/man1/mpicxx.1
/usr/bin/install -c -m 644 mpiexec.1 /root/mpich2-1.0.8p1/mpich2-install/share/man/man1/mpiexec.1
/usr/bin/install -c -m 644 mpif77.1 /root/mpich2-1.0.8p1/mpich2-install/share/man/man1/mpif77.1
/usr/bin/install -c -m 644 mpif90.1 /root/mpich2-1.0.8p1/mpich2-install/share/man/man1/mpif90.1
/usr/bin/install -c -m 644 MPI_Abort.3 /root/mpich2-1.0.8p1/mpich2-install/share/man/man3/MPI_Abort.3
/usr/bin/install -c -m 644 MPI_Accumulate.3 /root/mpich2-1.0.8p1/mpich2-install/share/man/man3/MPI_Accumulate.3
/usr/bin/install -c -m 644 MPI_Add_error_class.3 /root/mpich2-1.0.8p1/mpich2-install/share/man/man3/MPI_Add_error_class.3
/usr/bin/install -c -m 644 MPI_Add_error_code.3 /root/mpich2-1.0.8p1/mpich2-install/share/man/man3/MPI_Add_error_code.3
/usr/bin/install -c -m 644 MPI_Add_error_string.3 /root/mpich2-1.0.8p1/mpich2-install/share/man/man3/MPI_Add_error_string.3
/usr/bin/install -c -m 644 MPI_Address.3 /root/mpich2-1.0.8p1/mpich2-install/share/man/man3/MPI_Address.3
/usr/bin/install -c -m 644 MPI_Allgather.3 /root/mpich2-1.0.8p1/mpich2-install/share/man/man3/MPI_Allgather.3
/usr/bin/install -c -m 644 MPI_Allgatherv.3 /root/mpich2-1.0.8p1/mpich2-install/share/man/man3/MPI_Allgatherv.3
/usr/bin/install -c -m 644 MPI_Alloc_mem.3 /root/mpich2-1.0.8p1/mpich2-install/share/man/man3/MPI_Alloc_mem.3
/usr/bin/install -c -m 644 MPI_Allreduce.3 /root/mpich2-1.0.8p1/mpich2-install/share/man/man3/MPI_Allreduce.3
/usr/bin/install -c -m 644 MPI_Alltoall.3 /root/mpich2-1.0.8p1/mpich2-install/share/man/man3/MPI_Alltoall.3
/usr/bin/install -c -m 644 MPI_Alltoallv.3 /root/mpich2-1.0.8p1/mpich2-install/share/man/man3/MPI_Alltoallv.3
/usr/bin/install -c -m 644 MPI_Alltoallw.3 /root/mpich2-1.0.8p1/mpich2-install/share/man/man3/MPI_Alltoallw.3
/usr/bin/install -c -m 644 MPI_Attr_delete.3 /root/mpich2-1.0.8p1/mpich2-install/share/man/man3/MPI_Attr_delete.3
/usr/bin/install -c -m 644 MPI_Attr_get.3 /root/mpich2-1.0.8p1/mpich2-install/share/man/man3/MPI_Attr_get.3
/usr/bin/install -c -m 644 MPI_Attr_put.3 /root/mpich2-1.0.8p1/mpich2-install/share/man/man3/MPI_Attr_put.3
/usr/bin/install -c -m 644 MPI_Barrier.3 /root/mpich2-1.0.8p1/mpich2-install/share/man/man3/MPI_Barrier.3
/usr/bin/install -c -m 644 MPI_Bcast.3 /root/mpich2-1.0.8p1/mpich2-install/share/man/man3/MPI_Bcast.3
/usr/bin/install -c -m 644 MPI_Bsend.3 /root/mpich2-1.0.8p1/mpich2-install/share/man/man3/MPI_Bsend.3
/usr/bin/install -c -m 644 MPI_Bsend_init.3 /root/mpich2-1.0.8p1/mpich2-install/share/man/man3/MPI_Bsend_init.3
/usr/bin/install -c -m 644 MPI_Buffer_attach.3 /root/mpich2-1.0.8p1/mpich2-install/share/man/man3/MPI_Buffer_attach.3
/usr/bin/install -c -m 644 MPI_Buffer_detach.3 /root/mpich2-1.0.8p1/mpich2-install/share/man/man3/MPI_Buffer_detach.3
/usr/bin/install -c -m 644 MPI_Cancel.3 /root/mpich2-1.0.8p1/mpich2-install/share/man/man3/MPI_Cancel.3
/usr/bin/install -c -m 644 MPI_Cart_coords.3 /root/mpich2-1.0.8p1/mpich2-install/share/man/man3/MPI_Cart_coords.3
/usr/bin/install -c -m 644 MPI_Cart_create.3 /root/mpich2-1.0.8p1/mpich2-install/share/man/man3/MPI_Cart_create.3
/usr/bin/install -c -m 644 MPI_Cartdim_get.3 /root/mpich2-1.0.8p1/mpich2-install/share/man/man3/MPI_Cartdim_get.3
/usr/bin/install -c -m 644 MPI_Cart_get.3 /root/mpich2-1.0.8p1/mpich2-install/share/man/man3/MPI_Cart_get.3
/usr/bin/install -c -m 644 MPI_Cart_map.3 /root/mpich2-1.0.8p1/mpich2-install/share/man/man3/MPI_Cart_map.3
/usr/bin/install -c -m 644 MPI_Cart_rank.3 /root/mpich2-1.0.8p1/mpich2-install/share/man/man3/MPI_Cart_rank.3
/usr/bin/install -c -m 644 MPI_Cart_shift.3 /root/mpich2-1.0.8p1/mpich2-install/share/man/man3/MPI_Cart_shift.3
/usr/bin/install -c -m 644 MPI_Cart_sub.3 /root/mpich2-1.0.8p1/mpich2-install/share/man/man3/MPI_Cart_sub.3
/usr/bin/install -c -m 644 MPI_Close_port.3 /root/mpich2-1.0.8p1/mpich2-install/share/man/man3/MPI_Close_port.3
/usr/bin/install -c -m 644 MPI_Comm_accept.3 /root/mpich2-1.0.8p1/mpich2-install/share/man/man3/MPI_Comm_accept.3
/usr/bin/install -c -m 644 MPI_Comm_call_errhandler.3 /root/mpich2-1.0.8p1/mpich2-install/share/man/man3/MPI_Comm_call_errhandler.3
/usr/bin/install -c -m 644 MPI_Comm_compare.3 /root/mpich2-1.0.8p1/mpich2-install/share/man/man3/MPI_Comm_compare.3
/usr/bin/install -c -m 644 MPI_Comm_connect.3 /root/mpich2-1.0.8p1/mpich2-install/share/man/man3/MPI_Comm_connect.3
/usr/bin/install -c -m 644 MPI_Comm_create.3 /root/mpich2-1.0.8p1/mpich2-install/share/man/man3/MPI_Comm_create.3
/usr/bin/install -c -m 644 MPI_Comm_create_errhandler.3 /root/mpich2-1.0.8p1/mpich2-install/share/man/man3/MPI_Comm_create_errhandler.3
/usr/bin/install -c -m 644 MPI_Comm_create_keyval.3 /root/mpich2-1.0.8p1/mpich2-install/share/man/man3/MPI_Comm_create_keyval.3
/usr/bin/install -c -m 644 MPI_Comm_delete_attr.3 /root/mpich2-1.0.8p1/mpich2-install/share/man/man3/MPI_Comm_delete_attr.3
/usr/bin/install -c -m 644 MPI_Comm_disconnect.3 /root/mpich2-1.0.8p1/mpich2-install/share/man/man3/MPI_Comm_disconnect.3
/usr/bin/install -c -m 644 MPI_Comm_dup.3 /root/mpich2-1.0.8p1/mpich2-install/share/man/man3/MPI_Comm_dup.3
/usr/bin/install -c -m 644 MPI_Comm_free.3 /root/mpich2-1.0.8p1/mpich2-install/share/man/man3/MPI_Comm_free.3
/usr/bin/install -c -m 644 MPI_Comm_free_keyval.3 /root/mpich2-1.0.8p1/mpich2-install/share/man/man3/MPI_Comm_free_keyval.3
/usr/bin/install -c -m 644 MPI_Comm_get_attr.3 /root/mpich2-1.0.8p1/mpich2-install/share/man/man3/MPI_Comm_get_attr.3
/usr/bin/install -c -m 644 MPI_Comm_get_errhandler.3 /root/mpich2-1.0.8p1/mpich2-install/share/man/man3/MPI_Comm_get_errhandler.3
/usr/bin/install -c -m 644 MPI_Comm_get_name.3 /root/mpich2-1.0.8p1/mpich2-install/share/man/man3/MPI_Comm_get_name.3
/usr/bin/install -c -m 644 MPI_Comm_get_parent.3 /root/mpich2-1.0.8p1/mpich2-install/share/man/man3/MPI_Comm_get_parent.3
/usr/bin/install -c -m 644 MPI_Comm_group.3 /root/mpich2-1.0.8p1/mpich2-install/share/man/man3/MPI_Comm_group.3
/usr/bin/install -c -m 644 MPI_Comm_join.3 /root/mpich2-1.0.8p1/mpich2-install/share/man/man3/MPI_Comm_join.3
/usr/bin/install -c -m 644 MPI_Comm_rank.3 /root/mpich2-1.0.8p1/mpich2-install/share/man/man3/MPI_Comm_rank.3
/usr/bin/install -c -m 644 MPI_Comm_remote_group.3 /root/mpich2-1.0.8p1/mpich2-install/share/man/man3/MPI_Comm_remote_group.3
/usr/bin/install -c -m 644 MPI_Comm_remote_size.3 /root/mpich2-1.0.8p1/mpich2-install/share/man/man3/MPI_Comm_remote_size.3
/usr/bin/install -c -m 644 MPI_Comm_set_attr.3 /root/mpich2-1.0.8p1/mpich2-install/share/man/man3/MPI_Comm_set_attr.3
/usr/bin/install -c -m 644 MPI_Comm_set_errhandler.3 /root/mpich2-1.0.8p1/mpich2-install/share/man/man3/MPI_Comm_set_errhandler.3
/usr/bin/install -c -m 644 MPI_Comm_set_name.3 /root/mpich2-1.0.8p1/mpich2-install/share/man/man3/MPI_Comm_set_name.3
/usr/bin/install -c -m 644 MPI_Comm_size.3 /root/mpich2-1.0.8p1/mpich2-install/share/man/man3/MPI_Comm_size.3
/usr/bin/install -c -m 644 MPI_Comm_spawn.3 /root/mpich2-1.0.8p1/mpich2-install/share/man/man3/MPI_Comm_spawn.3
/usr/bin/install -c -m 644 MPI_Comm_spawn_multiple.3 /root/mpich2-1.0.8p1/mpich2-install/share/man/man3/MPI_Comm_spawn_multiple.3
/usr/bin/install -c -m 644 MPI_Comm_split.3 /root/mpich2-1.0.8p1/mpich2-install/share/man/man3/MPI_Comm_split.3
/usr/bin/install -c -m 644 MPI_Comm_test_inter.3 /root/mpich2-1.0.8p1/mpich2-install/share/man/man3/MPI_Comm_test_inter.3
/usr/bin/install -c -m 644 MPI_Dims_create.3 /root/mpich2-1.0.8p1/mpich2-install/share/man/man3/MPI_Dims_create.3
/usr/bin/install -c -m 644 MPI_Errhandler_create.3 /root/mpich2-1.0.8p1/mpich2-install/share/man/man3/MPI_Errhandler_create.3
/usr/bin/install -c -m 644 MPI_Errhandler_free.3 /root/mpich2-1.0.8p1/mpich2-install/share/man/man3/MPI_Errhandler_free.3
/usr/bin/install -c -m 644 MPI_Errhandler_get.3 /root/mpich2-1.0.8p1/mpich2-install/share/man/man3/MPI_Errhandler_get.3
/usr/bin/install -c -m 644 MPI_Errhandler_set.3 /root/mpich2-1.0.8p1/mpich2-install/share/man/man3/MPI_Errhandler_set.3
/usr/bin/install -c -m 644 MPI_Error_class.3 /root/mpich2-1.0.8p1/mpich2-install/share/man/man3/MPI_Error_class.3
/usr/bin/install -c -m 644 MPI_Error_string.3 /root/mpich2-1.0.8p1/mpich2-install/share/man/man3/MPI_Error_string.3
/usr/bin/install -c -m 644 MPI_Exscan.3 /root/mpich2-1.0.8p1/mpich2-install/share/man/man3/MPI_Exscan.3
/usr/bin/install -c -m 644 MPI_File_c2f.3 /root/mpich2-1.0.8p1/mpich2-install/share/man/man3/MPI_File_c2f.3
/usr/bin/install -c -m 644 MPI_File_call_errhandler.3 /root/mpich2-1.0.8p1/mpich2-install/share/man/man3/MPI_File_call_errhandler.3
/usr/bin/install -c -m 644 MPI_File_close.3 /root/mpich2-1.0.8p1/mpich2-install/share/man/man3/MPI_File_close.3
/usr/bin/install -c -m 644 MPI_File_create_errhandler.3 /root/mpich2-1.0.8p1/mpich2-install/share/man/man3/MPI_File_create_errhandler.3
/usr/bin/install -c -m 644 MPI_File_delete.3 /root/mpich2-1.0.8p1/mpich2-install/share/man/man3/MPI_File_delete.3
/usr/bin/install -c -m 644 MPI_File_f2c.3 /root/mpich2-1.0.8p1/mpich2-install/share/man/man3/MPI_File_f2c.3
/usr/bin/install -c -m 644 MPI_File_get_amode.3 /root/mpich2-1.0.8p1/mpich2-install/share/man/man3/MPI_File_get_amode.3
/usr/bin/install -c -m 644 MPI_File_get_atomicity.3 /root/mpich2-1.0.8p1/mpich2-install/share/man/man3/MPI_File_get_atomicity.3
/usr/bin/install -c -m 644 MPI_File_get_byte_offset.3 /root/mpich2-1.0.8p1/mpich2-install/share/man/man3/MPI_File_get_byte_offset.3
/usr/bin/install -c -m 644 MPI_File_get_errhandler.3 /root/mpich2-1.0.8p1/mpich2-install/share/man/man3/MPI_File_get_errhandler.3
/usr/bin/install -c -m 644 MPI_File_get_group.3 /root/mpich2-1.0.8p1/mpich2-install/share/man/man3/MPI_File_get_group.3
/usr/bin/install -c -m 644 MPI_File_get_info.3 /root/mpich2-1.0.8p1/mpich2-install/share/man/man3/MPI_File_get_info.3
/usr/bin/install -c -m 644 MPI_File_get_position.3 /root/mpich2-1.0.8p1/mpich2-install/share/man/man3/MPI_File_get_position.3
/usr/bin/install -c -m 644 MPI_File_get_position_shared.3 /root/mpich2-1.0.8p1/mpich2-install/share/man/man3/MPI_File_get_position_shared.3
/usr/bin/install -c -m 644 MPI_File_get_size.3 /root/mpich2-1.0.8p1/mpich2-install/share/man/man3/MPI_File_get_size.3
/usr/bin/install -c -m 644 MPI_File_get_type_extent.3 /root/mpich2-1.0.8p1/mpich2-install/share/man/man3/MPI_File_get_type_extent.3
/usr/bin/install -c -m 644 MPI_File_get_view.3 /root/mpich2-1.0.8p1/mpich2-install/share/man/man3/MPI_File_get_view.3
/usr/bin/install -c -m 644 MPI_File_iread.3 /root/mpich2-1.0.8p1/mpich2-install/share/man/man3/MPI_File_iread.3
/usr/bin/install -c -m 644 MPI_File_iread_at.3 /root/mpich2-1.0.8p1/mpich2-install/share/man/man3/MPI_File_iread_at.3
/usr/bin/install -c -m 644 MPI_File_iread_shared.3 /root/mpich2-1.0.8p1/mpich2-install/share/man/man3/MPI_File_iread_shared.3
/usr/bin/install -c -m 644 MPI_File_iwrite.3 /root/mpich2-1.0.8p1/mpich2-install/share/man/man3/MPI_File_iwrite.3
/usr/bin/install -c -m 644 MPI_File_iwrite_at.3 /root/mpich2-1.0.8p1/mpich2-install/share/man/man3/MPI_File_iwrite_at.3
/usr/bin/install -c -m 644 MPI_File_iwrite_shared.3 /root/mpich2-1.0.8p1/mpich2-install/share/man/man3/MPI_File_iwrite_shared.3
/usr/bin/install -c -m 644 MPI_File_open.3 /root/mpich2-1.0.8p1/mpich2-install/share/man/man3/MPI_File_open.3
/usr/bin/install -c -m 644 MPI_File_preallocate.3 /root/mpich2-1.0.8p1/mpich2-install/share/man/man3/MPI_File_preallocate.3
/usr/bin/install -c -m 644 MPI_File_read.3 /root/mpich2-1.0.8p1/mpich2-install/share/man/man3/MPI_File_read.3
/usr/bin/install -c -m 644 MPI_File_read_all.3 /root/mpich2-1.0.8p1/mpich2-install/share/man/man3/MPI_File_read_all.3
/usr/bin/install -c -m 644 MPI_File_read_all_begin.3 /root/mpich2-1.0.8p1/mpich2-install/share/man/man3/MPI_File_read_all_begin.3
/usr/bin/install -c -m 644 MPI_File_read_all_end.3 /root/mpich2-1.0.8p1/mpich2-install/share/man/man3/MPI_File_read_all_end.3
/usr/bin/install -c -m 644 MPI_File_read_at.3 /root/mpich2-1.0.8p1/mpich2-install/share/man/man3/MPI_File_read_at.3
/usr/bin/install -c -m 644 MPI_File_read_at_all.3 /root/mpich2-1.0.8p1/mpich2-install/share/man/man3/MPI_File_read_at_all.3
/usr/bin/install -c -m 644 MPI_File_read_at_all_begin.3 /root/mpich2-1.0.8p1/mpich2-install/share/man/man3/MPI_File_read_at_all_begin.3
/usr/bin/install -c -m 644 MPI_File_read_at_all_end.3 /root/mpich2-1.0.8p1/mpich2-install/share/man/man3/MPI_File_read_at_all_end.3
/usr/bin/install -c -m 644 MPI_File_read_ordered.3 /root/mpich2-1.0.8p1/mpich2-install/share/man/man3/MPI_File_read_ordered.3
/usr/bin/install -c -m 644 MPI_File_read_ordered_begin.3 /root/mpich2-1.0.8p1/mpich2-install/share/man/man3/MPI_File_read_ordered_begin.3
/usr/bin/install -c -m 644 MPI_File_read_ordered_end.3 /root/mpich2-1.0.8p1/mpich2-install/share/man/man3/MPI_File_read_ordered_end.3
/usr/bin/install -c -m 644 MPI_File_read_shared.3 /root/mpich2-1.0.8p1/mpich2-install/share/man/man3/MPI_File_read_shared.3
/usr/bin/install -c -m 644 MPI_File_seek.3 /root/mpich2-1.0.8p1/mpich2-install/share/man/man3/MPI_File_seek.3
/usr/bin/install -c -m 644 MPI_File_seek_shared.3 /root/mpich2-1.0.8p1/mpich2-install/share/man/man3/MPI_File_seek_shared.3
/usr/bin/install -c -m 644 MPI_File_set_atomicity.3 /root/mpich2-1.0.8p1/mpich2-install/share/man/man3/MPI_File_set_atomicity.3
/usr/bin/install -c -m 644 MPI_File_set_errhandler.3 /root/mpich2-1.0.8p1/mpich2-install/share/man/man3/MPI_File_set_errhandler.3
/usr/bin/install -c -m 644 MPI_File_set_info.3 /root/mpich2-1.0.8p1/mpich2-install/share/man/man3/MPI_File_set_info.3
/usr/bin/install -c -m 644 MPI_File_set_size.3 /root/mpich2-1.0.8p1/mpich2-install/share/man/man3/MPI_File_set_size.3
/usr/bin/install -c -m 644 MPI_File_set_view.3 /root/mpich2-1.0.8p1/mpich2-install/share/man/man3/MPI_File_set_view.3
/usr/bin/install -c -m 644 MPI_File_sync.3 /root/mpich2-1.0.8p1/mpich2-install/share/man/man3/MPI_File_sync.3
/usr/bin/install -c -m 644 MPI_File_write.3 /root/mpich2-1.0.8p1/mpich2-install/share/man/man3/MPI_File_write.3
/usr/bin/install -c -m 644 MPI_File_write_all.3 /root/mpich2-1.0.8p1/mpich2-install/share/man/man3/MPI_File_write_all.3
/usr/bin/install -c -m 644 MPI_File_write_all_begin.3 /root/mpich2-1.0.8p1/mpich2-install/share/man/man3/MPI_File_write_all_begin.3
/usr/bin/install -c -m 644 MPI_File_write_all_end.3 /root/mpich2-1.0.8p1/mpich2-install/share/man/man3/MPI_File_write_all_end.3
/usr/bin/install -c -m 644 MPI_File_write_at.3 /root/mpich2-1.0.8p1/mpich2-install/share/man/man3/MPI_File_write_at.3
/usr/bin/install -c -m 644 MPI_File_write_at_all.3 /root/mpich2-1.0.8p1/mpich2-install/share/man/man3/MPI_File_write_at_all.3
/usr/bin/install -c -m 644 MPI_File_write_at_all_begin.3 /root/mpich2-1.0.8p1/mpich2-install/share/man/man3/MPI_File_write_at_all_begin.3
/usr/bin/install -c -m 644 MPI_File_write_at_all_end.3 /root/mpich2-1.0.8p1/mpich2-install/share/man/man3/MPI_File_write_at_all_end.3
/usr/bin/install -c -m 644 MPI_File_write_ordered.3 /root/mpich2-1.0.8p1/mpich2-install/share/man/man3/MPI_File_write_ordered.3
/usr/bin/install -c -m 644 MPI_File_write_ordered_begin.3 /root/mpich2-1.0.8p1/mpich2-install/share/man/man3/MPI_File_write_ordered_begin.3
/usr/bin/install -c -m 644 MPI_File_write_ordered_end.3 /root/mpich2-1.0.8p1/mpich2-install/share/man/man3/MPI_File_write_ordered_end.3
/usr/bin/install -c -m 644 MPI_File_write_shared.3 /root/mpich2-1.0.8p1/mpich2-install/share/man/man3/MPI_File_write_shared.3
/usr/bin/install -c -m 644 MPI_Finalize.3 /root/mpich2-1.0.8p1/mpich2-install/share/man/man3/MPI_Finalize.3
/usr/bin/install -c -m 644 MPI_Finalized.3 /root/mpich2-1.0.8p1/mpich2-install/share/man/man3/MPI_Finalized.3
/usr/bin/install -c -m 644 MPI_Free_mem.3 /root/mpich2-1.0.8p1/mpich2-install/share/man/man3/MPI_Free_mem.3
/usr/bin/install -c -m 644 MPI_Gather.3 /root/mpich2-1.0.8p1/mpich2-install/share/man/man3/MPI_Gather.3
/usr/bin/install -c -m 644 MPI_Gatherv.3 /root/mpich2-1.0.8p1/mpich2-install/share/man/man3/MPI_Gatherv.3
/usr/bin/install -c -m 644 MPI_Get.3 /root/mpich2-1.0.8p1/mpich2-install/share/man/man3/MPI_Get.3
/usr/bin/install -c -m 644 MPI_Get_address.3 /root/mpich2-1.0.8p1/mpich2-install/share/man/man3/MPI_Get_address.3
/usr/bin/install -c -m 644 MPI_Get_count.3 /root/mpich2-1.0.8p1/mpich2-install/share/man/man3/MPI_Get_count.3
/usr/bin/install -c -m 644 MPI_Get_elements.3 /root/mpich2-1.0.8p1/mpich2-install/share/man/man3/MPI_Get_elements.3
/usr/bin/install -c -m 644 MPI_Get_processor_name.3 /root/mpich2-1.0.8p1/mpich2-install/share/man/man3/MPI_Get_processor_name.3
/usr/bin/install -c -m 644 MPI_Get_version.3 /root/mpich2-1.0.8p1/mpich2-install/share/man/man3/MPI_Get_version.3
/usr/bin/install -c -m 644 MPI_Graph_create.3 /root/mpich2-1.0.8p1/mpich2-install/share/man/man3/MPI_Graph_create.3
/usr/bin/install -c -m 644 MPI_Graphdims_get.3 /root/mpich2-1.0.8p1/mpich2-install/share/man/man3/MPI_Graphdims_get.3
/usr/bin/install -c -m 644 MPI_Graph_get.3 /root/mpich2-1.0.8p1/mpich2-install/share/man/man3/MPI_Graph_get.3
/usr/bin/install -c -m 644 MPI_Graph_map.3 /root/mpich2-1.0.8p1/mpich2-install/share/man/man3/MPI_Graph_map.3
/usr/bin/install -c -m 644 MPI_Graph_neighbors.3 /root/mpich2-1.0.8p1/mpich2-install/share/man/man3/MPI_Graph_neighbors.3
/usr/bin/install -c -m 644 MPI_Graph_neighbors_count.3 /root/mpich2-1.0.8p1/mpich2-install/share/man/man3/MPI_Graph_neighbors_count.3
/usr/bin/install -c -m 644 MPI_Grequest_complete.3 /root/mpich2-1.0.8p1/mpich2-install/share/man/man3/MPI_Grequest_complete.3
/usr/bin/install -c -m 644 MPI_Grequest_start.3 /root/mpich2-1.0.8p1/mpich2-install/share/man/man3/MPI_Grequest_start.3
/usr/bin/install -c -m 644 MPI_Group_compare.3 /root/mpich2-1.0.8p1/mpich2-install/share/man/man3/MPI_Group_compare.3
/usr/bin/install -c -m 644 MPI_Group_difference.3 /root/mpich2-1.0.8p1/mpich2-install/share/man/man3/MPI_Group_difference.3
/usr/bin/install -c -m 644 MPI_Group_excl.3 /root/mpich2-1.0.8p1/mpich2-install/share/man/man3/MPI_Group_excl.3
/usr/bin/install -c -m 644 MPI_Group_free.3 /root/mpich2-1.0.8p1/mpich2-install/share/man/man3/MPI_Group_free.3
/usr/bin/install -c -m 644 MPI_Group_incl.3 /root/mpich2-1.0.8p1/mpich2-install/share/man/man3/MPI_Group_incl.3
/usr/bin/install -c -m 644 MPI_Group_intersection.3 /root/mpich2-1.0.8p1/mpich2-install/share/man/man3/MPI_Group_intersection.3
/usr/bin/install -c -m 644 MPI_Group_range_excl.3 /root/mpich2-1.0.8p1/mpich2-install/share/man/man3/MPI_Group_range_excl.3
/usr/bin/install -c -m 644 MPI_Group_range_incl.3 /root/mpich2-1.0.8p1/mpich2-install/share/man/man3/MPI_Group_range_incl.3
/usr/bin/install -c -m 644 MPI_Group_rank.3 /root/mpich2-1.0.8p1/mpich2-install/share/man/man3/MPI_Group_rank.3
/usr/bin/install -c -m 644 MPI_Group_size.3 /root/mpich2-1.0.8p1/mpich2-install/share/man/man3/MPI_Group_size.3
/usr/bin/install -c -m 644 MPI_Group_translate_ranks.3 /root/mpich2-1.0.8p1/mpich2-install/share/man/man3/MPI_Group_translate_ranks.3
/usr/bin/install -c -m 644 MPI_Group_union.3 /root/mpich2-1.0.8p1/mpich2-install/share/man/man3/MPI_Group_union.3
/usr/bin/install -c -m 644 MPI_Ibsend.3 /root/mpich2-1.0.8p1/mpich2-install/share/man/man3/MPI_Ibsend.3
/usr/bin/install -c -m 644 MPI_Info_create.3 /root/mpich2-1.0.8p1/mpich2-install/share/man/man3/MPI_Info_create.3
/usr/bin/install -c -m 644 MPI_Info_delete.3 /root/mpich2-1.0.8p1/mpich2-install/share/man/man3/MPI_Info_delete.3
/usr/bin/install -c -m 644 MPI_Info_dup.3 /root/mpich2-1.0.8p1/mpich2-install/share/man/man3/MPI_Info_dup.3
/usr/bin/install -c -m 644 MPI_Info_free.3 /root/mpich2-1.0.8p1/mpich2-install/share/man/man3/MPI_Info_free.3
/usr/bin/install -c -m 644 MPI_Info_get.3 /root/mpich2-1.0.8p1/mpich2-install/share/man/man3/MPI_Info_get.3
/usr/bin/install -c -m 644 MPI_Info_get_nkeys.3 /root/mpich2-1.0.8p1/mpich2-install/share/man/man3/MPI_Info_get_nkeys.3
/usr/bin/install -c -m 644 MPI_Info_get_nthkey.3 /root/mpich2-1.0.8p1/mpich2-install/share/man/man3/MPI_Info_get_nthkey.3
/usr/bin/install -c -m 644 MPI_Info_get_valuelen.3 /root/mpich2-1.0.8p1/mpich2-install/share/man/man3/MPI_Info_get_valuelen.3
/usr/bin/install -c -m 644 MPI_Info_set.3 /root/mpich2-1.0.8p1/mpich2-install/share/man/man3/MPI_Info_set.3
/usr/bin/install -c -m 644 MPI_Init.3 /root/mpich2-1.0.8p1/mpich2-install/share/man/man3/MPI_Init.3
/usr/bin/install -c -m 644 MPI_Initialized.3 /root/mpich2-1.0.8p1/mpich2-install/share/man/man3/MPI_Initialized.3
/usr/bin/install -c -m 644 MPI_Init_thread.3 /root/mpich2-1.0.8p1/mpich2-install/share/man/man3/MPI_Init_thread.3
/usr/bin/install -c -m 644 MPI_Intercomm_create.3 /root/mpich2-1.0.8p1/mpich2-install/share/man/man3/MPI_Intercomm_create.3
/usr/bin/install -c -m 644 MPI_Intercomm_merge.3 /root/mpich2-1.0.8p1/mpich2-install/share/man/man3/MPI_Intercomm_merge.3
/usr/bin/install -c -m 644 MPI_Iprobe.3 /root/mpich2-1.0.8p1/mpich2-install/share/man/man3/MPI_Iprobe.3
/usr/bin/install -c -m 644 MPI_Irecv.3 /root/mpich2-1.0.8p1/mpich2-install/share/man/man3/MPI_Irecv.3
/usr/bin/install -c -m 644 MPI_Irsend.3 /root/mpich2-1.0.8p1/mpich2-install/share/man/man3/MPI_Irsend.3
/usr/bin/install -c -m 644 MPI_Isend.3 /root/mpich2-1.0.8p1/mpich2-install/share/man/man3/MPI_Isend.3
/usr/bin/install -c -m 644 MPI_Issend.3 /root/mpich2-1.0.8p1/mpich2-install/share/man/man3/MPI_Issend.3
/usr/bin/install -c -m 644 MPI_Is_thread_main.3 /root/mpich2-1.0.8p1/mpich2-install/share/man/man3/MPI_Is_thread_main.3
/usr/bin/install -c -m 644 MPI_Keyval_create.3 /root/mpich2-1.0.8p1/mpich2-install/share/man/man3/MPI_Keyval_create.3
/usr/bin/install -c -m 644 MPI_Keyval_free.3 /root/mpich2-1.0.8p1/mpich2-install/share/man/man3/MPI_Keyval_free.3
/usr/bin/install -c -m 644 MPI_Lookup_name.3 /root/mpich2-1.0.8p1/mpich2-install/share/man/man3/MPI_Lookup_name.3
/usr/bin/install -c -m 644 MPI_Op_create.3 /root/mpich2-1.0.8p1/mpich2-install/share/man/man3/MPI_Op_create.3
/usr/bin/install -c -m 644 MPI_Open_port.3 /root/mpich2-1.0.8p1/mpich2-install/share/man/man3/MPI_Open_port.3
/usr/bin/install -c -m 644 MPI_Op_free.3 /root/mpich2-1.0.8p1/mpich2-install/share/man/man3/MPI_Op_free.3
/usr/bin/install -c -m 644 MPI_Pack.3 /root/mpich2-1.0.8p1/mpich2-install/share/man/man3/MPI_Pack.3
/usr/bin/install -c -m 644 MPI_Pack_external.3 /root/mpich2-1.0.8p1/mpich2-install/share/man/man3/MPI_Pack_external.3
/usr/bin/install -c -m 644 MPI_Pack_external_size.3 /root/mpich2-1.0.8p1/mpich2-install/share/man/man3/MPI_Pack_external_size.3
/usr/bin/install -c -m 644 MPI_Pack_size.3 /root/mpich2-1.0.8p1/mpich2-install/share/man/man3/MPI_Pack_size.3
/usr/bin/install -c -m 644 MPI_Pcontrol.3 /root/mpich2-1.0.8p1/mpich2-install/share/man/man3/MPI_Pcontrol.3
/usr/bin/install -c -m 644 MPI_Probe.3 /root/mpich2-1.0.8p1/mpich2-install/share/man/man3/MPI_Probe.3
/usr/bin/install -c -m 644 MPI_Publish_name.3 /root/mpich2-1.0.8p1/mpich2-install/share/man/man3/MPI_Publish_name.3
/usr/bin/install -c -m 644 MPI_Put.3 /root/mpich2-1.0.8p1/mpich2-install/share/man/man3/MPI_Put.3
/usr/bin/install -c -m 644 MPI_Query_thread.3 /root/mpich2-1.0.8p1/mpich2-install/share/man/man3/MPI_Query_thread.3
/usr/bin/install -c -m 644 MPI_Recv.3 /root/mpich2-1.0.8p1/mpich2-install/share/man/man3/MPI_Recv.3
/usr/bin/install -c -m 644 MPI_Recv_init.3 /root/mpich2-1.0.8p1/mpich2-install/share/man/man3/MPI_Recv_init.3
/usr/bin/install -c -m 644 MPI_Reduce.3 /root/mpich2-1.0.8p1/mpich2-install/share/man/man3/MPI_Reduce.3
/usr/bin/install -c -m 644 MPI_Reduce_scatter.3 /root/mpich2-1.0.8p1/mpich2-install/share/man/man3/MPI_Reduce_scatter.3
/usr/bin/install -c -m 644 MPI_Register_datarep.3 /root/mpich2-1.0.8p1/mpich2-install/share/man/man3/MPI_Register_datarep.3
/usr/bin/install -c -m 644 MPI_Request_free.3 /root/mpich2-1.0.8p1/mpich2-install/share/man/man3/MPI_Request_free.3
/usr/bin/install -c -m 644 MPI_Request_get_status.3 /root/mpich2-1.0.8p1/mpich2-install/share/man/man3/MPI_Request_get_status.3
/usr/bin/install -c -m 644 MPI_Rsend.3 /root/mpich2-1.0.8p1/mpich2-install/share/man/man3/MPI_Rsend.3
/usr/bin/install -c -m 644 MPI_Rsend_init.3 /root/mpich2-1.0.8p1/mpich2-install/share/man/man3/MPI_Rsend_init.3
/usr/bin/install -c -m 644 MPI_Scan.3 /root/mpich2-1.0.8p1/mpich2-install/share/man/man3/MPI_Scan.3
/usr/bin/install -c -m 644 MPI_Scatter.3 /root/mpich2-1.0.8p1/mpich2-install/share/man/man3/MPI_Scatter.3
/usr/bin/install -c -m 644 MPI_Scatterv.3 /root/mpich2-1.0.8p1/mpich2-install/share/man/man3/MPI_Scatterv.3
/usr/bin/install -c -m 644 MPI_Send.3 /root/mpich2-1.0.8p1/mpich2-install/share/man/man3/MPI_Send.3
/usr/bin/install -c -m 644 MPI_Send_init.3 /root/mpich2-1.0.8p1/mpich2-install/share/man/man3/MPI_Send_init.3
/usr/bin/install -c -m 644 MPI_Sendrecv.3 /root/mpich2-1.0.8p1/mpich2-install/share/man/man3/MPI_Sendrecv.3
/usr/bin/install -c -m 644 MPI_Sendrecv_replace.3 /root/mpich2-1.0.8p1/mpich2-install/share/man/man3/MPI_Sendrecv_replace.3
/usr/bin/install -c -m 644 MPI_Ssend.3 /root/mpich2-1.0.8p1/mpich2-install/share/man/man3/MPI_Ssend.3
/usr/bin/install -c -m 644 MPI_Ssend_init.3 /root/mpich2-1.0.8p1/mpich2-install/share/man/man3/MPI_Ssend_init.3
/usr/bin/install -c -m 644 MPI_Start.3 /root/mpich2-1.0.8p1/mpich2-install/share/man/man3/MPI_Start.3
/usr/bin/install -c -m 644 MPI_Startall.3 /root/mpich2-1.0.8p1/mpich2-install/share/man/man3/MPI_Startall.3
/usr/bin/install -c -m 644 MPI_Status_set_cancelled.3 /root/mpich2-1.0.8p1/mpich2-install/share/man/man3/MPI_Status_set_cancelled.3
/usr/bin/install -c -m 644 MPI_Status_set_elements.3 /root/mpich2-1.0.8p1/mpich2-install/share/man/man3/MPI_Status_set_elements.3
/usr/bin/install -c -m 644 MPI_Test.3 /root/mpich2-1.0.8p1/mpich2-install/share/man/man3/MPI_Test.3
/usr/bin/install -c -m 644 MPI_Testall.3 /root/mpich2-1.0.8p1/mpich2-install/share/man/man3/MPI_Testall.3
/usr/bin/install -c -m 644 MPI_Testany.3 /root/mpich2-1.0.8p1/mpich2-install/share/man/man3/MPI_Testany.3
/usr/bin/install -c -m 644 MPI_Test_cancelled.3 /root/mpich2-1.0.8p1/mpich2-install/share/man/man3/MPI_Test_cancelled.3
/usr/bin/install -c -m 644 MPI_Testsome.3 /root/mpich2-1.0.8p1/mpich2-install/share/man/man3/MPI_Testsome.3
/usr/bin/install -c -m 644 MPI_Topo_test.3 /root/mpich2-1.0.8p1/mpich2-install/share/man/man3/MPI_Topo_test.3
/usr/bin/install -c -m 644 MPI_Type_commit.3 /root/mpich2-1.0.8p1/mpich2-install/share/man/man3/MPI_Type_commit.3
/usr/bin/install -c -m 644 MPI_Type_contiguous.3 /root/mpich2-1.0.8p1/mpich2-install/share/man/man3/MPI_Type_contiguous.3
/usr/bin/install -c -m 644 MPI_Type_create_darray.3 /root/mpich2-1.0.8p1/mpich2-install/share/man/man3/MPI_Type_create_darray.3
/usr/bin/install -c -m 644 MPI_Type_create_hindexed.3 /root/mpich2-1.0.8p1/mpich2-install/share/man/man3/MPI_Type_create_hindexed.3
/usr/bin/install -c -m 644 MPI_Type_create_hvector.3 /root/mpich2-1.0.8p1/mpich2-install/share/man/man3/MPI_Type_create_hvector.3
/usr/bin/install -c -m 644 MPI_Type_create_indexed_block.3 /root/mpich2-1.0.8p1/mpich2-install/share/man/man3/MPI_Type_create_indexed_block.3
/usr/bin/install -c -m 644 MPI_Type_create_keyval.3 /root/mpich2-1.0.8p1/mpich2-install/share/man/man3/MPI_Type_create_keyval.3
/usr/bin/install -c -m 644 MPI_Type_create_resized.3 /root/mpich2-1.0.8p1/mpich2-install/share/man/man3/MPI_Type_create_resized.3
/usr/bin/install -c -m 644 MPI_Type_create_struct.3 /root/mpich2-1.0.8p1/mpich2-install/share/man/man3/MPI_Type_create_struct.3
/usr/bin/install -c -m 644 MPI_Type_create_subarray.3 /root/mpich2-1.0.8p1/mpich2-install/share/man/man3/MPI_Type_create_subarray.3
/usr/bin/install -c -m 644 MPI_Type_delete_attr.3 /root/mpich2-1.0.8p1/mpich2-install/share/man/man3/MPI_Type_delete_attr.3
/usr/bin/install -c -m 644 MPI_Type_dup.3 /root/mpich2-1.0.8p1/mpich2-install/share/man/man3/MPI_Type_dup.3
/usr/bin/install -c -m 644 MPI_Type_extent.3 /root/mpich2-1.0.8p1/mpich2-install/share/man/man3/MPI_Type_extent.3
/usr/bin/install -c -m 644 MPI_Type_free.3 /root/mpich2-1.0.8p1/mpich2-install/share/man/man3/MPI_Type_free.3
/usr/bin/install -c -m 644 MPI_Type_free_keyval.3 /root/mpich2-1.0.8p1/mpich2-install/share/man/man3/MPI_Type_free_keyval.3
/usr/bin/install -c -m 644 MPI_Type_get_attr.3 /root/mpich2-1.0.8p1/mpich2-install/share/man/man3/MPI_Type_get_attr.3
/usr/bin/install -c -m 644 MPI_Type_get_contents.3 /root/mpich2-1.0.8p1/mpich2-install/share/man/man3/MPI_Type_get_contents.3
/usr/bin/install -c -m 644 MPI_Type_get_envelope.3 /root/mpich2-1.0.8p1/mpich2-install/share/man/man3/MPI_Type_get_envelope.3
/usr/bin/install -c -m 644 MPI_Type_get_extent.3 /root/mpich2-1.0.8p1/mpich2-install/share/man/man3/MPI_Type_get_extent.3
/usr/bin/install -c -m 644 MPI_Type_get_name.3 /root/mpich2-1.0.8p1/mpich2-install/share/man/man3/MPI_Type_get_name.3
/usr/bin/install -c -m 644 MPI_Type_get_true_extent.3 /root/mpich2-1.0.8p1/mpich2-install/share/man/man3/MPI_Type_get_true_extent.3
/usr/bin/install -c -m 644 MPI_Type_hindexed.3 /root/mpich2-1.0.8p1/mpich2-install/share/man/man3/MPI_Type_hindexed.3
/usr/bin/install -c -m 644 MPI_Type_hvector.3 /root/mpich2-1.0.8p1/mpich2-install/share/man/man3/MPI_Type_hvector.3
/usr/bin/install -c -m 644 MPI_Type_indexed.3 /root/mpich2-1.0.8p1/mpich2-install/share/man/man3/MPI_Type_indexed.3
/usr/bin/install -c -m 644 MPI_Type_lb.3 /root/mpich2-1.0.8p1/mpich2-install/share/man/man3/MPI_Type_lb.3
/usr/bin/install -c -m 644 MPI_Type_match_size.3 /root/mpich2-1.0.8p1/mpich2-install/share/man/man3/MPI_Type_match_size.3
/usr/bin/install -c -m 644 MPI_Type_set_attr.3 /root/mpich2-1.0.8p1/mpich2-install/share/man/man3/MPI_Type_set_attr.3
/usr/bin/install -c -m 644 MPI_Type_set_name.3 /root/mpich2-1.0.8p1/mpich2-install/share/man/man3/MPI_Type_set_name.3
/usr/bin/install -c -m 644 MPI_Type_size.3 /root/mpich2-1.0.8p1/mpich2-install/share/man/man3/MPI_Type_size.3
/usr/bin/install -c -m 644 MPI_Type_struct.3 /root/mpich2-1.0.8p1/mpich2-install/share/man/man3/MPI_Type_struct.3
/usr/bin/install -c -m 644 MPI_Type_ub.3 /root/mpich2-1.0.8p1/mpich2-install/share/man/man3/MPI_Type_ub.3
/usr/bin/install -c -m 644 MPI_Type_vector.3 /root/mpich2-1.0.8p1/mpich2-install/share/man/man3/MPI_Type_vector.3
/usr/bin/install -c -m 644 MPI_Unpack.3 /root/mpich2-1.0.8p1/mpich2-install/share/man/man3/MPI_Unpack.3
/usr/bin/install -c -m 644 MPI_Unpack_external.3 /root/mpich2-1.0.8p1/mpich2-install/share/man/man3/MPI_Unpack_external.3
/usr/bin/install -c -m 644 MPI_Unpublish_name.3 /root/mpich2-1.0.8p1/mpich2-install/share/man/man3/MPI_Unpublish_name.3
/usr/bin/install -c -m 644 MPI_Wait.3 /root/mpich2-1.0.8p1/mpich2-install/share/man/man3/MPI_Wait.3
/usr/bin/install -c -m 644 MPI_Waitall.3 /root/mpich2-1.0.8p1/mpich2-install/share/man/man3/MPI_Waitall.3
/usr/bin/install -c -m 644 MPI_Waitany.3 /root/mpich2-1.0.8p1/mpich2-install/share/man/man3/MPI_Waitany.3
/usr/bin/install -c -m 644 MPI_Waitsome.3 /root/mpich2-1.0.8p1/mpich2-install/share/man/man3/MPI_Waitsome.3
/usr/bin/install -c -m 644 MPI_Win_call_errhandler.3 /root/mpich2-1.0.8p1/mpich2-install/share/man/man3/MPI_Win_call_errhandler.3
/usr/bin/install -c -m 644 MPI_Win_complete.3 /root/mpich2-1.0.8p1/mpich2-install/share/man/man3/MPI_Win_complete.3
/usr/bin/install -c -m 644 MPI_Win_create.3 /root/mpich2-1.0.8p1/mpich2-install/share/man/man3/MPI_Win_create.3
/usr/bin/install -c -m 644 MPI_Win_create_errhandler.3 /root/mpich2-1.0.8p1/mpich2-install/share/man/man3/MPI_Win_create_errhandler.3
/usr/bin/install -c -m 644 MPI_Win_create_keyval.3 /root/mpich2-1.0.8p1/mpich2-install/share/man/man3/MPI_Win_create_keyval.3
/usr/bin/install -c -m 644 MPI_Win_delete_attr.3 /root/mpich2-1.0.8p1/mpich2-install/share/man/man3/MPI_Win_delete_attr.3
/usr/bin/install -c -m 644 MPI_Win_fence.3 /root/mpich2-1.0.8p1/mpich2-install/share/man/man3/MPI_Win_fence.3
/usr/bin/install -c -m 644 MPI_Win_free.3 /root/mpich2-1.0.8p1/mpich2-install/share/man/man3/MPI_Win_free.3
/usr/bin/install -c -m 644 MPI_Win_free_keyval.3 /root/mpich2-1.0.8p1/mpich2-install/share/man/man3/MPI_Win_free_keyval.3
/usr/bin/install -c -m 644 MPI_Win_get_attr.3 /root/mpich2-1.0.8p1/mpich2-install/share/man/man3/MPI_Win_get_attr.3
/usr/bin/install -c -m 644 MPI_Win_get_errhandler.3 /root/mpich2-1.0.8p1/mpich2-install/share/man/man3/MPI_Win_get_errhandler.3
/usr/bin/install -c -m 644 MPI_Win_get_group.3 /root/mpich2-1.0.8p1/mpich2-install/share/man/man3/MPI_Win_get_group.3
/usr/bin/install -c -m 644 MPI_Win_get_name.3 /root/mpich2-1.0.8p1/mpich2-install/share/man/man3/MPI_Win_get_name.3
/usr/bin/install -c -m 644 MPI_Win_lock.3 /root/mpich2-1.0.8p1/mpich2-install/share/man/man3/MPI_Win_lock.3
/usr/bin/install -c -m 644 MPI_Win_post.3 /root/mpich2-1.0.8p1/mpich2-install/share/man/man3/MPI_Win_post.3
/usr/bin/install -c -m 644 MPI_Win_set_attr.3 /root/mpich2-1.0.8p1/mpich2-install/share/man/man3/MPI_Win_set_attr.3
/usr/bin/install -c -m 644 MPI_Win_set_errhandler.3 /root/mpich2-1.0.8p1/mpich2-install/share/man/man3/MPI_Win_set_errhandler.3
/usr/bin/install -c -m 644 MPI_Win_set_name.3 /root/mpich2-1.0.8p1/mpich2-install/share/man/man3/MPI_Win_set_name.3
/usr/bin/install -c -m 644 MPI_Win_start.3 /root/mpich2-1.0.8p1/mpich2-install/share/man/man3/MPI_Win_start.3
/usr/bin/install -c -m 644 MPI_Win_test.3 /root/mpich2-1.0.8p1/mpich2-install/share/man/man3/MPI_Win_test.3
/usr/bin/install -c -m 644 MPI_Win_unlock.3 /root/mpich2-1.0.8p1/mpich2-install/share/man/man3/MPI_Win_unlock.3
/usr/bin/install -c -m 644 MPI_Win_wait.3 /root/mpich2-1.0.8p1/mpich2-install/share/man/man3/MPI_Win_wait.3
/usr/bin/install -c -m 644 MPI_Wtick.3 /root/mpich2-1.0.8p1/mpich2-install/share/man/man3/MPI_Wtick.3
/usr/bin/install -c -m 644 MPI_Wtime.3 /root/mpich2-1.0.8p1/mpich2-install/share/man/man3/MPI_Wtime.3
if [ -s src/mpi/romio/include/mpiof.h ] ; then /usr/bin/install -c -m 644 src/mpi/romio/include/mpiof.h /root/mpich2-1.0.8p1/mpich2-install/include/mpiof.h ; fi
if [ -s src/mpi/romio/include/mpio.h ] ; then /usr/bin/install -c -m 644 src/mpi/romio/include/mpio.h /root/mpich2-1.0.8p1/mpich2-install/include/mpio.h ; fi
if [ -s lib/libmpich.a ] ; then /usr/bin/install -c -m 644 lib/libmpich.a /root/mpich2-1.0.8p1/mpich2-install/lib/libmpich.a ; fi
if [ -s lib/libmpichcxx.a ] ; then /usr/bin/install -c -m 644 lib/libmpichcxx.a /root/mpich2-1.0.8p1/mpich2-install/lib/libmpichcxx.a ; fi
if [ -s lib/libfmpich.a ] ; then /usr/bin/install -c -m 644 lib/libfmpich.a /root/mpich2-1.0.8p1/mpich2-install/lib/libfmpich.a ; fi
if [ -s lib/libpmpich.a ] ; then /usr/bin/install -c -m 644 lib/libpmpich.a /root/mpich2-1.0.8p1/mpich2-install/lib/libpmpich.a ; fi
if [ -s lib/libfmpich.a ] ; then /usr/bin/install -c -m 644 lib/libfmpich.a /root/mpich2-1.0.8p1/mpich2-install/lib/libfmpich.a ; fi
if [ -s lib/libmpich.so ] ; then false --mode=install lib/libmpich.so /root/mpich2-1.0.8p1/mpich2-install/lib/libmpich.so ; fi
if [ -s lib/libpmpich.so ] ; then false --mode=install lib/libpmpich.so /root/mpich2-1.0.8p1/mpich2-install/lib/libpmpich.so ; fi
if [ -s lib/libfmpich.so ] ; then false --mode=install lib/libfmpich.so /root/mpich2-1.0.8p1/mpich2-install/lib/libfmpich.so ; fi
if [ -s lib/libmpichcxx.so ] ; then false --mode=install lib/libmpichcxx.so /root/mpich2-1.0.8p1/mpich2-install/lib/libmpichcxx.so ; fi
if [ -s ./doc/userguide/user.pdf ] ; then /usr/bin/install -c -m 644 ./doc/userguide/user.pdf /root/mpich2-1.0.8p1/mpich2-install/share/doc//user.pdf ; fi
if [ -s ./doc/installguide/install.pdf ] ; then /usr/bin/install -c -m 644 ./doc/installguide/install.pdf /root/mpich2-1.0.8p1/mpich2-install/share/doc//install.pdf ; fi
if [ -s ./doc/smpd/smpd_pmi.pdf ] ; then /usr/bin/install -c -m 644 ./doc/smpd/smpd_pmi.pdf /root/mpich2-1.0.8p1/mpich2-install/share/doc//smpd_pmi.pdf ; fi
if [ -s ./doc/logging/logging.pdf ] ; then /usr/bin/install -c -m 644 ./doc/logging/logging.pdf /root/mpich2-1.0.8p1/mpich2-install/share/doc//logging.pdf ; fi
(cd src/util/thread && make INSTALL_STRIP_FLAG= install)
make[1]: Entering directory `/root/mpich2-1.0.8p1/src/util/thread'
if [ ! -d /root/mpich2-1.0.8p1/mpich2-install ] ; then mkdir -p /root/mpich2-1.0.8p1/mpich2-install ; fi
if [ ! -d /root/mpich2-1.0.8p1/mpich2-install/include ] ; then mkdir -p /root/mpich2-1.0.8p1/mpich2-install/include ; fi
/usr/bin/install -c -m 644 ../../include/mpe_thread.h /root/mpich2-1.0.8p1/mpich2-install/include/mpe_thread.h
make[1]: Leaving directory `/root/mpich2-1.0.8p1/src/util/thread'
(cd src/env && make INSTALL_STRIP_FLAG= install)
make[1]: Entering directory `/root/mpich2-1.0.8p1/src/env'
if [ ! -d /root/mpich2-1.0.8p1/mpich2-install ] ; then mkdir -p /root/mpich2-1.0.8p1/mpich2-install ; fi
if [ ! -d /root/mpich2-1.0.8p1/mpich2-install ] ; then mkdir -p /root/mpich2-1.0.8p1/mpich2-install ; fi
if [ ! -d /root/mpich2-1.0.8p1/mpich2-install/bin ] ; then mkdir -p /root/mpich2-1.0.8p1/mpich2-install/bin ; fi
/usr/bin/install -c  mpicc /root/mpich2-1.0.8p1/mpich2-install/bin/mpicc
/usr/bin/install -c  mpich2version /root/mpich2-1.0.8p1/mpich2-install/bin/mpich2version
/usr/bin/install -c  parkill /root/mpich2-1.0.8p1/mpich2-install/bin/parkill
if [ ! -d /root/mpich2-1.0.8p1/mpich2-install/etc ] ; then mkdir -p /root/mpich2-1.0.8p1/mpich2-install/etc ; fi
/usr/bin/install -c -m 644 mpixxx_opts.conf /root/mpich2-1.0.8p1/mpich2-install/etc/mpixxx_opts.conf
/usr/bin/install -c -m 644 mpicc.conf /root/mpich2-1.0.8p1/mpich2-install/etc/mpicc.conf
if [ -s mpicxx ] ; then /usr/bin/install -c  mpicxx /root/mpich2-1.0.8p1/mpich2-install/bin/mpicxx ; fi
if [ -s mpif77 ] ; then /usr/bin/install -c  mpif77 /root/mpich2-1.0.8p1/mpich2-install/bin/mpif77 ; fi
if [ -s mpif90 ] ; then /usr/bin/install -c  mpif90 /root/mpich2-1.0.8p1/mpich2-install/bin/mpif90 ; fi
if [ -s mpicxx.conf ] ; then /usr/bin/install -c -m 644 mpicxx.conf /root/mpich2-1.0.8p1/mpich2-install/etc/mpicxx.conf ; fi
if [ -s mpif77.conf ] ; then /usr/bin/install -c -m 644 mpif77.conf /root/mpich2-1.0.8p1/mpich2-install/etc/mpif77.conf ; fi
if [ -s mpif90.conf ] ; then /usr/bin/install -c -m 644 mpif90.conf /root/mpich2-1.0.8p1/mpich2-install/etc/mpif90.conf ; fi
make[1]: Leaving directory `/root/mpich2-1.0.8p1/src/env'
(cd src/pkgconfig && make INSTALL_STRIP_FLAG= install)
make[1]: Entering directory `/root/mpich2-1.0.8p1/src/pkgconfig'
if [ ! -d /root/mpich2-1.0.8p1/mpich2-install/lib/pkgconfig ] ; then mkdir -p /root/mpich2-1.0.8p1/mpich2-install/lib/pkgconfig ; fi
if [ -s mpich2-ch3.pc ] ; then /usr/bin/install -c mpich2-ch3.pc /root/mpich2-1.0.8p1/mpich2-install/lib/pkgconfig/mpich2-ch3.pc ; fi
make[1]: Leaving directory `/root/mpich2-1.0.8p1/src/pkgconfig'
for dir in  src/binding/f77 src/binding/f90 src/binding/cxx - ; do \
		if [ "$dir" = "-" ] ; then break ; fi ;\
		(cd $dir && make INSTALL_STRIP_FLAG= PACKAGE= install) ;\
	done
make[1]: Entering directory `/root/mpich2-1.0.8p1/src/binding/f77'
if [ ! -d /root/mpich2-1.0.8p1/mpich2-install ] ; then mkdir -p /root/mpich2-1.0.8p1/mpich2-install ; fi
if [ ! -d /root/mpich2-1.0.8p1/mpich2-install/include ] ; then mkdir -p /root/mpich2-1.0.8p1/mpich2-install/include ; fi
/usr/bin/install -c -m 644 mpif.h /root/mpich2-1.0.8p1/mpich2-install/include/mpif.h
make[1]: Leaving directory `/root/mpich2-1.0.8p1/src/binding/f77'
make[1]: Entering directory `/root/mpich2-1.0.8p1/src/binding/f90'
if [ ! -d /root/mpich2-1.0.8p1/mpich2-install ] ; then mkdir -p /root/mpich2-1.0.8p1/mpich2-install ; fi
if [ ! -d /root/mpich2-1.0.8p1/mpich2-install/include ] ; then mkdir -p /root/mpich2-1.0.8p1/mpich2-install/include ; fi
/usr/bin/install -c -m 644 mpi.mod /root/mpich2-1.0.8p1/mpich2-install/include/mpi.mod
/usr/bin/install -c -m 644 mpi_constants.mod /root/mpich2-1.0.8p1/mpich2-install/include/mpi_constants.mod
/usr/bin/install -c -m 644 mpi_base.mod /root/mpich2-1.0.8p1/mpich2-install/include/mpi_base.mod
/usr/bin/install -c -m 644 mpi_sizeofs.mod /root/mpich2-1.0.8p1/mpich2-install/include/mpi_sizeofs.mod
if [ ! -d /root/mpich2-1.0.8p1/mpich2-install ] ; then mkdir -p /root/mpich2-1.0.8p1/mpich2-install ; fi
if [ ! -d /root/mpich2-1.0.8p1/mpich2-install/lib ] ; then mkdir -p /root/mpich2-1.0.8p1/mpich2-install/lib ; fi
/usr/bin/install -c -m 644 libmpichf90.a /root/mpich2-1.0.8p1/mpich2-install/lib/libmpichf90.a
if [ -s mpimod.pcl ] ; then /usr/bin/install -c -m 644 mpimod.pcl /root/mpich2-1.0.8p1/mpich2-install/include/mpimod.pcl ; fi
if [ -s mpimod.pc ] ; then /usr/bin/install -c -m 644 mpimod.pc /root/mpich2-1.0.8p1/mpich2-install/include/mpimod.pc ; fi
make[1]: Leaving directory `/root/mpich2-1.0.8p1/src/binding/f90'
make[1]: Entering directory `/root/mpich2-1.0.8p1/src/binding/cxx'
if [ ! -d /root/mpich2-1.0.8p1/mpich2-install ] ; then mkdir -p /root/mpich2-1.0.8p1/mpich2-install ; fi
if [ ! -d /root/mpich2-1.0.8p1/mpich2-install/include ] ; then mkdir -p /root/mpich2-1.0.8p1/mpich2-install/include ; fi
/usr/bin/install -c -m 644 mpicxx.h /root/mpich2-1.0.8p1/mpich2-install/include/mpicxx.h
make[1]: Leaving directory `/root/mpich2-1.0.8p1/src/binding/cxx'
for dir in  src/pm/mpd src/mpe2 - ; do \
		if [ "$dir" = "-" ] ; then break ; fi ;\
		(cd $dir && make INSTALL_STRIP_FLAG= PACKAGE= install) ;\
	done
make[1]: Entering directory `/root/mpich2-1.0.8p1/src/pm/mpd'
copying python files/links into  /root/mpich2-1.0.8p1/mpich2-install/bin
make[1]: Leaving directory `/root/mpich2-1.0.8p1/src/pm/mpd'
make[1]: Entering directory `/root/mpich2-1.0.8p1/src/mpe2'
Installing MPE2 include files to /root/mpich2-1.0.8p1/mpich2-install/include
Installing MPE2 libraries to /root/mpich2-1.0.8p1/mpich2-install/lib
Installing MPE2 utility programs to /root/mpich2-1.0.8p1/mpich2-install/bin
Installing MPE2 configuration files to /root/mpich2-1.0.8p1/mpich2-install/etc
Installing MPE2 system utility programs to /root/mpich2-1.0.8p1/mpich2-install/sbin
Installing MPE2 man to /root/mpich2-1.0.8p1/mpich2-install/share/man
Installing MPE2 html to /root/mpich2-1.0.8p1/mpich2-install/share/doc/
Installing SLOG2SDK's lib
Installing SLOG2SDK's doc
Installing SLOG2SDK's share
Creating SLOG2SDK's bin
Installed SLOG2SDK in /root/mpich2-1.0.8p1/mpich2-install
/root/mpich2-1.0.8p1/mpich2-install/sbin/mpeuninstall may be used to remove the installation
Installed MPE2 in /root/mpich2-1.0.8p1/mpich2-install
/root/mpich2-1.0.8p1/mpich2-install/sbin/mpeuninstall may be used to remove the installation
make[1]: Leaving directory `/root/mpich2-1.0.8p1/src/mpe2'
