This file contains any messages produced by compilers while
running configure, to aid debugging if configure makes a mistake.

It was created by configure, which was
generated by GNU Autoconf 2.62.  Invocation command line was

  $ ./configure --prefix=/home/sunoj/mpich2-1.0.8/mpich2-install

## --------- ##
## Platform. ##
## --------- ##

hostname = WNitrogen
uname -m = ia64
uname -r = 2.4.21-20.EL
uname -s = Linux
uname -v = #1 SMP Wed Aug 18 20:30:22 EDT 2004

/usr/bin/uname -p = unknown
/bin/uname -X     = unknown

/bin/arch              = ia64
/usr/bin/arch -k       = unknown
/usr/convex/getsysinfo = unknown
/usr/bin/hostinfo      = unknown
/bin/machine           = unknown
/usr/bin/oslevel       = unknown
/bin/universe          = unknown

PATH: /usr/kerberos/sbin
PATH: /opt/intel/cc/10.0.023/bin
PATH: /opt/intel/fc/10.0.023/bin
PATH: /home1/sunoj/dipankar/orca_ia64_exe
PATH: /usr/kerberos/bin
PATH: /usr/local/bin
PATH: /bin
PATH: /usr/bin
PATH: /usr/X11R6/bin
PATH: /home1/sunoj/bin
PATH: /home1/sunoj/cpmd/CPMD-3.11.1/SOURCE
PATH: /home1/sunoj/bin
PATH: /home1/sunoj/dipankar/orca_amd64_exe


## ----------- ##
## Core tests. ##
## ----------- ##

configure:3842: checking for gcc
configure:3858: found /usr/bin/gcc
configure:3869: result: gcc
configure:4107: checking for C compiler version
configure:4115: gcc --version >&5
gcc (GCC) 3.2.3 20030502 (Red Hat Linux 3.2.3-42)
Copyright (C) 2002 Free Software Foundation, Inc.
This is free software; see the source for copying conditions.  There is NO
warranty; not even for MERCHANTABILITY or FITNESS FOR A PARTICULAR PURPOSE.

configure:4119: $? = 0
configure:4126: gcc -v >&5
Reading specs from /usr/lib/gcc-lib/ia64-redhat-linux/3.2.3/specs
Configured with: ../configure --prefix=/usr --mandir=/usr/share/man --infodir=/usr/share/info --enable-shared --enable-threads=posix --disable-checking --with-system-zlib --enable-__cxa_atexit --host=ia64-redhat-linux
Thread model: posix
gcc version 3.2.3 20030502 (Red Hat Linux 3.2.3-42)
configure:4130: $? = 0
configure:4137: gcc -V >&5
gcc: argument to `-V' is missing
configure:4141: $? = 1
configure:4164: checking for C compiler default output file name
configure:4186: gcc    conftest.c  >&5
configure:4190: $? = 0
configure:4228: result: a.out
configure:4245: checking whether the C compiler works
configure:4255: ./a.out
configure:4259: $? = 0
configure:4276: result: yes
configure:4283: checking whether we are cross compiling
configure:4285: result: no
configure:4288: checking for suffix of executables
configure:4295: gcc -o conftest    conftest.c  >&5
configure:4299: $? = 0
configure:4323: result: 
configure:4329: checking for suffix of object files
configure:4355: gcc -c   conftest.c >&5
configure:4359: $? = 0
configure:4382: result: o
configure:4386: checking whether we are using the GNU C compiler
configure:4415: gcc -c   conftest.c >&5
configure:4422: $? = 0
configure:4439: result: yes
configure:4448: checking whether gcc accepts -g
configure:4478: gcc -c -g  conftest.c >&5
configure:4485: $? = 0
configure:4586: result: yes
configure:4603: checking for gcc option to accept ISO C89
configure:4677: gcc  -c -g -O2  conftest.c >&5
configure:4684: $? = 0
configure:4707: result: none needed
configure:5195: checking whether C compiler accepts option -O2
configure:5205: result: yes
configure:5207: checking whether routines compiled with -O2 can be linked with ones compiled without -O2
configure:5215: result: yes
configure:5438: checking for type of weak symbol support
configure:5472: gcc -o conftest  -O2   conftest.c  >&5
configure:5479: $? = 0
configure:5678: result: pragma weak
configure:5705: checking whether __attribute__ ((weak)) allowed
configure:5732: gcc -c  -O2  conftest.c >&5
configure:5739: $? = 0
configure:5754: result: yes
configure:5768: checking for multiple weak symbol support
configure:5809: result: yes
configure:5928: checking for g77
configure:5944: found /usr/bin/g77
configure:5955: result: g77
configure:5985: checking for Fortran 77 compiler version
configure:5993: g77 --version >&5
GNU Fortran (GCC 3.2.3 20030502 (Red Hat Linux 3.2.3-42)) 3.2.3 20030502 (Red Hat Linux 3.2.3-42)
Copyright (C) 2002 Free Software Foundation, Inc.

GNU Fortran comes with NO WARRANTY, to the extent permitted by law.
You may redistribute copies of GNU Fortran
under the terms of the GNU General Public License.
For more information about these matters, see the file named COPYING
or type the command `info -f g77 Copying'.
configure:5997: $? = 0
configure:6004: g77 -v >&5
Reading specs from /usr/lib/gcc-lib/ia64-redhat-linux/3.2.3/specs
Configured with: ../configure --prefix=/usr --mandir=/usr/share/man --infodir=/usr/share/info --enable-shared --enable-threads=posix --disable-checking --with-system-zlib --enable-__cxa_atexit --host=ia64-redhat-linux
Thread model: posix
gcc version 3.2.3 20030502 (Red Hat Linux 3.2.3-42)
configure:6008: $? = 0
configure:6015: g77 -V >&5
g77: argument to `-V' missing
configure:6019: $? = 1
configure:6027: checking whether we are using the GNU Fortran 77 compiler
configure:6046: g77 -c  conftest.F >&5
configure:6053: $? = 0
configure:6070: result: yes
configure:6076: checking whether g77 accepts -g
configure:6093: g77 -c -g conftest.f >&5
configure:6100: $? = 0
configure:6116: result: yes
configure:6430: checking whether Fortran 77 compiler accepts option -O2
configure:6446: g77  -o conftest conftest.f  >conftest.bas 2>&1
configure:6449: $? = 0
configure:6451: g77 -O2  -o conftest conftest.f  >conftest.out 2>&1
configure:6454: $? = 0
configure:6457: result: yes
configure:6459: checking whether routines compiled with -O2 can be linked with ones compiled without -O2
configure:6465: g77 -c  conftest2.f >conftest2.out 2>&1
configure:6468: $? = 0
configure:6470: g77 -O2  -o conftest conftest2.o conftest.f  >conftest.bas 2>&1
configure:6473: $? = 0
configure:6512: result: yes
configure:6700: checking how to get verbose linking output from g77
configure:6716: g77 -c  -O2 conftest.f >&5
configure:6723: $? = 0
configure:6745: g77 -o conftest -O2 -v conftest.f
Reading specs from /usr/lib/gcc-lib/ia64-redhat-linux/3.2.3/specs
Configured with: ../configure --prefix=/usr --mandir=/usr/share/man --infodir=/usr/share/info --enable-shared --enable-threads=posix --disable-checking --with-system-zlib --enable-__cxa_atexit --host=ia64-redhat-linux
Thread model: posix
gcc version 3.2.3 20030502 (Red Hat Linux 3.2.3-42)
 /usr/lib/gcc-lib/ia64-redhat-linux/3.2.3/f771 conftest.f -quiet -dumpbase conftest.f -O2 -version -o /tmp/ccjrmGzk.s
GNU F77 version 3.2.3 20030502 (Red Hat Linux 3.2.3-42) (ia64-redhat-linux)
	compiled by GNU C version 3.2.3 20030502 (Red Hat Linux 3.2.3-42).
 as -x -o /tmp/ccZZ2d0G.o /tmp/ccjrmGzk.s
 /usr/lib/gcc-lib/ia64-redhat-linux/3.2.3/collect2 -dynamic-linker /lib/ld-linux-ia64.so.2 -o conftest /usr/lib/gcc-lib/ia64-redhat-linux/3.2.3/../../../crt1.o /usr/lib/gcc-lib/ia64-redhat-linux/3.2.3/../../../crti.o /usr/lib/gcc-lib/ia64-redhat-linux/3.2.3/crtbegin.o -L/usr/lib/gcc-lib/ia64-redhat-linux/3.2.3 -L/usr/lib/gcc-lib/ia64-redhat-linux/3.2.3/../../.. /tmp/ccZZ2d0G.o -lfrtbegin -lg2c -lm -lgcc_s -lgcc -lc -lgcc_s -lgcc /usr/lib/gcc-lib/ia64-redhat-linux/3.2.3/crtend.o /usr/lib/gcc-lib/ia64-redhat-linux/3.2.3/../../../crtn.o
configure:6814: result: -v
configure:6816: checking for Fortran 77 libraries of g77
configure:6839: g77 -o conftest -O2 -v conftest.f
Reading specs from /usr/lib/gcc-lib/ia64-redhat-linux/3.2.3/specs
Configured with: ../configure --prefix=/usr --mandir=/usr/share/man --infodir=/usr/share/info --enable-shared --enable-threads=posix --disable-checking --with-system-zlib --enable-__cxa_atexit --host=ia64-redhat-linux
Thread model: posix
gcc version 3.2.3 20030502 (Red Hat Linux 3.2.3-42)
 /usr/lib/gcc-lib/ia64-redhat-linux/3.2.3/f771 conftest.f -quiet -dumpbase conftest.f -O2 -version -o /tmp/ccoiAyli.s
GNU F77 version 3.2.3 20030502 (Red Hat Linux 3.2.3-42) (ia64-redhat-linux)
	compiled by GNU C version 3.2.3 20030502 (Red Hat Linux 3.2.3-42).
 as -x -o /tmp/ccV4f3ZJ.o /tmp/ccoiAyli.s
 /usr/lib/gcc-lib/ia64-redhat-linux/3.2.3/collect2 -dynamic-linker /lib/ld-linux-ia64.so.2 -o conftest /usr/lib/gcc-lib/ia64-redhat-linux/3.2.3/../../../crt1.o /usr/lib/gcc-lib/ia64-redhat-linux/3.2.3/../../../crti.o /usr/lib/gcc-lib/ia64-redhat-linux/3.2.3/crtbegin.o -L/usr/lib/gcc-lib/ia64-redhat-linux/3.2.3 -L/usr/lib/gcc-lib/ia64-redhat-linux/3.2.3/../../.. /tmp/ccV4f3ZJ.o -lfrtbegin -lg2c -lm -lgcc_s -lgcc -lc -lgcc_s -lgcc /usr/lib/gcc-lib/ia64-redhat-linux/3.2.3/crtend.o /usr/lib/gcc-lib/ia64-redhat-linux/3.2.3/../../../crtn.o
configure:7016: result:  -L/usr/lib/gcc-lib/ia64-redhat-linux/3.2.3 -L/usr/lib/gcc-lib/ia64-redhat-linux/3.2.3/../../.. -lfrtbegin -lg2c -lm
configure:7032: checking whether g77 accepts the FLIBS found by autoconf
configure:7044: g77 -o conftest  -O2  conftest.f  >&5
configure:7047: $? = 0
configure:7055: result: yes
configure:7093: checking whether C can link with  -L/usr/lib/gcc-lib/ia64-redhat-linux/3.2.3 -L/usr/lib/gcc-lib/ia64-redhat-linux/3.2.3/../../.. -lfrtbegin -lg2c -lm
configure:7119: gcc -o conftest  -O2   conftest.c   -L/usr/lib/gcc-lib/ia64-redhat-linux/3.2.3 -L/usr/lib/gcc-lib/ia64-redhat-linux/3.2.3/../../.. -lfrtbegin -lg2c -lm >&5
configure:7126: $? = 0
configure:7146: result: yes
configure:7250: gcc -c  -O2  conftest.c >&5
configure:7257: $? = 0
configure:7275: checking for linker for Fortran main programs
configure:7285: gcc -c  -O2  conftest.c >&5
configure:7288: $? = 0
configure:7307: g77 -c  -O2 conftest.f >&5
configure:7310: $? = 0
configure:7318: result: Use Fortran to link programs
configure:7343: checking for Fortran 77 name mangling
configure:7370: g77 -c  -O2 conftest.f 1>&5
configure:7373: $? = 0
configure:7411: gcc -o conftest  -O2   conftest.c fconftestf.o  -L/usr/lib/gcc-lib/ia64-redhat-linux/3.2.3 -L/usr/lib/gcc-lib/ia64-redhat-linux/3.2.3/../../.. -lfrtbegin -lg2c -lm  >&5
/tmp/ccWUaIPY.o(.text+0x22): In function `main':
: undefined reference to `my_name'
collect2: ld returned 1 exit status
configure:7418: $? = 1
configure: failed program was:
| /* confdefs.h.  */
| #define PACKAGE_NAME ""
| #define PACKAGE_TARNAME ""
| #define PACKAGE_VERSION ""
| #define PACKAGE_STRING ""
| #define PACKAGE_BUGREPORT ""
| #define HAVE_ERROR_CHECKING MPID_ERROR_LEVEL_ALL
| #define MPICH_ERROR_MSG_LEVEL MPICH_ERROR_MSG_ALL
| #define USE_LOGGING MPID_LOGGING_NONE
| #define HAVE_RUNTIME_THREADCHECK 1
| #define MPICH_THREAD_LEVEL MPI_THREAD_MULTIPLE
| #define USE_THREAD_IMPL MPICH_THREAD_IMPL_GLOBAL_MUTEX
| #define HAVE_ROMIO 1
| #define HAVE_PRAGMA_WEAK 1
| #define USE_WEAK_SYMBOLS 1
| #define HAVE_MULTIPLE_PRAGMA_WEAK 1
| #define HAVE_LONG_LONG 1
| /* end confdefs.h.  */
| extern void my_name(int);
| int
| main ()
| {
| my_name(0);
|   ;
|   return 0;
| }
configure:7459: gcc -o conftest  -O2   conftest.c fconftestf.o  -L/usr/lib/gcc-lib/ia64-redhat-linux/3.2.3 -L/usr/lib/gcc-lib/ia64-redhat-linux/3.2.3/../../.. -lfrtbegin -lg2c -lm  >&5
/tmp/ccc8XaZM.o(.text+0x22): In function `main':
: undefined reference to `my_name_'
collect2: ld returned 1 exit status
configure:7466: $? = 1
configure: failed program was:
| /* confdefs.h.  */
| #define PACKAGE_NAME ""
| #define PACKAGE_TARNAME ""
| #define PACKAGE_VERSION ""
| #define PACKAGE_STRING ""
| #define PACKAGE_BUGREPORT ""
| #define HAVE_ERROR_CHECKING MPID_ERROR_LEVEL_ALL
| #define MPICH_ERROR_MSG_LEVEL MPICH_ERROR_MSG_ALL
| #define USE_LOGGING MPID_LOGGING_NONE
| #define HAVE_RUNTIME_THREADCHECK 1
| #define MPICH_THREAD_LEVEL MPI_THREAD_MULTIPLE
| #define USE_THREAD_IMPL MPICH_THREAD_IMPL_GLOBAL_MUTEX
| #define HAVE_ROMIO 1
| #define HAVE_PRAGMA_WEAK 1
| #define USE_WEAK_SYMBOLS 1
| #define HAVE_MULTIPLE_PRAGMA_WEAK 1
| #define HAVE_LONG_LONG 1
| /* end confdefs.h.  */
| extern void my_name_(int);
| int
| main ()
| {
| my_name_(0);
|   ;
|   return 0;
| }
configure:7508: gcc -o conftest  -O2   conftest.c fconftestf.o  -L/usr/lib/gcc-lib/ia64-redhat-linux/3.2.3 -L/usr/lib/gcc-lib/ia64-redhat-linux/3.2.3/../../.. -lfrtbegin -lg2c -lm  >&5
conftest.c:19: syntax error before "MY_NAME"
conftest.c:19: warning: data definition has no type or storage class
configure:7515: $? = 1
configure: failed program was:
| /* confdefs.h.  */
| #define PACKAGE_NAME ""
| #define PACKAGE_TARNAME ""
| #define PACKAGE_VERSION ""
| #define PACKAGE_STRING ""
| #define PACKAGE_BUGREPORT ""
| #define HAVE_ERROR_CHECKING MPID_ERROR_LEVEL_ALL
| #define MPICH_ERROR_MSG_LEVEL MPICH_ERROR_MSG_ALL
| #define USE_LOGGING MPID_LOGGING_NONE
| #define HAVE_RUNTIME_THREADCHECK 1
| #define MPICH_THREAD_LEVEL MPI_THREAD_MULTIPLE
| #define USE_THREAD_IMPL MPICH_THREAD_IMPL_GLOBAL_MUTEX
| #define HAVE_ROMIO 1
| #define HAVE_PRAGMA_WEAK 1
| #define USE_WEAK_SYMBOLS 1
| #define HAVE_MULTIPLE_PRAGMA_WEAK 1
| #define HAVE_LONG_LONG 1
| /* end confdefs.h.  */
| void __stdcall MY_NAME(int);
| int
| main ()
| {
| MY_NAME(0);
|   ;
|   return 0;
| }
configure:7557: gcc -o conftest  -O2   conftest.c fconftestf.o  -L/usr/lib/gcc-lib/ia64-redhat-linux/3.2.3 -L/usr/lib/gcc-lib/ia64-redhat-linux/3.2.3/../../.. -lfrtbegin -lg2c -lm  >&5
/tmp/cc2pjL8H.o(.text+0x22): In function `main':
: undefined reference to `MY_NAME'
collect2: ld returned 1 exit status
configure:7564: $? = 1
configure: failed program was:
| /* confdefs.h.  */
| #define PACKAGE_NAME ""
| #define PACKAGE_TARNAME ""
| #define PACKAGE_VERSION ""
| #define PACKAGE_STRING ""
| #define PACKAGE_BUGREPORT ""
| #define HAVE_ERROR_CHECKING MPID_ERROR_LEVEL_ALL
| #define MPICH_ERROR_MSG_LEVEL MPICH_ERROR_MSG_ALL
| #define USE_LOGGING MPID_LOGGING_NONE
| #define HAVE_RUNTIME_THREADCHECK 1
| #define MPICH_THREAD_LEVEL MPI_THREAD_MULTIPLE
| #define USE_THREAD_IMPL MPICH_THREAD_IMPL_GLOBAL_MUTEX
| #define HAVE_ROMIO 1
| #define HAVE_PRAGMA_WEAK 1
| #define USE_WEAK_SYMBOLS 1
| #define HAVE_MULTIPLE_PRAGMA_WEAK 1
| #define HAVE_LONG_LONG 1
| /* end confdefs.h.  */
| extern void MY_NAME(int);
| int
| main ()
| {
| MY_NAME(0);
|   ;
|   return 0;
| }
configure:7606: gcc -o conftest  -O2   conftest.c fconftestf.o  -L/usr/lib/gcc-lib/ia64-redhat-linux/3.2.3 -L/usr/lib/gcc-lib/ia64-redhat-linux/3.2.3/../../.. -lfrtbegin -lg2c -lm  >&5
configure:7613: $? = 0
configure:8151: result: lower doubleunderscore
configure:8244: checking what libraries are needed to link Fortran programs with C routines that use stdio
configure:8265: gcc -c  -O2 conftestc.c 1>&5
configure:8268: $? = 0
configure:8277: g77  -O2 -o conftest conftest.f conftestc.o 1>&5
configure:8280: $? = 0
configure:8305: result: none
configure:8422: checking for f90
configure:8452: result: no
configure:8422: checking for xlf90
configure:8452: result: no
configure:8422: checking for pgf90
configure:8452: result: no
configure:8422: checking for ifort
configure:8438: found /opt/intel/fc/10.0.023/bin/ifort
configure:8449: result: ifort
configure:8479: checking that f works as the extension for Fortran 90 program
configure:8485: ifort -c  conftest.f >&5
Checkout succeeded: FCompL/25F149E20559
	License file: /opt/intel/licenses/NCOM_L_CMP_FOR_ND27-8L36KMR7.lic
	No server used
configure:8488: $? = 0
configure:8490: result: yes
configure:8542: checking for Fortran 90 compiler version
configure:8545: ifort --version </dev/null >&5
Checkout succeeded: FCompL/25F149E20559
	License file: /opt/intel/licenses/NCOM_L_CMP_FOR_ND27-8L36KMR7.lic
	No server used
ifort (IFORT) 10.0 20070426
Copyright (C) 1985-2007 Intel Corporation.  All rights reserved.

configure:8548: $? = 0
configure:8550: ifort -v </dev/null >&5
Checkout succeeded: FCompL/25F149E20559
	License file: /opt/intel/licenses/NCOM_L_CMP_FOR_ND27-8L36KMR7.lic
	No server used
Version 10.0 
configure:8553: $? = 0
configure:8555: ifort -V </dev/null >&5
Intel(R) Fortran IA-64 Compiler for applications running on IA-64, Version 10.0    Build 20070426 Package ID: l_fc_p_10.0.023
Copyright (C) 1985-2007 Intel Corporation.  All rights reserved.
Checkout succeeded: FCompL/25F149E20559
	License file: /opt/intel/licenses/NCOM_L_CMP_FOR_ND27-8L36KMR7.lic
	No server used
FOR NON-COMMERCIAL USE ONLY

configure:8558: $? = 0
configure:8566: checking whether we are using the GNU Fortran 90 compiler
configure:8585: ifort -c  conftest.F >&5
Checkout succeeded: FCompL/25F149E20559
	License file: /opt/intel/licenses/NCOM_L_CMP_FOR_ND27-8L36KMR7.lic
	No server used
fortcom: Error: conftest.F, line 3: Syntax error, found END-OF-STATEMENT when expecting one of: => = . ( : %
       choke me
---------------^
fortcom: Error: conftest.F, line 3: This statement is positioned incorrectly and/or has syntax errors.
       choke me
---------------^
compilation aborted for conftest.F (code 1)
configure:8592: $? = 1
configure: failed program was:
|       program main
| #ifndef __GNUC__
|        choke me
| #endif
| 
|       end
configure:8609: result: no
configure:8616: checking whether ifort accepts -g
configure:8633: ifort -c -g conftest.f >&5
Checkout succeeded: FCompL/25F149E20559
	License file: /opt/intel/licenses/NCOM_L_CMP_FOR_ND27-8L36KMR7.lic
	No server used
configure:8640: $? = 0
configure:8656: result: yes
configure:8970: checking for extension for Fortran 90 programs
configure:8978: ifort -c  conftest.f90 1>&5
Checkout succeeded: FCompL/25F149E20559
	License file: /opt/intel/licenses/NCOM_L_CMP_FOR_ND27-8L36KMR7.lic
	No server used
configure:8981: $? = 0
configure:8983: result: f90
configure:9006: checking whether the Fortran 90 compiler (ifort  ) works
configure:9023: ifort -o conftest   conftest.f90  1>&5
Checkout succeeded: FCompL/25F149E20559
	License file: /opt/intel/licenses/NCOM_L_CMP_FOR_ND27-8L36KMR7.lic
	No server used
configure:9026: $? = 0
configure:9050: result: yes
configure:9056: checking whether the Fortran 90 compiler (ifort  ) is a cross-compiler
configure:9058: result: yes
configure:9063: checking whether Fortran 90 works with Fortran 77
configure:9098: g77 -c  -O2 conftest2.f 1>&5
configure:9101: $? = 0
configure:9103: ifort -o conftest   conftest1.f90 conftest2.o  1>&5
Checkout succeeded: FCompL/25F149E20559
	License file: /opt/intel/licenses/NCOM_L_CMP_FOR_ND27-8L36KMR7.lic
	No server used
configure:9106: $? = 0
configure:9126: result: yes
configure:9168: checking whether Fortran accepts ! for comments
configure:9191: g77 -c  -O2 conftest.f >&5
configure:9198: $? = 0
configure:9219: result: yes
configure:9229: checking for include directory flag for Fortran
configure:9249: g77 -c  -O2 -Isrc conftest.f 1>&5
configure:9252: $? = 0
configure:9264: result: -I
configure:9282: checking for Fortran 77 flag for library directories
configure:9300: g77 -c  -O2 conftest1.f 1>&5
configure:9303: $? = 0
configure:9311: ar cr conftest2/libconftest.a conftest1.o
configure:9314: $? = 0
configure:9317: ranlib conftest2/libconftest.a
configure:9320: $? = 0
configure:9324: g77 -o conftest  -O2 -Lconftest2 conftest.f -lconftest  1>&5
configure:9327: $? = 0
configure:9343: result: -L
configure:9420: checking for which Fortran libraries are needed to link C with Fortran
configure:9433: g77 -c  -O2 conftest.f 1>&5
configure:9436: $? = 0
configure:9477: gcc -o conftest  -O2   conftest.c mconftestf.o  >&5
configure:9484: $? = 0
configure:9653: result: none
configure:9747: checking whether Fortran compiler processes .F files with C preprocessor
configure:9758: g77 -c  -O2  conftest.F 1>&5
configure:9761: $? = 0
configure:9783: result: yes
configure:9947: checking that f works as the extension for Fortran 90 program
configure:9953: ifort -c  conftest.f >&5
Checkout succeeded: FCompL/25F149E20559
	License file: /opt/intel/licenses/NCOM_L_CMP_FOR_ND27-8L36KMR7.lic
	No server used
configure:9956: $? = 0
configure:9958: result: yes
configure:10010: checking for Fortran 90 compiler version
configure:10013: ifort --version </dev/null >&5
Checkout succeeded: FCompL/25F149E20559
	License file: /opt/intel/licenses/NCOM_L_CMP_FOR_ND27-8L36KMR7.lic
	No server used
ifort (IFORT) 10.0 20070426
Copyright (C) 1985-2007 Intel Corporation.  All rights reserved.

configure:10016: $? = 0
configure:10018: ifort -v </dev/null >&5
Checkout succeeded: FCompL/25F149E20559
	License file: /opt/intel/licenses/NCOM_L_CMP_FOR_ND27-8L36KMR7.lic
	No server used
Version 10.0 
configure:10021: $? = 0
configure:10023: ifort -V </dev/null >&5
Intel(R) Fortran IA-64 Compiler for applications running on IA-64, Version 10.0    Build 20070426 Package ID: l_fc_p_10.0.023
Copyright (C) 1985-2007 Intel Corporation.  All rights reserved.
Checkout succeeded: FCompL/25F149E20559
	License file: /opt/intel/licenses/NCOM_L_CMP_FOR_ND27-8L36KMR7.lic
	No server used
FOR NON-COMMERCIAL USE ONLY

configure:10026: $? = 0
configure:10034: checking whether we are using the GNU Fortran 90 compiler
configure:10077: result: no
configure:10084: checking whether ifort accepts -g
configure:10124: result: yes
configure:10147: checking for extension for Fortran 90 programs
configure:10155: ifort -c  conftest.f90 1>&5
Checkout succeeded: FCompL/25F149E20559
	License file: /opt/intel/licenses/NCOM_L_CMP_FOR_ND27-8L36KMR7.lic
	No server used
configure:10158: $? = 0
configure:10160: result: f90
configure:10183: checking whether the Fortran 90 compiler (ifort  ) works
configure:10200: ifort -o conftest   conftest.f90  1>&5
Checkout succeeded: FCompL/25F149E20559
	License file: /opt/intel/licenses/NCOM_L_CMP_FOR_ND27-8L36KMR7.lic
	No server used
configure:10203: $? = 0
configure:10226: result: yes
configure:10232: checking whether the Fortran 90 compiler (ifort  ) is a cross-compiler
configure:10234: result: yes
configure:10263: checking for Fortran 90 module extension
configure:10282: ifort -c  conftest.f >&5
Checkout succeeded: FCompL/25F149E20559
	License file: /opt/intel/licenses/NCOM_L_CMP_FOR_ND27-8L36KMR7.lic
	No server used
configure:10285: $? = 0
configure:10339: result: mod
configure:10349: checking for Fortran 90 module include flag
configure:10374: ifort -c  conftest.f >&5
Checkout succeeded: FCompL/25F149E20559
	License file: /opt/intel/licenses/NCOM_L_CMP_FOR_ND27-8L36KMR7.lic
	No server used
configure:10377: $? = 0
Checkout succeeded: FCompL/25F149E20559
	License file: /opt/intel/licenses/NCOM_L_CMP_FOR_ND27-8L36KMR7.lic
	No server used
configure:10453: result: -I
configure:10492: checking whether Fortran 90 accepts f90 suffix
configure:10516: ifort -c  conftest.f90 >&5
Checkout succeeded: FCompL/25F149E20559
	License file: /opt/intel/licenses/NCOM_L_CMP_FOR_ND27-8L36KMR7.lic
	No server used
configure:10523: $? = 0
configure:10544: result: yes
configure:10559: checking whether Fortran 90 compiler accepts option -O2
configure:10575: ifort  -o conftest conftest.f90  >conftest.bas 2>&1
configure:10578: $? = 0
configure:10580: ifort -O2  -o conftest conftest.f90  >conftest.out 2>&1
configure:10583: $? = 0
configure:10586: result: yes
configure:10588: checking whether routines compiled with -O2 can be linked with ones compiled without -O2
configure:10594: ifort -c  conftest2.f90 >conftest2.out 2>&1
configure:10597: $? = 0
configure:10599: ifort -O2  -o conftest conftest2.o conftest.f90  >conftest.bas 2>&1
configure:10602: $? = 0
configure:10641: result: yes
configure:10825: checking whether Fortran 90 compiler processes .F90 files with C preprocessor
configure:10836: ifort -c  -O2  conftest.F90 1>&5
Checkout succeeded: FCompL/25F149E20559
	License file: /opt/intel/licenses/NCOM_L_CMP_FOR_ND27-8L36KMR7.lic
	No server used
configure:10839: $? = 0
configure:10861: result: yes
configure:10891: checking what libraries are needed to link Fortran90 programs with C routines that use stdio
configure:10913: gcc -c  -O2 conftestc.c 1>&5
configure:10916: $? = 0
configure:10925: ifort  -O2 -o conftest conftest.f90 conftestc.o 1>&5
Checkout succeeded: FCompL/25F149E20559
	License file: /opt/intel/licenses/NCOM_L_CMP_FOR_ND27-8L36KMR7.lic
	No server used
configure:10928: $? = 0
configure:10953: result: none
configure:10973: checking for f90 compiler vendor
configure:11013: result: intel
configure:11085: checking for c++
configure:11101: found /usr/bin/c++
configure:11112: result: c++
configure:11253: checking for C++ compiler version
configure:11261: c++ --version >&5
c++ (GCC) 3.2.3 20030502 (Red Hat Linux 3.2.3-42)
Copyright (C) 2002 Free Software Foundation, Inc.
This is free software; see the source for copying conditions.  There is NO
warranty; not even for MERCHANTABILITY or FITNESS FOR A PARTICULAR PURPOSE.

configure:11265: $? = 0
configure:11272: c++ -v >&5
Reading specs from /usr/lib/gcc-lib/ia64-redhat-linux/3.2.3/specs
Configured with: ../configure --prefix=/usr --mandir=/usr/share/man --infodir=/usr/share/info --enable-shared --enable-threads=posix --disable-checking --with-system-zlib --enable-__cxa_atexit --host=ia64-redhat-linux
Thread model: posix
gcc version 3.2.3 20030502 (Red Hat Linux 3.2.3-42)
configure:11276: $? = 0
configure:11283: c++ -V >&5
c++: argument to `-V' missing

configure:11287: $? = 1
configure:11290: checking whether we are using the GNU C++ compiler
configure:11319: c++ -c   conftest.cpp >&5
configure:11326: $? = 0
configure:11343: result: yes
configure:11352: checking whether c++ accepts -g
configure:11382: c++ -c -g  conftest.cpp >&5
configure:11389: $? = 0
configure:11490: result: yes
configure:11534: checking whether the C++ compiler c++ can build an executable
configure:11574: c++ -o conftest    conftest.cpp  >&5
configure:11581: $? = 0
configure:11607: result: yes
configure:11616: checking whether C++ compiler works with string
configure:11650: c++ -c   conftest.cpp >&5
configure:11657: $? = 0
configure:11678: result: yes
configure:11691: checking whether the compiler supports exceptions
configure:11724: c++ -c   conftest.cpp >&5
configure:11731: $? = 0
configure:11753: result: yes
configure:11763: checking whether the compiler recognizes bool as a built-in type
configure:11800: c++ -c   conftest.cpp >&5
configure:11807: $? = 0
configure:11829: result: yes
configure:11839: checking whether the compiler implements namespaces
configure:11872: c++ -c   conftest.cpp >&5
configure:11879: $? = 0
configure:11901: result: yes
configure:11922: checking whether <iostream> available
configure:11951: c++ -c   conftest.cpp >&5
configure:11958: $? = 0
configure:11973: result: yes
configure:11979: checking whether the compiler implements the namespace std
configure:12016: c++ -c   conftest.cpp >&5
configure:12023: $? = 0
configure:12046: result: yes
configure:12060: checking whether <math> available
configure:12089: c++ -c   conftest.cpp >&5
conftest.cpp:26:16: math: No such file or directory
configure:12096: $? = 1
configure: failed program was:
| /* confdefs.h.  */
| #define PACKAGE_NAME ""
| #define PACKAGE_TARNAME ""
| #define PACKAGE_VERSION ""
| #define PACKAGE_STRING ""
| #define PACKAGE_BUGREPORT ""
| #define HAVE_ERROR_CHECKING MPID_ERROR_LEVEL_ALL
| #define MPICH_ERROR_MSG_LEVEL MPICH_ERROR_MSG_ALL
| #define USE_LOGGING MPID_LOGGING_NONE
| #define HAVE_RUNTIME_THREADCHECK 1
| #define MPICH_THREAD_LEVEL MPI_THREAD_MULTIPLE
| #define USE_THREAD_IMPL MPICH_THREAD_IMPL_GLOBAL_MUTEX
| #define HAVE_ROMIO 1
| #define HAVE_PRAGMA_WEAK 1
| #define USE_WEAK_SYMBOLS 1
| #define HAVE_MULTIPLE_PRAGMA_WEAK 1
| #define HAVE_LONG_LONG 1
| #define F77_NAME_LOWER_2USCORE 1
| #define STDCALL 
| #define HAVE_FORTRAN_BINDING 1
| #define HAVE_CXX_EXCEPTIONS /**/
| #define HAVE_NAMESPACES /**/
| #define HAVE_NAMESPACE_STD /**/
| /* end confdefs.h.  */
| 
| #include <math>
| 
| int
| main ()
| {
| using namespace std;
|   ;
|   return 0;
| }
configure:12111: result: no
configure:12170: checking for GNU g++ version
configure:12206: c++ -o conftest    conftest.cpp  >&5
configure:12210: $? = 0
configure:12216: ./conftest
configure:12220: $? = 0
configure:12237: result: 3 . 2
configure:12285: checking whether C++ compiler accepts option -O2
configure:12295: result: yes
configure:12297: checking whether routines compiled with -O2 can be linked with ones compiled without -O2
configure:12305: result: yes
configure:12558: checking for perl
configure:12576: found /usr/bin/perl
configure:12588: result: /usr/bin/perl
configure:12601: checking for ar
configure:12617: found /usr/bin/ar
configure:12628: result: ar
configure:12650: checking for ranlib
configure:12666: found /usr/bin/ranlib
configure:12677: result: ranlib
configure:12700: checking for etags
configure:12716: found /usr/bin/etags
configure:12727: result: etags
configure:12741: checking for etags argument to specify language
configure:12762: result: --language=c
configure:12780: checking for killall
configure:12796: found /usr/bin/killall
configure:12807: result: killall
configure:12854: checking for a BSD-compatible install
configure:12922: result: /usr/bin/install -c
configure:12942: checking whether install works
configure:12950: result: yes
configure:13062: checking whether install breaks libraries
configure:13107: result: no
configure:13129: checking whether mkdir -p works
configure:13145: result: yes
configure:13163: checking for make
configure:13179: found /usr/bin/make
configure:13190: result: make
configure:13204: checking whether clock skew breaks make
configure:13229: result: no
configure:13239: checking whether make supports include
configure:13263: result: yes
configure:13272: checking whether make allows comments in actions
configure:13295: result: yes
configure:13309: checking for virtual path format
configure:13352: result: VPATH
configure:13362: checking whether make sets CFLAGS
configure:13384: result: no
configure:13433: checking for bash
configure:13451: found /bin/bash
configure:13463: result: /bin/bash
configure:13486: checking whether /bin/bash supports arrays
configure:13495: result: yes
configure:14644: checking for doctext
configure:14675: result: false
configure:14685: checking for location of doctext style files
configure:14702: result: unavailable
configure:14714: checking for an ANSI C-conforming const
configure:14789: gcc -c  -O2  conftest.c >&5
configure:14796: $? = 0
configure:14811: result: yes
configure:14822: checking for volatile
configure:14849: gcc -c  -O2  conftest.c >&5
configure:14856: $? = 0
configure:14871: result: yes
configure:14882: checking for restrict
configure:14909: gcc -c  -O2  conftest.c >&5
conftest.c: In function `main':
conftest.c:31: syntax error before "a"
configure:14916: $? = 1
configure: failed program was:
| /* confdefs.h.  */
| #define PACKAGE_NAME ""
| #define PACKAGE_TARNAME ""
| #define PACKAGE_VERSION ""
| #define PACKAGE_STRING ""
| #define PACKAGE_BUGREPORT ""
| #define HAVE_ERROR_CHECKING MPID_ERROR_LEVEL_ALL
| #define MPICH_ERROR_MSG_LEVEL MPICH_ERROR_MSG_ALL
| #define USE_LOGGING MPID_LOGGING_NONE
| #define HAVE_RUNTIME_THREADCHECK 1
| #define MPICH_THREAD_LEVEL MPI_THREAD_MULTIPLE
| #define USE_THREAD_IMPL MPICH_THREAD_IMPL_GLOBAL_MUTEX
| #define HAVE_ROMIO 1
| #define HAVE_PRAGMA_WEAK 1
| #define USE_WEAK_SYMBOLS 1
| #define HAVE_MULTIPLE_PRAGMA_WEAK 1
| #define HAVE_LONG_LONG 1
| #define F77_NAME_LOWER_2USCORE 1
| #define STDCALL 
| #define HAVE_FORTRAN_BINDING 1
| #define HAVE_CXX_EXCEPTIONS /**/
| #define HAVE_NAMESPACES /**/
| #define HAVE_NAMESPACE_STD /**/
| #define HAVE_CXX_BINDING 1
| #define HAVE_NAMEPUB_SERVICE 1
| /* end confdefs.h.  */
| 
| int
| main ()
| {
| int * restrict a;
|   ;
|   return 0;
| }
configure:14952: gcc -c  -O2  conftest.c >&5
conftest.c: In function `main':
conftest.c:31: syntax error before "a"
configure:14959: $? = 1
configure: failed program was:
| /* confdefs.h.  */
| #define PACKAGE_NAME ""
| #define PACKAGE_TARNAME ""
| #define PACKAGE_VERSION ""
| #define PACKAGE_STRING ""
| #define PACKAGE_BUGREPORT ""
| #define HAVE_ERROR_CHECKING MPID_ERROR_LEVEL_ALL
| #define MPICH_ERROR_MSG_LEVEL MPICH_ERROR_MSG_ALL
| #define USE_LOGGING MPID_LOGGING_NONE
| #define HAVE_RUNTIME_THREADCHECK 1
| #define MPICH_THREAD_LEVEL MPI_THREAD_MULTIPLE
| #define USE_THREAD_IMPL MPICH_THREAD_IMPL_GLOBAL_MUTEX
| #define HAVE_ROMIO 1
| #define HAVE_PRAGMA_WEAK 1
| #define USE_WEAK_SYMBOLS 1
| #define HAVE_MULTIPLE_PRAGMA_WEAK 1
| #define HAVE_LONG_LONG 1
| #define F77_NAME_LOWER_2USCORE 1
| #define STDCALL 
| #define HAVE_FORTRAN_BINDING 1
| #define HAVE_CXX_EXCEPTIONS /**/
| #define HAVE_NAMESPACES /**/
| #define HAVE_NAMESPACE_STD /**/
| #define HAVE_CXX_BINDING 1
| #define HAVE_NAMEPUB_SERVICE 1
| /* end confdefs.h.  */
| 
| int
| main ()
| {
| int * _Restrict a;
|   ;
|   return 0;
| }
configure:14996: gcc -c  -O2  conftest.c >&5
configure:15003: $? = 0
configure:15020: result: __restrict
configure:15035: checking for inline
configure:15061: gcc -c  -O2  conftest.c >&5
configure:15068: $? = 0
configure:15086: result: inline
configure:15109: checking whether __attribute__ allowed
configure:15136: gcc -c  -O2  conftest.c >&5
configure:15143: $? = 0
configure:15158: result: yes
configure:15160: checking whether __attribute__((format)) allowed
configure:15187: gcc -c  -O2  conftest.c >&5
configure:15194: $? = 0
configure:15209: result: yes
configure:15234: checking for grep that handles long lines and -e
configure:15294: result: /bin/grep
configure:15299: checking for egrep
configure:15363: result: /bin/grep -E
configure:15368: checking for ANSI C header files
configure:15398: gcc -c  -O2  conftest.c >&5
configure:15405: $? = 0
./configure: line 1: conftest.c: command not found
configure:15533: result: no
configure:15557: checking for sys/types.h
configure:15578:   conftest.c
./configure: line 1: conftest.c: command not found
configure:15585: $? = 127
configure: failed program was:
| /* confdefs.h.  */
| #define PACKAGE_NAME ""
| #define PACKAGE_TARNAME ""
| #define PACKAGE_VERSION ""
| #define PACKAGE_STRING ""
| #define PACKAGE_BUGREPORT ""
| #define HAVE_ERROR_CHECKING MPID_ERROR_LEVEL_ALL
| #define MPICH_ERROR_MSG_LEVEL MPICH_ERROR_MSG_ALL
| #define USE_LOGGING MPID_LOGGING_NONE
| #define HAVE_RUNTIME_THREADCHECK 1
| #define MPICH_THREAD_LEVEL MPI_THREAD_MULTIPLE
| #define USE_THREAD_IMPL MPICH_THREAD_IMPL_GLOBAL_MUTEX
| #define HAVE_ROMIO 1
| #define HAVE_PRAGMA_WEAK 1
| #define USE_WEAK_SYMBOLS 1
| #define HAVE_MULTIPLE_PRAGMA_WEAK 1
| #define HAVE_LONG_LONG 1
| #define F77_NAME_LOWER_2USCORE 1
| #define STDCALL 
| #define HAVE_FORTRAN_BINDING 1
| #define HAVE_CXX_EXCEPTIONS /**/
| #define HAVE_NAMESPACES /**/
| #define HAVE_NAMESPACE_STD /**/
| #define HAVE_CXX_BINDING 1
| #define HAVE_NAMEPUB_SERVICE 1
| #define restrict __restrict
| #define HAVE_GCC_ATTRIBUTE 1
| /* end confdefs.h.  */
| #include <sys/types.h>
configure:15609: gcc -c  -O2  conftest.c 1>&5
configure:15612: $? = 0
configure:15632: result: yes
configure:15557: checking for sys/stat.h
configure:15578:   conftest.c
./configure: line 1: conftest.c: command not found
configure:15585: $? = 127
configure: failed program was:
| /* confdefs.h.  */
| #define PACKAGE_NAME ""
| #define PACKAGE_TARNAME ""
| #define PACKAGE_VERSION ""
| #define PACKAGE_STRING ""
| #define PACKAGE_BUGREPORT ""
| #define HAVE_ERROR_CHECKING MPID_ERROR_LEVEL_ALL
| #define MPICH_ERROR_MSG_LEVEL MPICH_ERROR_MSG_ALL
| #define USE_LOGGING MPID_LOGGING_NONE
| #define HAVE_RUNTIME_THREADCHECK 1
| #define MPICH_THREAD_LEVEL MPI_THREAD_MULTIPLE
| #define USE_THREAD_IMPL MPICH_THREAD_IMPL_GLOBAL_MUTEX
| #define HAVE_ROMIO 1
| #define HAVE_PRAGMA_WEAK 1
| #define USE_WEAK_SYMBOLS 1
| #define HAVE_MULTIPLE_PRAGMA_WEAK 1
| #define HAVE_LONG_LONG 1
| #define F77_NAME_LOWER_2USCORE 1
| #define STDCALL 
| #define HAVE_FORTRAN_BINDING 1
| #define HAVE_CXX_EXCEPTIONS /**/
| #define HAVE_NAMESPACES /**/
| #define HAVE_NAMESPACE_STD /**/
| #define HAVE_CXX_BINDING 1
| #define HAVE_NAMEPUB_SERVICE 1
| #define restrict __restrict
| #define HAVE_GCC_ATTRIBUTE 1
| #define HAVE_SYS_TYPES_H 1
| /* end confdefs.h.  */
| #include <sys/stat.h>
configure:15609: gcc -c  -O2  conftest.c 1>&5
configure:15612: $? = 0
configure:15632: result: yes
configure:15557: checking for stdlib.h
configure:15578:   conftest.c
./configure: line 1: conftest.c: command not found
configure:15585: $? = 127
configure: failed program was:
| /* confdefs.h.  */
| #define PACKAGE_NAME ""
| #define PACKAGE_TARNAME ""
| #define PACKAGE_VERSION ""
| #define PACKAGE_STRING ""
| #define PACKAGE_BUGREPORT ""
| #define HAVE_ERROR_CHECKING MPID_ERROR_LEVEL_ALL
| #define MPICH_ERROR_MSG_LEVEL MPICH_ERROR_MSG_ALL
| #define USE_LOGGING MPID_LOGGING_NONE
| #define HAVE_RUNTIME_THREADCHECK 1
| #define MPICH_THREAD_LEVEL MPI_THREAD_MULTIPLE
| #define USE_THREAD_IMPL MPICH_THREAD_IMPL_GLOBAL_MUTEX
| #define HAVE_ROMIO 1
| #define HAVE_PRAGMA_WEAK 1
| #define USE_WEAK_SYMBOLS 1
| #define HAVE_MULTIPLE_PRAGMA_WEAK 1
| #define HAVE_LONG_LONG 1
| #define F77_NAME_LOWER_2USCORE 1
| #define STDCALL 
| #define HAVE_FORTRAN_BINDING 1
| #define HAVE_CXX_EXCEPTIONS /**/
| #define HAVE_NAMESPACES /**/
| #define HAVE_NAMESPACE_STD /**/
| #define HAVE_CXX_BINDING 1
| #define HAVE_NAMEPUB_SERVICE 1
| #define restrict __restrict
| #define HAVE_GCC_ATTRIBUTE 1
| #define HAVE_SYS_TYPES_H 1
| #define HAVE_SYS_STAT_H 1
| /* end confdefs.h.  */
| #include <stdlib.h>
configure:15609: gcc -c  -O2  conftest.c 1>&5
configure:15612: $? = 0
configure:15632: result: yes
configure:15557: checking for string.h
configure:15578:   conftest.c
./configure: line 1: conftest.c: command not found
configure:15585: $? = 127
configure: failed program was:
| /* confdefs.h.  */
| #define PACKAGE_NAME ""
| #define PACKAGE_TARNAME ""
| #define PACKAGE_VERSION ""
| #define PACKAGE_STRING ""
| #define PACKAGE_BUGREPORT ""
| #define HAVE_ERROR_CHECKING MPID_ERROR_LEVEL_ALL
| #define MPICH_ERROR_MSG_LEVEL MPICH_ERROR_MSG_ALL
| #define USE_LOGGING MPID_LOGGING_NONE
| #define HAVE_RUNTIME_THREADCHECK 1
| #define MPICH_THREAD_LEVEL MPI_THREAD_MULTIPLE
| #define USE_THREAD_IMPL MPICH_THREAD_IMPL_GLOBAL_MUTEX
| #define HAVE_ROMIO 1
| #define HAVE_PRAGMA_WEAK 1
| #define USE_WEAK_SYMBOLS 1
| #define HAVE_MULTIPLE_PRAGMA_WEAK 1
| #define HAVE_LONG_LONG 1
| #define F77_NAME_LOWER_2USCORE 1
| #define STDCALL 
| #define HAVE_FORTRAN_BINDING 1
| #define HAVE_CXX_EXCEPTIONS /**/
| #define HAVE_NAMESPACES /**/
| #define HAVE_NAMESPACE_STD /**/
| #define HAVE_CXX_BINDING 1
| #define HAVE_NAMEPUB_SERVICE 1
| #define restrict __restrict
| #define HAVE_GCC_ATTRIBUTE 1
| #define HAVE_SYS_TYPES_H 1
| #define HAVE_SYS_STAT_H 1
| #define HAVE_STDLIB_H 1
| /* end confdefs.h.  */
| #include <string.h>
configure:15609: gcc -c  -O2  conftest.c 1>&5
configure:15612: $? = 0
configure:15632: result: yes
configure:15557: checking for memory.h
configure:15578:   conftest.c
./configure: line 1: conftest.c: command not found
configure:15585: $? = 127
configure: failed program was:
| /* confdefs.h.  */
| #define PACKAGE_NAME ""
| #define PACKAGE_TARNAME ""
| #define PACKAGE_VERSION ""
| #define PACKAGE_STRING ""
| #define PACKAGE_BUGREPORT ""
| #define HAVE_ERROR_CHECKING MPID_ERROR_LEVEL_ALL
| #define MPICH_ERROR_MSG_LEVEL MPICH_ERROR_MSG_ALL
| #define USE_LOGGING MPID_LOGGING_NONE
| #define HAVE_RUNTIME_THREADCHECK 1
| #define MPICH_THREAD_LEVEL MPI_THREAD_MULTIPLE
| #define USE_THREAD_IMPL MPICH_THREAD_IMPL_GLOBAL_MUTEX
| #define HAVE_ROMIO 1
| #define HAVE_PRAGMA_WEAK 1
| #define USE_WEAK_SYMBOLS 1
| #define HAVE_MULTIPLE_PRAGMA_WEAK 1
| #define HAVE_LONG_LONG 1
| #define F77_NAME_LOWER_2USCORE 1
| #define STDCALL 
| #define HAVE_FORTRAN_BINDING 1
| #define HAVE_CXX_EXCEPTIONS /**/
| #define HAVE_NAMESPACES /**/
| #define HAVE_NAMESPACE_STD /**/
| #define HAVE_CXX_BINDING 1
| #define HAVE_NAMEPUB_SERVICE 1
| #define restrict __restrict
| #define HAVE_GCC_ATTRIBUTE 1
| #define HAVE_SYS_TYPES_H 1
| #define HAVE_SYS_STAT_H 1
| #define HAVE_STDLIB_H 1
| #define HAVE_STRING_H 1
| /* end confdefs.h.  */
| #include <memory.h>
configure:15609: gcc -c  -O2  conftest.c 1>&5
configure:15612: $? = 0
configure:15632: result: yes
configure:15557: checking for strings.h
configure:15578:   conftest.c
./configure: line 1: conftest.c: command not found
configure:15585: $? = 127
configure: failed program was:
| /* confdefs.h.  */
| #define PACKAGE_NAME ""
| #define PACKAGE_TARNAME ""
| #define PACKAGE_VERSION ""
| #define PACKAGE_STRING ""
| #define PACKAGE_BUGREPORT ""
| #define HAVE_ERROR_CHECKING MPID_ERROR_LEVEL_ALL
| #define MPICH_ERROR_MSG_LEVEL MPICH_ERROR_MSG_ALL
| #define USE_LOGGING MPID_LOGGING_NONE
| #define HAVE_RUNTIME_THREADCHECK 1
| #define MPICH_THREAD_LEVEL MPI_THREAD_MULTIPLE
| #define USE_THREAD_IMPL MPICH_THREAD_IMPL_GLOBAL_MUTEX
| #define HAVE_ROMIO 1
| #define HAVE_PRAGMA_WEAK 1
| #define USE_WEAK_SYMBOLS 1
| #define HAVE_MULTIPLE_PRAGMA_WEAK 1
| #define HAVE_LONG_LONG 1
| #define F77_NAME_LOWER_2USCORE 1
| #define STDCALL 
| #define HAVE_FORTRAN_BINDING 1
| #define HAVE_CXX_EXCEPTIONS /**/
| #define HAVE_NAMESPACES /**/
| #define HAVE_NAMESPACE_STD /**/
| #define HAVE_CXX_BINDING 1
| #define HAVE_NAMEPUB_SERVICE 1
| #define restrict __restrict
| #define HAVE_GCC_ATTRIBUTE 1
| #define HAVE_SYS_TYPES_H 1
| #define HAVE_SYS_STAT_H 1
| #define HAVE_STDLIB_H 1
| #define HAVE_STRING_H 1
| #define HAVE_MEMORY_H 1
| /* end confdefs.h.  */
| #include <strings.h>
configure:15609: gcc -c  -O2  conftest.c 1>&5
configure:15612: $? = 0
configure:15632: result: yes
configure:15557: checking for inttypes.h
configure:15578:   conftest.c
./configure: line 1: conftest.c: command not found
configure:15585: $? = 127
configure: failed program was:
| /* confdefs.h.  */
| #define PACKAGE_NAME ""
| #define PACKAGE_TARNAME ""
| #define PACKAGE_VERSION ""
| #define PACKAGE_STRING ""
| #define PACKAGE_BUGREPORT ""
| #define HAVE_ERROR_CHECKING MPID_ERROR_LEVEL_ALL
| #define MPICH_ERROR_MSG_LEVEL MPICH_ERROR_MSG_ALL
| #define USE_LOGGING MPID_LOGGING_NONE
| #define HAVE_RUNTIME_THREADCHECK 1
| #define MPICH_THREAD_LEVEL MPI_THREAD_MULTIPLE
| #define USE_THREAD_IMPL MPICH_THREAD_IMPL_GLOBAL_MUTEX
| #define HAVE_ROMIO 1
| #define HAVE_PRAGMA_WEAK 1
| #define USE_WEAK_SYMBOLS 1
| #define HAVE_MULTIPLE_PRAGMA_WEAK 1
| #define HAVE_LONG_LONG 1
| #define F77_NAME_LOWER_2USCORE 1
| #define STDCALL 
| #define HAVE_FORTRAN_BINDING 1
| #define HAVE_CXX_EXCEPTIONS /**/
| #define HAVE_NAMESPACES /**/
| #define HAVE_NAMESPACE_STD /**/
| #define HAVE_CXX_BINDING 1
| #define HAVE_NAMEPUB_SERVICE 1
| #define restrict __restrict
| #define HAVE_GCC_ATTRIBUTE 1
| #define HAVE_SYS_TYPES_H 1
| #define HAVE_SYS_STAT_H 1
| #define HAVE_STDLIB_H 1
| #define HAVE_STRING_H 1
| #define HAVE_MEMORY_H 1
| #define HAVE_STRINGS_H 1
| /* end confdefs.h.  */
| #include <inttypes.h>
configure:15609: gcc -c  -O2  conftest.c 1>&5
configure:15612: $? = 0
configure:15632: result: yes
configure:15557: checking for stdint.h
configure:15578:   conftest.c
./configure: line 1: conftest.c: command not found
configure:15585: $? = 127
configure: failed program was:
| /* confdefs.h.  */
| #define PACKAGE_NAME ""
| #define PACKAGE_TARNAME ""
| #define PACKAGE_VERSION ""
| #define PACKAGE_STRING ""
| #define PACKAGE_BUGREPORT ""
| #define HAVE_ERROR_CHECKING MPID_ERROR_LEVEL_ALL
| #define MPICH_ERROR_MSG_LEVEL MPICH_ERROR_MSG_ALL
| #define USE_LOGGING MPID_LOGGING_NONE
| #define HAVE_RUNTIME_THREADCHECK 1
| #define MPICH_THREAD_LEVEL MPI_THREAD_MULTIPLE
| #define USE_THREAD_IMPL MPICH_THREAD_IMPL_GLOBAL_MUTEX
| #define HAVE_ROMIO 1
| #define HAVE_PRAGMA_WEAK 1
| #define USE_WEAK_SYMBOLS 1
| #define HAVE_MULTIPLE_PRAGMA_WEAK 1
| #define HAVE_LONG_LONG 1
| #define F77_NAME_LOWER_2USCORE 1
| #define STDCALL 
| #define HAVE_FORTRAN_BINDING 1
| #define HAVE_CXX_EXCEPTIONS /**/
| #define HAVE_NAMESPACES /**/
| #define HAVE_NAMESPACE_STD /**/
| #define HAVE_CXX_BINDING 1
| #define HAVE_NAMEPUB_SERVICE 1
| #define restrict __restrict
| #define HAVE_GCC_ATTRIBUTE 1
| #define HAVE_SYS_TYPES_H 1
| #define HAVE_SYS_STAT_H 1
| #define HAVE_STDLIB_H 1
| #define HAVE_STRING_H 1
| #define HAVE_MEMORY_H 1
| #define HAVE_STRINGS_H 1
| #define HAVE_INTTYPES_H 1
| /* end confdefs.h.  */
| #include <stdint.h>
configure:15609: gcc -c  -O2  conftest.c 1>&5
configure:15612: $? = 0
configure:15632: result: yes
configure:15557: checking for unistd.h
configure:15578:   conftest.c
./configure: line 1: conftest.c: command not found
configure:15585: $? = 127
configure: failed program was:
| /* confdefs.h.  */
| #define PACKAGE_NAME ""
| #define PACKAGE_TARNAME ""
| #define PACKAGE_VERSION ""
| #define PACKAGE_STRING ""
| #define PACKAGE_BUGREPORT ""
| #define HAVE_ERROR_CHECKING MPID_ERROR_LEVEL_ALL
| #define MPICH_ERROR_MSG_LEVEL MPICH_ERROR_MSG_ALL
| #define USE_LOGGING MPID_LOGGING_NONE
| #define HAVE_RUNTIME_THREADCHECK 1
| #define MPICH_THREAD_LEVEL MPI_THREAD_MULTIPLE
| #define USE_THREAD_IMPL MPICH_THREAD_IMPL_GLOBAL_MUTEX
| #define HAVE_ROMIO 1
| #define HAVE_PRAGMA_WEAK 1
| #define USE_WEAK_SYMBOLS 1
| #define HAVE_MULTIPLE_PRAGMA_WEAK 1
| #define HAVE_LONG_LONG 1
| #define F77_NAME_LOWER_2USCORE 1
| #define STDCALL 
| #define HAVE_FORTRAN_BINDING 1
| #define HAVE_CXX_EXCEPTIONS /**/
| #define HAVE_NAMESPACES /**/
| #define HAVE_NAMESPACE_STD /**/
| #define HAVE_CXX_BINDING 1
| #define HAVE_NAMEPUB_SERVICE 1
| #define restrict __restrict
| #define HAVE_GCC_ATTRIBUTE 1
| #define HAVE_SYS_TYPES_H 1
| #define HAVE_SYS_STAT_H 1
| #define HAVE_STDLIB_H 1
| #define HAVE_STRING_H 1
| #define HAVE_MEMORY_H 1
| #define HAVE_STRINGS_H 1
| #define HAVE_INTTYPES_H 1
| #define HAVE_STDINT_H 1
| /* end confdefs.h.  */
| #include <unistd.h>
configure:15609: gcc -c  -O2  conftest.c 1>&5
configure:15612: $? = 0
configure:15632: result: yes
configure:15646: checking whether byte ordering is bigendian
configure:15671: gcc -c  -O2  conftest.c >&5
conftest.c:39: syntax error before "is"
conftest.c:39: warning: data definition has no type or storage class
configure:15678: $? = 1
configure: failed program was:
| /* confdefs.h.  */
| #define PACKAGE_NAME ""
| #define PACKAGE_TARNAME ""
| #define PACKAGE_VERSION ""
| #define PACKAGE_STRING ""
| #define PACKAGE_BUGREPORT ""
| #define HAVE_ERROR_CHECKING MPID_ERROR_LEVEL_ALL
| #define MPICH_ERROR_MSG_LEVEL MPICH_ERROR_MSG_ALL
| #define USE_LOGGING MPID_LOGGING_NONE
| #define HAVE_RUNTIME_THREADCHECK 1
| #define MPICH_THREAD_LEVEL MPI_THREAD_MULTIPLE
| #define USE_THREAD_IMPL MPICH_THREAD_IMPL_GLOBAL_MUTEX
| #define HAVE_ROMIO 1
| #define HAVE_PRAGMA_WEAK 1
| #define USE_WEAK_SYMBOLS 1
| #define HAVE_MULTIPLE_PRAGMA_WEAK 1
| #define HAVE_LONG_LONG 1
| #define F77_NAME_LOWER_2USCORE 1
| #define STDCALL 
| #define HAVE_FORTRAN_BINDING 1
| #define HAVE_CXX_EXCEPTIONS /**/
| #define HAVE_NAMESPACES /**/
| #define HAVE_NAMESPACE_STD /**/
| #define HAVE_CXX_BINDING 1
| #define HAVE_NAMEPUB_SERVICE 1
| #define restrict __restrict
| #define HAVE_GCC_ATTRIBUTE 1
| #define HAVE_SYS_TYPES_H 1
| #define HAVE_SYS_STAT_H 1
| #define HAVE_STDLIB_H 1
| #define HAVE_STRING_H 1
| #define HAVE_MEMORY_H 1
| #define HAVE_STRINGS_H 1
| #define HAVE_INTTYPES_H 1
| #define HAVE_STDINT_H 1
| #define HAVE_UNISTD_H 1
| /* end confdefs.h.  */
| #if ! (defined __BIG_ENDIAN__ || defined __LITTLE_ENDIAN__)
| 	       neither is defined;
| 	     #endif
| 	     typedef int dummy;
| 
configure:15720: gcc -c  -O2  conftest.c >&5
configure:15727: $? = 0
configure:15759: gcc -c  -O2  conftest.c >&5
conftest.c: In function `main':
conftest.c:45: `not' undeclared (first use in this function)
conftest.c:45: (Each undeclared identifier is reported only once
conftest.c:45: for each function it appears in.)
conftest.c:45: syntax error before "big"
configure:15766: $? = 1
configure: failed program was:
| /* confdefs.h.  */
| #define PACKAGE_NAME ""
| #define PACKAGE_TARNAME ""
| #define PACKAGE_VERSION ""
| #define PACKAGE_STRING ""
| #define PACKAGE_BUGREPORT ""
| #define HAVE_ERROR_CHECKING MPID_ERROR_LEVEL_ALL
| #define MPICH_ERROR_MSG_LEVEL MPICH_ERROR_MSG_ALL
| #define USE_LOGGING MPID_LOGGING_NONE
| #define HAVE_RUNTIME_THREADCHECK 1
| #define MPICH_THREAD_LEVEL MPI_THREAD_MULTIPLE
| #define USE_THREAD_IMPL MPICH_THREAD_IMPL_GLOBAL_MUTEX
| #define HAVE_ROMIO 1
| #define HAVE_PRAGMA_WEAK 1
| #define USE_WEAK_SYMBOLS 1
| #define HAVE_MULTIPLE_PRAGMA_WEAK 1
| #define HAVE_LONG_LONG 1
| #define F77_NAME_LOWER_2USCORE 1
| #define STDCALL 
| #define HAVE_FORTRAN_BINDING 1
| #define HAVE_CXX_EXCEPTIONS /**/
| #define HAVE_NAMESPACES /**/
| #define HAVE_NAMESPACE_STD /**/
| #define HAVE_CXX_BINDING 1
| #define HAVE_NAMEPUB_SERVICE 1
| #define restrict __restrict
| #define HAVE_GCC_ATTRIBUTE 1
| #define HAVE_SYS_TYPES_H 1
| #define HAVE_SYS_STAT_H 1
| #define HAVE_STDLIB_H 1
| #define HAVE_STRING_H 1
| #define HAVE_MEMORY_H 1
| #define HAVE_STRINGS_H 1
| #define HAVE_INTTYPES_H 1
| #define HAVE_STDINT_H 1
| #define HAVE_UNISTD_H 1
| /* end confdefs.h.  */
| #include <sys/types.h>
| 		#include <sys/param.h>
| 
| int
| main ()
| {
| #if BYTE_ORDER != BIG_ENDIAN
| 		 not big endian
| 		#endif
| 
|   ;
|   return 0;
| }
configure:16018: result: no
configure:16064: checking whether C compiler allows unaligned doubles
configure:16107: gcc -o conftest  -O2   conftest.c  >&5
configure:16111: $? = 0
configure:16117: ./conftest
configure:16121: $? = 0
configure:16138: result: yes
configure:16157: checking whether gcc supports __func__
configure:16183: gcc -c  -O2  conftest.c >&5
configure:16190: $? = 0
configure:16205: result: yes
configure:16349: result: Using gcc to determine dependencies
configure:16381: checking whether long double is supported
configure:16408: gcc -c  -O2  conftest.c >&5
configure:16415: $? = 0
configure:16430: result: yes
configure:16441: checking whether long long is supported
configure:16468: gcc -c  -O2  conftest.c >&5
configure:16475: $? = 0
configure:16490: result: yes
configure:16503: checking for max C struct integer alignment
configure:16631: gcc -o conftest  -O2   conftest.c  >&5
configure:16635: $? = 0
configure:16641: ./conftest
configure:16645: $? = 0
configure:16664: result: eight
configure:16701: checking for max C struct floating point alignment
configure:16813: gcc -o conftest  -O2   conftest.c  >&5
configure:16817: $? = 0
configure:16823: ./conftest
configure:16827: $? = 0
configure:16846: result: sixteen
configure:16881: checking for max C struct alignment of structs with doubles
configure:16962: gcc -o conftest  -O2   conftest.c  >&5
configure:16966: $? = 0
configure:16972: ./conftest
configure:16976: $? = 0
configure:16995: result: eight
configure:17002: checking for max C struct floating point alignment with long doubles
configure:17084: gcc -o conftest  -O2   conftest.c  >&5
configure:17088: $? = 0
configure:17094: ./conftest
configure:17098: $? = 0
configure:17117: result: sixteen
configure:17127: WARNING: Structures containing long doubles may be aligned differently from structures with floats or longs.  MPICH2 does not handle this case automatically and you should avoid assumed extents for structures containing float types.
configure:17162: checking if alignment of structs with doubles is based on position
configure:17206: gcc -o conftest  -O2   conftest.c  >&5
configure:17210: $? = 0
configure:17216: ./conftest
configure:17220: $? = 0
configure:17239: result: no
configure:17255: checking if alignment of structs with long long ints is based on position
configure:17301: gcc -o conftest  -O2   conftest.c  >&5
configure:17305: $? = 0
configure:17311: ./conftest
configure:17315: $? = 0
configure:17334: result: no
configure:17350: checking if double alignment breaks rules, find actual alignment
configure:17407: gcc -o conftest  -O2   conftest.c  >&5
configure:17411: $? = 0
configure:17417: ./conftest
configure:17421: $? = 0
configure:17440: result: no
configure:17456: checking for alignment restrictions on pointers
configure:17486: gcc -o conftest  -O2   conftest.c  >&5
configure:17490: $? = 0
configure:17496: ./conftest
configure:17500: $? = 0
configure:17526: result: int or better
configure:17538: checking size of char
configure:17841: gcc -o conftest  -O2   conftest.c  >&5
configure:17845: $? = 0
configure:17851: ./conftest
configure:17855: $? = 0
configure:17879: result: 1
configure:17893: checking size of unsigned char
configure:18196: gcc -o conftest  -O2   conftest.c  >&5
configure:18200: $? = 0
configure:18206: ./conftest
configure:18210: $? = 0
configure:18234: result: 1
configure:18248: checking size of short
configure:18551: gcc -o conftest  -O2   conftest.c  >&5
configure:18555: $? = 0
configure:18561: ./conftest
configure:18565: $? = 0
configure:18589: result: 2
configure:18603: checking size of unsigned short
configure:18906: gcc -o conftest  -O2   conftest.c  >&5
configure:18910: $? = 0
configure:18916: ./conftest
configure:18920: $? = 0
configure:18944: result: 2
configure:18958: checking size of int
configure:19261: gcc -o conftest  -O2   conftest.c  >&5
configure:19265: $? = 0
configure:19271: ./conftest
configure:19275: $? = 0
configure:19299: result: 4
configure:19313: checking size of unsigned int
configure:19616: gcc -o conftest  -O2   conftest.c  >&5
configure:19620: $? = 0
configure:19626: ./conftest
configure:19630: $? = 0
configure:19654: result: 4
configure:19668: checking size of long
configure:19971: gcc -o conftest  -O2   conftest.c  >&5
configure:19975: $? = 0
configure:19981: ./conftest
configure:19985: $? = 0
configure:20009: result: 8
configure:20023: checking size of unsigned long
configure:20326: gcc -o conftest  -O2   conftest.c  >&5
configure:20330: $? = 0
configure:20336: ./conftest
configure:20340: $? = 0
configure:20364: result: 8
configure:20378: checking size of long long
configure:20681: gcc -o conftest  -O2   conftest.c  >&5
configure:20685: $? = 0
configure:20691: ./conftest
configure:20695: $? = 0
configure:20719: result: 8
configure:20733: checking size of unsigned long long
configure:21036: gcc -o conftest  -O2   conftest.c  >&5
configure:21040: $? = 0
configure:21046: ./conftest
configure:21050: $? = 0
configure:21074: result: 8
configure:21088: checking size of float
configure:21391: gcc -o conftest  -O2   conftest.c  >&5
configure:21395: $? = 0
configure:21401: ./conftest
configure:21405: $? = 0
configure:21429: result: 4
configure:21443: checking size of double
configure:21746: gcc -o conftest  -O2   conftest.c  >&5
configure:21750: $? = 0
configure:21756: ./conftest
configure:21760: $? = 0
configure:21784: result: 8
configure:21798: checking size of long double
configure:22101: gcc -o conftest  -O2   conftest.c  >&5
configure:22105: $? = 0
configure:22111: ./conftest
configure:22115: $? = 0
configure:22139: result: 16
configure:22153: checking size of wchar_t
configure:22456: gcc -o conftest  -O2   conftest.c  >&5
configure:22460: $? = 0
configure:22466: ./conftest
configure:22470: $? = 0
configure:22494: result: 4
configure:22670: checking size of void *
configure:22973: gcc -o conftest  -O2   conftest.c  >&5
configure:22977: $? = 0
configure:22983: ./conftest
configure:22987: $? = 0
configure:23011: result: 8
configure:23023: checking for size of float int
configure:23054: gcc -o conftest  -O2   conftest.c  >&5
configure:23058: $? = 0
configure:23064: ./conftest
configure:23068: $? = 0
configure:23093: result: 8
configure:23099: checking for size of double int
configure:23130: gcc -o conftest  -O2   conftest.c  >&5
configure:23134: $? = 0
configure:23140: ./conftest
configure:23144: $? = 0
configure:23169: result: 12
configure:23175: checking for size of long int
configure:23206: gcc -o conftest  -O2   conftest.c  >&5
configure:23210: $? = 0
configure:23216: ./conftest
configure:23220: $? = 0
configure:23245: result: 12
configure:23251: checking for size of short int
configure:23282: gcc -o conftest  -O2   conftest.c  >&5
configure:23286: $? = 0
configure:23292: ./conftest
configure:23296: $? = 0
configure:23321: result: 6
configure:23327: checking for size of 2 int
configure:23358: gcc -o conftest  -O2   conftest.c  >&5
configure:23362: $? = 0
configure:23368: ./conftest
configure:23372: $? = 0
configure:23397: result: 8
configure:23403: checking for size of long double int
configure:23434: gcc -o conftest  -O2   conftest.c  >&5
configure:23438: $? = 0
configure:23444: ./conftest
configure:23448: $? = 0
configure:23473: result: 20
configure:23482: checking for sys/bitypes.h
configure:23503:   conftest.c
./configure: line 1: conftest.c: command not found
configure:23510: $? = 127
configure: failed program was:
| /* confdefs.h.  */
| #define PACKAGE_NAME ""
| #define PACKAGE_TARNAME ""
| #define PACKAGE_VERSION ""
| #define PACKAGE_STRING ""
| #define PACKAGE_BUGREPORT ""
| #define HAVE_ERROR_CHECKING MPID_ERROR_LEVEL_ALL
| #define MPICH_ERROR_MSG_LEVEL MPICH_ERROR_MSG_ALL
| #define USE_LOGGING MPID_LOGGING_NONE
| #define HAVE_RUNTIME_THREADCHECK 1
| #define MPICH_THREAD_LEVEL MPI_THREAD_MULTIPLE
| #define USE_THREAD_IMPL MPICH_THREAD_IMPL_GLOBAL_MUTEX
| #define HAVE_ROMIO 1
| #define HAVE_PRAGMA_WEAK 1
| #define USE_WEAK_SYMBOLS 1
| #define HAVE_MULTIPLE_PRAGMA_WEAK 1
| #define HAVE_LONG_LONG 1
| #define F77_NAME_LOWER_2USCORE 1
| #define STDCALL 
| #define HAVE_FORTRAN_BINDING 1
| #define HAVE_CXX_EXCEPTIONS /**/
| #define HAVE_NAMESPACES /**/
| #define HAVE_NAMESPACE_STD /**/
| #define HAVE_CXX_BINDING 1
| #define HAVE_NAMEPUB_SERVICE 1
| #define restrict __restrict
| #define HAVE_GCC_ATTRIBUTE 1
| #define HAVE_SYS_TYPES_H 1
| #define HAVE_SYS_STAT_H 1
| #define HAVE_STDLIB_H 1
| #define HAVE_STRING_H 1
| #define HAVE_MEMORY_H 1
| #define HAVE_STRINGS_H 1
| #define HAVE_INTTYPES_H 1
| #define HAVE_STDINT_H 1
| #define HAVE_UNISTD_H 1
| #define WORDS_LITTLEENDIAN 1
| #define HAVE_LONG_DOUBLE 1
| #define HAVE_LONG_LONG_INT 1
| #define HAVE_MAX_INTEGER_ALIGNMENT 8
| #define HAVE_MAX_STRUCT_ALIGNMENT 8
| #define HAVE_MAX_FP_ALIGNMENT 16
| #define HAVE_MAX_DOUBLE_FP_ALIGNMENT 8
| #define HAVE_MAX_LONG_DOUBLE_FP_ALIGNMENT 16
| #define SIZEOF_CHAR 1
| #define SIZEOF_UNSIGNED_CHAR 1
| #define SIZEOF_SHORT 2
| #define SIZEOF_UNSIGNED_SHORT 2
| #define SIZEOF_INT 4
| #define SIZEOF_UNSIGNED_INT 4
| #define SIZEOF_LONG 8
| #define SIZEOF_UNSIGNED_LONG 8
| #define SIZEOF_LONG_LONG 8
| #define SIZEOF_UNSIGNED_LONG_LONG 8
| #define SIZEOF_FLOAT 4
| #define SIZEOF_DOUBLE 8
| #define SIZEOF_LONG_DOUBLE 16
| #define SIZEOF_WCHAR_T 4
| #define SIZEOF_VOID_P 8
| /* end confdefs.h.  */
| #include <sys/bitypes.h>
configure:23534: gcc -c  -O2  conftest.c 1>&5
configure:23537: $? = 0
configure:23557: result: yes
configure:23572: checking for inttypes.h
configure:23647: result: yes
configure:23658: checking for int8_t
configure:23689: gcc -c  -O2  conftest.c >&5
configure:23696: $? = 0
configure:23725: gcc -c  -O2  conftest.c >&5
conftest.c: In function `main':
conftest.c:99: size of array `test_array' is negative
configure:23732: $? = 1
configure: failed program was:
| /* confdefs.h.  */
| #define PACKAGE_NAME ""
| #define PACKAGE_TARNAME ""
| #define PACKAGE_VERSION ""
| #define PACKAGE_STRING ""
| #define PACKAGE_BUGREPORT ""
| #define HAVE_ERROR_CHECKING MPID_ERROR_LEVEL_ALL
| #define MPICH_ERROR_MSG_LEVEL MPICH_ERROR_MSG_ALL
| #define USE_LOGGING MPID_LOGGING_NONE
| #define HAVE_RUNTIME_THREADCHECK 1
| #define MPICH_THREAD_LEVEL MPI_THREAD_MULTIPLE
| #define USE_THREAD_IMPL MPICH_THREAD_IMPL_GLOBAL_MUTEX
| #define HAVE_ROMIO 1
| #define HAVE_PRAGMA_WEAK 1
| #define USE_WEAK_SYMBOLS 1
| #define HAVE_MULTIPLE_PRAGMA_WEAK 1
| #define HAVE_LONG_LONG 1
| #define F77_NAME_LOWER_2USCORE 1
| #define STDCALL 
| #define HAVE_FORTRAN_BINDING 1
| #define HAVE_CXX_EXCEPTIONS /**/
| #define HAVE_NAMESPACES /**/
| #define HAVE_NAMESPACE_STD /**/
| #define HAVE_CXX_BINDING 1
| #define HAVE_NAMEPUB_SERVICE 1
| #define restrict __restrict
| #define HAVE_GCC_ATTRIBUTE 1
| #define HAVE_SYS_TYPES_H 1
| #define HAVE_SYS_STAT_H 1
| #define HAVE_STDLIB_H 1
| #define HAVE_STRING_H 1
| #define HAVE_MEMORY_H 1
| #define HAVE_STRINGS_H 1
| #define HAVE_INTTYPES_H 1
| #define HAVE_STDINT_H 1
| #define HAVE_UNISTD_H 1
| #define WORDS_LITTLEENDIAN 1
| #define HAVE_LONG_DOUBLE 1
| #define HAVE_LONG_LONG_INT 1
| #define HAVE_MAX_INTEGER_ALIGNMENT 8
| #define HAVE_MAX_STRUCT_ALIGNMENT 8
| #define HAVE_MAX_FP_ALIGNMENT 16
| #define HAVE_MAX_DOUBLE_FP_ALIGNMENT 8
| #define HAVE_MAX_LONG_DOUBLE_FP_ALIGNMENT 16
| #define SIZEOF_CHAR 1
| #define SIZEOF_UNSIGNED_CHAR 1
| #define SIZEOF_SHORT 2
| #define SIZEOF_UNSIGNED_SHORT 2
| #define SIZEOF_INT 4
| #define SIZEOF_UNSIGNED_INT 4
| #define SIZEOF_LONG 8
| #define SIZEOF_UNSIGNED_LONG 8
| #define SIZEOF_LONG_LONG 8
| #define SIZEOF_UNSIGNED_LONG_LONG 8
| #define SIZEOF_FLOAT 4
| #define SIZEOF_DOUBLE 8
| #define SIZEOF_LONG_DOUBLE 16
| #define SIZEOF_WCHAR_T 4
| #define SIZEOF_VOID_P 8
| #define HAVE_SYS_BITYPES_H 1
| /* end confdefs.h.  */
| #include <stdio.h>
| #ifdef HAVE_SYS_TYPES_H
| # include <sys/types.h>
| #endif
| #ifdef HAVE_SYS_STAT_H
| # include <sys/stat.h>
| #endif
| #ifdef STDC_HEADERS
| # include <stdlib.h>
| # include <stddef.h>
| #else
| # ifdef HAVE_STDLIB_H
| #  include <stdlib.h>
| # endif
| #endif
| #ifdef HAVE_STRING_H
| # if !defined STDC_HEADERS && defined HAVE_MEMORY_H
| #  include <memory.h>
| # endif
| # include <string.h>
| #endif
| #ifdef HAVE_STRINGS_H
| # include <strings.h>
| #endif
| #ifdef HAVE_INTTYPES_H
| # include <inttypes.h>
| #endif
| #ifdef HAVE_STDINT_H
| # include <stdint.h>
| #endif
| #ifdef HAVE_UNISTD_H
| # include <unistd.h>
| #endif
| int
| main ()
| {
| static int test_array [1 - 2 * !((int8_t) ((((int8_t) 1 << (8 - 2)) - 1) * 2 + 1)
| 		 < (int8_t) ((((int8_t) 1 << (8 - 2)) - 1) * 2 + 2))];
| test_array [0] = 0
| 
|   ;
|   return 0;
| }
configure:23761: result: yes
configure:23774: checking for int16_t
configure:23805: gcc -c  -O2  conftest.c >&5
configure:23812: $? = 0
configure:23841: gcc -c  -O2  conftest.c >&5
conftest.c: In function `main':
conftest.c:99: size of array `test_array' is negative
configure:23848: $? = 1
configure: failed program was:
| /* confdefs.h.  */
| #define PACKAGE_NAME ""
| #define PACKAGE_TARNAME ""
| #define PACKAGE_VERSION ""
| #define PACKAGE_STRING ""
| #define PACKAGE_BUGREPORT ""
| #define HAVE_ERROR_CHECKING MPID_ERROR_LEVEL_ALL
| #define MPICH_ERROR_MSG_LEVEL MPICH_ERROR_MSG_ALL
| #define USE_LOGGING MPID_LOGGING_NONE
| #define HAVE_RUNTIME_THREADCHECK 1
| #define MPICH_THREAD_LEVEL MPI_THREAD_MULTIPLE
| #define USE_THREAD_IMPL MPICH_THREAD_IMPL_GLOBAL_MUTEX
| #define HAVE_ROMIO 1
| #define HAVE_PRAGMA_WEAK 1
| #define USE_WEAK_SYMBOLS 1
| #define HAVE_MULTIPLE_PRAGMA_WEAK 1
| #define HAVE_LONG_LONG 1
| #define F77_NAME_LOWER_2USCORE 1
| #define STDCALL 
| #define HAVE_FORTRAN_BINDING 1
| #define HAVE_CXX_EXCEPTIONS /**/
| #define HAVE_NAMESPACES /**/
| #define HAVE_NAMESPACE_STD /**/
| #define HAVE_CXX_BINDING 1
| #define HAVE_NAMEPUB_SERVICE 1
| #define restrict __restrict
| #define HAVE_GCC_ATTRIBUTE 1
| #define HAVE_SYS_TYPES_H 1
| #define HAVE_SYS_STAT_H 1
| #define HAVE_STDLIB_H 1
| #define HAVE_STRING_H 1
| #define HAVE_MEMORY_H 1
| #define HAVE_STRINGS_H 1
| #define HAVE_INTTYPES_H 1
| #define HAVE_STDINT_H 1
| #define HAVE_UNISTD_H 1
| #define WORDS_LITTLEENDIAN 1
| #define HAVE_LONG_DOUBLE 1
| #define HAVE_LONG_LONG_INT 1
| #define HAVE_MAX_INTEGER_ALIGNMENT 8
| #define HAVE_MAX_STRUCT_ALIGNMENT 8
| #define HAVE_MAX_FP_ALIGNMENT 16
| #define HAVE_MAX_DOUBLE_FP_ALIGNMENT 8
| #define HAVE_MAX_LONG_DOUBLE_FP_ALIGNMENT 16
| #define SIZEOF_CHAR 1
| #define SIZEOF_UNSIGNED_CHAR 1
| #define SIZEOF_SHORT 2
| #define SIZEOF_UNSIGNED_SHORT 2
| #define SIZEOF_INT 4
| #define SIZEOF_UNSIGNED_INT 4
| #define SIZEOF_LONG 8
| #define SIZEOF_UNSIGNED_LONG 8
| #define SIZEOF_LONG_LONG 8
| #define SIZEOF_UNSIGNED_LONG_LONG 8
| #define SIZEOF_FLOAT 4
| #define SIZEOF_DOUBLE 8
| #define SIZEOF_LONG_DOUBLE 16
| #define SIZEOF_WCHAR_T 4
| #define SIZEOF_VOID_P 8
| #define HAVE_SYS_BITYPES_H 1
| /* end confdefs.h.  */
| #include <stdio.h>
| #ifdef HAVE_SYS_TYPES_H
| # include <sys/types.h>
| #endif
| #ifdef HAVE_SYS_STAT_H
| # include <sys/stat.h>
| #endif
| #ifdef STDC_HEADERS
| # include <stdlib.h>
| # include <stddef.h>
| #else
| # ifdef HAVE_STDLIB_H
| #  include <stdlib.h>
| # endif
| #endif
| #ifdef HAVE_STRING_H
| # if !defined STDC_HEADERS && defined HAVE_MEMORY_H
| #  include <memory.h>
| # endif
| # include <string.h>
| #endif
| #ifdef HAVE_STRINGS_H
| # include <strings.h>
| #endif
| #ifdef HAVE_INTTYPES_H
| # include <inttypes.h>
| #endif
| #ifdef HAVE_STDINT_H
| # include <stdint.h>
| #endif
| #ifdef HAVE_UNISTD_H
| # include <unistd.h>
| #endif
| int
| main ()
| {
| static int test_array [1 - 2 * !((int16_t) ((((int16_t) 1 << (16 - 2)) - 1) * 2 + 1)
| 		 < (int16_t) ((((int16_t) 1 << (16 - 2)) - 1) * 2 + 2))];
| test_array [0] = 0
| 
|   ;
|   return 0;
| }
configure:23877: result: yes
configure:23890: checking for int32_t
configure:23921: gcc -c  -O2  conftest.c >&5
configure:23928: $? = 0
configure:23957: gcc -c  -O2  conftest.c >&5
conftest.c: In function `main':
conftest.c:99: warning: integer overflow in expression
conftest.c:99: size of array `test_array' is negative
configure:23964: $? = 1
configure: failed program was:
| /* confdefs.h.  */
| #define PACKAGE_NAME ""
| #define PACKAGE_TARNAME ""
| #define PACKAGE_VERSION ""
| #define PACKAGE_STRING ""
| #define PACKAGE_BUGREPORT ""
| #define HAVE_ERROR_CHECKING MPID_ERROR_LEVEL_ALL
| #define MPICH_ERROR_MSG_LEVEL MPICH_ERROR_MSG_ALL
| #define USE_LOGGING MPID_LOGGING_NONE
| #define HAVE_RUNTIME_THREADCHECK 1
| #define MPICH_THREAD_LEVEL MPI_THREAD_MULTIPLE
| #define USE_THREAD_IMPL MPICH_THREAD_IMPL_GLOBAL_MUTEX
| #define HAVE_ROMIO 1
| #define HAVE_PRAGMA_WEAK 1
| #define USE_WEAK_SYMBOLS 1
| #define HAVE_MULTIPLE_PRAGMA_WEAK 1
| #define HAVE_LONG_LONG 1
| #define F77_NAME_LOWER_2USCORE 1
| #define STDCALL 
| #define HAVE_FORTRAN_BINDING 1
| #define HAVE_CXX_EXCEPTIONS /**/
| #define HAVE_NAMESPACES /**/
| #define HAVE_NAMESPACE_STD /**/
| #define HAVE_CXX_BINDING 1
| #define HAVE_NAMEPUB_SERVICE 1
| #define restrict __restrict
| #define HAVE_GCC_ATTRIBUTE 1
| #define HAVE_SYS_TYPES_H 1
| #define HAVE_SYS_STAT_H 1
| #define HAVE_STDLIB_H 1
| #define HAVE_STRING_H 1
| #define HAVE_MEMORY_H 1
| #define HAVE_STRINGS_H 1
| #define HAVE_INTTYPES_H 1
| #define HAVE_STDINT_H 1
| #define HAVE_UNISTD_H 1
| #define WORDS_LITTLEENDIAN 1
| #define HAVE_LONG_DOUBLE 1
| #define HAVE_LONG_LONG_INT 1
| #define HAVE_MAX_INTEGER_ALIGNMENT 8
| #define HAVE_MAX_STRUCT_ALIGNMENT 8
| #define HAVE_MAX_FP_ALIGNMENT 16
| #define HAVE_MAX_DOUBLE_FP_ALIGNMENT 8
| #define HAVE_MAX_LONG_DOUBLE_FP_ALIGNMENT 16
| #define SIZEOF_CHAR 1
| #define SIZEOF_UNSIGNED_CHAR 1
| #define SIZEOF_SHORT 2
| #define SIZEOF_UNSIGNED_SHORT 2
| #define SIZEOF_INT 4
| #define SIZEOF_UNSIGNED_INT 4
| #define SIZEOF_LONG 8
| #define SIZEOF_UNSIGNED_LONG 8
| #define SIZEOF_LONG_LONG 8
| #define SIZEOF_UNSIGNED_LONG_LONG 8
| #define SIZEOF_FLOAT 4
| #define SIZEOF_DOUBLE 8
| #define SIZEOF_LONG_DOUBLE 16
| #define SIZEOF_WCHAR_T 4
| #define SIZEOF_VOID_P 8
| #define HAVE_SYS_BITYPES_H 1
| /* end confdefs.h.  */
| #include <stdio.h>
| #ifdef HAVE_SYS_TYPES_H
| # include <sys/types.h>
| #endif
| #ifdef HAVE_SYS_STAT_H
| # include <sys/stat.h>
| #endif
| #ifdef STDC_HEADERS
| # include <stdlib.h>
| # include <stddef.h>
| #else
| # ifdef HAVE_STDLIB_H
| #  include <stdlib.h>
| # endif
| #endif
| #ifdef HAVE_STRING_H
| # if !defined STDC_HEADERS && defined HAVE_MEMORY_H
| #  include <memory.h>
| # endif
| # include <string.h>
| #endif
| #ifdef HAVE_STRINGS_H
| # include <strings.h>
| #endif
| #ifdef HAVE_INTTYPES_H
| # include <inttypes.h>
| #endif
| #ifdef HAVE_STDINT_H
| # include <stdint.h>
| #endif
| #ifdef HAVE_UNISTD_H
| # include <unistd.h>
| #endif
| int
| main ()
| {
| static int test_array [1 - 2 * !((int32_t) ((((int32_t) 1 << (32 - 2)) - 1) * 2 + 1)
| 		 < (int32_t) ((((int32_t) 1 << (32 - 2)) - 1) * 2 + 2))];
| test_array [0] = 0
| 
|   ;
|   return 0;
| }
configure:23993: result: yes
configure:24006: checking for int64_t
configure:24037: gcc -c  -O2  conftest.c >&5
configure:24044: $? = 0
configure:24073: gcc -c  -O2  conftest.c >&5
conftest.c: In function `main':
conftest.c:99: warning: integer overflow in expression
conftest.c:99: size of array `test_array' is negative
configure:24080: $? = 1
configure: failed program was:
| /* confdefs.h.  */
| #define PACKAGE_NAME ""
| #define PACKAGE_TARNAME ""
| #define PACKAGE_VERSION ""
| #define PACKAGE_STRING ""
| #define PACKAGE_BUGREPORT ""
| #define HAVE_ERROR_CHECKING MPID_ERROR_LEVEL_ALL
| #define MPICH_ERROR_MSG_LEVEL MPICH_ERROR_MSG_ALL
| #define USE_LOGGING MPID_LOGGING_NONE
| #define HAVE_RUNTIME_THREADCHECK 1
| #define MPICH_THREAD_LEVEL MPI_THREAD_MULTIPLE
| #define USE_THREAD_IMPL MPICH_THREAD_IMPL_GLOBAL_MUTEX
| #define HAVE_ROMIO 1
| #define HAVE_PRAGMA_WEAK 1
| #define USE_WEAK_SYMBOLS 1
| #define HAVE_MULTIPLE_PRAGMA_WEAK 1
| #define HAVE_LONG_LONG 1
| #define F77_NAME_LOWER_2USCORE 1
| #define STDCALL 
| #define HAVE_FORTRAN_BINDING 1
| #define HAVE_CXX_EXCEPTIONS /**/
| #define HAVE_NAMESPACES /**/
| #define HAVE_NAMESPACE_STD /**/
| #define HAVE_CXX_BINDING 1
| #define HAVE_NAMEPUB_SERVICE 1
| #define restrict __restrict
| #define HAVE_GCC_ATTRIBUTE 1
| #define HAVE_SYS_TYPES_H 1
| #define HAVE_SYS_STAT_H 1
| #define HAVE_STDLIB_H 1
| #define HAVE_STRING_H 1
| #define HAVE_MEMORY_H 1
| #define HAVE_STRINGS_H 1
| #define HAVE_INTTYPES_H 1
| #define HAVE_STDINT_H 1
| #define HAVE_UNISTD_H 1
| #define WORDS_LITTLEENDIAN 1
| #define HAVE_LONG_DOUBLE 1
| #define HAVE_LONG_LONG_INT 1
| #define HAVE_MAX_INTEGER_ALIGNMENT 8
| #define HAVE_MAX_STRUCT_ALIGNMENT 8
| #define HAVE_MAX_FP_ALIGNMENT 16
| #define HAVE_MAX_DOUBLE_FP_ALIGNMENT 8
| #define HAVE_MAX_LONG_DOUBLE_FP_ALIGNMENT 16
| #define SIZEOF_CHAR 1
| #define SIZEOF_UNSIGNED_CHAR 1
| #define SIZEOF_SHORT 2
| #define SIZEOF_UNSIGNED_SHORT 2
| #define SIZEOF_INT 4
| #define SIZEOF_UNSIGNED_INT 4
| #define SIZEOF_LONG 8
| #define SIZEOF_UNSIGNED_LONG 8
| #define SIZEOF_LONG_LONG 8
| #define SIZEOF_UNSIGNED_LONG_LONG 8
| #define SIZEOF_FLOAT 4
| #define SIZEOF_DOUBLE 8
| #define SIZEOF_LONG_DOUBLE 16
| #define SIZEOF_WCHAR_T 4
| #define SIZEOF_VOID_P 8
| #define HAVE_SYS_BITYPES_H 1
| /* end confdefs.h.  */
| #include <stdio.h>
| #ifdef HAVE_SYS_TYPES_H
| # include <sys/types.h>
| #endif
| #ifdef HAVE_SYS_STAT_H
| # include <sys/stat.h>
| #endif
| #ifdef STDC_HEADERS
| # include <stdlib.h>
| # include <stddef.h>
| #else
| # ifdef HAVE_STDLIB_H
| #  include <stdlib.h>
| # endif
| #endif
| #ifdef HAVE_STRING_H
| # if !defined STDC_HEADERS && defined HAVE_MEMORY_H
| #  include <memory.h>
| # endif
| # include <string.h>
| #endif
| #ifdef HAVE_STRINGS_H
| # include <strings.h>
| #endif
| #ifdef HAVE_INTTYPES_H
| # include <inttypes.h>
| #endif
| #ifdef HAVE_STDINT_H
| # include <stdint.h>
| #endif
| #ifdef HAVE_UNISTD_H
| # include <unistd.h>
| #endif
| int
| main ()
| {
| static int test_array [1 - 2 * !((int64_t) ((((int64_t) 1 << (64 - 2)) - 1) * 2 + 1)
| 		 < (int64_t) ((((int64_t) 1 << (64 - 2)) - 1) * 2 + 2))];
| test_array [0] = 0
| 
|   ;
|   return 0;
| }
configure:24109: result: yes
configure:24155: checking for uint8_t
configure:24186: gcc -c  -O2  conftest.c >&5
configure:24193: $? = 0
configure:24214: result: yes
configure:24232: checking for uint16_t
configure:24263: gcc -c  -O2  conftest.c >&5
configure:24270: $? = 0
configure:24291: result: yes
configure:24305: checking for uint32_t
configure:24336: gcc -c  -O2  conftest.c >&5
configure:24343: $? = 0
configure:24364: result: yes
configure:24382: checking for uint64_t
configure:24413: gcc -c  -O2  conftest.c >&5
configure:24420: $? = 0
configure:24441: result: yes
configure:24806: checking for size of Fortran type integer
configure:24842: gcc -c  -O2  conftestc.c >&5
configure:24845: $? = 0
configure:24864: g77 -o conftest  -O2  conftest.f conftestc.o  >&5
configure:24867: $? = 0
configure:24903: result: 4
configure:24914: checking for size of Fortran type real
configure:24950: gcc -c  -O2  conftestc.c >&5
configure:24953: $? = 0
configure:24972: g77 -o conftest  -O2  conftest.f conftestc.o  >&5
configure:24975: $? = 0
configure:25011: result: 4
configure:25022: checking for size of Fortran type double precision
configure:25058: gcc -c  -O2  conftestc.c >&5
configure:25061: $? = 0
configure:25080: g77 -o conftest  -O2  conftest.f conftestc.o  >&5
configure:25083: $? = 0
configure:25119: result: 8
configure:25138: checking whether integer*1 is supported
configure:25155: g77 -c  -O2 conftest.f >&5
configure:25162: $? = 0
configure:25177: result: yes
configure:25179: checking whether integer*2 is supported
configure:25196: g77 -c  -O2 conftest.f >&5
configure:25203: $? = 0
configure:25218: result: yes
configure:25220: checking whether integer*4 is supported
configure:25237: g77 -c  -O2 conftest.f >&5
configure:25244: $? = 0
configure:25259: result: yes
configure:25261: checking whether integer*8 is supported
configure:25278: g77 -c  -O2 conftest.f >&5
configure:25285: $? = 0
configure:25300: result: yes
configure:25302: checking whether integer*16 is supported
configure:25319: g77 -c  -O2 conftest.f >&5
conftest.f: In program `main':
conftest.f:2: 
         integer*16 i
         1       2
Invalid kind at (2) for type at (1) -- unsupported or not permitted
configure:25326: $? = 1
configure: failed program was:
|       program main
|       integer*16 i
|       end
configure:25341: result: no
configure:25343: checking whether real*4 is supported
configure:25360: g77 -c  -O2 conftest.f >&5
configure:25367: $? = 0
configure:25382: result: yes
configure:25384: checking whether real*8 is supported
configure:25401: g77 -c  -O2 conftest.f >&5
configure:25408: $? = 0
configure:25423: result: yes
configure:25425: checking whether real*16 is supported
configure:25442: g77 -c  -O2 conftest.f >&5
conftest.f: In program `main':
conftest.f:2: 
         real*16 a
         1    2
Invalid kind at (2) for type at (1) -- unsupported or not permitted
configure:25449: $? = 1
configure: failed program was:
|       program main
|       real*16 a
|       end
configure:25464: result: no
configure:25856: checking for C type matching Fortran integer
configure:25863: result: int
configure:25912: checking for size of MPI_Status
configure:25955: gcc -o conftest  -O2   conftest.c  >&5
configure:25959: $? = 0
configure:25965: ./conftest
configure:25969: $? = 0
configure:25987: result: 20
configure:26016: checking for values of Fortran logicals
configure:26059: gcc -c  -O2  conftestc.c >&5
configure:26062: $? = 0
configure:26072: g77 -o conftest  -O2  conftest.f conftestc.o  >&5
configure:26075: $? = 0
configure:26113: result: True is 1 and False is 0
configure:26203: checking how to run the C preprocessor
configure:26243: gcc -E  conftest.c
configure:26250: $? = 0
configure:26281: gcc -E  conftest.c
conftest.c:80:28: ac_nonexistent.h: No such file or directory
configure:26288: $? = 1
configure: failed program was:
| /* confdefs.h.  */
| #define PACKAGE_NAME ""
| #define PACKAGE_TARNAME ""
| #define PACKAGE_VERSION ""
| #define PACKAGE_STRING ""
| #define PACKAGE_BUGREPORT ""
| #define HAVE_ERROR_CHECKING MPID_ERROR_LEVEL_ALL
| #define MPICH_ERROR_MSG_LEVEL MPICH_ERROR_MSG_ALL
| #define USE_LOGGING MPID_LOGGING_NONE
| #define HAVE_RUNTIME_THREADCHECK 1
| #define MPICH_THREAD_LEVEL MPI_THREAD_MULTIPLE
| #define USE_THREAD_IMPL MPICH_THREAD_IMPL_GLOBAL_MUTEX
| #define HAVE_ROMIO 1
| #define HAVE_PRAGMA_WEAK 1
| #define USE_WEAK_SYMBOLS 1
| #define HAVE_MULTIPLE_PRAGMA_WEAK 1
| #define HAVE_LONG_LONG 1
| #define F77_NAME_LOWER_2USCORE 1
| #define STDCALL 
| #define HAVE_FORTRAN_BINDING 1
| #define HAVE_CXX_EXCEPTIONS /**/
| #define HAVE_NAMESPACES /**/
| #define HAVE_NAMESPACE_STD /**/
| #define HAVE_CXX_BINDING 1
| #define HAVE_NAMEPUB_SERVICE 1
| #define restrict __restrict
| #define HAVE_GCC_ATTRIBUTE 1
| #define HAVE_SYS_TYPES_H 1
| #define HAVE_SYS_STAT_H 1
| #define HAVE_STDLIB_H 1
| #define HAVE_STRING_H 1
| #define HAVE_MEMORY_H 1
| #define HAVE_STRINGS_H 1
| #define HAVE_INTTYPES_H 1
| #define HAVE_STDINT_H 1
| #define HAVE_UNISTD_H 1
| #define WORDS_LITTLEENDIAN 1
| #define HAVE_LONG_DOUBLE 1
| #define HAVE_LONG_LONG_INT 1
| #define HAVE_MAX_INTEGER_ALIGNMENT 8
| #define HAVE_MAX_STRUCT_ALIGNMENT 8
| #define HAVE_MAX_FP_ALIGNMENT 16
| #define HAVE_MAX_DOUBLE_FP_ALIGNMENT 8
| #define HAVE_MAX_LONG_DOUBLE_FP_ALIGNMENT 16
| #define SIZEOF_CHAR 1
| #define SIZEOF_UNSIGNED_CHAR 1
| #define SIZEOF_SHORT 2
| #define SIZEOF_UNSIGNED_SHORT 2
| #define SIZEOF_INT 4
| #define SIZEOF_UNSIGNED_INT 4
| #define SIZEOF_LONG 8
| #define SIZEOF_UNSIGNED_LONG 8
| #define SIZEOF_LONG_LONG 8
| #define SIZEOF_UNSIGNED_LONG_LONG 8
| #define SIZEOF_FLOAT 4
| #define SIZEOF_DOUBLE 8
| #define SIZEOF_LONG_DOUBLE 16
| #define SIZEOF_WCHAR_T 4
| #define SIZEOF_VOID_P 8
| #define HAVE_SYS_BITYPES_H 1
| #define HAVE_INT16_T 1
| #define HAVE_INT32_T 1
| #define HAVE_INT64_T 1
| #define MPIR_REAL4_CTYPE float
| #define MPIR_REAL8_CTYPE double
| #define MPIR_REAL16_CTYPE long double
| #define MPIR_INTEGER1_CTYPE char
| #define MPIR_INTEGER2_CTYPE short
| #define MPIR_INTEGER4_CTYPE int
| #define MPIR_INTEGER8_CTYPE long
| #define SIZEOF_F77_INTEGER 4
| #define SIZEOF_F77_REAL 4
| #define SIZEOF_F77_DOUBLE_PRECISION 8
| #define HAVE_AINT_LARGER_THAN_FINT 1
| #define HAVE_FINT_IS_INT 1
| #define F77_TRUE_VALUE_SET 1
| #define F77_TRUE_VALUE 1
| #define F77_FALSE_VALUE 0
| /* end confdefs.h.  */
| #include <ac_nonexistent.h>
configure:26321: result: gcc -E
configure:26350: gcc -E  conftest.c
configure:26357: $? = 0
configure:26388: gcc -E  conftest.c
conftest.c:80:28: ac_nonexistent.h: No such file or directory
configure:26395: $? = 1
configure: failed program was:
| /* confdefs.h.  */
| #define PACKAGE_NAME ""
| #define PACKAGE_TARNAME ""
| #define PACKAGE_VERSION ""
| #define PACKAGE_STRING ""
| #define PACKAGE_BUGREPORT ""
| #define HAVE_ERROR_CHECKING MPID_ERROR_LEVEL_ALL
| #define MPICH_ERROR_MSG_LEVEL MPICH_ERROR_MSG_ALL
| #define USE_LOGGING MPID_LOGGING_NONE
| #define HAVE_RUNTIME_THREADCHECK 1
| #define MPICH_THREAD_LEVEL MPI_THREAD_MULTIPLE
| #define USE_THREAD_IMPL MPICH_THREAD_IMPL_GLOBAL_MUTEX
| #define HAVE_ROMIO 1
| #define HAVE_PRAGMA_WEAK 1
| #define USE_WEAK_SYMBOLS 1
| #define HAVE_MULTIPLE_PRAGMA_WEAK 1
| #define HAVE_LONG_LONG 1
| #define F77_NAME_LOWER_2USCORE 1
| #define STDCALL 
| #define HAVE_FORTRAN_BINDING 1
| #define HAVE_CXX_EXCEPTIONS /**/
| #define HAVE_NAMESPACES /**/
| #define HAVE_NAMESPACE_STD /**/
| #define HAVE_CXX_BINDING 1
| #define HAVE_NAMEPUB_SERVICE 1
| #define restrict __restrict
| #define HAVE_GCC_ATTRIBUTE 1
| #define HAVE_SYS_TYPES_H 1
| #define HAVE_SYS_STAT_H 1
| #define HAVE_STDLIB_H 1
| #define HAVE_STRING_H 1
| #define HAVE_MEMORY_H 1
| #define HAVE_STRINGS_H 1
| #define HAVE_INTTYPES_H 1
| #define HAVE_STDINT_H 1
| #define HAVE_UNISTD_H 1
| #define WORDS_LITTLEENDIAN 1
| #define HAVE_LONG_DOUBLE 1
| #define HAVE_LONG_LONG_INT 1
| #define HAVE_MAX_INTEGER_ALIGNMENT 8
| #define HAVE_MAX_STRUCT_ALIGNMENT 8
| #define HAVE_MAX_FP_ALIGNMENT 16
| #define HAVE_MAX_DOUBLE_FP_ALIGNMENT 8
| #define HAVE_MAX_LONG_DOUBLE_FP_ALIGNMENT 16
| #define SIZEOF_CHAR 1
| #define SIZEOF_UNSIGNED_CHAR 1
| #define SIZEOF_SHORT 2
| #define SIZEOF_UNSIGNED_SHORT 2
| #define SIZEOF_INT 4
| #define SIZEOF_UNSIGNED_INT 4
| #define SIZEOF_LONG 8
| #define SIZEOF_UNSIGNED_LONG 8
| #define SIZEOF_LONG_LONG 8
| #define SIZEOF_UNSIGNED_LONG_LONG 8
| #define SIZEOF_FLOAT 4
| #define SIZEOF_DOUBLE 8
| #define SIZEOF_LONG_DOUBLE 16
| #define SIZEOF_WCHAR_T 4
| #define SIZEOF_VOID_P 8
| #define HAVE_SYS_BITYPES_H 1
| #define HAVE_INT16_T 1
| #define HAVE_INT32_T 1
| #define HAVE_INT64_T 1
| #define MPIR_REAL4_CTYPE float
| #define MPIR_REAL8_CTYPE double
| #define MPIR_REAL16_CTYPE long double
| #define MPIR_INTEGER1_CTYPE char
| #define MPIR_INTEGER2_CTYPE short
| #define MPIR_INTEGER4_CTYPE int
| #define MPIR_INTEGER8_CTYPE long
| #define SIZEOF_F77_INTEGER 4
| #define SIZEOF_F77_REAL 4
| #define SIZEOF_F77_DOUBLE_PRECISION 8
| #define HAVE_AINT_LARGER_THAN_FINT 1
| #define HAVE_FINT_IS_INT 1
| #define F77_TRUE_VALUE_SET 1
| #define F77_TRUE_VALUE 1
| #define F77_FALSE_VALUE 0
| /* end confdefs.h.  */
| #include <ac_nonexistent.h>
configure:26454: gcc -E conftest.c >/dev/null 2>conftest.out
configure:26457: $? = 0
configure:26556: gcc -o conftest  -O2   conftest.c  >&5
configure:26559: $? = 0
configure:26601: g77 -o conftest  -O2  conftest.f  >&5
configure:26604: $? = 0
configure:26649: c++ -o conftest  -O2   conftest.cpp  >&5
configure:26652: $? = 0
configure:2324: ifort -o conftest  -O2  conftest.f90  >&5
Checkout succeeded: FCompL/25F149E20559
	License file: /opt/intel/licenses/NCOM_L_CMP_FOR_ND27-8L36KMR7.lic
	No server used
configure:26975: checking whether real*8 is supported in Fortran 90
configure:26992: ifort -c  -O2 conftest.f90 >&5
Checkout succeeded: FCompL/25F149E20559
	License file: /opt/intel/licenses/NCOM_L_CMP_FOR_ND27-8L36KMR7.lic
	No server used
configure:26999: $? = 0
configure:27014: result: yes
configure:27044: error: Unable to determine Fortran integer kinds for MPI types.  If you do not need Fortran 90, add --disable-f90 to the configure options.  If you need Fortran 90, please send the output of configure and the file config.log to mpich2-maint@mcs.anl.gov .

## ---------------- ##
## Cache variables. ##
## ---------------- ##

ac_cv_c_bigendian=no
ac_cv_c_compiler_gnu=yes
ac_cv_c_const=yes
ac_cv_c_inline=inline
ac_cv_c_int16_t=yes
ac_cv_c_int32_t=yes
ac_cv_c_int64_t=yes
ac_cv_c_int8_t=yes
ac_cv_c_uint16_t=yes
ac_cv_c_uint32_t=yes
ac_cv_c_uint64_t=yes
ac_cv_c_uint8_t=yes
ac_cv_cxx_bool=yes
ac_cv_cxx_compiler_gnu=yes
ac_cv_cxx_exceptions=yes
ac_cv_cxx_namespace_std=yes
ac_cv_cxx_namespaces=yes
ac_cv_env_CCC_set=
ac_cv_env_CCC_value=
ac_cv_env_CC_set=
ac_cv_env_CC_value=
ac_cv_env_CFLAGS_set=
ac_cv_env_CFLAGS_value=
ac_cv_env_CPPFLAGS_set=
ac_cv_env_CPPFLAGS_value=
ac_cv_env_CPP_set=
ac_cv_env_CPP_value=
ac_cv_env_CXXCPP_set=
ac_cv_env_CXXCPP_value=
ac_cv_env_CXXFLAGS_set=
ac_cv_env_CXXFLAGS_value=
ac_cv_env_CXX_set=
ac_cv_env_CXX_value=
ac_cv_env_F77_set=
ac_cv_env_F77_value=
ac_cv_env_F90FLAGS_set=
ac_cv_env_F90FLAGS_value=
ac_cv_env_F90_set=
ac_cv_env_F90_value=
ac_cv_env_FFLAGS_set=
ac_cv_env_FFLAGS_value=
ac_cv_env_LDFLAGS_set=
ac_cv_env_LDFLAGS_value=
ac_cv_env_LIBS_set=
ac_cv_env_LIBS_value=
ac_cv_env_MPICH2LIB_CFLAGS_set=
ac_cv_env_MPICH2LIB_CFLAGS_value=
ac_cv_env_MPICH2LIB_CXXFLAGS_set=
ac_cv_env_MPICH2LIB_CXXFLAGS_value=
ac_cv_env_MPICH2LIB_F90FLAGS_set=
ac_cv_env_MPICH2LIB_F90FLAGS_value=
ac_cv_env_MPICH2LIB_FFLAGS_set=
ac_cv_env_MPICH2LIB_FFLAGS_value=
ac_cv_env_build_alias_set=
ac_cv_env_build_alias_value=
ac_cv_env_host_alias_set=
ac_cv_env_host_alias_value=
ac_cv_env_target_alias_set=
ac_cv_env_target_alias_value=
ac_cv_f77_compiler_gnu=yes
ac_cv_f77_libs=' -L/usr/lib/gcc-lib/ia64-redhat-linux/3.2.3 -L/usr/lib/gcc-lib/ia64-redhat-linux/3.2.3/../../.. -lfrtbegin -lg2c -lm'
ac_cv_f90_compiler_gnu=no
ac_cv_header_inttypes_h=yes
ac_cv_header_memory_h=yes
ac_cv_header_stdc=no
ac_cv_header_stdint_h=yes
ac_cv_header_stdlib_h=yes
ac_cv_header_string_h=yes
ac_cv_header_strings_h=yes
ac_cv_header_sys_bitypes_h=yes
ac_cv_header_sys_stat_h=yes
ac_cv_header_sys_types_h=yes
ac_cv_header_unistd_h=yes
ac_cv_objext=o
ac_cv_path_BASH_SHELL=/bin/bash
ac_cv_path_DOCTEXT=false
ac_cv_path_EGREP='/bin/grep -E'
ac_cv_path_GREP=/bin/grep
ac_cv_path_PERL=/usr/bin/perl
ac_cv_path_install='/usr/bin/install -c'
ac_cv_prog_AR=ar
ac_cv_prog_CPP='gcc -E'
ac_cv_prog_CXX=c++
ac_cv_prog_ETAGS=etags
ac_cv_prog_KILLALL=killall
ac_cv_prog_MAKE=make
ac_cv_prog_RANLIB=ranlib
ac_cv_prog_ac_ct_CC=gcc
ac_cv_prog_ac_ct_F77=g77
ac_cv_prog_ac_ct_F90=ifort
ac_cv_prog_cc_c89=
ac_cv_prog_cc_cross=
ac_cv_prog_cc_g=yes
ac_cv_prog_cc_works=yes
ac_cv_prog_cxx_cross=
ac_cv_prog_cxx_g=yes
ac_cv_prog_cxx_works=yes
ac_cv_prog_f77_cross=
ac_cv_prog_f77_g=yes
ac_cv_prog_f77_v=-v
ac_cv_prog_f77_works=yes
ac_cv_prog_f90_cross=yes
ac_cv_prog_f90_g=yes
ac_cv_prog_f90_works=yes
ac_cv_prog_install_breaks_libs=no
ac_cv_sizeof_char=1
ac_cv_sizeof_double=8
ac_cv_sizeof_float=4
ac_cv_sizeof_int=4
ac_cv_sizeof_long=8
ac_cv_sizeof_long_double=16
ac_cv_sizeof_long_long=8
ac_cv_sizeof_short=2
ac_cv_sizeof_unsigned_char=1
ac_cv_sizeof_unsigned_int=4
ac_cv_sizeof_unsigned_long=8
ac_cv_sizeof_unsigned_long_long=8
ac_cv_sizeof_unsigned_short=2
ac_cv_sizeof_void_p=8
ac_cv_sizeof_wchar_t=4
pac_cv_attr_weak=yes
pac_cv_c_double_alignment_exception=no
pac_cv_c_double_pos_align=no
pac_cv_c_fp_align_nr=16
pac_cv_c_llint_pos_align=no
pac_cv_c_max_double_fp_align=eight
pac_cv_c_max_fp_align=sixteen
pac_cv_c_max_integer_align=eight
pac_cv_c_max_longdouble_fp_align=sixteen
pac_cv_c_restrict=__restrict
pac_cv_c_struct_align_nr=8
pac_cv_c_volatile=yes
pac_cv_cc_has___func__=yes
pac_cv_cxx_builds_exe=yes
pac_cv_cxx_compiles_string=yes
pac_cv_cxx_has_iostream=yes
pac_cv_cxx_has_math=no
pac_cv_f77_flibs_valid=yes
pac_cv_f77_sizeof_double_precision=8
pac_cv_f77_sizeof_integer=4
pac_cv_f77_sizeof_real=4
pac_cv_f90_accepts_F90=yes
pac_cv_f90_and_f77=yes
pac_cv_f90_ext=f90
pac_cv_f90_ext_f90=yes
pac_cv_f90_module_case=lower
pac_cv_f90_module_ext=mod
pac_cv_f90_module_incflag=-I
pac_cv_f90_vendor=intel
pac_cv_fort90_real8=yes
pac_cv_fort_accepts_F=yes
pac_cv_fort_integer16=no
pac_cv_fort_integer1=yes
pac_cv_fort_integer2=yes
pac_cv_fort_integer4=yes
pac_cv_fort_integer8=yes
pac_cv_fort_real16=no
pac_cv_fort_real4=yes
pac_cv_fort_real8=yes
pac_cv_gnu_attr_format=yes
pac_cv_gnu_attr_pure=yes
pac_cv_have_long_double=yes
pac_cv_have_long_long=yes
pac_cv_mkdir_p=yes
pac_cv_my_conf_dir=/home1/sunoj/mpich2-1.0.8
pac_cv_pointers_have_int_alignment=yes
pac_cv_prog_TESTCPP='gcc -E'
pac_cv_prog_c_multiple_weak_symbols=yes
pac_cv_prog_c_unaligned_doubles=yes
pac_cv_prog_c_weak_symbols='pragma weak'
pac_cv_prog_f77_and_c_stdio_libs=none
pac_cv_prog_f77_exclaim_comments=yes
pac_cv_prog_f77_has_incdir=-I
pac_cv_prog_f77_library_dir_flag=-L
pac_cv_prog_f77_name_mangle='lower doubleunderscore'
pac_cv_prog_f77_true_false_value='1 0'
pac_cv_prog_f90_and_c_stdio_libs=none
pac_cv_prog_f90_cross=yes
pac_cv_prog_f90_works=yes
pac_cv_prog_make_allows_comments=yes
pac_cv_prog_make_found_clock_skew=no
pac_cv_prog_make_include=yes
pac_cv_prog_make_set_cflags=no
pac_cv_prog_make_vpath=VPATH
pac_cv_sizeof_2_int=8
pac_cv_sizeof_double_int=12
pac_cv_sizeof_float_int=8
pac_cv_sizeof_long_double_int=20
pac_cv_sizeof_long_int=12
pac_cv_sizeof_mpi_status=20
pac_cv_sizeof_short_int=6
pac_cv_test_stdcall=

## ----------------- ##
## Output variables. ##
## ----------------- ##

ABIVERSION='1:1'
ADDRESS_KIND='0'
ALLOCA=''
AR='ar'
BASH_SHELL='/bin/bash'
BSEND_OVERHEAD=''
BUILD_BASH_SCRIPTS='yes'
BUILD_DLLS='no'
BUILD_TVDLL='no'
CC='gcc'
CC_SHL='true'
CC_SHL_DBG=''
CFLAGS=' -O2'
CONFIGURE_ARGS_CLEAN='--prefix=/home/sunoj/mpich2-1.0.8/mpich2-install'
CONFIGURE_ARGUMENTS=' '\''--prefix=/home/sunoj/mpich2-1.0.8/mpich2-install'\'''
CPP='gcc -E'
CPPFLAGS=''
CREATESHLIB='false'
CXX='c++'
CXXCPP=''
CXXFLAGS=' -O2'
CXX_DEFS=' -DHAVE_CXX_IOSTREAM -DHAVE_NAMESPACE_STD'
CXX_LINKPATH_SHL=''
CXX_SHL='false'
C_LINKPATH_SHL=''
C_LINK_SHL='true'
C_LINK_SHL_DBG=''
DBG_SHLIB_TYPE=''
DEFS=''
DEVICE='ch3'
DEVICE_ARGS=''
DEVICE_NAME='ch3'
DLLIMPORT=''
DOCTEXT='false'
DOCTEXTSTYLE=''
ECHO_C=''
ECHO_N='-n'
ECHO_T=''
EGREP='/bin/grep -E'
ENABLE_SHLIB='none'
ETAGS='etags'
ETAGSADD='--language=c'
EXEEXT=''
EXTERNAL_SRC_DIRS=''
EXTRA_STATUS_DECL=''
F77='g77'
F77CPP=''
F77_COMPLEX16='1275072554'
F77_COMPLEX32='1275076652'
F77_COMPLEX8='1275070504'
F77_INCDIR='-I'
F77_INTEGER16='MPI_DATATYPE_NULL'
F77_INTEGER1='1275068717'
F77_INTEGER2='1275068975'
F77_INTEGER4='1275069488'
F77_INTEGER8='1275070513'
F77_IN_C_LIBS=''
F77_LIBDIR_LEADER='-L'
F77_NAME_MANGLE='F77_NAME_LOWER_2USCORE'
F77_OTHER_LIBS=''
F77_REAL16='1275072555'
F77_REAL4='1275069479'
F77_REAL8='1275070505'
F90='ifort'
F90CPP=''
F90EXT='f90'
F90FLAGS=' -O2'
F90INC='-I'
F90INCFLAG='-I'
F90MODEXT='mod'
F90MODINCFLAG='-I'
F90MODINCSPEC=''
F90_LINKPATH_SHL=''
F90_OTHER_LIBS=''
F90_SHL=''
F90_WORK_FILES_ARG=''
FC='g77'
FC_LINKPATH_SHL=''
FC_SHL='false'
FFLAGS=' -O2'
FINCLUDES='-I/home1/sunoj/mpich2-1.0.8/src'
FLIBS=' -L/usr/lib/gcc-lib/ia64-redhat-linux/3.2.3 -L/usr/lib/gcc-lib/ia64-redhat-linux/3.2.3/../../.. -lfrtbegin -lg2c -lm'
FORTRAN_BINDING='1'
FORTRAN_MPI_OFFSET=''
FWRAPNAME='fmpich'
GCC='yes'
GNUCXX_MINORVERSION='2'
GNUCXX_VERSION='3'
GREP='/bin/grep'
HAVE_CXX_EXCEPTIONS='1'
HAVE_ROMIO='#include "mpio.h"'
INCLUDE_MPICXX_H='#include "mpicxx.h"'
INCLUDE_MPIDDEFS_H='/* ... no device specific definitions ... */'
INSTALL_DATA='${INSTALL} -m 644'
INSTALL_PROGRAM='${INSTALL}'
INSTALL_SCRIPT='${INSTALL}'
KILLALL='killall'
LDFLAGS=''
LIBOBJS=''
LIBS=''
LIBTOOL=''
LTLIBOBJS=''
MAKE='make'
MAKE_DEPEND_C='gcc -MM'
MANY_PM='no'
MKDIR_P='mkdir -p'
MPE_THREAD_LIB_NAME=''
MPIBASEMODNAME='mpi_base'
MPICC=''
MPICH2LIB_CFLAGS=''
MPICH2LIB_CXXFLAGS=''
MPICH2LIB_F90FLAGS=''
MPICH2LIB_FFLAGS=''
MPICH_TIMER_KIND=''
MPICONSTMODNAME='mpi_constants'
MPICXX=''
MPICXXLIBNAME='mpichcxx'
MPID_TIMER_TYPE=''
MPIF77=''
MPIF90=''
MPIFLIBNAME='mpich'
MPIFPMPI=',PMPI_WTIME,PMPI_WTICK'
MPILIBNAME='mpich'
MPIMODNAME='mpi'
MPIR_CXX_BOOL='0x0c000000'
MPIR_CXX_COMPLEX='0x0c000000'
MPIR_CXX_DOUBLE_COMPLEX='0x0c000000'
MPIR_CXX_LONG_DOUBLE_COMPLEX='0x0c000000'
MPISIZEOFMODNAME='mpi_sizeofs'
MPIU_DLL_SPEC_DEF=''
MPI_2COMPLEX='1275072548'
MPI_2DOUBLE_COMPLEX='1275076645'
MPI_2DOUBLE_PRECISION='1275072547'
MPI_2INT='0x4c000816'
MPI_2INTEGER='1275070496'
MPI_2REAL='1275070497'
MPI_AINT=''
MPI_AINT_FMT_DEC_SPEC=''
MPI_AINT_FMT_HEX_SPEC=''
MPI_BYTE='0x4c00010d'
MPI_CHAR='0x4c000101'
MPI_CHARACTER='1275068698'
MPI_COMPLEX16='0x4c00102a'
MPI_COMPLEX32='0x4c00202c'
MPI_COMPLEX8='0x4c000828'
MPI_COMPLEX='1275070494'
MPI_DOUBLE='0x4c00080b'
MPI_DOUBLE_COMPLEX='1275072546'
MPI_DOUBLE_INT='0x8c000001'
MPI_DOUBLE_PRECISION='1275070495'
MPI_F77_BYTE='1275068685'
MPI_F77_LB='1275068432'
MPI_F77_PACKED='1275068687'
MPI_F77_UB='1275068433'
MPI_FINT='int'
MPI_FLOAT='0x4c00040a'
MPI_FLOAT_INT='0x8c000000'
MPI_INT='0x4c000405'
MPI_INTEGER16='MPI_DATATYPE_NULL'
MPI_INTEGER1='0x4c00012d'
MPI_INTEGER2='0x4c00022f'
MPI_INTEGER4='0x4c000430'
MPI_INTEGER8='0x4c000831'
MPI_INTEGER='1275069467'
MPI_LB='0x4c000010'
MPI_LOGICAL='1275069469'
MPI_LONG='0x4c000807'
MPI_LONG_DOUBLE='0x4c00100c'
MPI_LONG_DOUBLE_INT='0x8c000004'
MPI_LONG_INT='0x8c000002'
MPI_LONG_LONG='0x4c000809'
MPI_MAX_PROCESSOR_NAME=''
MPI_OFFSET=''
MPI_OFFSET_TYPEDEF=''
MPI_PACKED='0x4c00010f'
MPI_REAL16='0x4c00102b'
MPI_REAL4='0x4c000427'
MPI_REAL8='0x4c000829'
MPI_REAL='1275069468'
MPI_SHORT='0x4c000203'
MPI_SHORT_INT='0x8c000003'
MPI_SIGNED_CHAR='0x4c000118'
MPI_STATUS_SIZE='5'
MPI_UB='0x4c000011'
MPI_UNSIGNED_CHAR='0x4c000102'
MPI_UNSIGNED_INT='0x4c000406'
MPI_UNSIGNED_LONG='0x4c000808'
MPI_UNSIGNED_LONG_LONG='0x4c000819'
MPI_UNSIGNED_SHORT='0x4c000204'
MPI_WCHAR='0x4c00040e'
NEEDSPLIB='no'
NO_WEAK_SYM=''
NO_WEAK_SYM_TARGET='build_proflib'
NUMVERSION='10008300'
OBJEXT='o'
OFFSET_KIND='0'
PACKAGE_BUGREPORT=''
PACKAGE_NAME=''
PACKAGE_STRING=''
PACKAGE_TARNAME=''
PACKAGE_VERSION=''
PATH_SEPARATOR=':'
PERL='/usr/bin/perl'
PMPIFLIBNAME='pmpich'
PMPILIBNAME='pmpich'
PROFILE_DEF_MPI=''
RANLIB='ranlib'
RANLIB_AFTER_INSTALL='no'
RELEASE_DATE='Unknown, built on Sat Dec 20 10:26:59 IST 2008'
REQD=''
REQI1=''
REQI2=''
REQI8=''
SET_CFLAGS=''
SET_MAKE='MAKE=make'
SHELL='/bin/sh'
SHLIB_EXT='so'
SHLIB_FROM_LO='no'
SHLIB_INSTALL='$(INSTALL_PROGRAM)'
SIZEOF_F90_CHARACTER=''
SIZEOF_F90_DOUBLE_PRECISION=''
SIZEOF_F90_INTEGER=''
SIZEOF_F90_REAL=''
SIZEOF_MPI_STATUS='20'
TESTCPP='gcc -E'
THR_CFLAGS=''
THR_CPPFLAGS=''
THR_DEFS=''
THR_LDFLAGS=''
THR_LIBS=''
VERSION='1.0.8'
VPATH='VPATH=.:${srcdir}'
WRAPPER_CFLAGS=''
WRAPPER_CXXFLAGS=''
WRAPPER_F90FLAGS=''
WRAPPER_FFLAGS=''
WRAPPER_LDFLAGS=''
XARGS_NODATA_OPT='-r'
ac_ct_CC='gcc'
ac_ct_CXX=''
ac_ct_F77='g77'
ac_ct_F90='ifort'
bindings=' f77 f90 cxx'
bindings_dirs=' src/binding/f77 src/binding/f90 src/binding/cxx'
bindir='${exec_prefix}/bin'
build_alias=''
datadir='${datarootdir}'
datarootdir='${prefix}/share'
debugger_dir=''
device_name='ch3'
docdir='${datarootdir}/doc/${PACKAGE}'
dvidir='${docdir}'
exec_prefix='NONE'
host_alias=''
htmldir='${docdir}'
includedir='${prefix}/include'
infodir='${datarootdir}/info'
libdir='${exec_prefix}/lib'
libexecdir='${exec_prefix}/libexec'
localedir='${datarootdir}/locale'
localstatedir='${prefix}/var'
logging_dir=''
logging_name='none'
logging_subdirs=''
mandir='${datarootdir}/man'
master_top_builddir='/home1/sunoj/mpich2-1.0.8'
master_top_srcdir='/home1/sunoj/mpich2-1.0.8'
modincdir='${prefix}/include'
mpe_dir='mpe2'
nameserv_name='mpd'
oldincludedir='/usr/include'
other_install_dirs=' src/pm/mpd src/mpe2'
other_pm_names=''
pac_prog=''
pdfdir='${docdir}'
pm_name='mpd'
pmi_name='simple'
prefix='/home/sunoj/mpich2-1.0.8/mpich2-install'
program_transform_name='s,x,x,'
psdir='${docdir}'
romio_dir='romio'
sbindir='${exec_prefix}/sbin'
sharedstatedir='${prefix}/com'
subdirs=''
subsystems=' src/mpid/common/locks src/mpi/romio src/pmi/simple src/pm/mpd src/mpe2'
sysconfdir='${prefix}/etc'
target_alias=''

## ------------------- ##
## File substitutions. ##
## ------------------- ##

MPE_THREAD_FUNCS=''
MPE_THREAD_TYPEDEFS=''

## ----------- ##
## confdefs.h. ##
## ----------- ##

#define PACKAGE_NAME ""
#define PACKAGE_TARNAME ""
#define PACKAGE_VERSION ""
#define PACKAGE_STRING ""
#define PACKAGE_BUGREPORT ""
#define HAVE_ERROR_CHECKING MPID_ERROR_LEVEL_ALL
#define MPICH_ERROR_MSG_LEVEL MPICH_ERROR_MSG_ALL
#define USE_LOGGING MPID_LOGGING_NONE
#define HAVE_RUNTIME_THREADCHECK 1
#define MPICH_THREAD_LEVEL MPI_THREAD_MULTIPLE
#define USE_THREAD_IMPL MPICH_THREAD_IMPL_GLOBAL_MUTEX
#define HAVE_ROMIO 1
#define HAVE_PRAGMA_WEAK 1
#define USE_WEAK_SYMBOLS 1
#define HAVE_MULTIPLE_PRAGMA_WEAK 1
#define HAVE_LONG_LONG 1
#define F77_NAME_LOWER_2USCORE 1
#define STDCALL 
#define HAVE_FORTRAN_BINDING 1
#define HAVE_CXX_EXCEPTIONS /**/
#define HAVE_NAMESPACES /**/
#define HAVE_NAMESPACE_STD /**/
#define HAVE_CXX_BINDING 1
#define HAVE_NAMEPUB_SERVICE 1
#define restrict __restrict
#define HAVE_GCC_ATTRIBUTE 1
#define HAVE_SYS_TYPES_H 1
#define HAVE_SYS_STAT_H 1
#define HAVE_STDLIB_H 1
#define HAVE_STRING_H 1
#define HAVE_MEMORY_H 1
#define HAVE_STRINGS_H 1
#define HAVE_INTTYPES_H 1
#define HAVE_STDINT_H 1
#define HAVE_UNISTD_H 1
#define WORDS_LITTLEENDIAN 1
#define HAVE_LONG_DOUBLE 1
#define HAVE_LONG_LONG_INT 1
#define HAVE_MAX_INTEGER_ALIGNMENT 8
#define HAVE_MAX_STRUCT_ALIGNMENT 8
#define HAVE_MAX_FP_ALIGNMENT 16
#define HAVE_MAX_DOUBLE_FP_ALIGNMENT 8
#define HAVE_MAX_LONG_DOUBLE_FP_ALIGNMENT 16
#define SIZEOF_CHAR 1
#define SIZEOF_UNSIGNED_CHAR 1
#define SIZEOF_SHORT 2
#define SIZEOF_UNSIGNED_SHORT 2
#define SIZEOF_INT 4
#define SIZEOF_UNSIGNED_INT 4
#define SIZEOF_LONG 8
#define SIZEOF_UNSIGNED_LONG 8
#define SIZEOF_LONG_LONG 8
#define SIZEOF_UNSIGNED_LONG_LONG 8
#define SIZEOF_FLOAT 4
#define SIZEOF_DOUBLE 8
#define SIZEOF_LONG_DOUBLE 16
#define SIZEOF_WCHAR_T 4
#define SIZEOF_VOID_P 8
#define HAVE_SYS_BITYPES_H 1
#define HAVE_INT16_T 1
#define HAVE_INT32_T 1
#define HAVE_INT64_T 1
#define MPIR_REAL4_CTYPE float
#define MPIR_REAL8_CTYPE double
#define MPIR_REAL16_CTYPE long double
#define MPIR_INTEGER1_CTYPE char
#define MPIR_INTEGER2_CTYPE short
#define MPIR_INTEGER4_CTYPE int
#define MPIR_INTEGER8_CTYPE long
#define SIZEOF_F77_INTEGER 4
#define SIZEOF_F77_REAL 4
#define SIZEOF_F77_DOUBLE_PRECISION 8
#define HAVE_AINT_LARGER_THAN_FINT 1
#define HAVE_FINT_IS_INT 1
#define F77_TRUE_VALUE_SET 1
#define F77_TRUE_VALUE 1
#define F77_FALSE_VALUE 0

configure: exit 1