This file contains any messages produced by compilers while
running configure, to aid debugging if configure makes a mistake.

It was created by configure, which was
generated by GNU Autoconf 2.63.  Invocation command line was

  $ ./configure --disable-option-checking --prefix=/home/andy/g95_mpich2/molpro2010.1/src/mpich2-install --with-device=ch3:nemesis --with-pm=gforker --enable-f77 F77=/opt/g95-0.92/bin/g95 -i4 --enable-fc FC=/opt/g95-0.92/bin/g95 -i4 --enable-cc CC=/usr/bin/gcc --enable-cxx CXX=/usr/bin/g++ --cache-file=/dev/null --srcdir=.

## --------- ##
## Platform. ##
## --------- ##

hostname = pjkws2
uname -m = x86_64
uname -r = 2.6.34.7-0.7-desktop
uname -s = Linux
uname -v = #1 SMP PREEMPT 2010-12-13 11:13:53 +0100

/usr/bin/uname -p = unknown
/bin/uname -X     = unknown

/bin/arch              = x86_64
/usr/bin/arch -k       = unknown
/usr/convex/getsysinfo = unknown
/usr/bin/hostinfo      = unknown
/bin/machine           = unknown
/usr/bin/oslevel       = unknown
/bin/universe          = unknown

PATH: /home/andy/bin
PATH: /usr/local/bin
PATH: /usr/bin
PATH: /bin
PATH: /usr/bin/X11
PATH: /usr/X11R6/bin
PATH: /usr/games
PATH: /usr/lib64/jvm/jre/bin
PATH: /opt/cuda/bin
PATH: /opt/doxygen-1.7.3/bin
PATH: /opt/g95-0.92/bin
PATH: /opt/intel/compilerpro-12.0.2.137/bin/intel64
PATH: /opt/x86_open64-4.2.4/bin
PATH: /opt/oracle/solstudio12.2/bin
PATH: /opt/vmd/1.8.7/bin
PATH: /home/andy/bin
PATH: /home/andy/bin


## ----------- ##
## Core tests. ##
## ----------- ##

configure:2297: checking for make
configure:2313: found /usr/bin/make
configure:2324: result: make
configure:2338: checking whether clock skew breaks make
configure:2363: result: no
configure:2373: checking whether make supports include
configure:2401: result: yes
configure:2410: checking whether make allows comments in actions
configure:2437: result: yes
configure:2451: checking for virtual path format
configure:2494: result: VPATH
configure:2504: checking whether make sets CFLAGS
configure:2530: result: yes
configure:2819: checking for C compiler version
configure:2827: /home/andy/g95_mpich2/molpro2010.1/src/mpich2-1.3.2p1/bin/mpicc --version >&5
gcc (SUSE Linux) 4.5.0 20100604 [gcc-4_5-branch revision 160292]
Copyright (C) 2010 Free Software Foundation, Inc.
This is free software; see the source for copying conditions.  There is NO
warranty; not even for MERCHANTABILITY or FITNESS FOR A PARTICULAR PURPOSE.

configure:2831: $? = 0
configure:2838: /home/andy/g95_mpich2/molpro2010.1/src/mpich2-1.3.2p1/bin/mpicc -v >&5
mpicc for MPICH2 version 1.3.2p1
Using built-in specs.
COLLECT_GCC=/usr/bin/gcc
COLLECT_LTO_WRAPPER=/usr/lib64/gcc/x86_64-suse-linux/4.5/lto-wrapper
Target: x86_64-suse-linux
Configured with: ../configure --prefix=/usr --infodir=/usr/share/info --mandir=/usr/share/man --libdir=/usr/lib64 --libexecdir=/usr/lib64 --enable-languages=c,c++,objc,fortran,obj-c++,java,ada --enable-checking=release --with-gxx-include-dir=/usr/include/c++/4.5 --enable-ssp --disable-libssp --disable-plugin --with-bugurl=http://bugs.opensuse.org/ --with-pkgversion='SUSE Linux' --disable-libgcj --disable-libmudflap --with-slibdir=/lib64 --with-system-zlib --enable-__cxa_atexit --enable-libstdcxx-allocator=new --disable-libstdcxx-pch --enable-version-specific-runtime-libs --program-suffix=-4.5 --enable-linux-futex --without-system-libunwind --enable-gold --with-plugin-ld=/usr/bin/gold --with-arch-32=i586 --with-tune=generic --build=x86_64-suse-linux
Thread model: posix
gcc version 4.5.0 20100604 [gcc-4_5-branch revision 160292] (SUSE Linux) 
configure:2842: $? = 0
configure:2849: /home/andy/g95_mpich2/molpro2010.1/src/mpich2-1.3.2p1/bin/mpicc -V >&5
/usr/bin/gcc: error trying to exec '/usr/bin/x86_64-suse-linux-gcc--I/home/andy/g95_mpich2/molpro2010.1/src/mpich2-1.3.2p1/src/include': execvp: No such file or directory
configure:2853: $? = 0
configure:2876: checking for C compiler default output file name
configure:2898: /home/andy/g95_mpich2/molpro2010.1/src/mpich2-1.3.2p1/bin/mpicc   -nativelinking   conftest.c  >&5
configure:2902: $? = 0
configure:2940: result: a.out
configure:2959: checking whether the C compiler works
configure:2969: ./a.out
configure:2973: $? = 0
configure:2992: result: yes
configure:2999: checking whether we are cross compiling
configure:3001: result: no
configure:3004: checking for suffix of executables
configure:3011: /home/andy/g95_mpich2/molpro2010.1/src/mpich2-1.3.2p1/bin/mpicc -o conftest   -nativelinking   conftest.c  >&5
configure:3015: $? = 0
configure:3041: result: 
configure:3047: checking for suffix of object files
configure:3073: /home/andy/g95_mpich2/molpro2010.1/src/mpich2-1.3.2p1/bin/mpicc -c   conftest.c >&5
configure:3077: $? = 0
configure:3102: result: o
configure:3106: checking whether we are using the GNU C compiler
configure:3135: /home/andy/g95_mpich2/molpro2010.1/src/mpich2-1.3.2p1/bin/mpicc -c   conftest.c >&5
configure:3142: $? = 0
configure:3159: result: yes
configure:3168: checking whether /home/andy/g95_mpich2/molpro2010.1/src/mpich2-1.3.2p1/bin/mpicc accepts -g
configure:3198: /home/andy/g95_mpich2/molpro2010.1/src/mpich2-1.3.2p1/bin/mpicc -c -g  conftest.c >&5
configure:3205: $? = 0
configure:3306: result: yes
configure:3323: checking for /home/andy/g95_mpich2/molpro2010.1/src/mpich2-1.3.2p1/bin/mpicc option to accept ISO C89
configure:3397: /home/andy/g95_mpich2/molpro2010.1/src/mpich2-1.3.2p1/bin/mpicc  -c   conftest.c >&5
configure:3404: $? = 0
configure:3427: result: none needed
configure:3459: checking whether long double is supported
configure:3488: /home/andy/g95_mpich2/molpro2010.1/src/mpich2-1.3.2p1/bin/mpicc -c   conftest.c >&5
configure:3495: $? = 0
configure:3511: result: yes
configure:3520: checking whether long long is supported
configure:3549: /home/andy/g95_mpich2/molpro2010.1/src/mpich2-1.3.2p1/bin/mpicc -c   conftest.c >&5
configure:3556: $? = 0
configure:3572: result: yes
configure:3583: checking for an ANSI C-conforming const
configure:3658: /home/andy/g95_mpich2/molpro2010.1/src/mpich2-1.3.2p1/bin/mpicc -c   conftest.c >&5
configure:3665: $? = 0
configure:3680: result: yes
configure:3690: checking for C/C++ restrict keyword
configure:3725: /home/andy/g95_mpich2/molpro2010.1/src/mpich2-1.3.2p1/bin/mpicc -c   conftest.c >&5
configure:3732: $? = 0
configure:3750: result: __restrict
configure:3773: checking how to run the C preprocessor
configure:3813: /home/andy/g95_mpich2/molpro2010.1/src/mpich2-1.3.2p1/bin/mpicc -E  conftest.c
configure:3820: $? = 0
configure:3851: /home/andy/g95_mpich2/molpro2010.1/src/mpich2-1.3.2p1/bin/mpicc -E  conftest.c
conftest.c:12:28: fatal error: ac_nonexistent.h: No such file or directory
compilation terminated.
configure:3858: $? = 1
configure: failed program was:
| /* confdefs.h.  */
| #define PACKAGE_NAME ""
| #define PACKAGE_TARNAME ""
| #define PACKAGE_VERSION ""
| #define PACKAGE_STRING ""
| #define PACKAGE_BUGREPORT ""
| #define HAVE_MPI_WIN_CREATE 1
| #define HAVE_LONG_DOUBLE 1
| #define HAVE_LONG_LONG 1
| #define restrict __restrict
| /* end confdefs.h.  */
| #include <ac_nonexistent.h>
configure:3891: result: /home/andy/g95_mpich2/molpro2010.1/src/mpich2-1.3.2p1/bin/mpicc -E
configure:3920: /home/andy/g95_mpich2/molpro2010.1/src/mpich2-1.3.2p1/bin/mpicc -E  conftest.c
configure:3927: $? = 0
configure:3958: /home/andy/g95_mpich2/molpro2010.1/src/mpich2-1.3.2p1/bin/mpicc -E  conftest.c
conftest.c:12:28: fatal error: ac_nonexistent.h: No such file or directory
compilation terminated.
configure:3965: $? = 1
configure: failed program was:
| /* confdefs.h.  */
| #define PACKAGE_NAME ""
| #define PACKAGE_TARNAME ""
| #define PACKAGE_VERSION ""
| #define PACKAGE_STRING ""
| #define PACKAGE_BUGREPORT ""
| #define HAVE_MPI_WIN_CREATE 1
| #define HAVE_LONG_DOUBLE 1
| #define HAVE_LONG_LONG 1
| #define restrict __restrict
| /* end confdefs.h.  */
| #include <ac_nonexistent.h>
configure:4005: checking for grep that handles long lines and -e
configure:4065: result: /usr/bin/grep
configure:4070: checking for egrep
configure:4134: result: /usr/bin/grep -E
configure:4139: checking for ANSI C header files
configure:4169: /home/andy/g95_mpich2/molpro2010.1/src/mpich2-1.3.2p1/bin/mpicc -c   conftest.c >&5
configure:4176: $? = 0
configure:4275: /home/andy/g95_mpich2/molpro2010.1/src/mpich2-1.3.2p1/bin/mpicc -o conftest   -nativelinking   conftest.c  >&5
configure:4279: $? = 0
configure:4285: ./conftest
configure:4289: $? = 0
configure:4307: result: yes
configure:4331: checking for sys/types.h
configure:4352: /home/andy/g95_mpich2/molpro2010.1/src/mpich2-1.3.2p1/bin/mpicc -c   conftest.c >&5
configure:4359: $? = 0
configure:4376: result: yes
configure:4331: checking for sys/stat.h
configure:4352: /home/andy/g95_mpich2/molpro2010.1/src/mpich2-1.3.2p1/bin/mpicc -c   conftest.c >&5
configure:4359: $? = 0
configure:4376: result: yes
configure:4331: checking for stdlib.h
configure:4352: /home/andy/g95_mpich2/molpro2010.1/src/mpich2-1.3.2p1/bin/mpicc -c   conftest.c >&5
configure:4359: $? = 0
configure:4376: result: yes
configure:4331: checking for string.h
configure:4352: /home/andy/g95_mpich2/molpro2010.1/src/mpich2-1.3.2p1/bin/mpicc -c   conftest.c >&5
configure:4359: $? = 0
configure:4376: result: yes
configure:4331: checking for memory.h
configure:4352: /home/andy/g95_mpich2/molpro2010.1/src/mpich2-1.3.2p1/bin/mpicc -c   conftest.c >&5
configure:4359: $? = 0
configure:4376: result: yes
configure:4331: checking for strings.h
configure:4352: /home/andy/g95_mpich2/molpro2010.1/src/mpich2-1.3.2p1/bin/mpicc -c   conftest.c >&5
configure:4359: $? = 0
configure:4376: result: yes
configure:4331: checking for inttypes.h
configure:4352: /home/andy/g95_mpich2/molpro2010.1/src/mpich2-1.3.2p1/bin/mpicc -c   conftest.c >&5
configure:4359: $? = 0
configure:4376: result: yes
configure:4331: checking for stdint.h
configure:4352: /home/andy/g95_mpich2/molpro2010.1/src/mpich2-1.3.2p1/bin/mpicc -c   conftest.c >&5
configure:4359: $? = 0
configure:4376: result: yes
configure:4331: checking for unistd.h
configure:4352: /home/andy/g95_mpich2/molpro2010.1/src/mpich2-1.3.2p1/bin/mpicc -c   conftest.c >&5
configure:4359: $? = 0
configure:4376: result: yes
configure:4407: checking stdarg.h usability
configure:4424: /home/andy/g95_mpich2/molpro2010.1/src/mpich2-1.3.2p1/bin/mpicc -c   conftest.c >&5
configure:4431: $? = 0
configure:4445: result: yes
configure:4449: checking stdarg.h presence
configure:4464: /home/andy/g95_mpich2/molpro2010.1/src/mpich2-1.3.2p1/bin/mpicc -E  conftest.c
configure:4471: $? = 0
configure:4485: result: yes
configure:4513: checking for stdarg.h
configure:4522: result: yes
configure:4407: checking sys/time.h usability
configure:4424: /home/andy/g95_mpich2/molpro2010.1/src/mpich2-1.3.2p1/bin/mpicc -c   conftest.c >&5
configure:4431: $? = 0
configure:4445: result: yes
configure:4449: checking sys/time.h presence
configure:4464: /home/andy/g95_mpich2/molpro2010.1/src/mpich2-1.3.2p1/bin/mpicc -E  conftest.c
configure:4471: $? = 0
configure:4485: result: yes
configure:4513: checking for sys/time.h
configure:4522: result: yes
configure:4540: checking for int8_t
configure:4571: /home/andy/g95_mpich2/molpro2010.1/src/mpich2-1.3.2p1/bin/mpicc -c   conftest.c >&5
configure:4578: $? = 0
configure:4607: /home/andy/g95_mpich2/molpro2010.1/src/mpich2-1.3.2p1/bin/mpicc -c   conftest.c >&5
conftest.c: In function 'main':
conftest.c:60:12: error: size of array 'test_array' is negative
configure:4614: $? = 1
configure: failed program was:
| /* confdefs.h.  */
| #define PACKAGE_NAME ""
| #define PACKAGE_TARNAME ""
| #define PACKAGE_VERSION ""
| #define PACKAGE_STRING ""
| #define PACKAGE_BUGREPORT ""
| #define HAVE_MPI_WIN_CREATE 1
| #define HAVE_LONG_DOUBLE 1
| #define HAVE_LONG_LONG 1
| #define restrict __restrict
| #define STDC_HEADERS 1
| #define HAVE_SYS_TYPES_H 1
| #define HAVE_SYS_STAT_H 1
| #define HAVE_STDLIB_H 1
| #define HAVE_STRING_H 1
| #define HAVE_MEMORY_H 1
| #define HAVE_STRINGS_H 1
| #define HAVE_INTTYPES_H 1
| #define HAVE_STDINT_H 1
| #define HAVE_UNISTD_H 1
| #define HAVE_STDARG_H 1
| #define HAVE_SYS_TIME_H 1
| /* end confdefs.h.  */
| #include <stdio.h>
| #ifdef HAVE_SYS_TYPES_H
| # include <sys/types.h>
| #endif
| #ifdef HAVE_SYS_STAT_H
| # include <sys/stat.h>
| #endif
| #ifdef STDC_HEADERS
| # include <stdlib.h>
| # include <stddef.h>
| #else
| # ifdef HAVE_STDLIB_H
| #  include <stdlib.h>
| # endif
| #endif
| #ifdef HAVE_STRING_H
| # if !defined STDC_HEADERS && defined HAVE_MEMORY_H
| #  include <memory.h>
| # endif
| # include <string.h>
| #endif
| #ifdef HAVE_STRINGS_H
| # include <strings.h>
| #endif
| #ifdef HAVE_INTTYPES_H
| # include <inttypes.h>
| #endif
| #ifdef HAVE_STDINT_H
| # include <stdint.h>
| #endif
| #ifdef HAVE_UNISTD_H
| # include <unistd.h>
| #endif
| int
| main ()
| {
| static int test_array [1 - 2 * !((int8_t) ((((int8_t) 1 << (8 - 2)) - 1) * 2 + 1)
| 		 < (int8_t) ((((int8_t) 1 << (8 - 2)) - 1) * 2 + 2))];
| test_array [0] = 0
| 
|   ;
|   return 0;
| }
configure:4643: result: yes
configure:4656: checking for int16_t
configure:4687: /home/andy/g95_mpich2/molpro2010.1/src/mpich2-1.3.2p1/bin/mpicc -c   conftest.c >&5
configure:4694: $? = 0
configure:4723: /home/andy/g95_mpich2/molpro2010.1/src/mpich2-1.3.2p1/bin/mpicc -c   conftest.c >&5
conftest.c: In function 'main':
conftest.c:60:12: error: size of array 'test_array' is negative
configure:4730: $? = 1
configure: failed program was:
| /* confdefs.h.  */
| #define PACKAGE_NAME ""
| #define PACKAGE_TARNAME ""
| #define PACKAGE_VERSION ""
| #define PACKAGE_STRING ""
| #define PACKAGE_BUGREPORT ""
| #define HAVE_MPI_WIN_CREATE 1
| #define HAVE_LONG_DOUBLE 1
| #define HAVE_LONG_LONG 1
| #define restrict __restrict
| #define STDC_HEADERS 1
| #define HAVE_SYS_TYPES_H 1
| #define HAVE_SYS_STAT_H 1
| #define HAVE_STDLIB_H 1
| #define HAVE_STRING_H 1
| #define HAVE_MEMORY_H 1
| #define HAVE_STRINGS_H 1
| #define HAVE_INTTYPES_H 1
| #define HAVE_STDINT_H 1
| #define HAVE_UNISTD_H 1
| #define HAVE_STDARG_H 1
| #define HAVE_SYS_TIME_H 1
| /* end confdefs.h.  */
| #include <stdio.h>
| #ifdef HAVE_SYS_TYPES_H
| # include <sys/types.h>
| #endif
| #ifdef HAVE_SYS_STAT_H
| # include <sys/stat.h>
| #endif
| #ifdef STDC_HEADERS
| # include <stdlib.h>
| # include <stddef.h>
| #else
| # ifdef HAVE_STDLIB_H
| #  include <stdlib.h>
| # endif
| #endif
| #ifdef HAVE_STRING_H
| # if !defined STDC_HEADERS && defined HAVE_MEMORY_H
| #  include <memory.h>
| # endif
| # include <string.h>
| #endif
| #ifdef HAVE_STRINGS_H
| # include <strings.h>
| #endif
| #ifdef HAVE_INTTYPES_H
| # include <inttypes.h>
| #endif
| #ifdef HAVE_STDINT_H
| # include <stdint.h>
| #endif
| #ifdef HAVE_UNISTD_H
| # include <unistd.h>
| #endif
| int
| main ()
| {
| static int test_array [1 - 2 * !((int16_t) ((((int16_t) 1 << (16 - 2)) - 1) * 2 + 1)
| 		 < (int16_t) ((((int16_t) 1 << (16 - 2)) - 1) * 2 + 2))];
| test_array [0] = 0
| 
|   ;
|   return 0;
| }
configure:4759: result: yes
configure:4772: checking for int32_t
configure:4803: /home/andy/g95_mpich2/molpro2010.1/src/mpich2-1.3.2p1/bin/mpicc -c   conftest.c >&5
configure:4810: $? = 0
configure:4839: /home/andy/g95_mpich2/molpro2010.1/src/mpich2-1.3.2p1/bin/mpicc -c   conftest.c >&5
conftest.c: In function 'main':
conftest.c:61:53: warning: integer overflow in expression
conftest.c:60:12: error: size of array 'test_array' is negative
conftest.c:60:12: error: storage size of 'test_array' isn't constant
configure:4846: $? = 1
configure: failed program was:
| /* confdefs.h.  */
| #define PACKAGE_NAME ""
| #define PACKAGE_TARNAME ""
| #define PACKAGE_VERSION ""
| #define PACKAGE_STRING ""
| #define PACKAGE_BUGREPORT ""
| #define HAVE_MPI_WIN_CREATE 1
| #define HAVE_LONG_DOUBLE 1
| #define HAVE_LONG_LONG 1
| #define restrict __restrict
| #define STDC_HEADERS 1
| #define HAVE_SYS_TYPES_H 1
| #define HAVE_SYS_STAT_H 1
| #define HAVE_STDLIB_H 1
| #define HAVE_STRING_H 1
| #define HAVE_MEMORY_H 1
| #define HAVE_STRINGS_H 1
| #define HAVE_INTTYPES_H 1
| #define HAVE_STDINT_H 1
| #define HAVE_UNISTD_H 1
| #define HAVE_STDARG_H 1
| #define HAVE_SYS_TIME_H 1
| /* end confdefs.h.  */
| #include <stdio.h>
| #ifdef HAVE_SYS_TYPES_H
| # include <sys/types.h>
| #endif
| #ifdef HAVE_SYS_STAT_H
| # include <sys/stat.h>
| #endif
| #ifdef STDC_HEADERS
| # include <stdlib.h>
| # include <stddef.h>
| #else
| # ifdef HAVE_STDLIB_H
| #  include <stdlib.h>
| # endif
| #endif
| #ifdef HAVE_STRING_H
| # if !defined STDC_HEADERS && defined HAVE_MEMORY_H
| #  include <memory.h>
| # endif
| # include <string.h>
| #endif
| #ifdef HAVE_STRINGS_H
| # include <strings.h>
| #endif
| #ifdef HAVE_INTTYPES_H
| # include <inttypes.h>
| #endif
| #ifdef HAVE_STDINT_H
| # include <stdint.h>
| #endif
| #ifdef HAVE_UNISTD_H
| # include <unistd.h>
| #endif
| int
| main ()
| {
| static int test_array [1 - 2 * !((int32_t) ((((int32_t) 1 << (32 - 2)) - 1) * 2 + 1)
| 		 < (int32_t) ((((int32_t) 1 << (32 - 2)) - 1) * 2 + 2))];
| test_array [0] = 0
| 
|   ;
|   return 0;
| }
configure:4875: result: yes
configure:4888: checking for int64_t
configure:4919: /home/andy/g95_mpich2/molpro2010.1/src/mpich2-1.3.2p1/bin/mpicc -c   conftest.c >&5
configure:4926: $? = 0
configure:4955: /home/andy/g95_mpich2/molpro2010.1/src/mpich2-1.3.2p1/bin/mpicc -c   conftest.c >&5
conftest.c: In function 'main':
conftest.c:61:53: warning: integer overflow in expression
conftest.c:60:12: error: size of array 'test_array' is negative
conftest.c:60:12: error: storage size of 'test_array' isn't constant
configure:4962: $? = 1
configure: failed program was:
| /* confdefs.h.  */
| #define PACKAGE_NAME ""
| #define PACKAGE_TARNAME ""
| #define PACKAGE_VERSION ""
| #define PACKAGE_STRING ""
| #define PACKAGE_BUGREPORT ""
| #define HAVE_MPI_WIN_CREATE 1
| #define HAVE_LONG_DOUBLE 1
| #define HAVE_LONG_LONG 1
| #define restrict __restrict
| #define STDC_HEADERS 1
| #define HAVE_SYS_TYPES_H 1
| #define HAVE_SYS_STAT_H 1
| #define HAVE_STDLIB_H 1
| #define HAVE_STRING_H 1
| #define HAVE_MEMORY_H 1
| #define HAVE_STRINGS_H 1
| #define HAVE_INTTYPES_H 1
| #define HAVE_STDINT_H 1
| #define HAVE_UNISTD_H 1
| #define HAVE_STDARG_H 1
| #define HAVE_SYS_TIME_H 1
| /* end confdefs.h.  */
| #include <stdio.h>
| #ifdef HAVE_SYS_TYPES_H
| # include <sys/types.h>
| #endif
| #ifdef HAVE_SYS_STAT_H
| # include <sys/stat.h>
| #endif
| #ifdef STDC_HEADERS
| # include <stdlib.h>
| # include <stddef.h>
| #else
| # ifdef HAVE_STDLIB_H
| #  include <stdlib.h>
| # endif
| #endif
| #ifdef HAVE_STRING_H
| # if !defined STDC_HEADERS && defined HAVE_MEMORY_H
| #  include <memory.h>
| # endif
| # include <string.h>
| #endif
| #ifdef HAVE_STRINGS_H
| # include <strings.h>
| #endif
| #ifdef HAVE_INTTYPES_H
| # include <inttypes.h>
| #endif
| #ifdef HAVE_STDINT_H
| # include <stdint.h>
| #endif
| #ifdef HAVE_UNISTD_H
| # include <unistd.h>
| #endif
| int
| main ()
| {
| static int test_array [1 - 2 * !((int64_t) ((((int64_t) 1 << (64 - 2)) - 1) * 2 + 1)
| 		 < (int64_t) ((((int64_t) 1 << (64 - 2)) - 1) * 2 + 2))];
| test_array [0] = 0
| 
|   ;
|   return 0;
| }
configure:4991: result: yes
configure:5004: checking for uint8_t
configure:5035: /home/andy/g95_mpich2/molpro2010.1/src/mpich2-1.3.2p1/bin/mpicc -c   conftest.c >&5
configure:5042: $? = 0
configure:5063: result: yes
configure:5081: checking for uint16_t
configure:5112: /home/andy/g95_mpich2/molpro2010.1/src/mpich2-1.3.2p1/bin/mpicc -c   conftest.c >&5
configure:5119: $? = 0
configure:5140: result: yes
configure:5154: checking for uint32_t
configure:5185: /home/andy/g95_mpich2/molpro2010.1/src/mpich2-1.3.2p1/bin/mpicc -c   conftest.c >&5
configure:5192: $? = 0
configure:5213: result: yes
configure:5231: checking for uint64_t
configure:5262: /home/andy/g95_mpich2/molpro2010.1/src/mpich2-1.3.2p1/bin/mpicc -c   conftest.c >&5
configure:5269: $? = 0
configure:5290: result: yes
configure:5309: checking for _Bool
configure:5337: /home/andy/g95_mpich2/molpro2010.1/src/mpich2-1.3.2p1/bin/mpicc -c   conftest.c >&5
configure:5344: $? = 0
configure:5371: /home/andy/g95_mpich2/molpro2010.1/src/mpich2-1.3.2p1/bin/mpicc -c   conftest.c >&5
conftest.c: In function 'main':
conftest.c:60:20: error: expected expression before ')' token
configure:5378: $? = 1
configure: failed program was:
| /* confdefs.h.  */
| #define PACKAGE_NAME ""
| #define PACKAGE_TARNAME ""
| #define PACKAGE_VERSION ""
| #define PACKAGE_STRING ""
| #define PACKAGE_BUGREPORT ""
| #define HAVE_MPI_WIN_CREATE 1
| #define HAVE_LONG_DOUBLE 1
| #define HAVE_LONG_LONG 1
| #define restrict __restrict
| #define STDC_HEADERS 1
| #define HAVE_SYS_TYPES_H 1
| #define HAVE_SYS_STAT_H 1
| #define HAVE_STDLIB_H 1
| #define HAVE_STRING_H 1
| #define HAVE_MEMORY_H 1
| #define HAVE_STRINGS_H 1
| #define HAVE_INTTYPES_H 1
| #define HAVE_STDINT_H 1
| #define HAVE_UNISTD_H 1
| #define HAVE_STDARG_H 1
| #define HAVE_SYS_TIME_H 1
| /* end confdefs.h.  */
| #include <stdio.h>
| #ifdef HAVE_SYS_TYPES_H
| # include <sys/types.h>
| #endif
| #ifdef HAVE_SYS_STAT_H
| # include <sys/stat.h>
| #endif
| #ifdef STDC_HEADERS
| # include <stdlib.h>
| # include <stddef.h>
| #else
| # ifdef HAVE_STDLIB_H
| #  include <stdlib.h>
| # endif
| #endif
| #ifdef HAVE_STRING_H
| # if !defined STDC_HEADERS && defined HAVE_MEMORY_H
| #  include <memory.h>
| # endif
| # include <string.h>
| #endif
| #ifdef HAVE_STRINGS_H
| # include <strings.h>
| #endif
| #ifdef HAVE_INTTYPES_H
| # include <inttypes.h>
| #endif
| #ifdef HAVE_STDINT_H
| # include <stdint.h>
| #endif
| #ifdef HAVE_UNISTD_H
| # include <unistd.h>
| #endif
| int
| main ()
| {
| if (sizeof ((_Bool)))
| 	  return 0;
|   ;
|   return 0;
| }
configure:5401: result: yes
configure:5411: checking for float _Complex
configure:5439: /home/andy/g95_mpich2/molpro2010.1/src/mpich2-1.3.2p1/bin/mpicc -c   conftest.c >&5
configure:5446: $? = 0
configure:5473: /home/andy/g95_mpich2/molpro2010.1/src/mpich2-1.3.2p1/bin/mpicc -c   conftest.c >&5
conftest.c: In function 'main':
conftest.c:61:29: error: expected expression before ')' token
configure:5480: $? = 1
configure: failed program was:
| /* confdefs.h.  */
| #define PACKAGE_NAME ""
| #define PACKAGE_TARNAME ""
| #define PACKAGE_VERSION ""
| #define PACKAGE_STRING ""
| #define PACKAGE_BUGREPORT ""
| #define HAVE_MPI_WIN_CREATE 1
| #define HAVE_LONG_DOUBLE 1
| #define HAVE_LONG_LONG 1
| #define restrict __restrict
| #define STDC_HEADERS 1
| #define HAVE_SYS_TYPES_H 1
| #define HAVE_SYS_STAT_H 1
| #define HAVE_STDLIB_H 1
| #define HAVE_STRING_H 1
| #define HAVE_MEMORY_H 1
| #define HAVE_STRINGS_H 1
| #define HAVE_INTTYPES_H 1
| #define HAVE_STDINT_H 1
| #define HAVE_UNISTD_H 1
| #define HAVE_STDARG_H 1
| #define HAVE_SYS_TIME_H 1
| #define HAVE__BOOL 1
| /* end confdefs.h.  */
| #include <stdio.h>
| #ifdef HAVE_SYS_TYPES_H
| # include <sys/types.h>
| #endif
| #ifdef HAVE_SYS_STAT_H
| # include <sys/stat.h>
| #endif
| #ifdef STDC_HEADERS
| # include <stdlib.h>
| # include <stddef.h>
| #else
| # ifdef HAVE_STDLIB_H
| #  include <stdlib.h>
| # endif
| #endif
| #ifdef HAVE_STRING_H
| # if !defined STDC_HEADERS && defined HAVE_MEMORY_H
| #  include <memory.h>
| # endif
| # include <string.h>
| #endif
| #ifdef HAVE_STRINGS_H
| # include <strings.h>
| #endif
| #ifdef HAVE_INTTYPES_H
| # include <inttypes.h>
| #endif
| #ifdef HAVE_STDINT_H
| # include <stdint.h>
| #endif
| #ifdef HAVE_UNISTD_H
| # include <unistd.h>
| #endif
| int
| main ()
| {
| if (sizeof ((float _Complex)))
| 	  return 0;
|   ;
|   return 0;
| }
configure:5503: result: yes
configure:5513: checking for double _Complex
configure:5541: /home/andy/g95_mpich2/molpro2010.1/src/mpich2-1.3.2p1/bin/mpicc -c   conftest.c >&5
configure:5548: $? = 0
configure:5575: /home/andy/g95_mpich2/molpro2010.1/src/mpich2-1.3.2p1/bin/mpicc -c   conftest.c >&5
conftest.c: In function 'main':
conftest.c:62:30: error: expected expression before ')' token
configure:5582: $? = 1
configure: failed program was:
| /* confdefs.h.  */
| #define PACKAGE_NAME ""
| #define PACKAGE_TARNAME ""
| #define PACKAGE_VERSION ""
| #define PACKAGE_STRING ""
| #define PACKAGE_BUGREPORT ""
| #define HAVE_MPI_WIN_CREATE 1
| #define HAVE_LONG_DOUBLE 1
| #define HAVE_LONG_LONG 1
| #define restrict __restrict
| #define STDC_HEADERS 1
| #define HAVE_SYS_TYPES_H 1
| #define HAVE_SYS_STAT_H 1
| #define HAVE_STDLIB_H 1
| #define HAVE_STRING_H 1
| #define HAVE_MEMORY_H 1
| #define HAVE_STRINGS_H 1
| #define HAVE_INTTYPES_H 1
| #define HAVE_STDINT_H 1
| #define HAVE_UNISTD_H 1
| #define HAVE_STDARG_H 1
| #define HAVE_SYS_TIME_H 1
| #define HAVE__BOOL 1
| #define HAVE_FLOAT__COMPLEX 1
| /* end confdefs.h.  */
| #include <stdio.h>
| #ifdef HAVE_SYS_TYPES_H
| # include <sys/types.h>
| #endif
| #ifdef HAVE_SYS_STAT_H
| # include <sys/stat.h>
| #endif
| #ifdef STDC_HEADERS
| # include <stdlib.h>
| # include <stddef.h>
| #else
| # ifdef HAVE_STDLIB_H
| #  include <stdlib.h>
| # endif
| #endif
| #ifdef HAVE_STRING_H
| # if !defined STDC_HEADERS && defined HAVE_MEMORY_H
| #  include <memory.h>
| # endif
| # include <string.h>
| #endif
| #ifdef HAVE_STRINGS_H
| # include <strings.h>
| #endif
| #ifdef HAVE_INTTYPES_H
| # include <inttypes.h>
| #endif
| #ifdef HAVE_STDINT_H
| # include <stdint.h>
| #endif
| #ifdef HAVE_UNISTD_H
| # include <unistd.h>
| #endif
| int
| main ()
| {
| if (sizeof ((double _Complex)))
| 	  return 0;
|   ;
|   return 0;
| }
configure:5605: result: yes
configure:5615: checking for long double _Complex
configure:5643: /home/andy/g95_mpich2/molpro2010.1/src/mpich2-1.3.2p1/bin/mpicc -c   conftest.c >&5
configure:5650: $? = 0
configure:5677: /home/andy/g95_mpich2/molpro2010.1/src/mpich2-1.3.2p1/bin/mpicc -c   conftest.c >&5
conftest.c: In function 'main':
conftest.c:63:35: error: expected expression before ')' token
configure:5684: $? = 1
configure: failed program was:
| /* confdefs.h.  */
| #define PACKAGE_NAME ""
| #define PACKAGE_TARNAME ""
| #define PACKAGE_VERSION ""
| #define PACKAGE_STRING ""
| #define PACKAGE_BUGREPORT ""
| #define HAVE_MPI_WIN_CREATE 1
| #define HAVE_LONG_DOUBLE 1
| #define HAVE_LONG_LONG 1
| #define restrict __restrict
| #define STDC_HEADERS 1
| #define HAVE_SYS_TYPES_H 1
| #define HAVE_SYS_STAT_H 1
| #define HAVE_STDLIB_H 1
| #define HAVE_STRING_H 1
| #define HAVE_MEMORY_H 1
| #define HAVE_STRINGS_H 1
| #define HAVE_INTTYPES_H 1
| #define HAVE_STDINT_H 1
| #define HAVE_UNISTD_H 1
| #define HAVE_STDARG_H 1
| #define HAVE_SYS_TIME_H 1
| #define HAVE__BOOL 1
| #define HAVE_FLOAT__COMPLEX 1
| #define HAVE_DOUBLE__COMPLEX 1
| /* end confdefs.h.  */
| #include <stdio.h>
| #ifdef HAVE_SYS_TYPES_H
| # include <sys/types.h>
| #endif
| #ifdef HAVE_SYS_STAT_H
| # include <sys/stat.h>
| #endif
| #ifdef STDC_HEADERS
| # include <stdlib.h>
| # include <stddef.h>
| #else
| # ifdef HAVE_STDLIB_H
| #  include <stdlib.h>
| # endif
| #endif
| #ifdef HAVE_STRING_H
| # if !defined STDC_HEADERS && defined HAVE_MEMORY_H
| #  include <memory.h>
| # endif
| # include <string.h>
| #endif
| #ifdef HAVE_STRINGS_H
| # include <strings.h>
| #endif
| #ifdef HAVE_INTTYPES_H
| # include <inttypes.h>
| #endif
| #ifdef HAVE_STDINT_H
| # include <stdint.h>
| #endif
| #ifdef HAVE_UNISTD_H
| # include <unistd.h>
| #endif
| int
| main ()
| {
| if (sizeof ((long double _Complex)))
| 	  return 0;
|   ;
|   return 0;
| }
configure:5707: result: yes
configure:5738: checking pthread.h usability
configure:5755: /home/andy/g95_mpich2/molpro2010.1/src/mpich2-1.3.2p1/bin/mpicc -c   conftest.c >&5
configure:5762: $? = 0
configure:5776: result: yes
configure:5780: checking pthread.h presence
configure:5795: /home/andy/g95_mpich2/molpro2010.1/src/mpich2-1.3.2p1/bin/mpicc -E  conftest.c
configure:5802: $? = 0
configure:5816: result: yes
configure:5844: checking for pthread.h
configure:5853: result: yes
configure:5872: checking for library containing pthread_create
configure:5913: /home/andy/g95_mpich2/molpro2010.1/src/mpich2-1.3.2p1/bin/mpicc -o conftest   -nativelinking   conftest.c  >&5
/tmp/andy/ccE6jovt.o: In function `main':
conftest.c:(.text+0xa): undefined reference to `pthread_create'
collect2: ld returned 1 exit status
configure:5920: $? = 1
configure: failed program was:
| /* confdefs.h.  */
| #define PACKAGE_NAME ""
| #define PACKAGE_TARNAME ""
| #define PACKAGE_VERSION ""
| #define PACKAGE_STRING ""
| #define PACKAGE_BUGREPORT ""
| #define HAVE_MPI_WIN_CREATE 1
| #define HAVE_LONG_DOUBLE 1
| #define HAVE_LONG_LONG 1
| #define restrict __restrict
| #define STDC_HEADERS 1
| #define HAVE_SYS_TYPES_H 1
| #define HAVE_SYS_STAT_H 1
| #define HAVE_STDLIB_H 1
| #define HAVE_STRING_H 1
| #define HAVE_MEMORY_H 1
| #define HAVE_STRINGS_H 1
| #define HAVE_INTTYPES_H 1
| #define HAVE_STDINT_H 1
| #define HAVE_UNISTD_H 1
| #define HAVE_STDARG_H 1
| #define HAVE_SYS_TIME_H 1
| #define HAVE__BOOL 1
| #define HAVE_FLOAT__COMPLEX 1
| #define HAVE_DOUBLE__COMPLEX 1
| #define HAVE_LONG_DOUBLE__COMPLEX 1
| #define HAVE_PTHREAD_H 1
| /* end confdefs.h.  */
| 
| /* Override any GCC internal prototype to avoid an error.
|    Use char because int might match the return type of a GCC
|    builtin and then its argument prototype would still apply.  */
| #ifdef __cplusplus
| extern "C"
| #endif
| char pthread_create ();
| int
| main ()
| {
| return pthread_create ();
|   ;
|   return 0;
| }
configure:5913: /home/andy/g95_mpich2/molpro2010.1/src/mpich2-1.3.2p1/bin/mpicc -o conftest   -nativelinking   conftest.c -lpthread   >&5
configure:5920: $? = 0
configure:5951: result: -lpthread
configure:5959: checking for library containing pthread_barrier_init
configure:6000: /home/andy/g95_mpich2/molpro2010.1/src/mpich2-1.3.2p1/bin/mpicc -o conftest   -nativelinking   conftest.c -lpthread  >&5
configure:6007: $? = 0
configure:6038: result: none required
configure:6054: checking for pthread_create
configure:6110: /home/andy/g95_mpich2/molpro2010.1/src/mpich2-1.3.2p1/bin/mpicc -o conftest   -nativelinking   conftest.c -lpthread  >&5
configure:6117: $? = 0
configure:6139: result: yes
configure:6054: checking for pthread_yield
configure:6110: /home/andy/g95_mpich2/molpro2010.1/src/mpich2-1.3.2p1/bin/mpicc -o conftest   -nativelinking   conftest.c -lpthread  >&5
configure:6117: $? = 0
configure:6139: result: yes
configure:6054: checking for pthread_barrier_init
configure:6110: /home/andy/g95_mpich2/molpro2010.1/src/mpich2-1.3.2p1/bin/mpicc -o conftest   -nativelinking   conftest.c -lpthread  >&5
configure:6117: $? = 0
configure:6139: result: yes
configure:6054: checking for pthread_barrier_wait
configure:6110: /home/andy/g95_mpich2/molpro2010.1/src/mpich2-1.3.2p1/bin/mpicc -o conftest   -nativelinking   conftest.c -lpthread  >&5
configure:6117: $? = 0
configure:6139: result: yes
configure:6258: checking whether struct hostent contains h_addr_list
configure:6290: /home/andy/g95_mpich2/molpro2010.1/src/mpich2-1.3.2p1/bin/mpicc -c   conftest.c >&5
conftest.c: In function 'main':
conftest.c:40:9: error: 'struct hostent' has no member named 'h_addr_list0'
configure:6297: $? = 1
configure: failed program was:
| 
|    /* confdefs.h.  */
| #define PACKAGE_NAME ""
| #define PACKAGE_TARNAME ""
| #define PACKAGE_VERSION ""
| #define PACKAGE_STRING ""
| #define PACKAGE_BUGREPORT ""
| #define HAVE_MPI_WIN_CREATE 1
| #define HAVE_LONG_DOUBLE 1
| #define HAVE_LONG_LONG 1
| #define restrict __restrict
| #define STDC_HEADERS 1
| #define HAVE_SYS_TYPES_H 1
| #define HAVE_SYS_STAT_H 1
| #define HAVE_STDLIB_H 1
| #define HAVE_STRING_H 1
| #define HAVE_MEMORY_H 1
| #define HAVE_STRINGS_H 1
| #define HAVE_INTTYPES_H 1
| #define HAVE_STDINT_H 1
| #define HAVE_UNISTD_H 1
| #define HAVE_STDARG_H 1
| #define HAVE_SYS_TIME_H 1
| #define HAVE__BOOL 1
| #define HAVE_FLOAT__COMPLEX 1
| #define HAVE_DOUBLE__COMPLEX 1
| #define HAVE_LONG_DOUBLE__COMPLEX 1
| #define HAVE_PTHREAD_H 1
| #define HAVE_PTHREAD_CREATE 1
| #define HAVE_PTHREAD_YIELD 1
| #define HAVE_PTHREAD_BARRIER_INIT 1
| #define HAVE_PTHREAD_BARRIER_WAIT 1
| /* end confdefs.h.  */
| #include <netdb.h>
| int
| main ()
| {
| 
|       struct hostent hp;
|       hp.h_addr_list0=0;
| 
|   ;
|   return 0;
| }
| 
configure:6313: result: no
configure:6326: checking for major version of MPI
configure:6357: /home/andy/g95_mpich2/molpro2010.1/src/mpich2-1.3.2p1/bin/mpicc -c   conftest.c >&5
configure:6364: $? = 0
configure:6357: /home/andy/g95_mpich2/molpro2010.1/src/mpich2-1.3.2p1/bin/mpicc -c   conftest.c >&5
conftest.c: In function 'main':
conftest.c:39:5: error: empty character constant
conftest.c:39:7: warning: character constant too long for its type
conftest.c:39:7: error: expected ';' before '\x75726520'
conftest.c:39:24: error: empty character constant
configure:6364: $? = 1
configure: failed program was:
| /* confdefs.h.  */
| #define PACKAGE_NAME ""
| #define PACKAGE_TARNAME ""
| #define PACKAGE_VERSION ""
| #define PACKAGE_STRING ""
| #define PACKAGE_BUGREPORT ""
| #define HAVE_MPI_WIN_CREATE 1
| #define HAVE_LONG_DOUBLE 1
| #define HAVE_LONG_LONG 1
| #define restrict __restrict
| #define STDC_HEADERS 1
| #define HAVE_SYS_TYPES_H 1
| #define HAVE_SYS_STAT_H 1
| #define HAVE_STDLIB_H 1
| #define HAVE_STRING_H 1
| #define HAVE_MEMORY_H 1
| #define HAVE_STRINGS_H 1
| #define HAVE_INTTYPES_H 1
| #define HAVE_STDINT_H 1
| #define HAVE_UNISTD_H 1
| #define HAVE_STDARG_H 1
| #define HAVE_SYS_TIME_H 1
| #define HAVE__BOOL 1
| #define HAVE_FLOAT__COMPLEX 1
| #define HAVE_DOUBLE__COMPLEX 1
| #define HAVE_LONG_DOUBLE__COMPLEX 1
| #define HAVE_PTHREAD_H 1
| #define HAVE_PTHREAD_CREATE 1
| #define HAVE_PTHREAD_YIELD 1
| #define HAVE_PTHREAD_BARRIER_INIT 1
| #define HAVE_PTHREAD_BARRIER_WAIT 1
| /* end confdefs.h.  */
| #include "mpi.h"
| int
| main ()
| {
| 
| #if MPI_VERSION == 2
|     ''' force failure '''
| #endif
|   ;
|   return 0;
| }
configure:6381: result: 2
configure:6384: checking for minor version of MPI
configure:6415: /home/andy/g95_mpich2/molpro2010.1/src/mpich2-1.3.2p1/bin/mpicc -c   conftest.c >&5
configure:6422: $? = 0
configure:6415: /home/andy/g95_mpich2/molpro2010.1/src/mpich2-1.3.2p1/bin/mpicc -c   conftest.c >&5
configure:6422: $? = 0
configure:6415: /home/andy/g95_mpich2/molpro2010.1/src/mpich2-1.3.2p1/bin/mpicc -c   conftest.c >&5
conftest.c: In function 'main':
conftest.c:39:5: error: empty character constant
conftest.c:39:7: warning: character constant too long for its type
conftest.c:39:7: error: expected ';' before '\x75726520'
conftest.c:39:24: error: empty character constant
configure:6422: $? = 1
configure: failed program was:
| /* confdefs.h.  */
| #define PACKAGE_NAME ""
| #define PACKAGE_TARNAME ""
| #define PACKAGE_VERSION ""
| #define PACKAGE_STRING ""
| #define PACKAGE_BUGREPORT ""
| #define HAVE_MPI_WIN_CREATE 1
| #define HAVE_LONG_DOUBLE 1
| #define HAVE_LONG_LONG 1
| #define restrict __restrict
| #define STDC_HEADERS 1
| #define HAVE_SYS_TYPES_H 1
| #define HAVE_SYS_STAT_H 1
| #define HAVE_STDLIB_H 1
| #define HAVE_STRING_H 1
| #define HAVE_MEMORY_H 1
| #define HAVE_STRINGS_H 1
| #define HAVE_INTTYPES_H 1
| #define HAVE_STDINT_H 1
| #define HAVE_UNISTD_H 1
| #define HAVE_STDARG_H 1
| #define HAVE_SYS_TIME_H 1
| #define HAVE__BOOL 1
| #define HAVE_FLOAT__COMPLEX 1
| #define HAVE_DOUBLE__COMPLEX 1
| #define HAVE_LONG_DOUBLE__COMPLEX 1
| #define HAVE_PTHREAD_H 1
| #define HAVE_PTHREAD_CREATE 1
| #define HAVE_PTHREAD_YIELD 1
| #define HAVE_PTHREAD_BARRIER_INIT 1
| #define HAVE_PTHREAD_BARRIER_WAIT 1
| /* end confdefs.h.  */
| #include "mpi.h"
| int
| main ()
| {
| 
| #if MPI_SUBVERSION == 2
|     ''' force failure '''
| #endif
|   ;
|   return 0;
| }
configure:6439: result: 2
configure:6562: checking for Fortran 77 compiler version
configure:6570: /home/andy/g95_mpich2/molpro2010.1/src/mpich2-1.3.2p1/bin/mpif77 --version >&5
G95 (GCC 4.0.3 (g95 0.92!) Jun 24 2009)
Copyright (C) 2002-2008 Free Software Foundation, Inc.

G95 comes with NO WARRANTY, to the extent permitted by law.
You may redistribute copies of G95
under the terms of the GNU General Public License.
For more information about these matters, see the file named COPYING
configure:6574: $? = 0
configure:6581: /home/andy/g95_mpich2/molpro2010.1/src/mpich2-1.3.2p1/bin/mpif77 -v >&5
mpif77 for MPICH2 version 1.3.2p1
Using built-in specs.
Target: 
Configured with: ../configure 
Thread model: posix
gcc version 4.0.3 (g95 0.92!) Jun 24 2009
configure:6585: $? = 0
configure:6592: /home/andy/g95_mpich2/molpro2010.1/src/mpich2-1.3.2p1/bin/mpif77 -V >&5
g95: '-V' must come at the start of the command line
configure:6596: $? = 1
configure:6604: checking whether we are using the GNU Fortran 77 compiler
configure:6623: /home/andy/g95_mpich2/molpro2010.1/src/mpich2-1.3.2p1/bin/mpif77 -c  conftest.F >&5
configure:6630: $? = 0
configure:6647: result: yes
configure:6653: checking whether /home/andy/g95_mpich2/molpro2010.1/src/mpich2-1.3.2p1/bin/mpif77 accepts -g
configure:6670: /home/andy/g95_mpich2/molpro2010.1/src/mpich2-1.3.2p1/bin/mpif77 -c -g conftest.f >&5
configure:6677: $? = 0
configure:6693: result: yes
configure:7595: checking whether integer*4 is supported
configure:7612: /home/andy/g95_mpich2/molpro2010.1/src/mpich2-1.3.2p1/bin/mpif77 -c  conftest.f >&5
configure:7619: $? = 0
configure:7634: result: yes
configure:7636: checking whether integer*8 is supported
configure:7653: /home/andy/g95_mpich2/molpro2010.1/src/mpich2-1.3.2p1/bin/mpif77 -c  conftest.f >&5
configure:7660: $? = 0
configure:7675: result: yes
configure:7677: checking whether integer*16 is supported
configure:7694: /home/andy/g95_mpich2/molpro2010.1/src/mpich2-1.3.2p1/bin/mpif77 -c  conftest.f >&5
In file conftest.f:2

      integer*16 i
                1
Error: Old-style kind 16 not supported for type INTEGER at (1)
configure:7701: $? = 1
configure: failed program was:
|       program main
|       integer*16 i
|       end
configure:7716: result: no
configure:7783: checking for Fortran 77 name mangling
configure:7810: /home/andy/g95_mpich2/molpro2010.1/src/mpich2-1.3.2p1/bin/mpif77 -c  conftest.f 1>&5
configure:7813: $? = 0
configure:7851: /home/andy/g95_mpich2/molpro2010.1/src/mpich2-1.3.2p1/bin/mpicc -o conftest   -nativelinking   conftest.c fconftestf.o  -lpthread  >&5
/tmp/andy/ccHi2O8e.o: In function `main':
conftest.c:(.text+0xa): undefined reference to `my_name'
collect2: ld returned 1 exit status
configure:7858: $? = 1
configure: failed program was:
| /* confdefs.h.  */
| #define PACKAGE_NAME ""
| #define PACKAGE_TARNAME ""
| #define PACKAGE_VERSION ""
| #define PACKAGE_STRING ""
| #define PACKAGE_BUGREPORT ""
| #define HAVE_MPI_WIN_CREATE 1
| #define HAVE_LONG_DOUBLE 1
| #define HAVE_LONG_LONG 1
| #define restrict __restrict
| #define STDC_HEADERS 1
| #define HAVE_SYS_TYPES_H 1
| #define HAVE_SYS_STAT_H 1
| #define HAVE_STDLIB_H 1
| #define HAVE_STRING_H 1
| #define HAVE_MEMORY_H 1
| #define HAVE_STRINGS_H 1
| #define HAVE_INTTYPES_H 1
| #define HAVE_STDINT_H 1
| #define HAVE_UNISTD_H 1
| #define HAVE_STDARG_H 1
| #define HAVE_SYS_TIME_H 1
| #define HAVE__BOOL 1
| #define HAVE_FLOAT__COMPLEX 1
| #define HAVE_DOUBLE__COMPLEX 1
| #define HAVE_LONG_DOUBLE__COMPLEX 1
| #define HAVE_PTHREAD_H 1
| #define HAVE_PTHREAD_CREATE 1
| #define HAVE_PTHREAD_YIELD 1
| #define HAVE_PTHREAD_BARRIER_INIT 1
| #define HAVE_PTHREAD_BARRIER_WAIT 1
| #define HAVE_FORTRAN_BINDING 1
| /* end confdefs.h.  */
| extern void my_name(int);
| int
| main ()
| {
| my_name(0);
|   ;
|   return 0;
| }
configure:7899: /home/andy/g95_mpich2/molpro2010.1/src/mpich2-1.3.2p1/bin/mpicc -o conftest   -nativelinking   conftest.c fconftestf.o  -lpthread  >&5
/tmp/andy/cc7O3c0j.o: In function `main':
conftest.c:(.text+0xa): undefined reference to `my_name_'
collect2: ld returned 1 exit status
configure:7906: $? = 1
configure: failed program was:
| /* confdefs.h.  */
| #define PACKAGE_NAME ""
| #define PACKAGE_TARNAME ""
| #define PACKAGE_VERSION ""
| #define PACKAGE_STRING ""
| #define PACKAGE_BUGREPORT ""
| #define HAVE_MPI_WIN_CREATE 1
| #define HAVE_LONG_DOUBLE 1
| #define HAVE_LONG_LONG 1
| #define restrict __restrict
| #define STDC_HEADERS 1
| #define HAVE_SYS_TYPES_H 1
| #define HAVE_SYS_STAT_H 1
| #define HAVE_STDLIB_H 1
| #define HAVE_STRING_H 1
| #define HAVE_MEMORY_H 1
| #define HAVE_STRINGS_H 1
| #define HAVE_INTTYPES_H 1
| #define HAVE_STDINT_H 1
| #define HAVE_UNISTD_H 1
| #define HAVE_STDARG_H 1
| #define HAVE_SYS_TIME_H 1
| #define HAVE__BOOL 1
| #define HAVE_FLOAT__COMPLEX 1
| #define HAVE_DOUBLE__COMPLEX 1
| #define HAVE_LONG_DOUBLE__COMPLEX 1
| #define HAVE_PTHREAD_H 1
| #define HAVE_PTHREAD_CREATE 1
| #define HAVE_PTHREAD_YIELD 1
| #define HAVE_PTHREAD_BARRIER_INIT 1
| #define HAVE_PTHREAD_BARRIER_WAIT 1
| #define HAVE_FORTRAN_BINDING 1
| /* end confdefs.h.  */
| extern void my_name_(int);
| int
| main ()
| {
| my_name_(0);
|   ;
|   return 0;
| }
configure:7948: /home/andy/g95_mpich2/molpro2010.1/src/mpich2-1.3.2p1/bin/mpicc -o conftest   -nativelinking   conftest.c fconftestf.o  -lpthread  >&5
conftest.c:34:16: error: expected '=', ',', ';', 'asm' or '__attribute__' before 'MY_NAME'
configure:7955: $? = 1
configure: failed program was:
| /* confdefs.h.  */
| #define PACKAGE_NAME ""
| #define PACKAGE_TARNAME ""
| #define PACKAGE_VERSION ""
| #define PACKAGE_STRING ""
| #define PACKAGE_BUGREPORT ""
| #define HAVE_MPI_WIN_CREATE 1
| #define HAVE_LONG_DOUBLE 1
| #define HAVE_LONG_LONG 1
| #define restrict __restrict
| #define STDC_HEADERS 1
| #define HAVE_SYS_TYPES_H 1
| #define HAVE_SYS_STAT_H 1
| #define HAVE_STDLIB_H 1
| #define HAVE_STRING_H 1
| #define HAVE_MEMORY_H 1
| #define HAVE_STRINGS_H 1
| #define HAVE_INTTYPES_H 1
| #define HAVE_STDINT_H 1
| #define HAVE_UNISTD_H 1
| #define HAVE_STDARG_H 1
| #define HAVE_SYS_TIME_H 1
| #define HAVE__BOOL 1
| #define HAVE_FLOAT__COMPLEX 1
| #define HAVE_DOUBLE__COMPLEX 1
| #define HAVE_LONG_DOUBLE__COMPLEX 1
| #define HAVE_PTHREAD_H 1
| #define HAVE_PTHREAD_CREATE 1
| #define HAVE_PTHREAD_YIELD 1
| #define HAVE_PTHREAD_BARRIER_INIT 1
| #define HAVE_PTHREAD_BARRIER_WAIT 1
| #define HAVE_FORTRAN_BINDING 1
| /* end confdefs.h.  */
| void __stdcall MY_NAME(int);
| int
| main ()
| {
| MY_NAME(0);
|   ;
|   return 0;
| }
configure:7997: /home/andy/g95_mpich2/molpro2010.1/src/mpich2-1.3.2p1/bin/mpicc -o conftest   -nativelinking   conftest.c fconftestf.o  -lpthread  >&5
/tmp/andy/ccMe88ul.o: In function `main':
conftest.c:(.text+0xa): undefined reference to `MY_NAME'
collect2: ld returned 1 exit status
configure:8004: $? = 1
configure: failed program was:
| /* confdefs.h.  */
| #define PACKAGE_NAME ""
| #define PACKAGE_TARNAME ""
| #define PACKAGE_VERSION ""
| #define PACKAGE_STRING ""
| #define PACKAGE_BUGREPORT ""
| #define HAVE_MPI_WIN_CREATE 1
| #define HAVE_LONG_DOUBLE 1
| #define HAVE_LONG_LONG 1
| #define restrict __restrict
| #define STDC_HEADERS 1
| #define HAVE_SYS_TYPES_H 1
| #define HAVE_SYS_STAT_H 1
| #define HAVE_STDLIB_H 1
| #define HAVE_STRING_H 1
| #define HAVE_MEMORY_H 1
| #define HAVE_STRINGS_H 1
| #define HAVE_INTTYPES_H 1
| #define HAVE_STDINT_H 1
| #define HAVE_UNISTD_H 1
| #define HAVE_STDARG_H 1
| #define HAVE_SYS_TIME_H 1
| #define HAVE__BOOL 1
| #define HAVE_FLOAT__COMPLEX 1
| #define HAVE_DOUBLE__COMPLEX 1
| #define HAVE_LONG_DOUBLE__COMPLEX 1
| #define HAVE_PTHREAD_H 1
| #define HAVE_PTHREAD_CREATE 1
| #define HAVE_PTHREAD_YIELD 1
| #define HAVE_PTHREAD_BARRIER_INIT 1
| #define HAVE_PTHREAD_BARRIER_WAIT 1
| #define HAVE_FORTRAN_BINDING 1
| /* end confdefs.h.  */
| extern void MY_NAME(int);
| int
| main ()
| {
| MY_NAME(0);
|   ;
|   return 0;
| }
configure:8046: /home/andy/g95_mpich2/molpro2010.1/src/mpich2-1.3.2p1/bin/mpicc -o conftest   -nativelinking   conftest.c fconftestf.o  -lpthread  >&5
configure:8053: $? = 0
configure:8589: result: lower doubleunderscore
configure:8672: checking for Fortran libraries needed for getarg
configure:8692: /home/andy/g95_mpich2/molpro2010.1/src/mpich2-1.3.2p1/bin/mpif77 -o conftest  -nativelinking   conftest.f -lpthread  >&5
configure:8699: $? = 0
configure:8776: result: none needed
configure:8789: checking whether Fortran 77 supports Cray-style pointer
configure:8821: /home/andy/g95_mpich2/molpro2010.1/src/mpich2-1.3.2p1/bin/mpif77 -c   conftest.f >&5
In file conftest.f:5

        pointer (MPTR,M)
                1
Error: Unexpected array reference at (1)
configure:8828: $? = 1
configure: failed program was:
| 
|           program main
| 
|         integer M
|         pointer (MPTR,M)
|         data MPTR/0/
| 
|       end
| 
configure:8821: /home/andy/g95_mpich2/molpro2010.1/src/mpich2-1.3.2p1/bin/mpif77 -c  -fcray-pointer conftest.f >&5
f951: error: unrecognized command line option "-fcray-pointer"
configure:8828: $? = 1
configure: failed program was:
| 
|           program main
| 
|         integer M
|         pointer (MPTR,M)
|         data MPTR/0/
| 
|       end
| 
configure:8853: result: 
configure:9001: checking for Fortran compiler version
configure:9009: /home/andy/g95_mpich2/molpro2010.1/src/mpich2-1.3.2p1/bin/mpif90 --version >&5
G95 (GCC 4.0.3 (g95 0.92!) Jun 24 2009)
Copyright (C) 2002-2008 Free Software Foundation, Inc.

G95 comes with NO WARRANTY, to the extent permitted by law.
You may redistribute copies of G95
under the terms of the GNU General Public License.
For more information about these matters, see the file named COPYING
configure:9013: $? = 0
configure:9020: /home/andy/g95_mpich2/molpro2010.1/src/mpich2-1.3.2p1/bin/mpif90 -v >&5
mpif90 for MPICH2 version 1.3.2p1
Using built-in specs.
Target: 
Configured with: ../configure 
Thread model: posix
gcc version 4.0.3 (g95 0.92!) Jun 24 2009
configure:9024: $? = 0
configure:9031: /home/andy/g95_mpich2/molpro2010.1/src/mpich2-1.3.2p1/bin/mpif90 -V >&5
g95: '-V' must come at the start of the command line
configure:9035: $? = 1
configure:9043: checking whether we are using the GNU Fortran compiler
configure:9062: /home/andy/g95_mpich2/molpro2010.1/src/mpich2-1.3.2p1/bin/mpif90 -c   conftest.F >&5
configure:9069: $? = 0
configure:9086: result: yes
configure:9092: checking whether /home/andy/g95_mpich2/molpro2010.1/src/mpich2-1.3.2p1/bin/mpif90 accepts -g
configure:9109: /home/andy/g95_mpich2/molpro2010.1/src/mpich2-1.3.2p1/bin/mpif90 -c -g  conftest.f >&5
configure:9116: $? = 0
configure:9132: result: yes
configure:9174: checking for extension for Fortran 90 programs
configure:9195: /home/andy/g95_mpich2/molpro2010.1/src/mpich2-1.3.2p1/bin/mpif90 -c   conftest.f90 >&5
configure:9202: $? = 0
configure:9208: result: f90
configure:9274: checking whether the Fortran 90 compiler (/home/andy/g95_mpich2/molpro2010.1/src/mpich2-1.3.2p1/bin/mpif90  -nativelinking  ) works
configure:9291: /home/andy/g95_mpich2/molpro2010.1/src/mpich2-1.3.2p1/bin/mpif90 -o conftest  -nativelinking    conftest.f90 -lpthread  >&5
configure:9298: $? = 0
configure:9308: result: yes
configure:9310: checking whether the Fortran 90 compiler (/home/andy/g95_mpich2/molpro2010.1/src/mpich2-1.3.2p1/bin/mpif90  -nativelinking  ) is a cross-compiler
configure:9322: /home/andy/g95_mpich2/molpro2010.1/src/mpich2-1.3.2p1/bin/mpif90 -o conftest  -nativelinking    conftest.f90 -lpthread  >&5
configure:9326: $? = 0
configure:9332: ./conftest
configure:9336: $? = 0
configure:9352: result: no
configure:9634: checking whether Fortran 90 supports Cray-style pointer
configure:9666: /home/andy/g95_mpich2/molpro2010.1/src/mpich2-1.3.2p1/bin/mpif90 -c    conftest.f90 >&5
In file conftest.f90:5

        pointer (MPTR,M)
                1
Error: Unexpected array reference at (1)
configure:9673: $? = 1
configure: failed program was:
| 
|           program main
| 
|         integer M
|         pointer (MPTR,M)
|         data MPTR/0/
| 
|       end
| 
configure:9666: /home/andy/g95_mpich2/molpro2010.1/src/mpich2-1.3.2p1/bin/mpif90 -c  -fcray-pointer  conftest.f90 >&5
f951: error: unrecognized command line option "-fcray-pointer"
configure:9673: $? = 1
configure: failed program was:
| 
|           program main
| 
|         integer M
|         pointer (MPTR,M)
|         data MPTR/0/
| 
|       end
| 
configure:9698: result: 
configure:9722: checking for Fortran flag needed to allow free-form source
configure:9747: /home/andy/g95_mpich2/molpro2010.1/src/mpich2-1.3.2p1/bin/mpif90 -c  -fcray-pointer  conftest.f90 >&5
f951: error: unrecognized command line option "-fcray-pointer"
configure:9754: $? = 1
configure: failed program was:
| 
|   program freeform
|        ! FIXME: how to best confuse non-freeform compilers?
|        print *, 'Hello ', &
|            'world.'
|        end
configure:9747: /home/andy/g95_mpich2/molpro2010.1/src/mpich2-1.3.2p1/bin/mpif90 -c  -fcray-pointer -ffree-form  conftest.f90 >&5
f951: error: unrecognized command line option "-fcray-pointer"
configure:9754: $? = 1
configure: failed program was:
| 
|   program freeform
|        ! FIXME: how to best confuse non-freeform compilers?
|        print *, 'Hello ', &
|            'world.'
|        end
configure:9747: /home/andy/g95_mpich2/molpro2010.1/src/mpich2-1.3.2p1/bin/mpif90 -c  -fcray-pointer -FR  conftest.f90 >&5
f951: error: unrecognized command line option "-fcray-pointer"
configure:9754: $? = 1
configure: failed program was:
| 
|   program freeform
|        ! FIXME: how to best confuse non-freeform compilers?
|        print *, 'Hello ', &
|            'world.'
|        end
configure:9747: /home/andy/g95_mpich2/molpro2010.1/src/mpich2-1.3.2p1/bin/mpif90 -c  -fcray-pointer -free  conftest.f90 >&5
f951: error: unrecognized command line option "-fcray-pointer"
f951: error: unrecognized command line option "-free"
configure:9754: $? = 1
configure: failed program was:
| 
|   program freeform
|        ! FIXME: how to best confuse non-freeform compilers?
|        print *, 'Hello ', &
|            'world.'
|        end
configure:9747: /home/andy/g95_mpich2/molpro2010.1/src/mpich2-1.3.2p1/bin/mpif90 -c  -fcray-pointer -qfree  conftest.f90 >&5
g95: unrecognized option '-qfree'
f951: error: unrecognized command line option "-fcray-pointer"
configure:9754: $? = 1
configure: failed program was:
| 
|   program freeform
|        ! FIXME: how to best confuse non-freeform compilers?
|        print *, 'Hello ', &
|            'world.'
|        end
configure:9747: /home/andy/g95_mpich2/molpro2010.1/src/mpich2-1.3.2p1/bin/mpif90 -c  -fcray-pointer -Mfree  conftest.f90 >&5
g95: unrecognized option '-Mfree'
f951: error: unrecognized command line option "-fcray-pointer"
configure:9754: $? = 1
configure: failed program was:
| 
|   program freeform
|        ! FIXME: how to best confuse non-freeform compilers?
|        print *, 'Hello ', &
|            'world.'
|        end
configure:9747: /home/andy/g95_mpich2/molpro2010.1/src/mpich2-1.3.2p1/bin/mpif90 -c  -fcray-pointer -Mfreeform  conftest.f90 >&5
g95: unrecognized option '-Mfreeform'
f951: error: unrecognized command line option "-fcray-pointer"
configure:9754: $? = 1
configure: failed program was:
| 
|   program freeform
|        ! FIXME: how to best confuse non-freeform compilers?
|        print *, 'Hello ', &
|            'world.'
|        end
configure:9747: /home/andy/g95_mpich2/molpro2010.1/src/mpich2-1.3.2p1/bin/mpif90 -c  -fcray-pointer -freeform  conftest.f90 >&5
f951: error: unrecognized command line option "-fcray-pointer"
f951: error: unrecognized command line option "-freeform"
configure:9754: $? = 1
configure: failed program was:
| 
|   program freeform
|        ! FIXME: how to best confuse non-freeform compilers?
|        print *, 'Hello ', &
|            'world.'
|        end
configure:9747: /home/andy/g95_mpich2/molpro2010.1/src/mpich2-1.3.2p1/bin/mpif90 -c  -fcray-pointer -f free  conftest.f90 >&5
g95: free: No such file or directory
f951: error: unrecognized command line option "-fcray-pointer"
f951: error: unrecognized command line option "-f"
configure:9754: $? = 1
configure: failed program was:
| 
|   program freeform
|        ! FIXME: how to best confuse non-freeform compilers?
|        print *, 'Hello ', &
|            'world.'
|        end
configure:9773: result: unknown
configure:9776: error: Fortran does not accept free-form source

## ---------------- ##
## Cache variables. ##
## ---------------- ##

ac_cv_c_compiler_gnu=yes
ac_cv_c_const=yes
ac_cv_c_int16_t=yes
ac_cv_c_int32_t=yes
ac_cv_c_int64_t=yes
ac_cv_c_int8_t=yes
ac_cv_c_restrict=__restrict
ac_cv_c_uint16_t=yes
ac_cv_c_uint32_t=yes
ac_cv_c_uint64_t=yes
ac_cv_c_uint8_t=yes
ac_cv_env_CCC_set=
ac_cv_env_CCC_value=
ac_cv_env_CC_set=set
ac_cv_env_CC_value=/usr/bin/gcc
ac_cv_env_CFLAGS_set=set
ac_cv_env_CFLAGS_value='   -O2'
ac_cv_env_CPPFLAGS_set=set
ac_cv_env_CPPFLAGS_value=' -I/home/andy/g95_mpich2/molpro2010.1/src/mpich2-1.3.2p1/src/mpl/include -I/home/andy/g95_mpich2/molpro2010.1/src/mpich2-1.3.2p1/src/mpl/include -I/home/andy/g95_mpich2/molpro2010.1/src/mpich2-1.3.2p1/src/openpa/src -I/home/andy/g95_mpich2/molpro2010.1/src/mpich2-1.3.2p1/src/openpa/src -I/home/andy/g95_mpich2/molpro2010.1/src/mpich2-1.3.2p1/src/mpid/ch3/include -I/home/andy/g95_mpich2/molpro2010.1/src/mpich2-1.3.2p1/src/mpid/ch3/include -I/home/andy/g95_mpich2/molpro2010.1/src/mpich2-1.3.2p1/src/mpid/common/datatype -I/home/andy/g95_mpich2/molpro2010.1/src/mpich2-1.3.2p1/src/mpid/common/datatype -I/home/andy/g95_mpich2/molpro2010.1/src/mpich2-1.3.2p1/src/mpid/common/locks -I/home/andy/g95_mpich2/molpro2010.1/src/mpich2-1.3.2p1/src/mpid/common/locks -I/home/andy/g95_mpich2/molpro2010.1/src/mpich2-1.3.2p1/src/mpid/ch3/channels/nemesis/include -I/home/andy/g95_mpich2/molpro2010.1/src/mpich2-1.3.2p1/src/mpid/ch3/channels/nemesis/include -I/home/andy/g95_mpich2/molpro2010.1/src/mpich2-1.3.2p1/src/mpid/ch3/channels/nemesis/nemesis/include -I/home/andy/g95_mpich2/molpro2010.1/src/mpich2-1.3.2p1/src/mpid/ch3/channels/nemesis/nemesis/include -I/home/andy/g95_mpich2/molpro2010.1/src/mpich2-1.3.2p1/src/mpid/ch3/channels/nemesis/nemesis/utils/monitor -I/home/andy/g95_mpich2/molpro2010.1/src/mpich2-1.3.2p1/src/mpid/ch3/channels/nemesis/nemesis/utils/monitor -I/home/andy/g95_mpich2/molpro2010.1/src/mpich2-1.3.2p1/src/util/wrappers -I/home/andy/g95_mpich2/molpro2010.1/src/mpich2-1.3.2p1/src/util/wrappers'
ac_cv_env_CPP_set=
ac_cv_env_CPP_value=
ac_cv_env_CXXCPP_set=
ac_cv_env_CXXCPP_value=
ac_cv_env_CXXFLAGS_set=set
ac_cv_env_CXXFLAGS_value='  -O2'
ac_cv_env_CXX_set=set
ac_cv_env_CXX_value=/usr/bin/g++
ac_cv_env_F77_set=set
ac_cv_env_F77_value='/opt/g95-0.92/bin/g95 -i4'
ac_cv_env_FCFLAGS_set=set
ac_cv_env_FCFLAGS_value='  -O2'
ac_cv_env_FC_set=set
ac_cv_env_FC_value='/opt/g95-0.92/bin/g95 -i4'
ac_cv_env_FFLAGS_set=set
ac_cv_env_FFLAGS_value='  -O2'
ac_cv_env_LDFLAGS_set=set
ac_cv_env_LDFLAGS_value=' '
ac_cv_env_LIBS_set=set
ac_cv_env_LIBS_value='-lrt -lpthread  '
ac_cv_env_build_alias_set=
ac_cv_env_build_alias_value=
ac_cv_env_host_alias_set=
ac_cv_env_host_alias_value=
ac_cv_env_target_alias_set=
ac_cv_env_target_alias_value=
ac_cv_f77_compiler_gnu=yes
ac_cv_fc_compiler_gnu=yes
ac_cv_fc_freeform=unknown
ac_cv_func_pthread_barrier_init=yes
ac_cv_func_pthread_barrier_wait=yes
ac_cv_func_pthread_create=yes
ac_cv_func_pthread_yield=yes
ac_cv_header_inttypes_h=yes
ac_cv_header_memory_h=yes
ac_cv_header_pthread_h=yes
ac_cv_header_stdarg_h=yes
ac_cv_header_stdc=yes
ac_cv_header_stdint_h=yes
ac_cv_header_stdlib_h=yes
ac_cv_header_string_h=yes
ac_cv_header_strings_h=yes
ac_cv_header_sys_stat_h=yes
ac_cv_header_sys_time_h=yes
ac_cv_header_sys_types_h=yes
ac_cv_header_unistd_h=yes
ac_cv_objext=o
ac_cv_path_EGREP='/usr/bin/grep -E'
ac_cv_path_GREP=/usr/bin/grep
ac_cv_prog_CPP='/home/andy/g95_mpich2/molpro2010.1/src/mpich2-1.3.2p1/bin/mpicc -E'
ac_cv_prog_MAKE=make
ac_cv_prog_cc_c89=
ac_cv_prog_cc_g=yes
ac_cv_prog_f77_g=yes
ac_cv_prog_fc_g=yes
ac_cv_search_pthread_barrier_init='none required'
ac_cv_search_pthread_create=-lpthread
ac_cv_type__Bool=yes
ac_cv_type_double__Complex=yes
ac_cv_type_float__Complex=yes
ac_cv_type_long_double__Complex=yes
pac_cv_fort_integer16=no
pac_cv_fort_integer4=yes
pac_cv_fort_integer8=yes
pac_cv_getarg_needs_u77=no
pac_cv_have_haddr_list=no
pac_cv_have_long_double=yes
pac_cv_have_long_long=yes
pac_cv_mpi_major_version=2
pac_cv_mpi_minor_version=2
pac_cv_my_conf_dir=/home/andy/g95_mpich2/molpro2010.1/src/mpich2-1.3.2p1/test/mpi
pac_cv_prog_f77_has_pointer=
pac_cv_prog_f77_name_mangle='lower doubleunderscore'
pac_cv_prog_fc_cross=no
pac_cv_prog_fc_has_pointer=
pac_cv_prog_fc_works=yes
pac_cv_prog_make_allows_comments=yes
pac_cv_prog_make_found_clock_skew=no
pac_cv_prog_make_include=yes
pac_cv_prog_make_set_cflags=yes
pac_cv_prog_make_vpath=VPATH
pac_cv_test_stdcall=

## ----------------- ##
## Output variables. ##
## ----------------- ##

ALLOCMEMF=''
ALLOCMEMFC=''
CC='/home/andy/g95_mpich2/molpro2010.1/src/mpich2-1.3.2p1/bin/mpicc'
CFLAGS=''
CPP='/home/andy/g95_mpich2/molpro2010.1/src/mpich2-1.3.2p1/bin/mpicc -E'
CPPFLAGS=''
CXX='/home/andy/g95_mpich2/molpro2010.1/src/mpich2-1.3.2p1/bin/mpicxx'
CXXCPP=''
CXXFLAGS=''
DEFS=''
ECHO_C=''
ECHO_N='-n'
ECHO_T=''
EGREP='/usr/bin/grep -E'
EXEEXT=''
F77='/home/andy/g95_mpich2/molpro2010.1/src/mpich2-1.3.2p1/bin/mpif77'
F77_GETARG_LIBS=''
F77_MPI_ADDRESS='integer*8'
F77_MPI_OFFSET='integer*8'
F77_NAME_MANGLE='F77_NAME_LOWER_2USCORE'
FC='/home/andy/g95_mpich2/molpro2010.1/src/mpich2-1.3.2p1/bin/mpif90'
FCFLAGS=' -fcray-pointer'
FCFLAGS_f90=''
FC_GETARG_LIBS=''
FFLAGS=' -fcray-pointer'
GREP='/usr/bin/grep'
LDFLAGS='-nativelinking  '
LIBOBJS=''
LIBS='-lpthread '
LTLIBOBJS=''
MAKE='make'
MPIEXEC=''
MPILIBLOC=''
MPILIBNAME='mpich'
MPI_SOURCE=''
MPI_SUBVERSION='2'
MPI_VERSION='2'
OBJEXT='o'
PACKAGE_BUGREPORT=''
PACKAGE_NAME=''
PACKAGE_STRING=''
PACKAGE_TARNAME=''
PACKAGE_VERSION=''
PATH_SEPARATOR=':'
PERL=''
SET_CFLAGS='CFLAGS='
SET_MAKE='MAKE=make'
SHELL='/bin/sh'
VERSION='1.1'
VPATH='VPATH=.:${srcdir}'
ac_ct_CC=''
ac_ct_CXX=''
ac_ct_F77=''
ac_ct_FC=''
bindir='${exec_prefix}/bin'
build_alias=''
cxxdir=''
datadir='${datarootdir}'
datarootdir='${prefix}/share'
docdir='${datarootdir}/doc/${PACKAGE}'
dvidir='${docdir}'
errordir='errors'
exec_prefix='NONE'
f77dir='f77'
f90dir='#'
faultsdir='#'
host_alias=''
htmldir='${docdir}'
includedir='${prefix}/include'
infodir='${datarootdir}/info'
iodir=''
libdir='${exec_prefix}/lib'
libexecdir='${exec_prefix}/libexec'
localedir='${datarootdir}/locale'
localstatedir='${prefix}/var'
mandir='${datarootdir}/man'
master_top_builddir='/home/andy/g95_mpich2/molpro2010.1/src/mpich2-1.3.2p1'
master_top_srcdir='/home/andy/g95_mpich2/molpro2010.1/src/mpich2-1.3.2p1'
mpich2_top_srcdir='/home/andy/g95_mpich2/molpro2010.1/src/mpich2-1.3.2p1'
oldincludedir='/usr/include'
otherlangs=' f77'
pdfdir='${docdir}'
prefix='/home/andy/g95_mpich2/molpro2010.1/src/mpich2-install'
program_transform_name='s,x,x,'
psdir='${docdir}'
rmadir='rma'
sbindir='${exec_prefix}/sbin'
sharedstatedir='${prefix}/com'
spawndir='spawn'
sysconfdir='${prefix}/etc'
target_alias=''
threadsdir='threads'

## ----------- ##
## confdefs.h. ##
## ----------- ##

#define PACKAGE_NAME ""
#define PACKAGE_TARNAME ""
#define PACKAGE_VERSION ""
#define PACKAGE_STRING ""
#define PACKAGE_BUGREPORT ""
#define HAVE_MPI_WIN_CREATE 1
#define HAVE_LONG_DOUBLE 1
#define HAVE_LONG_LONG 1
#define restrict __restrict
#define STDC_HEADERS 1
#define HAVE_SYS_TYPES_H 1
#define HAVE_SYS_STAT_H 1
#define HAVE_STDLIB_H 1
#define HAVE_STRING_H 1
#define HAVE_MEMORY_H 1
#define HAVE_STRINGS_H 1
#define HAVE_INTTYPES_H 1
#define HAVE_STDINT_H 1
#define HAVE_UNISTD_H 1
#define HAVE_STDARG_H 1
#define HAVE_SYS_TIME_H 1
#define HAVE__BOOL 1
#define HAVE_FLOAT__COMPLEX 1
#define HAVE_DOUBLE__COMPLEX 1
#define HAVE_LONG_DOUBLE__COMPLEX 1
#define HAVE_PTHREAD_H 1
#define HAVE_PTHREAD_CREATE 1
#define HAVE_PTHREAD_YIELD 1
#define HAVE_PTHREAD_BARRIER_INIT 1
#define HAVE_PTHREAD_BARRIER_WAIT 1
#define HAVE_FORTRAN_BINDING 1
#define F77_NAME_LOWER_2USCORE 1
#define STDCALL 

configure: exit 77
