This file contains any messages produced by compilers while
running configure, to aid debugging if configure makes a mistake.

It was created by configure, which was
generated by GNU Autoconf 2.62.  Invocation command line was

  $ /home/tim/libraries/mpich2-1.1/src/pm/hydra/configure --prefix=/home/tim/mpich2-install --with-atomic-primitives=auto_allow_emulation

## --------- ##
## Platform. ##
## --------- ##

hostname = beowulf.ghettonet.homeunix.net
uname -m = i386
uname -r = 7.2-RELEASE
uname -s = FreeBSD
uname -v = FreeBSD 7.2-RELEASE #0: Fri May  1 08:49:13 UTC 2009     root@walker.cse.buffalo.edu:/usr/obj/usr/src/sys/GENERIC 

/usr/bin/uname -p = i386
/bin/uname -X     = unknown

/bin/arch              = unknown
/usr/bin/arch -k       = unknown
/usr/convex/getsysinfo = unknown
/usr/bin/hostinfo      = unknown
/bin/machine           = unknown
/usr/bin/oslevel       = unknown
/bin/universe          = unknown

PATH: /sbin
PATH: /bin
PATH: /usr/sbin
PATH: /usr/bin
PATH: /usr/games
PATH: /usr/local/sbin
PATH: /usr/local/bin
PATH: /home/tim/bin


## ----------- ##
## Core tests. ##
## ----------- ##

configure:1898: checking for gcc
configure:1925: result: gcc
configure:2163: checking for C compiler version
configure:2171: gcc --version >&5
gcc (GCC) 4.2.1 20070719  [FreeBSD]
Copyright (C) 2007 Free Software Foundation, Inc.
This is free software; see the source for copying conditions.  There is NO
warranty; not even for MERCHANTABILITY or FITNESS FOR A PARTICULAR PURPOSE.

configure:2175: $? = 0
configure:2182: gcc -v >&5
Using built-in specs.
Target: i386-undermydesk-freebsd
Configured with: FreeBSD/i386 system compiler
Thread model: posix
gcc version 4.2.1 20070719  [FreeBSD]
configure:2186: $? = 0
configure:2193: gcc -V >&5
gcc: '-V' option must have argument
configure:2197: $? = 1
configure:2220: checking for C compiler default output file name
configure:2242: gcc  -O2  -I/home/tim/libraries/mpich2-1.1/src/openpa/src -I/tmp/tim/mpich2/src/openpa/src -DUSE_PROCESS_LOCKS   conftest.c        >&5
configure:2246: $? = 0
configure:2284: result: a.out
configure:2301: checking whether the C compiler works
configure:2311: ./a.out
configure:2315: $? = 0
configure:2332: result: yes
configure:2339: checking whether we are cross compiling
configure:2341: result: no
configure:2344: checking for suffix of executables
configure:2351: gcc -o conftest  -O2  -I/home/tim/libraries/mpich2-1.1/src/openpa/src -I/tmp/tim/mpich2/src/openpa/src -DUSE_PROCESS_LOCKS   conftest.c        >&5
configure:2355: $? = 0
configure:2379: result: 
configure:2385: checking for suffix of object files
configure:2411: gcc -c  -O2  -I/home/tim/libraries/mpich2-1.1/src/openpa/src -I/tmp/tim/mpich2/src/openpa/src -DUSE_PROCESS_LOCKS conftest.c >&5
configure:2415: $? = 0
configure:2438: result: o
configure:2442: checking whether we are using the GNU C compiler
configure:2471: gcc -c  -O2  -I/home/tim/libraries/mpich2-1.1/src/openpa/src -I/tmp/tim/mpich2/src/openpa/src -DUSE_PROCESS_LOCKS conftest.c >&5
configure:2478: $? = 0
configure:2495: result: yes
configure:2504: checking whether gcc accepts -g
configure:2534: gcc -c -g  -I/home/tim/libraries/mpich2-1.1/src/openpa/src -I/tmp/tim/mpich2/src/openpa/src -DUSE_PROCESS_LOCKS conftest.c >&5
configure:2541: $? = 0
configure:2642: result: yes
configure:2659: checking for gcc option to accept ISO C89
configure:2733: gcc  -c  -O2  -I/home/tim/libraries/mpich2-1.1/src/openpa/src -I/tmp/tim/mpich2/src/openpa/src -DUSE_PROCESS_LOCKS conftest.c >&5
configure:2740: $? = 0
configure:2763: result: none needed
configure:2789: checking how to run the C preprocessor
configure:2829: gcc -E  -I/home/tim/libraries/mpich2-1.1/src/openpa/src -I/tmp/tim/mpich2/src/openpa/src -DUSE_PROCESS_LOCKS conftest.c
configure:2836: $? = 0
configure:2867: gcc -E  -I/home/tim/libraries/mpich2-1.1/src/openpa/src -I/tmp/tim/mpich2/src/openpa/src -DUSE_PROCESS_LOCKS conftest.c
conftest.c:8:28: error: ac_nonexistent.h: No such file or directory
configure:2874: $? = 1
configure: failed program was:
| /* confdefs.h.  */
| #define PACKAGE_NAME ""
| #define PACKAGE_TARNAME ""
| #define PACKAGE_VERSION ""
| #define PACKAGE_STRING ""
| #define PACKAGE_BUGREPORT ""
| /* end confdefs.h.  */
| #include <ac_nonexistent.h>
configure:2907: result: gcc -E
configure:2936: gcc -E  -I/home/tim/libraries/mpich2-1.1/src/openpa/src -I/tmp/tim/mpich2/src/openpa/src -DUSE_PROCESS_LOCKS conftest.c
configure:2943: $? = 0
configure:2974: gcc -E  -I/home/tim/libraries/mpich2-1.1/src/openpa/src -I/tmp/tim/mpich2/src/openpa/src -DUSE_PROCESS_LOCKS conftest.c
conftest.c:8:28: error: ac_nonexistent.h: No such file or directory
configure:2981: $? = 1
configure: failed program was:
| /* confdefs.h.  */
| #define PACKAGE_NAME ""
| #define PACKAGE_TARNAME ""
| #define PACKAGE_VERSION ""
| #define PACKAGE_STRING ""
| #define PACKAGE_BUGREPORT ""
| /* end confdefs.h.  */
| #include <ac_nonexistent.h>
configure:3019: checking for grep that handles long lines and -e
configure:3079: result: /usr/bin/grep
configure:3084: checking for egrep
configure:3148: result: /usr/bin/grep -E
configure:3153: checking for ANSI C header files
configure:3183: gcc -c  -O2  -I/home/tim/libraries/mpich2-1.1/src/openpa/src -I/tmp/tim/mpich2/src/openpa/src -DUSE_PROCESS_LOCKS conftest.c >&5
configure:3190: $? = 0
configure:3289: gcc -o conftest  -O2  -I/home/tim/libraries/mpich2-1.1/src/openpa/src -I/tmp/tim/mpich2/src/openpa/src -DUSE_PROCESS_LOCKS   conftest.c        >&5
configure:3293: $? = 0
configure:3299: ./conftest
configure:3303: $? = 0
configure:3321: result: yes
configure:3345: checking for sys/types.h
configure:3366: gcc -c  -O2  -I/home/tim/libraries/mpich2-1.1/src/openpa/src -I/tmp/tim/mpich2/src/openpa/src -DUSE_PROCESS_LOCKS conftest.c >&5
configure:3373: $? = 0
configure:3390: result: yes
configure:3345: checking for sys/stat.h
configure:3366: gcc -c  -O2  -I/home/tim/libraries/mpich2-1.1/src/openpa/src -I/tmp/tim/mpich2/src/openpa/src -DUSE_PROCESS_LOCKS conftest.c >&5
configure:3373: $? = 0
configure:3390: result: yes
configure:3345: checking for stdlib.h
configure:3366: gcc -c  -O2  -I/home/tim/libraries/mpich2-1.1/src/openpa/src -I/tmp/tim/mpich2/src/openpa/src -DUSE_PROCESS_LOCKS conftest.c >&5
configure:3373: $? = 0
configure:3390: result: yes
configure:3345: checking for string.h
configure:3366: gcc -c  -O2  -I/home/tim/libraries/mpich2-1.1/src/openpa/src -I/tmp/tim/mpich2/src/openpa/src -DUSE_PROCESS_LOCKS conftest.c >&5
configure:3373: $? = 0
configure:3390: result: yes
configure:3345: checking for memory.h
configure:3366: gcc -c  -O2  -I/home/tim/libraries/mpich2-1.1/src/openpa/src -I/tmp/tim/mpich2/src/openpa/src -DUSE_PROCESS_LOCKS conftest.c >&5
configure:3373: $? = 0
configure:3390: result: yes
configure:3345: checking for strings.h
configure:3366: gcc -c  -O2  -I/home/tim/libraries/mpich2-1.1/src/openpa/src -I/tmp/tim/mpich2/src/openpa/src -DUSE_PROCESS_LOCKS conftest.c >&5
configure:3373: $? = 0
configure:3390: result: yes
configure:3345: checking for inttypes.h
configure:3366: gcc -c  -O2  -I/home/tim/libraries/mpich2-1.1/src/openpa/src -I/tmp/tim/mpich2/src/openpa/src -DUSE_PROCESS_LOCKS conftest.c >&5
configure:3373: $? = 0
configure:3390: result: yes
configure:3345: checking for stdint.h
configure:3366: gcc -c  -O2  -I/home/tim/libraries/mpich2-1.1/src/openpa/src -I/tmp/tim/mpich2/src/openpa/src -DUSE_PROCESS_LOCKS conftest.c >&5
configure:3373: $? = 0
configure:3390: result: yes
configure:3345: checking for unistd.h
configure:3366: gcc -c  -O2  -I/home/tim/libraries/mpich2-1.1/src/openpa/src -I/tmp/tim/mpich2/src/openpa/src -DUSE_PROCESS_LOCKS conftest.c >&5
configure:3373: $? = 0
configure:3390: result: yes
configure:3418: checking for unistd.h
configure:3425: result: yes
configure:3418: checking for stdlib.h
configure:3425: result: yes
configure:3418: checking for string.h
configure:3425: result: yes
configure:3418: checking for strings.h
configure:3425: result: yes
configure:3429: checking stdarg.h usability
configure:3446: gcc -c  -O2  -I/home/tim/libraries/mpich2-1.1/src/openpa/src -I/tmp/tim/mpich2/src/openpa/src -DUSE_PROCESS_LOCKS conftest.c >&5
configure:3453: $? = 0
configure:3467: result: yes
configure:3471: checking stdarg.h presence
configure:3486: gcc -E  -I/home/tim/libraries/mpich2-1.1/src/openpa/src -I/tmp/tim/mpich2/src/openpa/src -DUSE_PROCESS_LOCKS conftest.c
configure:3493: $? = 0
configure:3507: result: yes
configure:3535: checking for stdarg.h
configure:3544: result: yes
configure:3418: checking for sys/types.h
configure:3425: result: yes
configure:3429: checking sys/socket.h usability
configure:3446: gcc -c  -O2  -I/home/tim/libraries/mpich2-1.1/src/openpa/src -I/tmp/tim/mpich2/src/openpa/src -DUSE_PROCESS_LOCKS conftest.c >&5
configure:3453: $? = 0
configure:3467: result: yes
configure:3471: checking sys/socket.h presence
configure:3486: gcc -E  -I/home/tim/libraries/mpich2-1.1/src/openpa/src -I/tmp/tim/mpich2/src/openpa/src -DUSE_PROCESS_LOCKS conftest.c
configure:3493: $? = 0
configure:3507: result: yes
configure:3535: checking for sys/socket.h
configure:3544: result: yes
configure:3429: checking sched.h usability
configure:3446: gcc -c  -O2  -I/home/tim/libraries/mpich2-1.1/src/openpa/src -I/tmp/tim/mpich2/src/openpa/src -DUSE_PROCESS_LOCKS conftest.c >&5
configure:3453: $? = 0
configure:3467: result: yes
configure:3471: checking sched.h presence
configure:3486: gcc -E  -I/home/tim/libraries/mpich2-1.1/src/openpa/src -I/tmp/tim/mpich2/src/openpa/src -DUSE_PROCESS_LOCKS conftest.c
configure:3493: $? = 0
configure:3507: result: yes
configure:3535: checking for sched.h
configure:3544: result: yes
configure:3429: checking pthread.h usability
configure:3446: gcc -c  -O2  -I/home/tim/libraries/mpich2-1.1/src/openpa/src -I/tmp/tim/mpich2/src/openpa/src -DUSE_PROCESS_LOCKS conftest.c >&5
configure:3453: $? = 0
configure:3467: result: yes
configure:3471: checking pthread.h presence
configure:3486: gcc -E  -I/home/tim/libraries/mpich2-1.1/src/openpa/src -I/tmp/tim/mpich2/src/openpa/src -DUSE_PROCESS_LOCKS conftest.c
configure:3493: $? = 0
configure:3507: result: yes
configure:3535: checking for pthread.h
configure:3544: result: yes
configure:3418: checking for sys/stat.h
configure:3425: result: yes
configure:3560: checking for size_t
configure:3588: gcc -c  -O2  -I/home/tim/libraries/mpich2-1.1/src/openpa/src -I/tmp/tim/mpich2/src/openpa/src -DUSE_PROCESS_LOCKS conftest.c >&5
configure:3595: $? = 0
configure:3622: gcc -c  -O2  -I/home/tim/libraries/mpich2-1.1/src/openpa/src -I/tmp/tim/mpich2/src/openpa/src -DUSE_PROCESS_LOCKS conftest.c >&5
conftest.c: In function 'main':
conftest.c:64: error: expected expression before ')' token
configure:3629: $? = 1
configure: failed program was:
| /* confdefs.h.  */
| #define PACKAGE_NAME ""
| #define PACKAGE_TARNAME ""
| #define PACKAGE_VERSION ""
| #define PACKAGE_STRING ""
| #define PACKAGE_BUGREPORT ""
| #define STDC_HEADERS 1
| #define HAVE_SYS_TYPES_H 1
| #define HAVE_SYS_STAT_H 1
| #define HAVE_STDLIB_H 1
| #define HAVE_STRING_H 1
| #define HAVE_MEMORY_H 1
| #define HAVE_STRINGS_H 1
| #define HAVE_INTTYPES_H 1
| #define HAVE_STDINT_H 1
| #define HAVE_UNISTD_H 1
| #define HAVE_UNISTD_H 1
| #define HAVE_STDLIB_H 1
| #define HAVE_STRING_H 1
| #define HAVE_STRINGS_H 1
| #define HAVE_STDARG_H 1
| #define HAVE_SYS_TYPES_H 1
| #define HAVE_SYS_SOCKET_H 1
| #define HAVE_SCHED_H 1
| #define HAVE_PTHREAD_H 1
| #define HAVE_SYS_STAT_H 1
| /* end confdefs.h.  */
| #include <stdio.h>
| #ifdef HAVE_SYS_TYPES_H
| # include <sys/types.h>
| #endif
| #ifdef HAVE_SYS_STAT_H
| # include <sys/stat.h>
| #endif
| #ifdef STDC_HEADERS
| # include <stdlib.h>
| # include <stddef.h>
| #else
| # ifdef HAVE_STDLIB_H
| #  include <stdlib.h>
| # endif
| #endif
| #ifdef HAVE_STRING_H
| # if !defined STDC_HEADERS && defined HAVE_MEMORY_H
| #  include <memory.h>
| # endif
| # include <string.h>
| #endif
| #ifdef HAVE_STRINGS_H
| # include <strings.h>
| #endif
| #ifdef HAVE_INTTYPES_H
| # include <inttypes.h>
| #endif
| #ifdef HAVE_STDINT_H
| # include <stdint.h>
| #endif
| #ifdef HAVE_UNISTD_H
| # include <unistd.h>
| #endif
| int
| main ()
| {
| if (sizeof ((size_t)))
| 	  return 0;
|   ;
|   return 0;
| }
configure:3652: result: yes
configure:3668: checking whether __attribute__ allowed
configure:3695: gcc -c  -O2  -I/home/tim/libraries/mpich2-1.1/src/openpa/src -I/tmp/tim/mpich2/src/openpa/src -DUSE_PROCESS_LOCKS conftest.c >&5
configure:3702: $? = 0
configure:3717: result: yes
configure:3719: checking whether __attribute__((format)) allowed
configure:3746: gcc -c  -O2  -I/home/tim/libraries/mpich2-1.1/src/openpa/src -I/tmp/tim/mpich2/src/openpa/src -DUSE_PROCESS_LOCKS conftest.c >&5
configure:3753: $? = 0
configure:3768: result: yes
configure:3796: checking for gettimeofday
configure:3852: gcc -o conftest  -O2  -I/home/tim/libraries/mpich2-1.1/src/openpa/src -I/tmp/tim/mpich2/src/openpa/src -DUSE_PROCESS_LOCKS   conftest.c        >&5
configure:3859: $? = 0
configure:3881: result: yes
configure:3796: checking for time
configure:3852: gcc -o conftest  -O2  -I/home/tim/libraries/mpich2-1.1/src/openpa/src -I/tmp/tim/mpich2/src/openpa/src -DUSE_PROCESS_LOCKS   conftest.c        >&5
configure:3859: $? = 0
configure:3881: result: yes
configure:3796: checking for strdup
configure:3852: gcc -o conftest  -O2  -I/home/tim/libraries/mpich2-1.1/src/openpa/src -I/tmp/tim/mpich2/src/openpa/src -DUSE_PROCESS_LOCKS   conftest.c        >&5
conftest.c:54: warning: conflicting types for built-in function 'strdup'
configure:3859: $? = 0
configure:3881: result: yes
configure:3796: checking for sigaction
configure:3852: gcc -o conftest  -O2  -I/home/tim/libraries/mpich2-1.1/src/openpa/src -I/tmp/tim/mpich2/src/openpa/src -DUSE_PROCESS_LOCKS   conftest.c        >&5
configure:3859: $? = 0
configure:3881: result: yes
configure:3796: checking for signal
configure:3852: gcc -o conftest  -O2  -I/home/tim/libraries/mpich2-1.1/src/openpa/src -I/tmp/tim/mpich2/src/openpa/src -DUSE_PROCESS_LOCKS   conftest.c        >&5
configure:3859: $? = 0
configure:3881: result: yes
configure:3796: checking for usleep
configure:3852: gcc -o conftest  -O2  -I/home/tim/libraries/mpich2-1.1/src/openpa/src -I/tmp/tim/mpich2/src/openpa/src -DUSE_PROCESS_LOCKS   conftest.c        >&5
configure:3859: $? = 0
configure:3881: result: yes
configure:3796: checking for alloca
configure:3852: gcc -o conftest  -O2  -I/home/tim/libraries/mpich2-1.1/src/openpa/src -I/tmp/tim/mpich2/src/openpa/src -DUSE_PROCESS_LOCKS   conftest.c        >&5
conftest.c:58: warning: conflicting types for built-in function 'alloca'
/var/tmp//ccUtc2lY.o(.text+0x12): In function `main':
: undefined reference to `alloca'
configure:3859: $? = 1
configure: failed program was:
| /* confdefs.h.  */
| #define PACKAGE_NAME ""
| #define PACKAGE_TARNAME ""
| #define PACKAGE_VERSION ""
| #define PACKAGE_STRING ""
| #define PACKAGE_BUGREPORT ""
| #define STDC_HEADERS 1
| #define HAVE_SYS_TYPES_H 1
| #define HAVE_SYS_STAT_H 1
| #define HAVE_STDLIB_H 1
| #define HAVE_STRING_H 1
| #define HAVE_MEMORY_H 1
| #define HAVE_STRINGS_H 1
| #define HAVE_INTTYPES_H 1
| #define HAVE_STDINT_H 1
| #define HAVE_UNISTD_H 1
| #define HAVE_UNISTD_H 1
| #define HAVE_STDLIB_H 1
| #define HAVE_STRING_H 1
| #define HAVE_STRINGS_H 1
| #define HAVE_STDARG_H 1
| #define HAVE_SYS_TYPES_H 1
| #define HAVE_SYS_SOCKET_H 1
| #define HAVE_SCHED_H 1
| #define HAVE_PTHREAD_H 1
| #define HAVE_SYS_STAT_H 1
| #define HAVE_GCC_ATTRIBUTE 1
| #define HAVE_GETTIMEOFDAY 1
| #define HAVE_TIME 1
| #define HAVE_STRDUP 1
| #define HAVE_SIGACTION 1
| #define HAVE_SIGNAL 1
| #define HAVE_USLEEP 1
| /* end confdefs.h.  */
| /* Define alloca to an innocuous variant, in case <limits.h> declares alloca.
|    For example, HP-UX 11i <limits.h> declares gettimeofday.  */
| #define alloca innocuous_alloca
| 
| /* System header to define __stub macros and hopefully few prototypes,
|     which can conflict with char alloca (); below.
|     Prefer <limits.h> to <assert.h> if __STDC__ is defined, since
|     <limits.h> exists even on freestanding compilers.  */
| 
| #ifdef __STDC__
| # include <limits.h>
| #else
| # include <assert.h>
| #endif
| 
| #undef alloca
| 
| /* Override any GCC internal prototype to avoid an error.
|    Use char because int might match the return type of a GCC
|    builtin and then its argument prototype would still apply.  */
| #ifdef __cplusplus
| extern "C"
| #endif
| char alloca ();
| /* The GNU C library defines this for functions which it implements
|     to always fail with ENOSYS.  Some functions are actually named
|     something starting with __ and the normal name is an alias.  */
| #if defined __stub_alloca || defined __stub___alloca
| choke me
| #endif
| 
| int
| main ()
| {
| return alloca ();
|   ;
|   return 0;
| }
configure:3881: result: no
configure:3796: checking for snprintf
configure:3852: gcc -o conftest  -O2  -I/home/tim/libraries/mpich2-1.1/src/openpa/src -I/tmp/tim/mpich2/src/openpa/src -DUSE_PROCESS_LOCKS   conftest.c        >&5
conftest.c:58: warning: conflicting types for built-in function 'snprintf'
configure:3859: $? = 0
configure:3881: result: yes
configure:3796: checking for unsetenv
configure:3852: gcc -o conftest  -O2  -I/home/tim/libraries/mpich2-1.1/src/openpa/src -I/tmp/tim/mpich2/src/openpa/src -DUSE_PROCESS_LOCKS   conftest.c        >&5
configure:3859: $? = 0
configure:3881: result: yes
configure:3796: checking for strerror
configure:3852: gcc -o conftest  -O2  -I/home/tim/libraries/mpich2-1.1/src/openpa/src -I/tmp/tim/mpich2/src/openpa/src -DUSE_PROCESS_LOCKS   conftest.c        >&5
configure:3859: $? = 0
configure:3881: result: yes
configure:3796: checking for strsignal
configure:3852: gcc -o conftest  -O2  -I/home/tim/libraries/mpich2-1.1/src/openpa/src -I/tmp/tim/mpich2/src/openpa/src -DUSE_PROCESS_LOCKS   conftest.c        >&5
configure:3859: $? = 0
configure:3881: result: yes
configure:3796: checking for putenv
configure:3852: gcc -o conftest  -O2  -I/home/tim/libraries/mpich2-1.1/src/openpa/src -I/tmp/tim/mpich2/src/openpa/src -DUSE_PROCESS_LOCKS   conftest.c        >&5
configure:3859: $? = 0
configure:3881: result: yes
configure:3906: checking for putenv
configure:3991: result: yes
configure:4004: checking whether putenv needs a declaration
configure:4032: gcc -c  -O2  -I/home/tim/libraries/mpich2-1.1/src/openpa/src -I/tmp/tim/mpich2/src/openpa/src -DUSE_PROCESS_LOCKS conftest.c >&5
conftest.c:43: error: conflicting types for 'putenv'
/usr/include/stdlib.h:200: error: previous declaration of 'putenv' was here
configure:4039: $? = 1
configure: failed program was:
| /* confdefs.h.  */
| #define PACKAGE_NAME ""
| #define PACKAGE_TARNAME ""
| #define PACKAGE_VERSION ""
| #define PACKAGE_STRING ""
| #define PACKAGE_BUGREPORT ""
| #define STDC_HEADERS 1
| #define HAVE_SYS_TYPES_H 1
| #define HAVE_SYS_STAT_H 1
| #define HAVE_STDLIB_H 1
| #define HAVE_STRING_H 1
| #define HAVE_MEMORY_H 1
| #define HAVE_STRINGS_H 1
| #define HAVE_INTTYPES_H 1
| #define HAVE_STDINT_H 1
| #define HAVE_UNISTD_H 1
| #define HAVE_UNISTD_H 1
| #define HAVE_STDLIB_H 1
| #define HAVE_STRING_H 1
| #define HAVE_STRINGS_H 1
| #define HAVE_STDARG_H 1
| #define HAVE_SYS_TYPES_H 1
| #define HAVE_SYS_SOCKET_H 1
| #define HAVE_SCHED_H 1
| #define HAVE_PTHREAD_H 1
| #define HAVE_SYS_STAT_H 1
| #define HAVE_GCC_ATTRIBUTE 1
| #define HAVE_GETTIMEOFDAY 1
| #define HAVE_TIME 1
| #define HAVE_STRDUP 1
| #define HAVE_SIGACTION 1
| #define HAVE_SIGNAL 1
| #define HAVE_USLEEP 1
| #define HAVE_SNPRINTF 1
| #define HAVE_UNSETENV 1
| #define HAVE_STRERROR 1
| #define HAVE_STRSIGNAL 1
| #define HAVE_PUTENV 1
| #define HAVE_THREAD_SUPPORT 1
| #define HAVE_PUTENV 1
| /* end confdefs.h.  */
| #include <stdlib.h>
| int putenv(double, int, double, const char *);
| int
| main ()
| {
| int a=putenv(1.0,27,1.0,"foo");
|   ;
|   return 0;
| }
configure:4054: result: no
configure:4067: checking for environ in unistd.h
configure:4093: gcc -c  -O2  -I/home/tim/libraries/mpich2-1.1/src/openpa/src -I/tmp/tim/mpich2/src/openpa/src -DUSE_PROCESS_LOCKS conftest.c >&5
conftest.c: In function 'main':
conftest.c:46: error: 'environ' undeclared (first use in this function)
conftest.c:46: error: (Each undeclared identifier is reported only once
conftest.c:46: error: for each function it appears in.)
configure:4100: $? = 1
configure: failed program was:
| /* confdefs.h.  */
| #define PACKAGE_NAME ""
| #define PACKAGE_TARNAME ""
| #define PACKAGE_VERSION ""
| #define PACKAGE_STRING ""
| #define PACKAGE_BUGREPORT ""
| #define STDC_HEADERS 1
| #define HAVE_SYS_TYPES_H 1
| #define HAVE_SYS_STAT_H 1
| #define HAVE_STDLIB_H 1
| #define HAVE_STRING_H 1
| #define HAVE_MEMORY_H 1
| #define HAVE_STRINGS_H 1
| #define HAVE_INTTYPES_H 1
| #define HAVE_STDINT_H 1
| #define HAVE_UNISTD_H 1
| #define HAVE_UNISTD_H 1
| #define HAVE_STDLIB_H 1
| #define HAVE_STRING_H 1
| #define HAVE_STRINGS_H 1
| #define HAVE_STDARG_H 1
| #define HAVE_SYS_TYPES_H 1
| #define HAVE_SYS_SOCKET_H 1
| #define HAVE_SCHED_H 1
| #define HAVE_PTHREAD_H 1
| #define HAVE_SYS_STAT_H 1
| #define HAVE_GCC_ATTRIBUTE 1
| #define HAVE_GETTIMEOFDAY 1
| #define HAVE_TIME 1
| #define HAVE_STRDUP 1
| #define HAVE_SIGACTION 1
| #define HAVE_SIGNAL 1
| #define HAVE_USLEEP 1
| #define HAVE_SNPRINTF 1
| #define HAVE_UNSETENV 1
| #define HAVE_STRERROR 1
| #define HAVE_STRSIGNAL 1
| #define HAVE_PUTENV 1
| #define HAVE_THREAD_SUPPORT 1
| #define HAVE_PUTENV 1
| /* end confdefs.h.  */
| #include <unistd.h>
| int
| main ()
| {
| char **x = environ;
|   ;
|   return 0;
| }
configure:4115: result: no
configure:4126: checking for manually declared extern environ
configure:4152: gcc -o conftest  -O2  -I/home/tim/libraries/mpich2-1.1/src/openpa/src -I/tmp/tim/mpich2/src/openpa/src -DUSE_PROCESS_LOCKS   conftest.c        >&5
configure:4159: $? = 0
configure:4179: result: yes
configure:4204: checking boot-strap server
configure:4206: result: ssh,rsh,fork,slurm
configure:4246: checking communication subsystem
configure:4248: result: none
configure:4288: checking resource management kernel
configure:4290: result: dummy
configure:4330: checking process manager
configure:4332: result: pmiserv
configure:4344: checking user interface
configure:4346: result: mpiexec
configure:4358: checking communication subsystem
configure:4364: result: none
configure:4376: checking debugging support
configure:4378: result: no
configure:4397: checking warnings
configure:4399: result: no
configure:4416: checking process binding
configure:4418: result: no
configure:4431: checking whether the compiler allows __func__
configure:4443: gcc  -O2 conftest.c -o conftest
configure:4446: $? = 0
configure:4456: checking whether the compiler allows __VA_ARGS__
configure:4469: gcc  -O2 conftest.c -o conftest
configure:4472: $? = 0
configure:4486: checking for strsignal
configure:4571: result: yes
configure:4584: checking whether strsignal needs a declaration
configure:4612: gcc -c  -O2  -I/home/tim/libraries/mpich2-1.1/src/openpa/src -I/tmp/tim/mpich2/src/openpa/src -DUSE_PROCESS_LOCKS conftest.c >&5
conftest.c:54: error: conflicting types for 'strsignal'
/usr/include/string.h:106: error: previous declaration of 'strsignal' was here
configure:4619: $? = 1
configure: failed program was:
| /* confdefs.h.  */
| #define PACKAGE_NAME ""
| #define PACKAGE_TARNAME ""
| #define PACKAGE_VERSION ""
| #define PACKAGE_STRING ""
| #define PACKAGE_BUGREPORT ""
| #define STDC_HEADERS 1
| #define HAVE_SYS_TYPES_H 1
| #define HAVE_SYS_STAT_H 1
| #define HAVE_STDLIB_H 1
| #define HAVE_STRING_H 1
| #define HAVE_MEMORY_H 1
| #define HAVE_STRINGS_H 1
| #define HAVE_INTTYPES_H 1
| #define HAVE_STDINT_H 1
| #define HAVE_UNISTD_H 1
| #define HAVE_UNISTD_H 1
| #define HAVE_STDLIB_H 1
| #define HAVE_STRING_H 1
| #define HAVE_STRINGS_H 1
| #define HAVE_STDARG_H 1
| #define HAVE_SYS_TYPES_H 1
| #define HAVE_SYS_SOCKET_H 1
| #define HAVE_SCHED_H 1
| #define HAVE_PTHREAD_H 1
| #define HAVE_SYS_STAT_H 1
| #define HAVE_GCC_ATTRIBUTE 1
| #define HAVE_GETTIMEOFDAY 1
| #define HAVE_TIME 1
| #define HAVE_STRDUP 1
| #define HAVE_SIGACTION 1
| #define HAVE_SIGNAL 1
| #define HAVE_USLEEP 1
| #define HAVE_SNPRINTF 1
| #define HAVE_UNSETENV 1
| #define HAVE_STRERROR 1
| #define HAVE_STRSIGNAL 1
| #define HAVE_PUTENV 1
| #define HAVE_THREAD_SUPPORT 1
| #define HAVE_PUTENV 1
| #define MANUAL_EXTERN_ENVIRON 1
| #define HAVE_EXTERN_ENVIRON 1
| #define HYDRA_BSS_NAMES "ssh rsh fork slurm"
| #define HYDRA_DEFAULT_BSS "ssh"
| #define HYDRA_CSS_NAMES "none"
| #define HYDRA_DEFAULT_CSS "none"
| #define HYDRA_RMK_NAMES "dummy"
| #define HYDRA_DEFAULT_RMK "dummy"
| #define COMPILER_ACCEPTS_FUNC 1
| #define COMPILER_ACCEPTS_VA_ARGS 1
| #define HAVE_STRSIGNAL 1
| /* end confdefs.h.  */
| #include <string.h>
| int strsignal(double, int, double, const char *);
| int
| main ()
| {
| int a=strsignal(1.0,27,1.0,"foo");
|   ;
|   return 0;
| }
configure:4634: result: no
configure:4650: checking for snprintf
configure:4735: result: yes
configure:4750: checking for strdup
configure:4835: result: yes
configure:4852: checking for sigaction
configure:4937: result: yes
configure:4852: checking for signal
configure:4937: result: yes
configure:4852: checking for sigset
configure:4908: gcc -o conftest  -O2  -I/home/tim/libraries/mpich2-1.1/src/openpa/src -I/tmp/tim/mpich2/src/openpa/src -DUSE_PROCESS_LOCKS   conftest.c        >&5
/var/tmp//ccOCjwou.o(.text+0x12): In function `main':
: undefined reference to `sigset'
configure:4915: $? = 1
configure: failed program was:
| /* confdefs.h.  */
| #define PACKAGE_NAME ""
| #define PACKAGE_TARNAME ""
| #define PACKAGE_VERSION ""
| #define PACKAGE_STRING ""
| #define PACKAGE_BUGREPORT ""
| #define STDC_HEADERS 1
| #define HAVE_SYS_TYPES_H 1
| #define HAVE_SYS_STAT_H 1
| #define HAVE_STDLIB_H 1
| #define HAVE_STRING_H 1
| #define HAVE_MEMORY_H 1
| #define HAVE_STRINGS_H 1
| #define HAVE_INTTYPES_H 1
| #define HAVE_STDINT_H 1
| #define HAVE_UNISTD_H 1
| #define HAVE_UNISTD_H 1
| #define HAVE_STDLIB_H 1
| #define HAVE_STRING_H 1
| #define HAVE_STRINGS_H 1
| #define HAVE_STDARG_H 1
| #define HAVE_SYS_TYPES_H 1
| #define HAVE_SYS_SOCKET_H 1
| #define HAVE_SCHED_H 1
| #define HAVE_PTHREAD_H 1
| #define HAVE_SYS_STAT_H 1
| #define HAVE_GCC_ATTRIBUTE 1
| #define HAVE_GETTIMEOFDAY 1
| #define HAVE_TIME 1
| #define HAVE_STRDUP 1
| #define HAVE_SIGACTION 1
| #define HAVE_SIGNAL 1
| #define HAVE_USLEEP 1
| #define HAVE_SNPRINTF 1
| #define HAVE_UNSETENV 1
| #define HAVE_STRERROR 1
| #define HAVE_STRSIGNAL 1
| #define HAVE_PUTENV 1
| #define HAVE_THREAD_SUPPORT 1
| #define HAVE_PUTENV 1
| #define MANUAL_EXTERN_ENVIRON 1
| #define HAVE_EXTERN_ENVIRON 1
| #define HYDRA_BSS_NAMES "ssh rsh fork slurm"
| #define HYDRA_DEFAULT_BSS "ssh"
| #define HYDRA_CSS_NAMES "none"
| #define HYDRA_DEFAULT_CSS "none"
| #define HYDRA_RMK_NAMES "dummy"
| #define HYDRA_DEFAULT_RMK "dummy"
| #define COMPILER_ACCEPTS_FUNC 1
| #define COMPILER_ACCEPTS_VA_ARGS 1
| #define HAVE_STRSIGNAL 1
| #define HAVE_SNPRINTF 1
| #define HAVE_STRDUP 1
| #define HAVE_SIGACTION 1
| #define HAVE_SIGNAL 1
| /* end confdefs.h.  */
| /* Define sigset to an innocuous variant, in case <limits.h> declares sigset.
|    For example, HP-UX 11i <limits.h> declares gettimeofday.  */
| #define sigset innocuous_sigset
| 
| /* System header to define __stub macros and hopefully few prototypes,
|     which can conflict with char sigset (); below.
|     Prefer <limits.h> to <assert.h> if __STDC__ is defined, since
|     <limits.h> exists even on freestanding compilers.  */
| 
| #ifdef __STDC__
| # include <limits.h>
| #else
| # include <assert.h>
| #endif
| 
| #undef sigset
| 
| /* Override any GCC internal prototype to avoid an error.
|    Use char because int might match the return type of a GCC
|    builtin and then its argument prototype would still apply.  */
| #ifdef __cplusplus
| extern "C"
| #endif
| char sigset ();
| /* The GNU C library defines this for functions which it implements
|     to always fail with ENOSYS.  Some functions are actually named
|     something starting with __ and the normal name is an alias.  */
| #if defined __stub_sigset || defined __stub___sigset
| choke me
| #endif
| 
| int
| main ()
| {
| return sigset ();
|   ;
|   return 0;
| }
configure:4937: result: no
configure:4951: checking for struct sigaction and sa_handler
configure:4980: gcc -c  -O2  -I/home/tim/libraries/mpich2-1.1/src/openpa/src -I/tmp/tim/mpich2/src/openpa/src -DUSE_PROCESS_LOCKS conftest.c >&5
configure:4987: $? = 0
configure:5002: result: yes
configure:5094: checking for gethostname
configure:5150: gcc -o conftest  -O2  -I/home/tim/libraries/mpich2-1.1/src/openpa/src -I/tmp/tim/mpich2/src/openpa/src -DUSE_PROCESS_LOCKS   conftest.c        >&5
configure:5157: $? = 0
configure:5179: result: yes
configure:5193: checking whether gethostname needs a declaration
configure:5221: gcc -c  -O2  -I/home/tim/libraries/mpich2-1.1/src/openpa/src -I/tmp/tim/mpich2/src/openpa/src -DUSE_PROCESS_LOCKS conftest.c >&5
conftest.c:60: error: conflicting types for 'gethostname'
/usr/include/unistd.h:411: error: previous declaration of 'gethostname' was here
configure:5228: $? = 1
configure: failed program was:
| /* confdefs.h.  */
| #define PACKAGE_NAME ""
| #define PACKAGE_TARNAME ""
| #define PACKAGE_VERSION ""
| #define PACKAGE_STRING ""
| #define PACKAGE_BUGREPORT ""
| #define STDC_HEADERS 1
| #define HAVE_SYS_TYPES_H 1
| #define HAVE_SYS_STAT_H 1
| #define HAVE_STDLIB_H 1
| #define HAVE_STRING_H 1
| #define HAVE_MEMORY_H 1
| #define HAVE_STRINGS_H 1
| #define HAVE_INTTYPES_H 1
| #define HAVE_STDINT_H 1
| #define HAVE_UNISTD_H 1
| #define HAVE_UNISTD_H 1
| #define HAVE_STDLIB_H 1
| #define HAVE_STRING_H 1
| #define HAVE_STRINGS_H 1
| #define HAVE_STDARG_H 1
| #define HAVE_SYS_TYPES_H 1
| #define HAVE_SYS_SOCKET_H 1
| #define HAVE_SCHED_H 1
| #define HAVE_PTHREAD_H 1
| #define HAVE_SYS_STAT_H 1
| #define HAVE_GCC_ATTRIBUTE 1
| #define HAVE_GETTIMEOFDAY 1
| #define HAVE_TIME 1
| #define HAVE_STRDUP 1
| #define HAVE_SIGACTION 1
| #define HAVE_SIGNAL 1
| #define HAVE_USLEEP 1
| #define HAVE_SNPRINTF 1
| #define HAVE_UNSETENV 1
| #define HAVE_STRERROR 1
| #define HAVE_STRSIGNAL 1
| #define HAVE_PUTENV 1
| #define HAVE_THREAD_SUPPORT 1
| #define HAVE_PUTENV 1
| #define MANUAL_EXTERN_ENVIRON 1
| #define HAVE_EXTERN_ENVIRON 1
| #define HYDRA_BSS_NAMES "ssh rsh fork slurm"
| #define HYDRA_DEFAULT_BSS "ssh"
| #define HYDRA_CSS_NAMES "none"
| #define HYDRA_DEFAULT_CSS "none"
| #define HYDRA_RMK_NAMES "dummy"
| #define HYDRA_DEFAULT_RMK "dummy"
| #define COMPILER_ACCEPTS_FUNC 1
| #define COMPILER_ACCEPTS_VA_ARGS 1
| #define HAVE_STRSIGNAL 1
| #define HAVE_SNPRINTF 1
| #define HAVE_STRDUP 1
| #define HAVE_SIGACTION 1
| #define HAVE_SIGNAL 1
| #define USE_SIGACTION /**/
| #define HAVE_GETHOSTNAME 1
| /* end confdefs.h.  */
| #include <unistd.h>
| int gethostname(double, int, double, const char *);
| int
| main ()
| {
| int a=gethostname(1.0,27,1.0,"foo");
|   ;
|   return 0;
| }
configure:5243: result: no
configure:5280: checking for a BSD-compatible install
configure:5348: result: /usr/bin/install -c
configure:5360: checking whether mkdir -p works
configure:5376: result: yes
configure:5435: checking whether clock skew breaks make
configure:5460: result: no
configure:5470: checking whether make supports include
configure:5494: result: yes
configure:5503: checking whether make allows comments in actions
configure:5526: result: yes
configure:5540: checking for virtual path format
configure:5583: result: VPATH
configure:5593: checking whether make sets CFLAGS
configure:5615: result: yes
configure:5728: creating ./config.status

## ---------------------- ##
## Running config.status. ##
## ---------------------- ##

This file was extended by config.status, which was
generated by GNU Autoconf 2.62.  Invocation command line was

  CONFIG_FILES    = 
  CONFIG_HEADERS  = 
  CONFIG_LINKS    = 
  CONFIG_COMMANDS = 
  $ ./config.status 

on beowulf.ghettonet.homeunix.net

config.status:837: creating Makefile
config.status:837: creating utils/Makefile
config.status:837: creating utils/args/Makefile
config.status:837: creating utils/dbg/Makefile
config.status:837: creating utils/env/Makefile
config.status:837: creating utils/launch/Makefile
config.status:837: creating utils/signals/Makefile
config.status:837: creating utils/sock/Makefile
config.status:837: creating utils/string/Makefile
config.status:837: creating utils/timer/Makefile
config.status:837: creating ui/Makefile
config.status:837: creating ui/utils/Makefile
config.status:837: creating ui/mpiexec/Makefile
config.status:837: creating pm/Makefile
config.status:837: creating pm/utils/Makefile
config.status:837: creating pm/pmiserv/Makefile
config.status:837: creating demux/Makefile
config.status:837: creating bootstrap/Makefile
config.status:837: creating bootstrap/utils/Makefile
config.status:837: creating bootstrap/src/Makefile
config.status:837: creating bootstrap/src/bsci_init.c
config.status:837: creating bootstrap/include/bsci.h
config.status:837: creating bootstrap/ssh/Makefile
config.status:837: creating bootstrap/rsh/Makefile
config.status:837: creating bootstrap/fork/Makefile
config.status:837: creating bootstrap/slurm/Makefile
config.status:837: creating rmk/Makefile
config.status:837: creating rmk/utils/Makefile
config.status:837: creating rmk/src/Makefile
config.status:837: creating rmk/src/rmki_init.c
config.status:837: creating rmk/include/rmki.h
config.status:837: creating rmk/dummy/Makefile
config.status:837: creating css/Makefile
config.status:837: creating css/utils/Makefile
config.status:837: creating css/src/Makefile
config.status:837: creating css/src/cssi_init.c
config.status:837: creating css/include/cssi.h
config.status:837: creating css/none/Makefile
config.status:837: creating include/hydra_config.h
configure:6960: === configuring in ../util (/tmp/tim/mpich2/src/pm/hydra/../util)
configure:7063: running /bin/sh /home/tim/libraries/mpich2-1.1/src/pm/hydra/../util/configure --disable-option-checking '--prefix=/home/tim/mpich2-install'  '--with-atomic-primitives=auto_allow_emulation' 'CC=gcc' 'CFLAGS= -O2' 'LDFLAGS= ' 'LIBS=      ' 'CPPFLAGS= -I/home/tim/libraries/mpich2-1.1/src/openpa/src -I/tmp/tim/mpich2/src/openpa/src -DUSE_PROCESS_LOCKS' --cache-file=/dev/null --srcdir=/home/tim/libraries/mpich2-1.1/src/pm/hydra/../util

## ---------------- ##
## Cache variables. ##
## ---------------- ##

ac_cv_c_compiler_gnu=yes
ac_cv_env_CC_set=set
ac_cv_env_CC_value=gcc
ac_cv_env_CFLAGS_set=set
ac_cv_env_CFLAGS_value=' -O2'
ac_cv_env_CPPFLAGS_set=set
ac_cv_env_CPPFLAGS_value=' -I/home/tim/libraries/mpich2-1.1/src/openpa/src -I/tmp/tim/mpich2/src/openpa/src -DUSE_PROCESS_LOCKS'
ac_cv_env_CPP_set=''
ac_cv_env_CPP_value=''
ac_cv_env_LDFLAGS_set=set
ac_cv_env_LDFLAGS_value=' '
ac_cv_env_LIBS_set=set
ac_cv_env_LIBS_value='      '
ac_cv_env_build_alias_set=''
ac_cv_env_build_alias_value=''
ac_cv_env_host_alias_set=''
ac_cv_env_host_alias_value=''
ac_cv_env_target_alias_set=''
ac_cv_env_target_alias_value=''
ac_cv_func_alloca=no
ac_cv_func_gethostname=yes
ac_cv_func_gettimeofday=yes
ac_cv_func_putenv=yes
ac_cv_func_sigaction=yes
ac_cv_func_signal=yes
ac_cv_func_sigset=no
ac_cv_func_snprintf=yes
ac_cv_func_strdup=yes
ac_cv_func_strerror=yes
ac_cv_func_strsignal=yes
ac_cv_func_time=yes
ac_cv_func_unsetenv=yes
ac_cv_func_usleep=yes
ac_cv_header_inttypes_h=yes
ac_cv_header_memory_h=yes
ac_cv_header_pthread_h=yes
ac_cv_header_sched_h=yes
ac_cv_header_stdarg_h=yes
ac_cv_header_stdc=yes
ac_cv_header_stdint_h=yes
ac_cv_header_stdlib_h=yes
ac_cv_header_string_h=yes
ac_cv_header_strings_h=yes
ac_cv_header_sys_socket_h=yes
ac_cv_header_sys_stat_h=yes
ac_cv_header_sys_types_h=yes
ac_cv_header_unistd_h=yes
ac_cv_objext=o
ac_cv_path_EGREP='/usr/bin/grep -E'
ac_cv_path_GREP=/usr/bin/grep
ac_cv_path_install='/usr/bin/install -c'
ac_cv_prog_CPP='gcc -E'
ac_cv_prog_ac_ct_CC=gcc
ac_cv_prog_cc_c89=''
ac_cv_prog_cc_g=yes
ac_cv_type_size_t=yes
pac_cv_environ_in_unistd=no
pac_cv_func_decl_gethostname=no
pac_cv_func_decl_putenv=no
pac_cv_func_decl_strsignal=no
pac_cv_gnu_attr_format=yes
pac_cv_gnu_attr_pure=yes
pac_cv_manual_extern_environ=yes
pac_cv_mkdir_p=yes
pac_cv_prog_make_allows_comments=yes
pac_cv_prog_make_found_clock_skew=no
pac_cv_prog_make_include=yes
pac_cv_prog_make_set_cflags=yes
pac_cv_prog_make_vpath=VPATH
pac_cv_struct_sigaction_with_sa_handler=yes

## ----------------- ##
## Output variables. ##
## ----------------- ##

AR='ar'
CC='gcc'
CC_SHL='true'
CFLAGS=' -O2'
CPP='gcc -E'
CPPFLAGS=' -I/home/tim/libraries/mpich2-1.1/src/openpa/src -I/tmp/tim/mpich2/src/openpa/src -DUSE_PROCESS_LOCKS'
C_LINK_SHL='true'
DEFS='-DHAVE_CONFIG_H'
ECHO_C=''
ECHO_N='-n'
ECHO_T=''
EGREP='/usr/bin/grep -E'
ENABLE_SHLIB='none'
EXEEXT=''
EXTRA_CFLAGS=''
GREP='/usr/bin/grep'
HYD_Status HYD_BSCI_fork_init(void);
HYD_Status HYD_BSCI_rsh_init(void);
HYD_Status HYD_BSCI_slurm_init(void);'
HYD_Status HYD_BSCI_ssh_init(void);
HYD_Status HYD_CSSI_none_init(void);'
HYD_Status HYD_RMKI_dummy_init(void);'
INSTALL_DATA='${INSTALL} -m 644'
INSTALL_PROGRAM='${INSTALL}'
INSTALL_SCRIPT='${INSTALL}'
LDFLAGS=' '
LIBOBJS=''
LIBS='      '
LTLIBOBJS=''
MAKE='make'
MAKE_DEPEND_C='gcc -MM'
MKDIR_P='mkdir -p'
MPILIBNAME='mpich'
OBJEXT='o'
PACKAGE_BUGREPORT=''
PACKAGE_NAME=''
PACKAGE_STRING=''
PACKAGE_TARNAME=''
PACKAGE_VERSION=''
PATH_SEPARATOR=':'
RANLIB='ranlib'
SET_CFLAGS='CFLAGS='
SET_MAKE='MAKE=make'
SHELL='/bin/sh'
VPATH='VPATH=.:${srcdir}'
ac_ct_CC='gcc'
bindir='${exec_prefix}/bin'
build_alias=''
datadir='${datarootdir}'
datarootdir='${prefix}/share'
docdir='${datarootdir}/doc/${PACKAGE}'
dvidir='${docdir}'
exec_prefix='${prefix}'
host_alias=''
htmldir='${docdir}'
hydra_bss_init_array=' HYD_BSCI_ssh_init,  HYD_BSCI_rsh_init,  HYD_BSCI_fork_init,  HYD_BSCI_slurm_init,  NULL'
hydra_bss_init_decl='
hydra_bss_name_array=' "ssh",  "rsh",  "fork",  "slurm",  NULL'
hydra_bss_names='ssh rsh fork slurm'
hydra_css=''
hydra_css_init_array=' HYD_CSSI_none_init,  NULL'
hydra_css_init_decl='
hydra_css_name_array=' "none",  NULL'
hydra_css_names='none'
hydra_pm='pmiserv'
hydra_rmk_init_array=' HYD_RMKI_dummy_init,  NULL'
hydra_rmk_init_decl='
hydra_rmk_name_array=' "dummy",  NULL'
hydra_rmk_names='dummy'
hydra_ui='mpiexec'
includedir='${prefix}/include'
infodir='${datarootdir}/info'
libdir='${exec_prefix}/lib'
libexecdir='${exec_prefix}/libexec'
localedir='${datarootdir}/locale'
localstatedir='${prefix}/var'
mandir='${datarootdir}/man'
master_top_srcdir='/home/tim/libraries/mpich2-1.1'
oldincludedir='/usr/include'
opt_utils=''
pdfdir='${docdir}'
prefix='/home/tim/mpich2-install'
program_transform_name='s,x,x,'
psdir='${docdir}'
sbindir='${exec_prefix}/sbin'
sharedstatedir='${prefix}/com'
subdirs=' ../util'
sysconfdir='${prefix}/etc'
target_alias=''

## ----------- ##
## confdefs.h. ##
## ----------- ##

#define PACKAGE_NAME ""
#define PACKAGE_TARNAME ""
#define PACKAGE_VERSION ""
#define PACKAGE_STRING ""
#define PACKAGE_BUGREPORT ""
#define STDC_HEADERS 1
#define HAVE_SYS_TYPES_H 1
#define HAVE_SYS_STAT_H 1
#define HAVE_STDLIB_H 1
#define HAVE_STRING_H 1
#define HAVE_MEMORY_H 1
#define HAVE_STRINGS_H 1
#define HAVE_INTTYPES_H 1
#define HAVE_STDINT_H 1
#define HAVE_UNISTD_H 1
#define HAVE_UNISTD_H 1
#define HAVE_STDLIB_H 1
#define HAVE_STRING_H 1
#define HAVE_STRINGS_H 1
#define HAVE_STDARG_H 1
#define HAVE_SYS_TYPES_H 1
#define HAVE_SYS_SOCKET_H 1
#define HAVE_SCHED_H 1
#define HAVE_PTHREAD_H 1
#define HAVE_SYS_STAT_H 1
#define HAVE_GCC_ATTRIBUTE 1
#define HAVE_GETTIMEOFDAY 1
#define HAVE_TIME 1
#define HAVE_STRDUP 1
#define HAVE_SIGACTION 1
#define HAVE_SIGNAL 1
#define HAVE_USLEEP 1
#define HAVE_SNPRINTF 1
#define HAVE_UNSETENV 1
#define HAVE_STRERROR 1
#define HAVE_STRSIGNAL 1
#define HAVE_PUTENV 1
#define HAVE_THREAD_SUPPORT 1
#define HAVE_PUTENV 1
#define MANUAL_EXTERN_ENVIRON 1
#define HAVE_EXTERN_ENVIRON 1
#define HYDRA_BSS_NAMES "ssh rsh fork slurm"
#define HYDRA_DEFAULT_BSS "ssh"
#define HYDRA_CSS_NAMES "none"
#define HYDRA_DEFAULT_CSS "none"
#define HYDRA_RMK_NAMES "dummy"
#define HYDRA_DEFAULT_RMK "dummy"
#define COMPILER_ACCEPTS_FUNC 1
#define COMPILER_ACCEPTS_VA_ARGS 1
#define HAVE_STRSIGNAL 1
#define HAVE_SNPRINTF 1
#define HAVE_STRDUP 1
#define HAVE_SIGACTION 1
#define HAVE_SIGNAL 1
#define USE_SIGACTION /**/
#define HAVE_GETHOSTNAME 1

configure: exit 0
