This file contains any messages produced by compilers while
running configure, to aid debugging if configure makes a mistake.

It was created by Hydra configure 0.1, which was
generated by GNU Autoconf 2.62.  Invocation command line was

  $ /home/tim/libraries/mpich2-trunk-r4843/src/pm/hydra/configure --prefix=/home/tim/mpich2-test --with-atomic-primitives=auto_allow_emulation

## --------- ##
## Platform. ##
## --------- ##

hostname = beowulf.ghettonet.homeunix.net
uname -m = i386
uname -r = 7.2-RELEASE
uname -s = FreeBSD
uname -v = FreeBSD 7.2-RELEASE #0: Fri May  1 08:49:13 UTC 2009     root@walker.cse.buffalo.edu:/usr/obj/usr/src/sys/GENERIC 

/usr/bin/uname -p = i386
/bin/uname -X     = unknown

/bin/arch              = unknown
/usr/bin/arch -k       = unknown
/usr/convex/getsysinfo = unknown
/usr/bin/hostinfo      = unknown
/bin/machine           = unknown
/usr/bin/oslevel       = unknown
/bin/universe          = unknown

PATH: /sbin
PATH: /bin
PATH: /usr/sbin
PATH: /usr/bin
PATH: /usr/games
PATH: /usr/local/sbin
PATH: /usr/local/bin
PATH: /home/tim/bin


## ----------- ##
## Core tests. ##
## ----------- ##

configure:2031: checking for a BSD-compatible install
configure:2099: result: /usr/bin/install -c
configure:2110: checking whether build environment is sane
configure:2170: result: yes
configure:2315: checking for a thread-safe mkdir -p
configure:2354: result: mkdir -p
configure:2367: checking for gawk
configure:2397: result: no
configure:2367: checking for mawk
configure:2397: result: no
configure:2367: checking for nawk
configure:2383: found /usr/bin/nawk
configure:2394: result: nawk
configure:2405: checking whether make sets $(MAKE)
configure:2427: result: yes
configure:2536: checking for style of include used by make
configure:2564: result: GNU
configure:2634: checking for gcc
configure:2661: result: gcc
configure:2899: checking for C compiler version
configure:2907: gcc --version >&5
gcc (GCC) 4.2.1 20070719  [FreeBSD]
Copyright (C) 2007 Free Software Foundation, Inc.
This is free software; see the source for copying conditions.  There is NO
warranty; not even for MERCHANTABILITY or FITNESS FOR A PARTICULAR PURPOSE.

configure:2911: $? = 0
configure:2918: gcc -v >&5
Using built-in specs.
Target: i386-undermydesk-freebsd
Configured with: FreeBSD/i386 system compiler
Thread model: posix
gcc version 4.2.1 20070719  [FreeBSD]
configure:2922: $? = 0
configure:2929: gcc -V >&5
gcc: '-V' option must have argument
configure:2933: $? = 1
configure:2956: checking for C compiler default output file name
configure:2978: gcc  -O2  -I/home/tim/libraries/mpich2-trunk-r4843/src/openpa/src -I/tmp/tim/mpich2test/src/openpa/src -DUSE_PROCESS_LOCKS   conftest.c        >&5
configure:2982: $? = 0
configure:3020: result: a.out
configure:3037: checking whether the C compiler works
configure:3047: ./a.out
configure:3051: $? = 0
configure:3068: result: yes
configure:3075: checking whether we are cross compiling
configure:3077: result: no
configure:3080: checking for suffix of executables
configure:3087: gcc -o conftest  -O2  -I/home/tim/libraries/mpich2-trunk-r4843/src/openpa/src -I/tmp/tim/mpich2test/src/openpa/src -DUSE_PROCESS_LOCKS   conftest.c        >&5
configure:3091: $? = 0
configure:3115: result: 
configure:3121: checking for suffix of object files
configure:3147: gcc -c  -O2  -I/home/tim/libraries/mpich2-trunk-r4843/src/openpa/src -I/tmp/tim/mpich2test/src/openpa/src -DUSE_PROCESS_LOCKS conftest.c >&5
configure:3151: $? = 0
configure:3174: result: o
configure:3178: checking whether we are using the GNU C compiler
configure:3207: gcc -c  -O2  -I/home/tim/libraries/mpich2-trunk-r4843/src/openpa/src -I/tmp/tim/mpich2test/src/openpa/src -DUSE_PROCESS_LOCKS conftest.c >&5
configure:3214: $? = 0
configure:3231: result: yes
configure:3240: checking whether gcc accepts -g
configure:3270: gcc -c -g  -I/home/tim/libraries/mpich2-trunk-r4843/src/openpa/src -I/tmp/tim/mpich2test/src/openpa/src -DUSE_PROCESS_LOCKS conftest.c >&5
configure:3277: $? = 0
configure:3378: result: yes
configure:3395: checking for gcc option to accept ISO C89
configure:3469: gcc  -c  -O2  -I/home/tim/libraries/mpich2-trunk-r4843/src/openpa/src -I/tmp/tim/mpich2test/src/openpa/src -DUSE_PROCESS_LOCKS conftest.c >&5
configure:3476: $? = 0
configure:3499: result: none needed
configure:3519: checking dependency style of gcc
configure:3629: result: gcc3
configure:3650: checking how to run the C preprocessor
configure:3690: gcc -E  -I/home/tim/libraries/mpich2-trunk-r4843/src/openpa/src -I/tmp/tim/mpich2test/src/openpa/src -DUSE_PROCESS_LOCKS conftest.c
configure:3697: $? = 0
configure:3728: gcc -E  -I/home/tim/libraries/mpich2-trunk-r4843/src/openpa/src -I/tmp/tim/mpich2test/src/openpa/src -DUSE_PROCESS_LOCKS conftest.c
conftest.c:10:28: error: ac_nonexistent.h: No such file or directory
configure:3735: $? = 1
configure: failed program was:
| /* confdefs.h.  */
| #define PACKAGE_NAME "Hydra"
| #define PACKAGE_TARNAME "hydra"
| #define PACKAGE_VERSION "0.1"
| #define PACKAGE_STRING "Hydra 0.1"
| #define PACKAGE_BUGREPORT ""
| #define PACKAGE "hydra"
| #define VERSION "0.1"
| /* end confdefs.h.  */
| #include <ac_nonexistent.h>
configure:3768: result: gcc -E
configure:3797: gcc -E  -I/home/tim/libraries/mpich2-trunk-r4843/src/openpa/src -I/tmp/tim/mpich2test/src/openpa/src -DUSE_PROCESS_LOCKS conftest.c
configure:3804: $? = 0
configure:3835: gcc -E  -I/home/tim/libraries/mpich2-trunk-r4843/src/openpa/src -I/tmp/tim/mpich2test/src/openpa/src -DUSE_PROCESS_LOCKS conftest.c
conftest.c:10:28: error: ac_nonexistent.h: No such file or directory
configure:3842: $? = 1
configure: failed program was:
| /* confdefs.h.  */
| #define PACKAGE_NAME "Hydra"
| #define PACKAGE_TARNAME "hydra"
| #define PACKAGE_VERSION "0.1"
| #define PACKAGE_STRING "Hydra 0.1"
| #define PACKAGE_BUGREPORT ""
| #define PACKAGE "hydra"
| #define VERSION "0.1"
| /* end confdefs.h.  */
| #include <ac_nonexistent.h>
configure:3880: checking for grep that handles long lines and -e
configure:3940: result: /usr/bin/grep
configure:3945: checking for egrep
configure:4009: result: /usr/bin/grep -E
configure:4014: checking for ANSI C header files
configure:4044: gcc -c  -O2  -I/home/tim/libraries/mpich2-trunk-r4843/src/openpa/src -I/tmp/tim/mpich2test/src/openpa/src -DUSE_PROCESS_LOCKS conftest.c >&5
configure:4051: $? = 0
configure:4150: gcc -o conftest  -O2  -I/home/tim/libraries/mpich2-trunk-r4843/src/openpa/src -I/tmp/tim/mpich2test/src/openpa/src -DUSE_PROCESS_LOCKS   conftest.c        >&5
configure:4154: $? = 0
configure:4160: ./conftest
configure:4164: $? = 0
configure:4182: result: yes
configure:4206: checking for sys/types.h
configure:4227: gcc -c  -O2  -I/home/tim/libraries/mpich2-trunk-r4843/src/openpa/src -I/tmp/tim/mpich2test/src/openpa/src -DUSE_PROCESS_LOCKS conftest.c >&5
configure:4234: $? = 0
configure:4251: result: yes
configure:4206: checking for sys/stat.h
configure:4227: gcc -c  -O2  -I/home/tim/libraries/mpich2-trunk-r4843/src/openpa/src -I/tmp/tim/mpich2test/src/openpa/src -DUSE_PROCESS_LOCKS conftest.c >&5
configure:4234: $? = 0
configure:4251: result: yes
configure:4206: checking for stdlib.h
configure:4227: gcc -c  -O2  -I/home/tim/libraries/mpich2-trunk-r4843/src/openpa/src -I/tmp/tim/mpich2test/src/openpa/src -DUSE_PROCESS_LOCKS conftest.c >&5
configure:4234: $? = 0
configure:4251: result: yes
configure:4206: checking for string.h
configure:4227: gcc -c  -O2  -I/home/tim/libraries/mpich2-trunk-r4843/src/openpa/src -I/tmp/tim/mpich2test/src/openpa/src -DUSE_PROCESS_LOCKS conftest.c >&5
configure:4234: $? = 0
configure:4251: result: yes
configure:4206: checking for memory.h
configure:4227: gcc -c  -O2  -I/home/tim/libraries/mpich2-trunk-r4843/src/openpa/src -I/tmp/tim/mpich2test/src/openpa/src -DUSE_PROCESS_LOCKS conftest.c >&5
configure:4234: $? = 0
configure:4251: result: yes
configure:4206: checking for strings.h
configure:4227: gcc -c  -O2  -I/home/tim/libraries/mpich2-trunk-r4843/src/openpa/src -I/tmp/tim/mpich2test/src/openpa/src -DUSE_PROCESS_LOCKS conftest.c >&5
configure:4234: $? = 0
configure:4251: result: yes
configure:4206: checking for inttypes.h
configure:4227: gcc -c  -O2  -I/home/tim/libraries/mpich2-trunk-r4843/src/openpa/src -I/tmp/tim/mpich2test/src/openpa/src -DUSE_PROCESS_LOCKS conftest.c >&5
configure:4234: $? = 0
configure:4251: result: yes
configure:4206: checking for stdint.h
configure:4227: gcc -c  -O2  -I/home/tim/libraries/mpich2-trunk-r4843/src/openpa/src -I/tmp/tim/mpich2test/src/openpa/src -DUSE_PROCESS_LOCKS conftest.c >&5
configure:4234: $? = 0
configure:4251: result: yes
configure:4206: checking for unistd.h
configure:4227: gcc -c  -O2  -I/home/tim/libraries/mpich2-trunk-r4843/src/openpa/src -I/tmp/tim/mpich2test/src/openpa/src -DUSE_PROCESS_LOCKS conftest.c >&5
configure:4234: $? = 0
configure:4251: result: yes
configure:4264: checking for size_t
configure:4292: gcc -c  -O2  -I/home/tim/libraries/mpich2-trunk-r4843/src/openpa/src -I/tmp/tim/mpich2test/src/openpa/src -DUSE_PROCESS_LOCKS conftest.c >&5
configure:4299: $? = 0
configure:4326: gcc -c  -O2  -I/home/tim/libraries/mpich2-trunk-r4843/src/openpa/src -I/tmp/tim/mpich2test/src/openpa/src -DUSE_PROCESS_LOCKS conftest.c >&5
conftest.c: In function 'main':
conftest.c:56: error: expected expression before ')' token
configure:4333: $? = 1
configure: failed program was:
| /* confdefs.h.  */
| #define PACKAGE_NAME "Hydra"
| #define PACKAGE_TARNAME "hydra"
| #define PACKAGE_VERSION "0.1"
| #define PACKAGE_STRING "Hydra 0.1"
| #define PACKAGE_BUGREPORT ""
| #define PACKAGE "hydra"
| #define VERSION "0.1"
| #define STDC_HEADERS 1
| #define HAVE_SYS_TYPES_H 1
| #define HAVE_SYS_STAT_H 1
| #define HAVE_STDLIB_H 1
| #define HAVE_STRING_H 1
| #define HAVE_MEMORY_H 1
| #define HAVE_STRINGS_H 1
| #define HAVE_INTTYPES_H 1
| #define HAVE_STDINT_H 1
| #define HAVE_UNISTD_H 1
| /* end confdefs.h.  */
| #include <stdio.h>
| #ifdef HAVE_SYS_TYPES_H
| # include <sys/types.h>
| #endif
| #ifdef HAVE_SYS_STAT_H
| # include <sys/stat.h>
| #endif
| #ifdef STDC_HEADERS
| # include <stdlib.h>
| # include <stddef.h>
| #else
| # ifdef HAVE_STDLIB_H
| #  include <stdlib.h>
| # endif
| #endif
| #ifdef HAVE_STRING_H
| # if !defined STDC_HEADERS && defined HAVE_MEMORY_H
| #  include <memory.h>
| # endif
| # include <string.h>
| #endif
| #ifdef HAVE_STRINGS_H
| # include <strings.h>
| #endif
| #ifdef HAVE_INTTYPES_H
| # include <inttypes.h>
| #endif
| #ifdef HAVE_STDINT_H
| # include <stdint.h>
| #endif
| #ifdef HAVE_UNISTD_H
| # include <unistd.h>
| #endif
| int
| main ()
| {
| if (sizeof ((size_t)))
| 	  return 0;
|   ;
|   return 0;
| }
configure:4356: result: yes
configure:4418: checking for gcc
configure:4445: result: gcc
configure:4683: checking for C compiler version
configure:4691: gcc --version >&5
gcc (GCC) 4.2.1 20070719  [FreeBSD]
Copyright (C) 2007 Free Software Foundation, Inc.
This is free software; see the source for copying conditions.  There is NO
warranty; not even for MERCHANTABILITY or FITNESS FOR A PARTICULAR PURPOSE.

configure:4695: $? = 0
configure:4702: gcc -v >&5
Using built-in specs.
Target: i386-undermydesk-freebsd
Configured with: FreeBSD/i386 system compiler
Thread model: posix
gcc version 4.2.1 20070719  [FreeBSD]
configure:4706: $? = 0
configure:4713: gcc -V >&5
gcc: '-V' option must have argument
configure:4717: $? = 1
configure:4720: checking whether we are using the GNU C compiler
configure:4773: result: yes
configure:4782: checking whether gcc accepts -g
configure:4920: result: yes
configure:4937: checking for gcc option to accept ISO C89
configure:5041: result: none needed
configure:5061: checking dependency style of gcc
configure:5171: result: gcc3
configure:5237: checking for ranlib
configure:5264: result: ranlib
configure:5732: checking whether __attribute__ allowed
configure:5759: gcc -c  -O2   -I/home/tim/libraries/mpich2-trunk-r4843/src/openpa/src -I/tmp/tim/mpich2test/src/openpa/src -DUSE_PROCESS_LOCKS conftest.c >&5
configure:5766: $? = 0
configure:5781: result: yes
configure:5783: checking whether __attribute__((format)) allowed
configure:5810: gcc -c  -O2   -I/home/tim/libraries/mpich2-trunk-r4843/src/openpa/src -I/tmp/tim/mpich2test/src/openpa/src -DUSE_PROCESS_LOCKS conftest.c >&5
configure:5817: $? = 0
configure:5832: result: yes
configure:5844: checking whether the compiler defines __func__
configure:5874: gcc -o conftest  -O2   -I/home/tim/libraries/mpich2-trunk-r4843/src/openpa/src -I/tmp/tim/mpich2test/src/openpa/src -DUSE_PROCESS_LOCKS   conftest.c        >&5
configure:5878: $? = 0
configure:5884: ./conftest
configure:5888: $? = 0
configure:5954: result: yes
configure:5965: checking whether the compiler defines __FUNC__
configure:5995: gcc -o conftest  -O2   -I/home/tim/libraries/mpich2-trunk-r4843/src/openpa/src -I/tmp/tim/mpich2test/src/openpa/src -DUSE_PROCESS_LOCKS   conftest.c        >&5
conftest.c: In function 'foo':
conftest.c:6: error: '__FUNC__' undeclared (first use in this function)
conftest.c:6: error: (Each undeclared identifier is reported only once
conftest.c:6: error: for each function it appears in.)
configure:5999: $? = 1
configure: program exited with status 1
configure: failed program was:
| 
| #include <string.h>
| int foo(void);
| int foo(void)
| {
|     return (strcmp(__FUNC__, "foo") == 0);
| }
| int main(int argc, char ** argv)
| {
|     return (foo() ? 0 : 1);
| }
| 
configure:6075: result: no
configure:6086: checking whether the compiler sets __FUNCTION__
configure:6116: gcc -o conftest  -O2   -I/home/tim/libraries/mpich2-trunk-r4843/src/openpa/src -I/tmp/tim/mpich2test/src/openpa/src -DUSE_PROCESS_LOCKS   conftest.c        >&5
configure:6120: $? = 0
configure:6126: ./conftest
configure:6130: $? = 0
configure:6196: result: yes
configure:6224: checking for unistd.h
configure:6231: result: yes
configure:6224: checking for stdlib.h
configure:6231: result: yes
configure:6224: checking for string.h
configure:6231: result: yes
configure:6224: checking for strings.h
configure:6231: result: yes
configure:6235: checking stdarg.h usability
configure:6252: gcc -c  -O2   -I/home/tim/libraries/mpich2-trunk-r4843/src/openpa/src -I/tmp/tim/mpich2test/src/openpa/src -DUSE_PROCESS_LOCKS conftest.c >&5
configure:6259: $? = 0
configure:6273: result: yes
configure:6277: checking stdarg.h presence
configure:6292: gcc -E  -I/home/tim/libraries/mpich2-trunk-r4843/src/openpa/src -I/tmp/tim/mpich2test/src/openpa/src -DUSE_PROCESS_LOCKS conftest.c
configure:6299: $? = 0
configure:6313: result: yes
configure:6341: checking for stdarg.h
configure:6350: result: yes
configure:6224: checking for sys/types.h
configure:6231: result: yes
configure:6235: checking sys/socket.h usability
configure:6252: gcc -c  -O2   -I/home/tim/libraries/mpich2-trunk-r4843/src/openpa/src -I/tmp/tim/mpich2test/src/openpa/src -DUSE_PROCESS_LOCKS conftest.c >&5
configure:6259: $? = 0
configure:6273: result: yes
configure:6277: checking sys/socket.h presence
configure:6292: gcc -E  -I/home/tim/libraries/mpich2-trunk-r4843/src/openpa/src -I/tmp/tim/mpich2test/src/openpa/src -DUSE_PROCESS_LOCKS conftest.c
configure:6299: $? = 0
configure:6313: result: yes
configure:6341: checking for sys/socket.h
configure:6350: result: yes
configure:6235: checking sched.h usability
configure:6252: gcc -c  -O2   -I/home/tim/libraries/mpich2-trunk-r4843/src/openpa/src -I/tmp/tim/mpich2test/src/openpa/src -DUSE_PROCESS_LOCKS conftest.c >&5
configure:6259: $? = 0
configure:6273: result: yes
configure:6277: checking sched.h presence
configure:6292: gcc -E  -I/home/tim/libraries/mpich2-trunk-r4843/src/openpa/src -I/tmp/tim/mpich2test/src/openpa/src -DUSE_PROCESS_LOCKS conftest.c
configure:6299: $? = 0
configure:6313: result: yes
configure:6341: checking for sched.h
configure:6350: result: yes
configure:6235: checking pthread.h usability
configure:6252: gcc -c  -O2   -I/home/tim/libraries/mpich2-trunk-r4843/src/openpa/src -I/tmp/tim/mpich2test/src/openpa/src -DUSE_PROCESS_LOCKS conftest.c >&5
configure:6259: $? = 0
configure:6273: result: yes
configure:6277: checking pthread.h presence
configure:6292: gcc -E  -I/home/tim/libraries/mpich2-trunk-r4843/src/openpa/src -I/tmp/tim/mpich2test/src/openpa/src -DUSE_PROCESS_LOCKS conftest.c
configure:6299: $? = 0
configure:6313: result: yes
configure:6341: checking for pthread.h
configure:6350: result: yes
configure:6224: checking for sys/stat.h
configure:6231: result: yes
configure:6365: checking for pthread_create in -lpthread
configure:6400: gcc -o conftest  -O2   -I/home/tim/libraries/mpich2-trunk-r4843/src/openpa/src -I/tmp/tim/mpich2test/src/openpa/src -DUSE_PROCESS_LOCKS   conftest.c -lpthread         >&5
configure:6407: $? = 0
configure:6428: result: yes
configure:6461: checking for gettimeofday
configure:6517: gcc -o conftest  -O2   -I/home/tim/libraries/mpich2-trunk-r4843/src/openpa/src -I/tmp/tim/mpich2test/src/openpa/src -DUSE_PROCESS_LOCKS   -lpthread conftest.c        >&5
configure:6524: $? = 0
configure:6546: result: yes
configure:6461: checking for time
configure:6517: gcc -o conftest  -O2   -I/home/tim/libraries/mpich2-trunk-r4843/src/openpa/src -I/tmp/tim/mpich2test/src/openpa/src -DUSE_PROCESS_LOCKS   -lpthread conftest.c        >&5
configure:6524: $? = 0
configure:6546: result: yes
configure:6461: checking for strdup
configure:6517: gcc -o conftest  -O2   -I/home/tim/libraries/mpich2-trunk-r4843/src/openpa/src -I/tmp/tim/mpich2test/src/openpa/src -DUSE_PROCESS_LOCKS   -lpthread conftest.c        >&5
conftest.c:59: warning: conflicting types for built-in function 'strdup'
configure:6524: $? = 0
configure:6546: result: yes
configure:6461: checking for sigaction
configure:6517: gcc -o conftest  -O2   -I/home/tim/libraries/mpich2-trunk-r4843/src/openpa/src -I/tmp/tim/mpich2test/src/openpa/src -DUSE_PROCESS_LOCKS   -lpthread conftest.c        >&5
configure:6524: $? = 0
configure:6546: result: yes
configure:6461: checking for signal
configure:6517: gcc -o conftest  -O2   -I/home/tim/libraries/mpich2-trunk-r4843/src/openpa/src -I/tmp/tim/mpich2test/src/openpa/src -DUSE_PROCESS_LOCKS   -lpthread conftest.c        >&5
configure:6524: $? = 0
configure:6546: result: yes
configure:6461: checking for usleep
configure:6517: gcc -o conftest  -O2   -I/home/tim/libraries/mpich2-trunk-r4843/src/openpa/src -I/tmp/tim/mpich2test/src/openpa/src -DUSE_PROCESS_LOCKS   -lpthread conftest.c        >&5
configure:6524: $? = 0
configure:6546: result: yes
configure:6461: checking for alloca
configure:6517: gcc -o conftest  -O2   -I/home/tim/libraries/mpich2-trunk-r4843/src/openpa/src -I/tmp/tim/mpich2test/src/openpa/src -DUSE_PROCESS_LOCKS   -lpthread conftest.c        >&5
conftest.c:63: warning: conflicting types for built-in function 'alloca'
/var/tmp//ccSujtN1.o(.text+0x12): In function `main':
: undefined reference to `alloca'
configure:6524: $? = 1
configure: failed program was:
| /* confdefs.h.  */
| #define PACKAGE_NAME "Hydra"
| #define PACKAGE_TARNAME "hydra"
| #define PACKAGE_VERSION "0.1"
| #define PACKAGE_STRING "Hydra 0.1"
| #define PACKAGE_BUGREPORT ""
| #define PACKAGE "hydra"
| #define VERSION "0.1"
| #define STDC_HEADERS 1
| #define HAVE_SYS_TYPES_H 1
| #define HAVE_SYS_STAT_H 1
| #define HAVE_STDLIB_H 1
| #define HAVE_STRING_H 1
| #define HAVE_MEMORY_H 1
| #define HAVE_STRINGS_H 1
| #define HAVE_INTTYPES_H 1
| #define HAVE_STDINT_H 1
| #define HAVE_UNISTD_H 1
| #define HAVE_GCC_ATTRIBUTE 1
| #define HAVE__FUNC__ /**/
| #define HAVE__FUNCTION__ /**/
| #define HAVE_UNISTD_H 1
| #define HAVE_STDLIB_H 1
| #define HAVE_STRING_H 1
| #define HAVE_STRINGS_H 1
| #define HAVE_STDARG_H 1
| #define HAVE_SYS_TYPES_H 1
| #define HAVE_SYS_SOCKET_H 1
| #define HAVE_SCHED_H 1
| #define HAVE_PTHREAD_H 1
| #define HAVE_SYS_STAT_H 1
| #define HAVE_THREAD_SUPPORT 1
| #define HAVE_GETTIMEOFDAY 1
| #define HAVE_TIME 1
| #define HAVE_STRDUP 1
| #define HAVE_SIGACTION 1
| #define HAVE_SIGNAL 1
| #define HAVE_USLEEP 1
| /* end confdefs.h.  */
| /* Define alloca to an innocuous variant, in case <limits.h> declares alloca.
|    For example, HP-UX 11i <limits.h> declares gettimeofday.  */
| #define alloca innocuous_alloca
| 
| /* System header to define __stub macros and hopefully few prototypes,
|     which can conflict with char alloca (); below.
|     Prefer <limits.h> to <assert.h> if __STDC__ is defined, since
|     <limits.h> exists even on freestanding compilers.  */
| 
| #ifdef __STDC__
| # include <limits.h>
| #else
| # include <assert.h>
| #endif
| 
| #undef alloca
| 
| /* Override any GCC internal prototype to avoid an error.
|    Use char because int might match the return type of a GCC
|    builtin and then its argument prototype would still apply.  */
| #ifdef __cplusplus
| extern "C"
| #endif
| char alloca ();
| /* The GNU C library defines this for functions which it implements
|     to always fail with ENOSYS.  Some functions are actually named
|     something starting with __ and the normal name is an alias.  */
| #if defined __stub_alloca || defined __stub___alloca
| choke me
| #endif
| 
| int
| main ()
| {
| return alloca ();
|   ;
|   return 0;
| }
configure:6546: result: no
configure:6461: checking for unsetenv
configure:6517: gcc -o conftest  -O2   -I/home/tim/libraries/mpich2-trunk-r4843/src/openpa/src -I/tmp/tim/mpich2test/src/openpa/src -DUSE_PROCESS_LOCKS   -lpthread conftest.c        >&5
configure:6524: $? = 0
configure:6546: result: yes
configure:6461: checking for strerror
configure:6517: gcc -o conftest  -O2   -I/home/tim/libraries/mpich2-trunk-r4843/src/openpa/src -I/tmp/tim/mpich2test/src/openpa/src -DUSE_PROCESS_LOCKS   -lpthread conftest.c        >&5
configure:6524: $? = 0
configure:6546: result: yes
configure:6461: checking for strsignal
configure:6517: gcc -o conftest  -O2   -I/home/tim/libraries/mpich2-trunk-r4843/src/openpa/src -I/tmp/tim/mpich2test/src/openpa/src -DUSE_PROCESS_LOCKS   -lpthread conftest.c        >&5
configure:6524: $? = 0
configure:6546: result: yes
configure:6461: checking for putenv
configure:6517: gcc -o conftest  -O2   -I/home/tim/libraries/mpich2-trunk-r4843/src/openpa/src -I/tmp/tim/mpich2test/src/openpa/src -DUSE_PROCESS_LOCKS   -lpthread conftest.c        >&5
configure:6524: $? = 0
configure:6546: result: yes
configure:6563: checking for putenv
configure:6648: result: yes
configure:6661: checking whether putenv needs a declaration
configure:6689: gcc -c  -O2   -I/home/tim/libraries/mpich2-trunk-r4843/src/openpa/src -I/tmp/tim/mpich2test/src/openpa/src -DUSE_PROCESS_LOCKS conftest.c >&5
conftest.c:46: error: conflicting types for 'putenv'
/usr/include/stdlib.h:200: error: previous declaration of 'putenv' was here
configure:6696: $? = 1
configure: failed program was:
| /* confdefs.h.  */
| #define PACKAGE_NAME "Hydra"
| #define PACKAGE_TARNAME "hydra"
| #define PACKAGE_VERSION "0.1"
| #define PACKAGE_STRING "Hydra 0.1"
| #define PACKAGE_BUGREPORT ""
| #define PACKAGE "hydra"
| #define VERSION "0.1"
| #define STDC_HEADERS 1
| #define HAVE_SYS_TYPES_H 1
| #define HAVE_SYS_STAT_H 1
| #define HAVE_STDLIB_H 1
| #define HAVE_STRING_H 1
| #define HAVE_MEMORY_H 1
| #define HAVE_STRINGS_H 1
| #define HAVE_INTTYPES_H 1
| #define HAVE_STDINT_H 1
| #define HAVE_UNISTD_H 1
| #define HAVE_GCC_ATTRIBUTE 1
| #define HAVE__FUNC__ /**/
| #define HAVE__FUNCTION__ /**/
| #define HAVE_UNISTD_H 1
| #define HAVE_STDLIB_H 1
| #define HAVE_STRING_H 1
| #define HAVE_STRINGS_H 1
| #define HAVE_STDARG_H 1
| #define HAVE_SYS_TYPES_H 1
| #define HAVE_SYS_SOCKET_H 1
| #define HAVE_SCHED_H 1
| #define HAVE_PTHREAD_H 1
| #define HAVE_SYS_STAT_H 1
| #define HAVE_THREAD_SUPPORT 1
| #define HAVE_GETTIMEOFDAY 1
| #define HAVE_TIME 1
| #define HAVE_STRDUP 1
| #define HAVE_SIGACTION 1
| #define HAVE_SIGNAL 1
| #define HAVE_USLEEP 1
| #define HAVE_UNSETENV 1
| #define HAVE_STRERROR 1
| #define HAVE_STRSIGNAL 1
| #define HAVE_PUTENV 1
| #define HAVE_PUTENV 1
| /* end confdefs.h.  */
| #include <stdlib.h>
| int putenv(double, int, double, const char *);
| int
| main ()
| {
| int a=putenv(1.0,27,1.0,"foo");
|   ;
|   return 0;
| }
configure:6711: result: no
configure:6724: checking for environ in unistd.h
configure:6750: gcc -c  -O2   -I/home/tim/libraries/mpich2-trunk-r4843/src/openpa/src -I/tmp/tim/mpich2test/src/openpa/src -DUSE_PROCESS_LOCKS conftest.c >&5
conftest.c: In function 'main':
conftest.c:49: error: 'environ' undeclared (first use in this function)
conftest.c:49: error: (Each undeclared identifier is reported only once
conftest.c:49: error: for each function it appears in.)
configure:6757: $? = 1
configure: failed program was:
| /* confdefs.h.  */
| #define PACKAGE_NAME "Hydra"
| #define PACKAGE_TARNAME "hydra"
| #define PACKAGE_VERSION "0.1"
| #define PACKAGE_STRING "Hydra 0.1"
| #define PACKAGE_BUGREPORT ""
| #define PACKAGE "hydra"
| #define VERSION "0.1"
| #define STDC_HEADERS 1
| #define HAVE_SYS_TYPES_H 1
| #define HAVE_SYS_STAT_H 1
| #define HAVE_STDLIB_H 1
| #define HAVE_STRING_H 1
| #define HAVE_MEMORY_H 1
| #define HAVE_STRINGS_H 1
| #define HAVE_INTTYPES_H 1
| #define HAVE_STDINT_H 1
| #define HAVE_UNISTD_H 1
| #define HAVE_GCC_ATTRIBUTE 1
| #define HAVE__FUNC__ /**/
| #define HAVE__FUNCTION__ /**/
| #define HAVE_UNISTD_H 1
| #define HAVE_STDLIB_H 1
| #define HAVE_STRING_H 1
| #define HAVE_STRINGS_H 1
| #define HAVE_STDARG_H 1
| #define HAVE_SYS_TYPES_H 1
| #define HAVE_SYS_SOCKET_H 1
| #define HAVE_SCHED_H 1
| #define HAVE_PTHREAD_H 1
| #define HAVE_SYS_STAT_H 1
| #define HAVE_THREAD_SUPPORT 1
| #define HAVE_GETTIMEOFDAY 1
| #define HAVE_TIME 1
| #define HAVE_STRDUP 1
| #define HAVE_SIGACTION 1
| #define HAVE_SIGNAL 1
| #define HAVE_USLEEP 1
| #define HAVE_UNSETENV 1
| #define HAVE_STRERROR 1
| #define HAVE_STRSIGNAL 1
| #define HAVE_PUTENV 1
| #define HAVE_PUTENV 1
| /* end confdefs.h.  */
| #include <unistd.h>
| int
| main ()
| {
| char **x = environ;
|   ;
|   return 0;
| }
configure:6772: result: no
configure:6783: checking for manually declared extern environ
configure:6809: gcc -o conftest  -O2   -I/home/tim/libraries/mpich2-trunk-r4843/src/openpa/src -I/tmp/tim/mpich2test/src/openpa/src -DUSE_PROCESS_LOCKS   -lpthread conftest.c        >&5
configure:6816: $? = 0
configure:6836: result: yes
configure:6861: checking boot-strap server
configure:6863: result: ssh,rsh,fork,slurm
configure:6961: checking communication subsystem
configure:6963: result: none
configure:7025: checking resource management kernel
configure:7027: result: dummy
configure:7089: checking process manager
configure:7091: result: pmiserv
configure:7112: checking user interface
configure:7114: result: mpiexec
configure:7134: checking communication subsystem
configure:7140: result: none
configure:7152: checking debugging support
configure:7154: result: no
configure:7173: checking warnings
configure:7175: result: no
configure:7192: checking process binding
configure:7219: gcc -c  -O2  -I/home/tim/libraries/mpich2-trunk-r4843/src/pm/hydra/utils/plpa  -I/home/tim/libraries/mpich2-trunk-r4843/src/openpa/src -I/tmp/tim/mpich2test/src/openpa/src -DUSE_PROCESS_LOCKS conftest.c >&5
configure:7226: $? = 0
configure:7248: result: yes
configure:7269: checking whether the compiler allows __VA_ARGS__
configure:7282: gcc  -O2  conftest.c -o conftest
configure:7285: $? = 0
configure:7299: checking for strsignal
configure:7384: result: yes
configure:7397: checking whether strsignal needs a declaration
configure:7425: gcc -c  -O2   -I/home/tim/libraries/mpich2-trunk-r4843/src/openpa/src -I/tmp/tim/mpich2test/src/openpa/src -DUSE_PROCESS_LOCKS conftest.c >&5
conftest.c:57: error: conflicting types for 'strsignal'
/usr/include/string.h:106: error: previous declaration of 'strsignal' was here
configure:7432: $? = 1
configure: failed program was:
| /* confdefs.h.  */
| #define PACKAGE_NAME "Hydra"
| #define PACKAGE_TARNAME "hydra"
| #define PACKAGE_VERSION "0.1"
| #define PACKAGE_STRING "Hydra 0.1"
| #define PACKAGE_BUGREPORT ""
| #define PACKAGE "hydra"
| #define VERSION "0.1"
| #define STDC_HEADERS 1
| #define HAVE_SYS_TYPES_H 1
| #define HAVE_SYS_STAT_H 1
| #define HAVE_STDLIB_H 1
| #define HAVE_STRING_H 1
| #define HAVE_MEMORY_H 1
| #define HAVE_STRINGS_H 1
| #define HAVE_INTTYPES_H 1
| #define HAVE_STDINT_H 1
| #define HAVE_UNISTD_H 1
| #define HAVE_GCC_ATTRIBUTE 1
| #define HAVE__FUNC__ /**/
| #define HAVE__FUNCTION__ /**/
| #define HAVE_UNISTD_H 1
| #define HAVE_STDLIB_H 1
| #define HAVE_STRING_H 1
| #define HAVE_STRINGS_H 1
| #define HAVE_STDARG_H 1
| #define HAVE_SYS_TYPES_H 1
| #define HAVE_SYS_SOCKET_H 1
| #define HAVE_SCHED_H 1
| #define HAVE_PTHREAD_H 1
| #define HAVE_SYS_STAT_H 1
| #define HAVE_THREAD_SUPPORT 1
| #define HAVE_GETTIMEOFDAY 1
| #define HAVE_TIME 1
| #define HAVE_STRDUP 1
| #define HAVE_SIGACTION 1
| #define HAVE_SIGNAL 1
| #define HAVE_USLEEP 1
| #define HAVE_UNSETENV 1
| #define HAVE_STRERROR 1
| #define HAVE_STRSIGNAL 1
| #define HAVE_PUTENV 1
| #define HAVE_PUTENV 1
| #define MANUAL_EXTERN_ENVIRON 1
| #define HAVE_EXTERN_ENVIRON 1
| #define HYDRA_BSS_NAMES "ssh rsh fork slurm"
| #define HYDRA_DEFAULT_BSS "ssh"
| #define HYDRA_CSS_NAMES "none"
| #define HYDRA_DEFAULT_CSS "none"
| #define HYDRA_RMK_NAMES "dummy"
| #define HYDRA_DEFAULT_RMK "dummy"
| #define HAVE_PROC_BINDING 1
| #define COMPILER_ACCEPTS_VA_ARGS 1
| #define HAVE_STRSIGNAL 1
| /* end confdefs.h.  */
| #include <string.h>
| int strsignal(double, int, double, const char *);
| int
| main ()
| {
| int a=strsignal(1.0,27,1.0,"foo");
|   ;
|   return 0;
| }
configure:7447: result: no
configure:7466: checking for sigaction
configure:7551: result: yes
configure:7466: checking for signal
configure:7551: result: yes
configure:7466: checking for sigset
configure:7522: gcc -o conftest  -O2   -I/home/tim/libraries/mpich2-trunk-r4843/src/openpa/src -I/tmp/tim/mpich2test/src/openpa/src -DUSE_PROCESS_LOCKS   -lpthread conftest.c        >&5
/var/tmp//cc5TCth4.o(.text+0x12): In function `main':
: undefined reference to `sigset'
configure:7529: $? = 1
configure: failed program was:
| /* confdefs.h.  */
| #define PACKAGE_NAME "Hydra"
| #define PACKAGE_TARNAME "hydra"
| #define PACKAGE_VERSION "0.1"
| #define PACKAGE_STRING "Hydra 0.1"
| #define PACKAGE_BUGREPORT ""
| #define PACKAGE "hydra"
| #define VERSION "0.1"
| #define STDC_HEADERS 1
| #define HAVE_SYS_TYPES_H 1
| #define HAVE_SYS_STAT_H 1
| #define HAVE_STDLIB_H 1
| #define HAVE_STRING_H 1
| #define HAVE_MEMORY_H 1
| #define HAVE_STRINGS_H 1
| #define HAVE_INTTYPES_H 1
| #define HAVE_STDINT_H 1
| #define HAVE_UNISTD_H 1
| #define HAVE_GCC_ATTRIBUTE 1
| #define HAVE__FUNC__ /**/
| #define HAVE__FUNCTION__ /**/
| #define HAVE_UNISTD_H 1
| #define HAVE_STDLIB_H 1
| #define HAVE_STRING_H 1
| #define HAVE_STRINGS_H 1
| #define HAVE_STDARG_H 1
| #define HAVE_SYS_TYPES_H 1
| #define HAVE_SYS_SOCKET_H 1
| #define HAVE_SCHED_H 1
| #define HAVE_PTHREAD_H 1
| #define HAVE_SYS_STAT_H 1
| #define HAVE_THREAD_SUPPORT 1
| #define HAVE_GETTIMEOFDAY 1
| #define HAVE_TIME 1
| #define HAVE_STRDUP 1
| #define HAVE_SIGACTION 1
| #define HAVE_SIGNAL 1
| #define HAVE_USLEEP 1
| #define HAVE_UNSETENV 1
| #define HAVE_STRERROR 1
| #define HAVE_STRSIGNAL 1
| #define HAVE_PUTENV 1
| #define HAVE_PUTENV 1
| #define MANUAL_EXTERN_ENVIRON 1
| #define HAVE_EXTERN_ENVIRON 1
| #define HYDRA_BSS_NAMES "ssh rsh fork slurm"
| #define HYDRA_DEFAULT_BSS "ssh"
| #define HYDRA_CSS_NAMES "none"
| #define HYDRA_DEFAULT_CSS "none"
| #define HYDRA_RMK_NAMES "dummy"
| #define HYDRA_DEFAULT_RMK "dummy"
| #define HAVE_PROC_BINDING 1
| #define COMPILER_ACCEPTS_VA_ARGS 1
| #define HAVE_STRSIGNAL 1
| #define HAVE_SIGACTION 1
| #define HAVE_SIGNAL 1
| /* end confdefs.h.  */
| /* Define sigset to an innocuous variant, in case <limits.h> declares sigset.
|    For example, HP-UX 11i <limits.h> declares gettimeofday.  */
| #define sigset innocuous_sigset
| 
| /* System header to define __stub macros and hopefully few prototypes,
|     which can conflict with char sigset (); below.
|     Prefer <limits.h> to <assert.h> if __STDC__ is defined, since
|     <limits.h> exists even on freestanding compilers.  */
| 
| #ifdef __STDC__
| # include <limits.h>
| #else
| # include <assert.h>
| #endif
| 
| #undef sigset
| 
| /* Override any GCC internal prototype to avoid an error.
|    Use char because int might match the return type of a GCC
|    builtin and then its argument prototype would still apply.  */
| #ifdef __cplusplus
| extern "C"
| #endif
| char sigset ();
| /* The GNU C library defines this for functions which it implements
|     to always fail with ENOSYS.  Some functions are actually named
|     something starting with __ and the normal name is an alias.  */
| #if defined __stub_sigset || defined __stub___sigset
| choke me
| #endif
| 
| int
| main ()
| {
| return sigset ();
|   ;
|   return 0;
| }
configure:7551: result: no
configure:7565: checking for struct sigaction and sa_handler
configure:7594: gcc -c  -O2   -I/home/tim/libraries/mpich2-trunk-r4843/src/openpa/src -I/tmp/tim/mpich2test/src/openpa/src -DUSE_PROCESS_LOCKS conftest.c >&5
configure:7601: $? = 0
configure:7616: result: yes
configure:7708: checking for gethostname
configure:7764: gcc -o conftest  -O2   -I/home/tim/libraries/mpich2-trunk-r4843/src/openpa/src -I/tmp/tim/mpich2test/src/openpa/src -DUSE_PROCESS_LOCKS   -lpthread conftest.c        >&5
configure:7771: $? = 0
configure:7793: result: yes
configure:7807: checking whether gethostname needs a declaration
configure:7835: gcc -c  -O2   -I/home/tim/libraries/mpich2-trunk-r4843/src/openpa/src -I/tmp/tim/mpich2test/src/openpa/src -DUSE_PROCESS_LOCKS conftest.c >&5
conftest.c:61: error: conflicting types for 'gethostname'
/usr/include/unistd.h:411: error: previous declaration of 'gethostname' was here
configure:7842: $? = 1
configure: failed program was:
| /* confdefs.h.  */
| #define PACKAGE_NAME "Hydra"
| #define PACKAGE_TARNAME "hydra"
| #define PACKAGE_VERSION "0.1"
| #define PACKAGE_STRING "Hydra 0.1"
| #define PACKAGE_BUGREPORT ""
| #define PACKAGE "hydra"
| #define VERSION "0.1"
| #define STDC_HEADERS 1
| #define HAVE_SYS_TYPES_H 1
| #define HAVE_SYS_STAT_H 1
| #define HAVE_STDLIB_H 1
| #define HAVE_STRING_H 1
| #define HAVE_MEMORY_H 1
| #define HAVE_STRINGS_H 1
| #define HAVE_INTTYPES_H 1
| #define HAVE_STDINT_H 1
| #define HAVE_UNISTD_H 1
| #define HAVE_GCC_ATTRIBUTE 1
| #define HAVE__FUNC__ /**/
| #define HAVE__FUNCTION__ /**/
| #define HAVE_UNISTD_H 1
| #define HAVE_STDLIB_H 1
| #define HAVE_STRING_H 1
| #define HAVE_STRINGS_H 1
| #define HAVE_STDARG_H 1
| #define HAVE_SYS_TYPES_H 1
| #define HAVE_SYS_SOCKET_H 1
| #define HAVE_SCHED_H 1
| #define HAVE_PTHREAD_H 1
| #define HAVE_SYS_STAT_H 1
| #define HAVE_THREAD_SUPPORT 1
| #define HAVE_GETTIMEOFDAY 1
| #define HAVE_TIME 1
| #define HAVE_STRDUP 1
| #define HAVE_SIGACTION 1
| #define HAVE_SIGNAL 1
| #define HAVE_USLEEP 1
| #define HAVE_UNSETENV 1
| #define HAVE_STRERROR 1
| #define HAVE_STRSIGNAL 1
| #define HAVE_PUTENV 1
| #define HAVE_PUTENV 1
| #define MANUAL_EXTERN_ENVIRON 1
| #define HAVE_EXTERN_ENVIRON 1
| #define HYDRA_BSS_NAMES "ssh rsh fork slurm"
| #define HYDRA_DEFAULT_BSS "ssh"
| #define HYDRA_CSS_NAMES "none"
| #define HYDRA_DEFAULT_CSS "none"
| #define HYDRA_RMK_NAMES "dummy"
| #define HYDRA_DEFAULT_RMK "dummy"
| #define HAVE_PROC_BINDING 1
| #define COMPILER_ACCEPTS_VA_ARGS 1
| #define HAVE_STRSIGNAL 1
| #define HAVE_SIGACTION 1
| #define HAVE_SIGNAL 1
| #define USE_SIGACTION /**/
| #define HAVE_GETHOSTNAME 1
| /* end confdefs.h.  */
| #include <unistd.h>
| int gethostname(double, int, double, const char *);
| int
| main ()
| {
| int a=gethostname(1.0,27,1.0,"foo");
|   ;
|   return 0;
| }
configure:7857: result: no
configure:7895: checking for a BSD-compatible install
configure:7963: result: /usr/bin/install -c
configure:8179: creating ./config.status

## ---------------------- ##
## Running config.status. ##
## ---------------------- ##

This file was extended by Hydra config.status 0.1, which was
generated by GNU Autoconf 2.62.  Invocation command line was

  CONFIG_FILES    = 
  CONFIG_HEADERS  = 
  CONFIG_LINKS    = 
  CONFIG_COMMANDS = 
  $ ./config.status 

on beowulf.ghettonet.homeunix.net

config.status:863: creating Makefile
config.status:863: creating bootstrap/src/bsci_init.c
config.status:863: creating bootstrap/include/bsci.h
config.status:863: creating rmk/src/rmki_init.c
config.status:863: creating rmk/include/rmki.h
config.status:863: creating css/src/cssi_init.c
config.status:863: creating css/include/cssi.h
config.status:863: creating include/hydra_config.h
config.status:1130: executing depfiles commands
configure:9576: === configuring in mpl (/tmp/tim/mpich2test/src/pm/hydra/mpl)
configure:9679: running /bin/sh /home/tim/libraries/mpich2-trunk-r4843/src/pm/hydra/mpl/configure --disable-option-checking '--prefix=/home/tim/mpich2-test'  '--with-atomic-primitives=auto_allow_emulation' 'CC=gcc' 'CFLAGS= -O2' 'LDFLAGS= ' 'LIBS=      ' 'CPPFLAGS= -I/home/tim/libraries/mpich2-trunk-r4843/src/openpa/src -I/tmp/tim/mpich2test/src/openpa/src -DUSE_PROCESS_LOCKS' --cache-file=/dev/null --srcdir=/home/tim/libraries/mpich2-trunk-r4843/src/pm/hydra/mpl

## ---------------- ##
## Cache variables. ##
## ---------------- ##

ac_cv_c_compiler_gnu=yes
ac_cv_env_CC_set=set
ac_cv_env_CC_value=gcc
ac_cv_env_CFLAGS_set=set
ac_cv_env_CFLAGS_value=' -O2'
ac_cv_env_CPPFLAGS_set=set
ac_cv_env_CPPFLAGS_value=' -I/home/tim/libraries/mpich2-trunk-r4843/src/openpa/src -I/tmp/tim/mpich2test/src/openpa/src -DUSE_PROCESS_LOCKS'
ac_cv_env_CPP_set=''
ac_cv_env_CPP_value=''
ac_cv_env_LDFLAGS_set=set
ac_cv_env_LDFLAGS_value=' '
ac_cv_env_LIBS_set=set
ac_cv_env_LIBS_value='      '
ac_cv_env_build_alias_set=''
ac_cv_env_build_alias_value=''
ac_cv_env_host_alias_set=''
ac_cv_env_host_alias_value=''
ac_cv_env_target_alias_set=''
ac_cv_env_target_alias_value=''
ac_cv_func_alloca=no
ac_cv_func_gethostname=yes
ac_cv_func_gettimeofday=yes
ac_cv_func_putenv=yes
ac_cv_func_sigaction=yes
ac_cv_func_signal=yes
ac_cv_func_sigset=no
ac_cv_func_strdup=yes
ac_cv_func_strerror=yes
ac_cv_func_strsignal=yes
ac_cv_func_time=yes
ac_cv_func_unsetenv=yes
ac_cv_func_usleep=yes
ac_cv_header_inttypes_h=yes
ac_cv_header_memory_h=yes
ac_cv_header_pthread_h=yes
ac_cv_header_sched_h=yes
ac_cv_header_stdarg_h=yes
ac_cv_header_stdc=yes
ac_cv_header_stdint_h=yes
ac_cv_header_stdlib_h=yes
ac_cv_header_string_h=yes
ac_cv_header_strings_h=yes
ac_cv_header_sys_socket_h=yes
ac_cv_header_sys_stat_h=yes
ac_cv_header_sys_types_h=yes
ac_cv_header_unistd_h=yes
ac_cv_lib_pthread_pthread_create=yes
ac_cv_objext=o
ac_cv_path_EGREP='/usr/bin/grep -E'
ac_cv_path_GREP=/usr/bin/grep
ac_cv_path_install='/usr/bin/install -c'
ac_cv_prog_AWK=nawk
ac_cv_prog_CPP='gcc -E'
ac_cv_prog_ac_ct_CC=gcc
ac_cv_prog_ac_ct_RANLIB=ranlib
ac_cv_prog_cc_c89=''
ac_cv_prog_cc_g=yes
ac_cv_prog_make_make_set=yes
ac_cv_type_size_t=yes
am_cv_CC_dependencies_compiler_type=gcc3
pac_cv_environ_in_unistd=no
pac_cv_func_decl_gethostname=no
pac_cv_func_decl_putenv=no
pac_cv_func_decl_strsignal=no
pac_cv_gnu_attr_format=yes
pac_cv_gnu_attr_pure=yes
pac_cv_have__func__=yes
pac_cv_have__function__=yes
pac_cv_have_cap__func__=no
pac_cv_manual_extern_environ=yes
pac_cv_my_conf_dir=/tmp/tim/mpich2test/src/pm/hydra
pac_cv_struct_sigaction_with_sa_handler=yes

## ----------------- ##
## Output variables. ##
## ----------------- ##

ACLOCAL='${SHELL} /home/tim/libraries/mpich2-trunk-r4843/src/pm/hydra/mpl/confdb/missing --run aclocal-1.11'
AMDEPBACKSLASH='\'
AMDEP_FALSE='#'
AMDEP_TRUE=''
AMTAR='${SHELL} /home/tim/libraries/mpich2-trunk-r4843/src/pm/hydra/mpl/confdb/missing --run tar'
AUTOCONF='${SHELL} /home/tim/libraries/mpich2-trunk-r4843/src/pm/hydra/mpl/confdb/missing --run autoconf'
AUTOHEADER='${SHELL} /home/tim/libraries/mpich2-trunk-r4843/src/pm/hydra/mpl/confdb/missing --run autoheader'
AUTOMAKE='${SHELL} /home/tim/libraries/mpich2-trunk-r4843/src/pm/hydra/mpl/confdb/missing --run automake-1.11'
AWK='nawk'
CC='gcc'
CCDEPMODE='depmode=gcc3'
CC_SHL='true'
CFLAGS=' -O2 '
CPP='gcc -E'
CPPFLAGS=' -I/home/tim/libraries/mpich2-trunk-r4843/src/openpa/src -I/tmp/tim/mpich2test/src/openpa/src -DUSE_PROCESS_LOCKS'
CYGPATH_W='echo'
C_LINK_SHL='true'
DEFS='-DHAVE_CONFIG_H'
DEPDIR='.deps'
ECHO_C=''
ECHO_N='-n'
ECHO_T=''
EGREP='/usr/bin/grep -E'
ENABLE_SHLIB='none'
EXEEXT=''
EXTRA_CFLAGS=''
GREP='/usr/bin/grep'
HYD_Status HYD_BSCI_fork_init(void);
HYD_Status HYD_BSCI_rsh_init(void);
HYD_Status HYD_BSCI_slurm_init(void);'
HYD_Status HYD_BSCI_ssh_init(void);
HYD_Status HYD_CSSI_none_init(void);'
HYD_Status HYD_RMKI_dummy_init(void);'
INSTALL_DATA='${INSTALL} -m 644'
INSTALL_PROGRAM='${INSTALL}'
INSTALL_SCRIPT='${INSTALL}'
INSTALL_STRIP_PROGRAM='$(install_sh) -c -s'
LDFLAGS='  -lpthread'
LIBOBJS=''
LIBS='      '
LTLIBOBJS=''
MAKEINFO='${SHELL} /home/tim/libraries/mpich2-trunk-r4843/src/pm/hydra/mpl/confdb/missing --run makeinfo'
MAKE_DEPEND_C='gcc -MM'
MKDIR_P='mkdir -p'
OBJEXT='o'
PACKAGE='hydra'
PACKAGE_BUGREPORT=''
PACKAGE_NAME='Hydra'
PACKAGE_STRING='Hydra 0.1'
PACKAGE_TARNAME='hydra'
PACKAGE_VERSION='0.1'
PATH_SEPARATOR=':'
RANLIB='ranlib'
SET_MAKE=''
SHELL='/bin/sh'
STRIP=''
VERSION='0.1'
ac_ct_CC='gcc'
am__EXEEXT_FALSE=''
am__EXEEXT_TRUE='#'
am__fastdepCC_FALSE='#'
am__fastdepCC_TRUE=''
am__include='include'
am__isrc=' -I$(srcdir)'
am__leading_dot='.'
am__quote=''
am__tar='${AMTAR} chof - "$$tardir"'
am__untar='${AMTAR} xf -'
bindir='${exec_prefix}/bin'
build_alias=''
datadir='${datarootdir}'
datarootdir='${prefix}/share'
docdir='${datarootdir}/doc/${PACKAGE_TARNAME}'
dvidir='${docdir}'
exec_prefix='${prefix}'
host_alias=''
htmldir='${docdir}'
hydra_bss_fork_FALSE='#'
hydra_bss_fork_TRUE=''
hydra_bss_init_array=' HYD_BSCI_ssh_init,  HYD_BSCI_rsh_init,  HYD_BSCI_fork_init,  HYD_BSCI_slurm_init,  NULL'
hydra_bss_init_decl='
hydra_bss_name_array=' "ssh",  "rsh",  "fork",  "slurm",  NULL'
hydra_bss_names='ssh rsh fork slurm'
hydra_bss_rsh_FALSE='#'
hydra_bss_rsh_TRUE=''
hydra_bss_slurm_FALSE='#'
hydra_bss_slurm_TRUE=''
hydra_bss_ssh_FALSE='#'
hydra_bss_ssh_TRUE=''
hydra_css=''
hydra_css_init_array=' HYD_CSSI_none_init,  NULL'
hydra_css_init_decl='
hydra_css_name_array=' "none",  NULL'
hydra_css_names='none'
hydra_css_none_FALSE=''
hydra_css_none_TRUE='#'
hydra_pm='pmiserv'
hydra_pm_pmiserv_FALSE='#'
hydra_pm_pmiserv_TRUE=''
hydra_procbind_FALSE='#'
hydra_procbind_TRUE=''
hydra_rmk_dummy_FALSE='#'
hydra_rmk_dummy_TRUE=''
hydra_rmk_init_array=' HYD_RMKI_dummy_init,  NULL'
hydra_rmk_init_decl='
hydra_rmk_name_array=' "dummy",  NULL'
hydra_rmk_names='dummy'
hydra_ui='mpiexec'
hydra_ui_mpiexec_FALSE='#'
hydra_ui_mpiexec_TRUE=''
includedir='${prefix}/include'
infodir='${datarootdir}/info'
install_sh='${SHELL} /home/tim/libraries/mpich2-trunk-r4843/src/pm/hydra/mpl/confdb/install-sh'
libdir='${exec_prefix}/lib'
libexecdir='${exec_prefix}/libexec'
localedir='${datarootdir}/locale'
localstatedir='${prefix}/var'
mandir='${datarootdir}/man'
mkdir_p='mkdir -p'
oldincludedir='/usr/include'
opt_utils=' plpa bind'
pdfdir='${docdir}'
prefix='/home/tim/mpich2-test'
program_transform_name='s,x,x,'
psdir='${docdir}'
sbindir='${exec_prefix}/sbin'
sharedstatedir='${prefix}/com'
subdirs=' mpl'
sysconfdir='${prefix}/etc'
target_alias=''

## ----------- ##
## confdefs.h. ##
## ----------- ##

#define PACKAGE_NAME "Hydra"
#define PACKAGE_TARNAME "hydra"
#define PACKAGE_VERSION "0.1"
#define PACKAGE_STRING "Hydra 0.1"
#define PACKAGE_BUGREPORT ""
#define PACKAGE "hydra"
#define VERSION "0.1"
#define STDC_HEADERS 1
#define HAVE_SYS_TYPES_H 1
#define HAVE_SYS_STAT_H 1
#define HAVE_STDLIB_H 1
#define HAVE_STRING_H 1
#define HAVE_MEMORY_H 1
#define HAVE_STRINGS_H 1
#define HAVE_INTTYPES_H 1
#define HAVE_STDINT_H 1
#define HAVE_UNISTD_H 1
#define HAVE_GCC_ATTRIBUTE 1
#define HAVE__FUNC__ /**/
#define HAVE__FUNCTION__ /**/
#define HAVE_UNISTD_H 1
#define HAVE_STDLIB_H 1
#define HAVE_STRING_H 1
#define HAVE_STRINGS_H 1
#define HAVE_STDARG_H 1
#define HAVE_SYS_TYPES_H 1
#define HAVE_SYS_SOCKET_H 1
#define HAVE_SCHED_H 1
#define HAVE_PTHREAD_H 1
#define HAVE_SYS_STAT_H 1
#define HAVE_THREAD_SUPPORT 1
#define HAVE_GETTIMEOFDAY 1
#define HAVE_TIME 1
#define HAVE_STRDUP 1
#define HAVE_SIGACTION 1
#define HAVE_SIGNAL 1
#define HAVE_USLEEP 1
#define HAVE_UNSETENV 1
#define HAVE_STRERROR 1
#define HAVE_STRSIGNAL 1
#define HAVE_PUTENV 1
#define HAVE_PUTENV 1
#define MANUAL_EXTERN_ENVIRON 1
#define HAVE_EXTERN_ENVIRON 1
#define HYDRA_BSS_NAMES "ssh rsh fork slurm"
#define HYDRA_DEFAULT_BSS "ssh"
#define HYDRA_CSS_NAMES "none"
#define HYDRA_DEFAULT_CSS "none"
#define HYDRA_RMK_NAMES "dummy"
#define HYDRA_DEFAULT_RMK "dummy"
#define HAVE_PROC_BINDING 1
#define COMPILER_ACCEPTS_VA_ARGS 1
#define HAVE_STRSIGNAL 1
#define HAVE_SIGACTION 1
#define HAVE_SIGNAL 1
#define USE_SIGACTION /**/
#define HAVE_GETHOSTNAME 1

configure: exit 0
