This file contains any messages produced by compilers while
running configure, to aid debugging if configure makes a mistake.

It was created by configure, which was
generated by GNU Autoconf 2.63.  Invocation command line was

  $ ../mpich2/configure --disable-fast --disable-mpe --disable-romio --disable-cxx --disable-f77 --disable-f90 --enable-g=all --with-pm=hydra --prefix=/home/buntinas/ng-mpich/ckpt/mpich2-install --with-hydra-ckpointlib=blcr --enable-checkpointing

## --------- ##
## Platform. ##
## --------- ##

hostname = bb62
uname -m = x86_64
uname -r = 2.6.32-24-generic
uname -s = Linux
uname -v = #39-Ubuntu SMP Wed Jul 28 05:14:15 UTC 2010

/usr/bin/uname -p = unknown
/bin/uname -X     = unknown

/bin/arch              = unknown
/usr/bin/arch -k       = unknown
/usr/convex/getsysinfo = unknown
/usr/bin/hostinfo      = unknown
/bin/machine           = unknown
/usr/bin/oslevel       = unknown
/bin/universe          = unknown

PATH: /home/buntinas/tmp/mpich2-install/bin
PATH: /soft/com/packages/intel/idbe/10.1.013/bin
PATH: /soft/com/packages/intel/fce/10.1.013/bin
PATH: /soft/com/packages/intel/cce/10.1.013/bin
PATH: /home/buntinas/buildtools/bin
PATH: /home/buntinas/bin
PATH: /sbin
PATH: /usr/sbin
PATH: /usr/local/bin
PATH: /usr/bin
PATH: /bin
PATH: /usr/X12R6/bin


## ----------- ##
## Core tests. ##
## ----------- ##

configure:2788: checking for gcc
configure:2804: found /usr/bin/gcc
configure:2815: result: gcc
configure:2849: checking for C compiler version
configure:2857: gcc --version >&5
gcc (Ubuntu 4.4.3-4ubuntu5) 4.4.3
Copyright (C) 2009 Free Software Foundation, Inc.
This is free software; see the source for copying conditions.  There is NO
warranty; not even for MERCHANTABILITY or FITNESS FOR A PARTICULAR PURPOSE.

configure:2861: $? = 0
configure:2868: gcc -v >&5
Using built-in specs.
Target: x86_64-linux-gnu
Configured with: ../src/configure -v --with-pkgversion='Ubuntu 4.4.3-4ubuntu5' --with-bugurl=file:///usr/share/doc/gcc-4.4/README.Bugs --enable-languages=c,c++,fortran,objc,obj-c++ --prefix=/usr --enable-shared --enable-multiarch --enable-linker-build-id --with-system-zlib --libexecdir=/usr/lib --without-included-gettext --enable-threads=posix --with-gxx-include-dir=/usr/include/c++/4.4 --program-suffix=-4.4 --enable-nls --enable-clocale=gnu --enable-libstdcxx-debug --enable-plugin --enable-objc-gc --disable-werror --with-arch-32=i486 --with-tune=generic --enable-checking=release --build=x86_64-linux-gnu --host=x86_64-linux-gnu --target=x86_64-linux-gnu
Thread model: posix
gcc version 4.4.3 (Ubuntu 4.4.3-4ubuntu5) 
configure:2872: $? = 0
configure:2879: gcc -V >&5
gcc: '-V' option must have argument
configure:2883: $? = 1
configure:2906: checking for C compiler default output file name
configure:2928: gcc       conftest.c   >&5
configure:2932: $? = 0
configure:2970: result: a.out
configure:2989: checking whether the C compiler works
configure:2999: ./a.out
configure:3003: $? = 0
configure:3022: result: yes
configure:3029: checking whether we are cross compiling
configure:3031: result: no
configure:3034: checking for suffix of executables
configure:3041: gcc -o conftest       conftest.c   >&5
configure:3045: $? = 0
configure:3071: result: 
configure:3077: checking for suffix of object files
configure:3103: gcc -c     conftest.c >&5
configure:3107: $? = 0
configure:3132: result: o
configure:3136: checking whether we are using the GNU C compiler
configure:3165: gcc -c     conftest.c >&5
configure:3172: $? = 0
configure:3189: result: yes
configure:3198: checking whether gcc accepts -g
configure:3228: gcc -c -g   conftest.c >&5
configure:3235: $? = 0
configure:3336: result: yes
configure:3353: checking for gcc option to accept ISO C89
configure:3427: gcc  -c     conftest.c >&5
configure:3434: $? = 0
configure:3457: result: none needed
configure:3493: checking how to run the C preprocessor
configure:3533: gcc -E   conftest.c
configure:3540: $? = 0
configure:3571: gcc -E   conftest.c
conftest.c:8:28: error: ac_nonexistent.h: No such file or directory
configure:3578: $? = 1
configure: failed program was:
| /* confdefs.h.  */
| #define PACKAGE_NAME ""
| #define PACKAGE_TARNAME ""
| #define PACKAGE_VERSION ""
| #define PACKAGE_STRING ""
| #define PACKAGE_BUGREPORT ""
| /* end confdefs.h.  */
| #include <ac_nonexistent.h>
configure:3611: result: gcc -E
configure:3640: gcc -E   conftest.c
configure:3647: $? = 0
configure:3678: gcc -E   conftest.c
conftest.c:8:28: error: ac_nonexistent.h: No such file or directory
configure:3685: $? = 1
configure: failed program was:
| /* confdefs.h.  */
| #define PACKAGE_NAME ""
| #define PACKAGE_TARNAME ""
| #define PACKAGE_VERSION ""
| #define PACKAGE_STRING ""
| #define PACKAGE_BUGREPORT ""
| /* end confdefs.h.  */
| #include <ac_nonexistent.h>
configure:3747: checking build system type
configure:3765: result: x86_64-unknown-linux-gnu
configure:3787: checking host system type
configure:3802: result: x86_64-unknown-linux-gnu
configure:3839: checking for grep that handles long lines and -e
configure:3899: result: /bin/grep
configure:3904: checking for fgrep
configure:3968: result: /bin/grep -F
configure:5365: ===== configuring src/mpl =====
configure:5442: executing: /home/buntinas/ng-mpich/ckpt/mpich2/src/mpl/configure  '--disable-fast' '--disable-mpe' '--disable-romio' '--disable-cxx' '--disable-f77' '--disable-f90' '--enable-g=all' '--with-pm=hydra' '--prefix=/home/buntinas/ng-mpich/ckpt/mpich2-install' '--with-hydra-ckpointlib=blcr' '--enable-checkpointing' --disable-option-checking
configure:5461: ===== done with src/mpl configure =====
WRAPPER_LIBS(='') does not contain '-lmpl', prepending
CPPFLAGS(='') does not contain '-I/home/buntinas/ng-mpich/ckpt/mpich2-build/src/mpl/include', appending
CPPFLAGS(=' -I/home/buntinas/ng-mpich/ckpt/mpich2-build/src/mpl/include') does not contain '-I/home/buntinas/ng-mpich/ckpt/mpich2/src/mpl/include', appending
LIBS(=' ') does not contain '-lopa', prepending
configure:5560: gcc -o conftest     -I/home/buntinas/ng-mpich/ckpt/mpich2-build/src/mpl/include -I/home/buntinas/ng-mpich/ckpt/mpich2/src/mpl/include   conftest.c -lopa   >&5
conftest.c:12:28: error: opa_primitives.h: No such file or directory
conftest.c: In function 'main':
conftest.c:18: error: 'OPA_int_t' undeclared (first use in this function)
conftest.c:18: error: (Each undeclared identifier is reported only once
conftest.c:18: error: for each function it appears in.)
conftest.c:18: error: expected ';' before 'i'
conftest.c:19: error: 'i' undeclared (first use in this function)
configure:5567: $? = 1
configure: failed program was:
| /* confdefs.h.  */
| #define PACKAGE_NAME ""
| #define PACKAGE_TARNAME ""
| #define PACKAGE_VERSION ""
| #define PACKAGE_STRING ""
| #define PACKAGE_BUGREPORT ""
| #define USE_SMP_COLLECTIVES 1
| #define HAVE_ERROR_CHECKING MPID_ERROR_LEVEL_ALL
| #define MPICH_ERROR_MSG_LEVEL MPICH_ERROR_MSG_ALL
| #define USE_LOGGING MPID_LOGGING_NONE
| /* end confdefs.h.  */
| #include "opa_primitives.h"
| 
| int
| main ()
| {
| 
| OPA_int_t i;
| OPA_store_int(i,10);
| OPA_fetch_and_incr_int(&i,5);
| 
|   ;
|   return 0;
| }
CPPFLAGS(=' -I/home/buntinas/ng-mpich/ckpt/mpich2-build/src/mpl/include -I/home/buntinas/ng-mpich/ckpt/mpich2/src/mpl/include') does not contain '-I/home/buntinas/ng-mpich/ckpt/mpich2/src/openpa/src', appending
CPPFLAGS(=' -I/home/buntinas/ng-mpich/ckpt/mpich2-build/src/mpl/include -I/home/buntinas/ng-mpich/ckpt/mpich2/src/mpl/include -I/home/buntinas/ng-mpich/ckpt/mpich2/src/openpa/src') does not contain '-I/home/buntinas/ng-mpich/ckpt/mpich2-build/src/openpa/src', appending
configure:5641: ===== configuring src/openpa =====
configure:5718: executing: /home/buntinas/ng-mpich/ckpt/mpich2/src/openpa/configure --with-atomic-primitives=auto_allow_emulation '--disable-fast' '--disable-mpe' '--disable-romio' '--disable-cxx' '--disable-f77' '--disable-f90' '--enable-g=all' '--with-pm=hydra' '--prefix=/home/buntinas/ng-mpich/ckpt/mpich2-install' '--with-hydra-ckpointlib=blcr' '--enable-checkpointing' --disable-option-checking
configure:5737: ===== done with src/openpa configure =====
WRAPPER_LIBS(='-lmpl ') does not contain '-lopa', prepending
configure:6508: checking whether the compiler defines __func__
configure:6538: gcc -o conftest    -g  -I/home/buntinas/ng-mpich/ckpt/mpich2-build/src/mpl/include -I/home/buntinas/ng-mpich/ckpt/mpich2/src/mpl/include -I/home/buntinas/ng-mpich/ckpt/mpich2/src/openpa/src -I/home/buntinas/ng-mpich/ckpt/mpich2-build/src/openpa/src   conftest.c   >&5
configure:6542: $? = 0
configure:6548: ./conftest
configure:6552: $? = 0
configure:6618: result: yes
configure:6629: checking whether the compiler defines __FUNC__
configure:6659: gcc -o conftest    -g  -I/home/buntinas/ng-mpich/ckpt/mpich2-build/src/mpl/include -I/home/buntinas/ng-mpich/ckpt/mpich2/src/mpl/include -I/home/buntinas/ng-mpich/ckpt/mpich2/src/openpa/src -I/home/buntinas/ng-mpich/ckpt/mpich2-build/src/openpa/src   conftest.c   >&5
conftest.c: In function 'foo':
conftest.c:6: error: '__FUNC__' undeclared (first use in this function)
conftest.c:6: error: (Each undeclared identifier is reported only once
conftest.c:6: error: for each function it appears in.)
configure:6663: $? = 1
configure: program exited with status 1
configure: failed program was:
| 
| #include <string.h>
| int foo(void);
| int foo(void)
| {
|     return (strcmp(__FUNC__, "foo") == 0);
| }
| int main(int argc, char ** argv)
| {
|     return (foo() ? 0 : 1);
| }
| 
configure:6739: result: no
configure:6750: checking whether the compiler sets __FUNCTION__
configure:6780: gcc -o conftest    -g  -I/home/buntinas/ng-mpich/ckpt/mpich2-build/src/mpl/include -I/home/buntinas/ng-mpich/ckpt/mpich2/src/mpl/include -I/home/buntinas/ng-mpich/ckpt/mpich2/src/openpa/src -I/home/buntinas/ng-mpich/ckpt/mpich2-build/src/openpa/src   conftest.c   >&5
configure:6784: $? = 0
configure:6790: ./conftest
configure:6794: $? = 0
configure:6860: result: yes
configure:6959: checking for type of weak symbol alias support
configure:6993: gcc -o conftest    -g  -I/home/buntinas/ng-mpich/ckpt/mpich2-build/src/mpl/include -I/home/buntinas/ng-mpich/ckpt/mpich2/src/mpl/include -I/home/buntinas/ng-mpich/ckpt/mpich2/src/openpa/src -I/home/buntinas/ng-mpich/ckpt/mpich2-build/src/openpa/src   conftest.c   >&5
configure:7000: $? = 0
configure:7199: result: pragma weak
configure:7226: checking whether __attribute__ ((weak)) allowed
configure:7253: gcc -c    -g  -I/home/buntinas/ng-mpich/ckpt/mpich2-build/src/mpl/include -I/home/buntinas/ng-mpich/ckpt/mpich2/src/mpl/include -I/home/buntinas/ng-mpich/ckpt/mpich2/src/openpa/src -I/home/buntinas/ng-mpich/ckpt/mpich2-build/src/openpa/src conftest.c >&5
configure:7260: $? = 0
configure:7275: result: yes
configure:7279: checking whether __attribute__ ((weak_import)) allowed
configure:7306: gcc -c    -g  -I/home/buntinas/ng-mpich/ckpt/mpich2-build/src/mpl/include -I/home/buntinas/ng-mpich/ckpt/mpich2/src/mpl/include -I/home/buntinas/ng-mpich/ckpt/mpich2/src/openpa/src -I/home/buntinas/ng-mpich/ckpt/mpich2-build/src/openpa/src conftest.c >&5
conftest.c:26: warning: 'weak_import' attribute directive ignored
configure:7313: $? = 0
configure:7328: result: yes
configure:7331: checking whether __attribute__((weak,alias(...))) allowed
configure:7358: gcc -c    -g  -I/home/buntinas/ng-mpich/ckpt/mpich2-build/src/mpl/include -I/home/buntinas/ng-mpich/ckpt/mpich2/src/mpl/include -I/home/buntinas/ng-mpich/ckpt/mpich2/src/openpa/src -I/home/buntinas/ng-mpich/ckpt/mpich2-build/src/openpa/src conftest.c >&5
conftest.c:26: error: 'foo' aliased to undefined symbol '__foo'
configure:7365: $? = 1
configure: failed program was:
| /* confdefs.h.  */
| #define PACKAGE_NAME ""
| #define PACKAGE_TARNAME ""
| #define PACKAGE_VERSION ""
| #define PACKAGE_STRING ""
| #define PACKAGE_BUGREPORT ""
| #define USE_SMP_COLLECTIVES 1
| #define HAVE_ERROR_CHECKING MPID_ERROR_LEVEL_ALL
| #define MPICH_ERROR_MSG_LEVEL MPICH_ERROR_MSG_ALL
| #define USE_LOGGING MPID_LOGGING_NONE
| #define HAVE_RUNTIME_THREADCHECK 1
| #define MPICH_THREAD_LEVEL MPI_THREAD_MULTIPLE
| #define MPIU_THREAD_GRANULARITY MPIU_THREAD_GRANULARITY_GLOBAL
| #define MPIU_HANDLE_ALLOCATION_METHOD MPIU_HANDLE_ALLOCATION_MUTEX
| #define MPIU_THREAD_REFCOUNT MPIU_REFCOUNT_NONE
| #define MPICH_DEBUG_MEMINIT 1
| #define MPICH_DEBUG_HANDLEALLOC 1
| #define USE_MEMORY_TRACING 1
| #define MPICH_DEBUG_MUTEXNESTING 1
| #define USE_DBG_LOGGING 1
| #define MPICH_DEBUG_MUTEX 1
| #define HAVE__FUNC__ /**/
| #define HAVE__FUNCTION__ /**/
| #define HAVE_PRAGMA_WEAK 1
| /* end confdefs.h.  */
| int foo(int) __attribute__((weak,alias("__foo")));
| int
| main ()
| {
| int a;
|   ;
|   return 0;
| }
configure:7380: result: no
configure:7394: checking for multiple weak symbol support
configure:7435: result: yes
configure:11030: WARNING: Fortran 90 support requires compatible Fortran 77 support.  To force the use of the Fortran 90 compiler for Fortran 77, set the environment variable F77 to the name of the Fortran 90 compiler.
configure:11046: checking whether Fortran accepts ! for comments
configure:11069:  -c   -g conftest.f >&5
../mpich2/configure: line 11071: -c: command not found
configure:11076: $? = 127
configure: failed program was:
|       program main
| !        This is a comment
|       end
configure:11097: result: no
configure:11107: checking for include directory flag for Fortran
configure:11127: f77 -c   -g -Isrc conftest.f 1>&5
../mpich2/configure: line 11128: f77: command not found
configure:11130: $? = 127
configure:11127: f77 -c   -g -Wf,-Isrc conftest.f 1>&5
../mpich2/configure: line 11128: f77: command not found
configure:11130: $? = 127
configure:11142: result: none
configure:11160: checking for Fortran 77 flag for library directories
configure:11178: f77 -c   -g conftest1.f 1>&5
../mpich2/configure: line 11179: f77: command not found
configure:11181: $? = 127
configure: failed program was:
        subroutine f1conf
        end
configure:11221: result: 
configure:11298: checking for which Fortran libraries are needed to link C with Fortran
configure:11311: f77 -c   -g conftest.f 1>&5
../mpich2/configure: line 11312: f77: command not found
configure:11314: $? = 127
configure: failed program was:
        subroutine ftest
        end
configure:11531: result: none
configure:11627: checking whether Fortran 77 compiler processes .F files with C preprocessor
configure:11654:  -c   -g  -I/home/buntinas/ng-mpich/ckpt/mpich2-build/src/mpl/include -I/home/buntinas/ng-mpich/ckpt/mpich2/src/mpl/include -I/home/buntinas/ng-mpich/ckpt/mpich2/src/openpa/src -I/home/buntinas/ng-mpich/ckpt/mpich2-build/src/openpa/src conftest.F >&5
../mpich2/configure: line 11656: -c: command not found
configure:11661: $? = 127
configure: failed program was:
| 
| 
|         program main
| #define ASIZE 10
|         integer a(ASIZE)
|         end
| 
| 
configure:11691: $CPP $CPPFLAGS -C -P conftest.F > conftest.f > pac_test.log
configure:11694: $? = 0
configure:11706:  -c   -g  -I/home/buntinas/ng-mpich/ckpt/mpich2-build/src/mpl/include -I/home/buntinas/ng-mpich/ckpt/mpich2/src/mpl/include -I/home/buntinas/ng-mpich/ckpt/mpich2/src/openpa/src -I/home/buntinas/ng-mpich/ckpt/mpich2-build/src/openpa/src conftest.f >&5
../mpich2/configure: line 11708: -c: command not found
configure:11713: $? = 127
configure: failed program was:
| 
| 
| 
| 
|         program main
| 
|         integer a(10)
|         end
| 
| 
configure:11761: result: no
configure:11867: checking for ifort
configure:11883: found /soft/com/packages/intel/fce/10.1.013/bin/ifort
configure:11894: result: ifort
configure:11920: checking for Fortran compiler version
configure:11928: ifort --version >&5

Error: A license for FCompL is not available now (-96,7).

A connection to the license server could not be made.  You should
make sure that your license daemon process is running: both an
lmgrd.intel process and an INTEL process should be running
if your license limits you to a specified number of licenses in use
at a time.  Also, check to see if the wrong port@host or the wrong
license file is being used, or if the port or hostname in the license
file has changed.

License file(s) used were (in this order):
    1.  28518@meter.mcs.anl.gov
    2.  /soft/com/packages/intel/fce/10.1.013/licenses/COM_L_CMP_FOR_95TM-XXL8NFGC.lic
    3.  /soft/com/packages/intel/fce/10.1.013/licenses/COM_L_CMP_FOR_95tm-475hkjp4.lic
    4.  /opt/intel/licenses
    5.  /home/buntinas/intel/licenses
    6.  /Users/Shared/Library/Application Support/Intel/Licenses
    7.  /soft/com/packages/intel/fce/10.1.013/bin/*.lic

Please visit http://support.intel.com/support/performancetools/support.htm if you require technical assistance.

ifort: error #10052: could not checkout FLEXlm license
configure:11932: $? = 1
configure:11939: ifort -v >&5

Error: A license for FCompL is not available now (-96,7).

A connection to the license server could not be made.  You should
make sure that your license daemon process is running: both an
lmgrd.intel process and an INTEL process should be running
if your license limits you to a specified number of licenses in use
at a time.  Also, check to see if the wrong port@host or the wrong
license file is being used, or if the port or hostname in the license
file has changed.

License file(s) used were (in this order):
    1.  28518@meter.mcs.anl.gov
    2.  /soft/com/packages/intel/fce/10.1.013/licenses/COM_L_CMP_FOR_95TM-XXL8NFGC.lic
    3.  /soft/com/packages/intel/fce/10.1.013/licenses/COM_L_CMP_FOR_95tm-475hkjp4.lic
    4.  /opt/intel/licenses
    5.  /home/buntinas/intel/licenses
    6.  /Users/Shared/Library/Application Support/Intel/Licenses
    7.  /soft/com/packages/intel/fce/10.1.013/bin/*.lic

Please visit http://support.intel.com/support/performancetools/support.htm if you require technical assistance.

ifort: error #10052: could not checkout FLEXlm license
configure:11943: $? = 1
configure:11950: ifort -V >&5
Intel(R) Fortran Compiler for applications running on Intel(R) 64, Version 10.1    Build 20080212 Package ID: l_fc_p_10.1.013
Copyright (C) 1985-2008 Intel Corporation.  All rights reserved.

Error: A license for FCompL is not available now (-96,7).

A connection to the license server could not be made.  You should
make sure that your license daemon process is running: both an
lmgrd.intel process and an INTEL process should be running
if your license limits you to a specified number of licenses in use
at a time.  Also, check to see if the wrong port@host or the wrong
license file is being used, or if the port or hostname in the license
file has changed.

License file(s) used were (in this order):
    1.  28518@meter.mcs.anl.gov
    2.  /soft/com/packages/intel/fce/10.1.013/licenses/COM_L_CMP_FOR_95TM-XXL8NFGC.lic
    3.  /soft/com/packages/intel/fce/10.1.013/licenses/COM_L_CMP_FOR_95tm-475hkjp4.lic
    4.  /opt/intel/licenses
    5.  /home/buntinas/intel/licenses
    6.  /Users/Shared/Library/Application Support/Intel/Licenses
    7.  /soft/com/packages/intel/fce/10.1.013/bin/*.lic

Please visit http://support.intel.com/support/performancetools/support.htm if you require technical assistance.

ifort: error #10052: could not checkout FLEXlm license
configure:11954: $? = 1
configure:11962: checking whether we are using the GNU Fortran compiler
configure:11981: ifort -c   -g  conftest.F >&5

Error: A license for FCompL is not available now (-96,7).

A connection to the license server could not be made.  You should
make sure that your license daemon process is running: both an
lmgrd.intel process and an INTEL process should be running
if your license limits you to a specified number of licenses in use
at a time.  Also, check to see if the wrong port@host or the wrong
license file is being used, or if the port or hostname in the license
file has changed.

License file(s) used were (in this order):
    1.  28518@meter.mcs.anl.gov
    2.  /soft/com/packages/intel/fce/10.1.013/licenses/COM_L_CMP_FOR_95TM-XXL8NFGC.lic
    3.  /soft/com/packages/intel/fce/10.1.013/licenses/COM_L_CMP_FOR_95tm-475hkjp4.lic
    4.  /opt/intel/licenses
    5.  /home/buntinas/intel/licenses
    6.  /Users/Shared/Library/Application Support/Intel/Licenses
    7.  /soft/com/packages/intel/fce/10.1.013/bin/*.lic

Please visit http://support.intel.com/support/performancetools/support.htm if you require technical assistance.

ifort: error #10052: could not checkout FLEXlm license
configure:11988: $? = 1
configure: failed program was:
|       program main
| #ifndef __GNUC__
|        choke me
| #endif
| 
|       end
configure:12005: result: no
configure:12011: checking whether ifort accepts -g
configure:12028: ifort -c -g  conftest.f >&5

Error: A license for FCompL is not available now (-96,7).

A connection to the license server could not be made.  You should
make sure that your license daemon process is running: both an
lmgrd.intel process and an INTEL process should be running
if your license limits you to a specified number of licenses in use
at a time.  Also, check to see if the wrong port@host or the wrong
license file is being used, or if the port or hostname in the license
file has changed.

License file(s) used were (in this order):
    1.  28518@meter.mcs.anl.gov
    2.  /soft/com/packages/intel/fce/10.1.013/licenses/COM_L_CMP_FOR_95TM-XXL8NFGC.lic
    3.  /soft/com/packages/intel/fce/10.1.013/licenses/COM_L_CMP_FOR_95tm-475hkjp4.lic
    4.  /opt/intel/licenses
    5.  /home/buntinas/intel/licenses
    6.  /Users/Shared/Library/Application Support/Intel/Licenses
    7.  /soft/com/packages/intel/fce/10.1.013/bin/*.lic

Please visit http://support.intel.com/support/performancetools/support.htm if you require technical assistance.

ifort: error #10052: could not checkout FLEXlm license
configure:12035: $? = 1
configure: failed program was:
|       program main
| 
|       end
configure:12051: result: no
configure:12087: checking whether the Fortran 90 compiler (ifort   -g  ) works
configure:12104: ifort -o conftest   -g    conftest.f   >&5

Error: A license for FCompL is not available now (-96,7).

A connection to the license server could not be made.  You should
make sure that your license daemon process is running: both an
lmgrd.intel process and an INTEL process should be running
if your license limits you to a specified number of licenses in use
at a time.  Also, check to see if the wrong port@host or the wrong
license file is being used, or if the port or hostname in the license
file has changed.

License file(s) used were (in this order):
    1.  28518@meter.mcs.anl.gov
    2.  /soft/com/packages/intel/fce/10.1.013/licenses/COM_L_CMP_FOR_95TM-XXL8NFGC.lic
    3.  /soft/com/packages/intel/fce/10.1.013/licenses/COM_L_CMP_FOR_95tm-475hkjp4.lic
    4.  /opt/intel/licenses
    5.  /home/buntinas/intel/licenses
    6.  /Users/Shared/Library/Application Support/Intel/Licenses
    7.  /soft/com/packages/intel/fce/10.1.013/bin/*.lic

Please visit http://support.intel.com/support/performancetools/support.htm if you require technical assistance.

ifort: error #10052: could not checkout FLEXlm license
configure:12111: $? = 1
configure: failed program was:
| 
| 
|         program conftest
|         integer, dimension(10) :: n
|         end
| 
| 
configure:12174: WARNING: installation or configuration problem: Fortran 90 compiler cannot create executables.
configure:12206: error: Could not find a usable Fortran 90 compiler.  The compiler ifort may be incompatible with the Fortran 77 compiler ; check the output of configure and consult the installation manuals

## ---------------- ##
## Cache variables. ##
## ---------------- ##

ac_cv_build=x86_64-unknown-linux-gnu
ac_cv_c_compiler_gnu=yes
ac_cv_env_AR_FLAGS_set=
ac_cv_env_AR_FLAGS_value=
ac_cv_env_CCC_set=
ac_cv_env_CCC_value=
ac_cv_env_CC_set=
ac_cv_env_CC_value=
ac_cv_env_CFLAGS_set=
ac_cv_env_CFLAGS_value=
ac_cv_env_CPPFLAGS_set=
ac_cv_env_CPPFLAGS_value=
ac_cv_env_CPP_set=
ac_cv_env_CPP_value=
ac_cv_env_CXXCPP_set=
ac_cv_env_CXXCPP_value=
ac_cv_env_CXXFLAGS_set=
ac_cv_env_CXXFLAGS_value=
ac_cv_env_CXX_set=
ac_cv_env_CXX_value=
ac_cv_env_F77_set=
ac_cv_env_F77_value=
ac_cv_env_FCFLAGS_set=
ac_cv_env_FCFLAGS_value=
ac_cv_env_FC_set=
ac_cv_env_FC_value=
ac_cv_env_FFLAGS_set=
ac_cv_env_FFLAGS_value=
ac_cv_env_FROM_MPICH2_set=
ac_cv_env_FROM_MPICH2_value=
ac_cv_env_LDFLAGS_set=
ac_cv_env_LDFLAGS_value=
ac_cv_env_LIBS_set=
ac_cv_env_LIBS_value=
ac_cv_env_MPICH2LIB_CFLAGS_set=
ac_cv_env_MPICH2LIB_CFLAGS_value=
ac_cv_env_MPICH2LIB_CPPFLAGS_set=
ac_cv_env_MPICH2LIB_CPPFLAGS_value=
ac_cv_env_MPICH2LIB_CXXFLAGS_set=
ac_cv_env_MPICH2LIB_CXXFLAGS_value=
ac_cv_env_MPICH2LIB_FCFLAGS_set=
ac_cv_env_MPICH2LIB_FCFLAGS_value=
ac_cv_env_MPICH2LIB_FFLAGS_set=
ac_cv_env_MPICH2LIB_FFLAGS_value=
ac_cv_env_MPICH2LIB_LDFLAGS_set=
ac_cv_env_MPICH2LIB_LDFLAGS_value=
ac_cv_env_MPICH2LIB_LIBS_set=
ac_cv_env_MPICH2LIB_LIBS_value=
ac_cv_env_build_alias_set=
ac_cv_env_build_alias_value=
ac_cv_env_host_alias_set=
ac_cv_env_host_alias_value=
ac_cv_env_target_alias_set=
ac_cv_env_target_alias_value=
ac_cv_fc_compiler_gnu=no
ac_cv_host=x86_64-unknown-linux-gnu
ac_cv_objext=o
ac_cv_path_FGREP='/bin/grep -F'
ac_cv_path_GREP=/bin/grep
ac_cv_prog_CPP='gcc -E'
ac_cv_prog_ac_ct_CC=gcc
ac_cv_prog_ac_ct_FC=ifort
ac_cv_prog_cc_c89=
ac_cv_prog_cc_g=yes
ac_cv_prog_fc_g=no
pac_cv_attr_weak=yes
pac_cv_attr_weak_alias=no
pac_cv_attr_weak_import=yes
pac_cv_f77_accepts_F=no
pac_cv_have__func__=yes
pac_cv_have__function__=yes
pac_cv_have_cap__func__=no
pac_cv_my_conf_dir=/home/buntinas/ng-mpich/ckpt/mpich2-build
pac_cv_prog_c_multiple_weak_symbols=yes
pac_cv_prog_c_weak_symbols='pragma weak'
pac_cv_prog_f77_exclaim_comments=no
pac_cv_prog_f77_has_incdir=none
pac_cv_prog_fc_works=no

## ----------------- ##
## Output variables. ##
## ----------------- ##

ABIVERSION='2:0'
ADDRESS_KIND=''
ALLOCA=''
AR=''
AR_FLAGS=''
BASH_SHELL=''
BSEND_OVERHEAD=''
BUILD_BASH_SCRIPTS=''
BUILD_DLLS=''
BUILD_TVDLL=''
CC='gcc'
CC_SHL='true'
CC_SHL_DBG=''
CFLAGS='   -g'
CMB_1INT_ALIGNMENT=''
CMB_STATUS_ALIGNMENT=''
CONFIGURE_ARGS_CLEAN='--disable-fast --disable-mpe --disable-romio --disable-cxx --disable-f77 --disable-f90 --enable-g=all --with-pm=hydra --prefix=/home/buntinas/ng-mpich/ckpt/mpich2-install --with-hydra-ckpointlib=blcr --enable-checkpointing'
CONFIGURE_ARGUMENTS=' '\''--disable-fast'\'' '\''--disable-mpe'\'' '\''--disable-romio'\'' '\''--disable-cxx'\'' '\''--disable-f77'\'' '\''--disable-f90'\'' '\''--enable-g=all'\'' '\''--with-pm=hydra'\'' '\''--prefix=/home/buntinas/ng-mpich/ckpt/mpich2-install'\'' '\''--with-hydra-ckpointlib=blcr'\'' '\''--enable-checkpointing'\'''
CPP='gcc -E'
CPPFLAGS=' -I/home/buntinas/ng-mpich/ckpt/mpich2-build/src/mpl/include -I/home/buntinas/ng-mpich/ckpt/mpich2/src/mpl/include -I/home/buntinas/ng-mpich/ckpt/mpich2/src/openpa/src -I/home/buntinas/ng-mpich/ckpt/mpich2-build/src/openpa/src'
CREATESHLIB='false'
CXX=''
CXXCPP=''
CXXFLAGS='  -g'
CXX_DEFS=''
CXX_LINKPATH_SHL=''
CXX_SHL=''
C_LINKPATH_SHL=''
C_LINK_SHL='true'
C_LINK_SHL_DBG=''
DBG_SHLIB_TYPE=''
DEFS=''
DEVICE='ch3'
DEVICE_ARGS=''
DEVICE_NAME='ch3'
DLLIMPORT=''
DOCTEXT=''
DOCTEXTSTYLE=''
ECHO_C=''
ECHO_N='-n'
ECHO_T=''
EGREP=''
ENABLE_SHLIB='none'
EXEEXT=''
EXTERNAL_SRC_DIRS=' src/mpl src/openpa'
EXTRA_STATUS_DECL=''
F77=''
F77CPP='false'
F77_COMPLEX16=''
F77_COMPLEX32=''
F77_COMPLEX8=''
F77_INCDIR=''
F77_INTEGER16=''
F77_INTEGER1=''
F77_INTEGER2=''
F77_INTEGER4=''
F77_INTEGER8=''
F77_IN_C_LIBS=''
F77_LIBDIR_LEADER=''
F77_LINKPATH_SHL=''
F77_NAME_MANGLE=''
F77_OTHER_LIBS=''
F77_REAL16=''
F77_REAL4=''
F77_REAL8=''
F77_SHL='false'
FC=''
FCCPP=''
FCEXT=''
FCFLAGS='  -g'
FCINC=''
FCINCFLAG=''
FCMODEXT=''
FCMODINCFLAG=''
FCMODINCSPEC=''
FC_LINKPATH_SHL=''
FC_OTHER_LIBS=''
FC_SHL=''
FC_WORK_FILES_ARG=''
FFLAGS='  -g'
FGREP='/bin/grep -F'
FILE=''
FINCLUDES=''
FLIBS=''
FORTRAN_BINDING='1'
FORTRAN_MPI_OFFSET=''
FROM_MPICH2='yes'
FWRAPNAME='fmpich'
GCC='yes'
GNUCXX_MINORVERSION=''
GNUCXX_VERSION=''
GREP='/bin/grep'
HAVE_CXX_EXCEPTIONS=''
HAVE_ROMIO=''
INCLUDE_MPICXX_H=''
INCLUDE_MPIDDEFS_H='/* ... no device specific definitions ... */'
INSTALL_DATA=''
INSTALL_PROGRAM=''
INSTALL_SCRIPT=''
KILLALL=''
LDFLAGS=' '
LDFLAGS_DEPS=''
LIBOBJS=''
LIBS=' '
LIBTOOL=''
LIB_DEPS=''
LTLIBOBJS=''
MAKE=''
MAKE_DEPEND_C=''
MANY_PM='no'
MKDIR_P=''
MPIBASEMODNAME='mpi_base'
MPICC=''
MPICH2LIB_CFLAGS=''
MPICH2LIB_CPPFLAGS=''
MPICH2LIB_CXXFLAGS=''
MPICH2LIB_FCFLAGS=''
MPICH2LIB_FFLAGS=''
MPICH2LIB_LDFLAGS=''
MPICH2LIB_LIBS=''
MPICH2_NUMVERSION='10300201'
MPICH2_RELEASE_DATE='unreleased development copy'
MPICH2_VERSION='1.3rc1'
MPICH_TIMER_KIND=''
MPICONSTMODNAME='mpi_constants'
MPICXX=''
MPICXXLIBNAME='mpichcxx'
MPID_TIMER_TYPE=''
MPIF77=''
MPIFC=''
MPIFLIBNAME=''
MPIFPMPI=',PMPI_WTIME,PMPI_WTICK'
MPILIBNAME='mpich'
MPIMODNAME='mpi'
MPIR_CXX_BOOL=''
MPIR_CXX_COMPLEX=''
MPIR_CXX_DOUBLE_COMPLEX=''
MPIR_CXX_LONG_DOUBLE_COMPLEX=''
MPISIZEOFMODNAME='mpi_sizeofs'
MPIU_DLL_SPEC_DEF=''
MPIU_THREAD_LIB_NAME=''
MPI_2COMPLEX=''
MPI_2DOUBLE_COMPLEX=''
MPI_2DOUBLE_PRECISION=''
MPI_2INT=''
MPI_2INTEGER=''
MPI_2REAL=''
MPI_AINT=''
MPI_AINT_DATATYPE=''
MPI_AINT_FMT_DEC_SPEC=''
MPI_AINT_FMT_HEX_SPEC=''
MPI_BYTE=''
MPI_CHAR=''
MPI_CHARACTER=''
MPI_COMPLEX16=''
MPI_COMPLEX32=''
MPI_COMPLEX8=''
MPI_COMPLEX=''
MPI_C_BOOL=''
MPI_C_DOUBLE_COMPLEX=''
MPI_C_FLOAT_COMPLEX=''
MPI_C_LONG_DOUBLE_COMPLEX=''
MPI_DOUBLE=''
MPI_DOUBLE_COMPLEX=''
MPI_DOUBLE_INT=''
MPI_DOUBLE_PRECISION=''
MPI_F77_2INT=''
MPI_F77_AINT=''
MPI_F77_BYTE=''
MPI_F77_CHAR=''
MPI_F77_C_BOOL=''
MPI_F77_C_COMPLEX=''
MPI_F77_C_DOUBLE_COMPLEX=''
MPI_F77_C_FLOAT_COMPLEX=''
MPI_F77_C_LONG_DOUBLE_COMPLEX=''
MPI_F77_DOUBLE=''
MPI_F77_DOUBLE_INT=''
MPI_F77_FLOAT=''
MPI_F77_FLOAT_INT=''
MPI_F77_INT16_T=''
MPI_F77_INT32_T=''
MPI_F77_INT64_T=''
MPI_F77_INT8_T=''
MPI_F77_INT=''
MPI_F77_LB=''
MPI_F77_LONG=''
MPI_F77_LONG_DOUBLE=''
MPI_F77_LONG_DOUBLE_INT=''
MPI_F77_LONG_INT=''
MPI_F77_LONG_LONG=''
MPI_F77_LONG_LONG_INT=''
MPI_F77_OFFSET=''
MPI_F77_PACKED=''
MPI_F77_SHORT=''
MPI_F77_SHORT_INT=''
MPI_F77_SIGNED_CHAR=''
MPI_F77_UB=''
MPI_F77_UINT16_T=''
MPI_F77_UINT32_T=''
MPI_F77_UINT64_T=''
MPI_F77_UINT8_T=''
MPI_F77_UNSIGNED=''
MPI_F77_UNSIGNED_CHAR=''
MPI_F77_UNSIGNED_LONG=''
MPI_F77_UNSIGNED_LONG_LONG=''
MPI_F77_UNSIGNED_SHORT=''
MPI_F77_WCHAR=''
MPI_FINT=''
MPI_FLOAT=''
MPI_FLOAT_INT=''
MPI_INT16_T=''
MPI_INT32_T=''
MPI_INT64_T=''
MPI_INT8_T=''
MPI_INT=''
MPI_INTEGER16=''
MPI_INTEGER1=''
MPI_INTEGER2=''
MPI_INTEGER4=''
MPI_INTEGER8=''
MPI_INTEGER=''
MPI_LB=''
MPI_LOGICAL=''
MPI_LONG=''
MPI_LONG_DOUBLE=''
MPI_LONG_DOUBLE_INT=''
MPI_LONG_INT=''
MPI_LONG_LONG=''
MPI_MAX_PROCESSOR_NAME=''
MPI_OFFSET=''
MPI_OFFSET_DATATYPE=''
MPI_OFFSET_TYPEDEF=''
MPI_PACKED=''
MPI_REAL16=''
MPI_REAL4=''
MPI_REAL8=''
MPI_REAL=''
MPI_SHORT=''
MPI_SHORT_INT=''
MPI_SIGNED_CHAR=''
MPI_STATUS_SIZE=''
MPI_UB=''
MPI_UINT16_T=''
MPI_UINT32_T=''
MPI_UINT64_T=''
MPI_UINT8_T=''
MPI_UNSIGNED_CHAR=''
MPI_UNSIGNED_INT=''
MPI_UNSIGNED_LONG=''
MPI_UNSIGNED_LONG_LONG=''
MPI_UNSIGNED_SHORT=''
MPI_WCHAR=''
NEEDSPLIB='no'
NO_WEAK_SYM=''
NO_WEAK_SYM_TARGET='build_proflib'
OBJEXT='o'
OFFSET_KIND=''
PACKAGE_BUGREPORT=''
PACKAGE_NAME=''
PACKAGE_STRING=''
PACKAGE_TARNAME=''
PACKAGE_VERSION=''
PATH_SEPARATOR=':'
PERL=''
PMPIFLIBNAME=''
PMPILIBNAME='pmpich'
PROFILE_DEF_MPI=''
RANLIB=''
RANLIB_AFTER_INSTALL=''
REQD=''
REQI1=''
REQI2=''
REQI8=''
SET_CFLAGS=''
SET_MAKE=''
SHELL='/bin/bash'
SHLIB_EXT='so'
SHLIB_FROM_LO='no'
SHLIB_INSTALL='$(INSTALL_PROGRAM)'
SIZEOF_FC_CHARACTER=''
SIZEOF_FC_DOUBLE_PRECISION=''
SIZEOF_FC_INTEGER=''
SIZEOF_FC_REAL=''
SIZEOF_MPI_STATUS=''
USER_CFLAGS=''
USER_CPPFLAGS=''
USER_CXXFLAGS=''
USER_FCFLAGS=''
USER_FFLAGS=''
USER_LDFLAGS=''
USER_LIBS=''
VPATH=''
WRAPPER_CFLAGS=' '
WRAPPER_CPPFLAGS=' '
WRAPPER_CXXFLAGS=' '
WRAPPER_FCFLAGS=' '
WRAPPER_FFLAGS=' '
WRAPPER_LDFLAGS=''
WRAPPER_LIBS='-lopa -lmpl '
XARGS_NODATA_OPT=''
ac_ct_CC='gcc'
ac_ct_CXX=''
ac_ct_F77=''
ac_ct_FC='ifort'
bindings=' f77 f90'
bindings_dirs=' src/binding/f77 src/binding/f90'
bindir='${exec_prefix}/bin'
build='x86_64-unknown-linux-gnu'
build_alias=''
build_cpu='x86_64'
build_os='linux-gnu'
build_vendor='unknown'
datadir='${datarootdir}'
datarootdir='${prefix}/share'
debugger_dir=''
device_name='ch3'
docdir='${datarootdir}/doc/${PACKAGE}'
dvidir='${docdir}'
exec_prefix='NONE'
host='x86_64-unknown-linux-gnu'
host_alias=''
host_cpu='x86_64'
host_os='linux-gnu'
host_vendor='unknown'
htmldir='${docdir}'
includedir='${prefix}/include'
infodir='${datarootdir}/info'
libdir='${exec_prefix}/lib'
libexecdir='${exec_prefix}/libexec'
localedir='${datarootdir}/locale'
localstatedir='${prefix}/var'
logging_dir=''
logging_name='none'
logging_subdirs=''
mandir='${datarootdir}/man'
master_top_builddir='/home/buntinas/ng-mpich/ckpt/mpich2-build'
master_top_srcdir='/home/buntinas/ng-mpich/ckpt/mpich2'
modincdir=''
mpe_dir=''
nameserv_name=''
oldincludedir='/usr/include'
opadir='openpa'
other_install_dirs=' src/mpl src/openpa src/pm/hydra'
other_pm_names=''
pac_prog=''
pdfdir='${docdir}'
pm_name='hydra'
pmi_name='simple'
prefix='/home/buntinas/ng-mpich/ckpt/mpich2-install'
program_transform_name='s,x,x,'
psdir='${docdir}'
romio_dir=''
sbindir='${exec_prefix}/sbin'
sharedstatedir='${prefix}/com'
subdirs=''
subsystems=' src/pmi/simple src/pm/hydra'
sysconfdir='${prefix}/etc'
target_alias=''

## ----------- ##
## confdefs.h. ##
## ----------- ##

#define PACKAGE_NAME ""
#define PACKAGE_TARNAME ""
#define PACKAGE_VERSION ""
#define PACKAGE_STRING ""
#define PACKAGE_BUGREPORT ""
#define USE_SMP_COLLECTIVES 1
#define HAVE_ERROR_CHECKING MPID_ERROR_LEVEL_ALL
#define MPICH_ERROR_MSG_LEVEL MPICH_ERROR_MSG_ALL
#define USE_LOGGING MPID_LOGGING_NONE
#define HAVE_RUNTIME_THREADCHECK 1
#define MPICH_THREAD_LEVEL MPI_THREAD_MULTIPLE
#define MPIU_THREAD_GRANULARITY MPIU_THREAD_GRANULARITY_GLOBAL
#define MPIU_HANDLE_ALLOCATION_METHOD MPIU_HANDLE_ALLOCATION_MUTEX
#define MPIU_THREAD_REFCOUNT MPIU_REFCOUNT_NONE
#define MPICH_DEBUG_MEMINIT 1
#define MPICH_DEBUG_HANDLEALLOC 1
#define USE_MEMORY_TRACING 1
#define MPICH_DEBUG_MUTEXNESTING 1
#define USE_DBG_LOGGING 1
#define MPICH_DEBUG_MUTEX 1
#define HAVE__FUNC__ /**/
#define HAVE__FUNCTION__ /**/
#define HAVE_PRAGMA_WEAK 1
#define USE_WEAK_SYMBOLS 1
#define HAVE_MULTIPLE_PRAGMA_WEAK 1
#define HAVE_FORTRAN_BINDING 1

configure: exit 1
