This file contains any messages produced by compilers while
running configure, to aid debugging if configure makes a mistake.

It was created by configure, which was
generated by GNU Autoconf 2.62.  Invocation command line was

  $ /bluegrit/pvfs1/mpi-yd/mpich2-1.0.8/configure -prefix=/bluegrit/pvfs1/mpi-yd/mpich2-install

## --------- ##
## Platform. ##
## --------- ##

hostname = blade37
uname -m = ppc64
uname -r = 2.6.23-9.ydl6.1custom
uname -s = Linux
uname -v = #15 SMP Wed Jul 16 23:04:47 EDT 2008

/usr/bin/uname -p = unknown
/bin/uname -X     = unknown

/bin/arch              = ppc64
/usr/bin/arch -k       = unknown
/usr/convex/getsysinfo = unknown
/usr/bin/hostinfo      = unknown
/bin/machine           = unknown
/usr/bin/oslevel       = unknown
/bin/universe          = unknown

PATH: /usr/kerberos/bin
PATH: /usr/local/bin
PATH: /bin
PATH: /usr/bin
PATH: /bluegrit/data/mpigcc/bin
PATH: /home/alahane1/bin
PATH: .


## ----------- ##
## Core tests. ##
## ----------- ##

configure:3842: checking for gcc
configure:3858: found /usr/bin/gcc
configure:3869: result: gcc
configure:4107: checking for C compiler version
configure:4115: gcc --version >&5
gcc (GCC) 4.1.1 20070105 (Red Hat 4.1.1-52.ydl.1)
Copyright (C) 2006 Free Software Foundation, Inc.
This is free software; see the source for copying conditions.  There is NO
warranty; not even for MERCHANTABILITY or FITNESS FOR A PARTICULAR PURPOSE.

configure:4119: $? = 0
configure:4126: gcc -v >&5
Using built-in specs.
Target: ppc64-yellowdog-linux
Configured with: ../configure --prefix=/usr --mandir=/usr/share/man --infodir=/usr/share/info --enable-shared --enable-threads=posix --enable-checking=release --with-system-zlib --enable-__cxa_atexit --disable-libunwind-exceptions --enable-libgcj-multifile --enable-languages=c,c++,objc,obj-c++,java,fortran --enable-java-awt=gtk --disable-dssi --enable-plugin --with-java-home=/usr/lib/jvm/java-1.4.2-gcj-1.4.2.0/jre --enable-secureplt --with-long-double-128 --host=ppc64-yellowdog-linux --build=ppc64-yellowdog-linux --target=ppc64-yellowdog-linux --with-cpu=default32
Thread model: posix
gcc version 4.1.1 20070105 (Red Hat 4.1.1-52.ydl.1)
configure:4130: $? = 0
configure:4137: gcc -V >&5
gcc: '-V' option must have argument
configure:4141: $? = 1
configure:4164: checking for C compiler default output file name
configure:4186: gcc    conftest.c  >&5
cc1: error: conftest.c: Value too large for defined data type
configure:4190: $? = 1
configure:4228: result: 
configure: failed program was:
| /* confdefs.h.  */
| #define PACKAGE_NAME ""
| #define PACKAGE_TARNAME ""
| #define PACKAGE_VERSION ""
| #define PACKAGE_STRING ""
| #define PACKAGE_BUGREPORT ""
| #define HAVE_ERROR_CHECKING MPID_ERROR_LEVEL_ALL
| #define MPICH_ERROR_MSG_LEVEL MPICH_ERROR_MSG_ALL
| #define USE_LOGGING MPID_LOGGING_NONE
| #define HAVE_RUNTIME_THREADCHECK 1
| #define MPICH_THREAD_LEVEL MPI_THREAD_MULTIPLE
| #define USE_THREAD_IMPL MPICH_THREAD_IMPL_GLOBAL_MUTEX
| #define HAVE_ROMIO 1
| /* end confdefs.h.  */
| 
| int
| main ()
| {
| 
|   ;
|   return 0;
| }
configure:4235: error: C compiler cannot create executables
See `config.log' for more details.

## ---------------- ##
## Cache variables. ##
## ---------------- ##

ac_cv_env_CCC_set=
ac_cv_env_CCC_value=
ac_cv_env_CC_set=
ac_cv_env_CC_value=
ac_cv_env_CFLAGS_set=
ac_cv_env_CFLAGS_value=
ac_cv_env_CPPFLAGS_set=
ac_cv_env_CPPFLAGS_value=
ac_cv_env_CPP_set=
ac_cv_env_CPP_value=
ac_cv_env_CXXCPP_set=
ac_cv_env_CXXCPP_value=
ac_cv_env_CXXFLAGS_set=
ac_cv_env_CXXFLAGS_value=
ac_cv_env_CXX_set=
ac_cv_env_CXX_value=
ac_cv_env_F77_set=
ac_cv_env_F77_value=
ac_cv_env_F90FLAGS_set=
ac_cv_env_F90FLAGS_value=
ac_cv_env_F90_set=
ac_cv_env_F90_value=
ac_cv_env_FFLAGS_set=
ac_cv_env_FFLAGS_value=
ac_cv_env_LDFLAGS_set=
ac_cv_env_LDFLAGS_value=
ac_cv_env_LIBS_set=
ac_cv_env_LIBS_value=
ac_cv_env_MPICH2LIB_CFLAGS_set=
ac_cv_env_MPICH2LIB_CFLAGS_value=
ac_cv_env_MPICH2LIB_CXXFLAGS_set=
ac_cv_env_MPICH2LIB_CXXFLAGS_value=
ac_cv_env_MPICH2LIB_F90FLAGS_set=
ac_cv_env_MPICH2LIB_F90FLAGS_value=
ac_cv_env_MPICH2LIB_FFLAGS_set=
ac_cv_env_MPICH2LIB_FFLAGS_value=
ac_cv_env_build_alias_set=
ac_cv_env_build_alias_value=
ac_cv_env_host_alias_set=
ac_cv_env_host_alias_value=
ac_cv_env_target_alias_set=
ac_cv_env_target_alias_value=
ac_cv_prog_ac_ct_CC=gcc
pac_cv_my_conf_dir=/bluegrit/pvfs1/mpi-yd/mpich2_build

## ----------------- ##
## Output variables. ##
## ----------------- ##

ABIVERSION='1:1'
ADDRESS_KIND=''
ALLOCA=''
AR=''
BASH_SHELL=''
BSEND_OVERHEAD=''
BUILD_BASH_SCRIPTS=''
BUILD_DLLS=''
BUILD_TVDLL=''
CC='gcc'
CC_SHL=''
CC_SHL_DBG=''
CFLAGS=''
CONFIGURE_ARGS_CLEAN='-prefix=/bluegrit/pvfs1/mpi-yd/mpich2-install'
CONFIGURE_ARGUMENTS=' '\''-prefix=/bluegrit/pvfs1/mpi-yd/mpich2-install'\'''
CPP=''
CPPFLAGS=''
CREATESHLIB=''
CXX=''
CXXCPP=''
CXXFLAGS=''
CXX_DEFS=''
CXX_LINKPATH_SHL=''
CXX_SHL=''
C_LINKPATH_SHL=''
C_LINK_SHL=''
C_LINK_SHL_DBG=''
DBG_SHLIB_TYPE=''
DEFS=''
DEVICE='ch3'
DEVICE_ARGS=''
DEVICE_NAME='ch3'
DLLIMPORT=''
DOCTEXT=''
DOCTEXTSTYLE=''
ECHO_C=''
ECHO_N='-n'
ECHO_T=''
EGREP=''
ENABLE_SHLIB=''
ETAGS=''
ETAGSADD=''
EXEEXT=''
EXTERNAL_SRC_DIRS=''
EXTRA_STATUS_DECL=''
F77=''
F77CPP=''
F77_COMPLEX16=''
F77_COMPLEX32=''
F77_COMPLEX8=''
F77_INCDIR=''
F77_INTEGER16=''
F77_INTEGER1=''
F77_INTEGER2=''
F77_INTEGER4=''
F77_INTEGER8=''
F77_IN_C_LIBS=''
F77_LIBDIR_LEADER=''
F77_NAME_MANGLE=''
F77_OTHER_LIBS=''
F77_REAL16=''
F77_REAL4=''
F77_REAL8=''
F90=''
F90CPP=''
F90EXT=''
F90FLAGS=''
F90INC=''
F90INCFLAG=''
F90MODEXT=''
F90MODINCFLAG=''
F90MODINCSPEC=''
F90_LINKPATH_SHL=''
F90_OTHER_LIBS=''
F90_SHL=''
F90_WORK_FILES_ARG=''
FC=''
FC_LINKPATH_SHL=''
FC_SHL=''
FFLAGS=''
FINCLUDES=''
FLIBS=''
FORTRAN_BINDING='0'
FORTRAN_MPI_OFFSET=''
FWRAPNAME='fmpich'
GCC=''
GNUCXX_MINORVERSION=''
GNUCXX_VERSION=''
GREP=''
HAVE_CXX_EXCEPTIONS=''
HAVE_ROMIO='#include "mpio.h"'
INCLUDE_MPICXX_H=''
INCLUDE_MPIDDEFS_H='/* ... no device specific definitions ... */'
INSTALL_DATA=''
INSTALL_PROGRAM=''
INSTALL_SCRIPT=''
KILLALL=''
LDFLAGS=''
LIBOBJS=''
LIBS=''
LIBTOOL=''
LTLIBOBJS=''
MAKE=''
MAKE_DEPEND_C=''
MANY_PM='no'
MKDIR_P=''
MPE_THREAD_LIB_NAME=''
MPIBASEMODNAME=''
MPICC=''
MPICH2LIB_CFLAGS=''
MPICH2LIB_CXXFLAGS=''
MPICH2LIB_F90FLAGS=''
MPICH2LIB_FFLAGS=''
MPICH_TIMER_KIND=''
MPICONSTMODNAME=''
MPICXX=''
MPICXXLIBNAME='mpichcxx'
MPID_TIMER_TYPE=''
MPIF77=''
MPIF90=''
MPIFLIBNAME=''
MPIFPMPI=''
MPILIBNAME='mpich'
MPIMODNAME=''
MPIR_CXX_BOOL=''
MPIR_CXX_COMPLEX=''
MPIR_CXX_DOUBLE_COMPLEX=''
MPIR_CXX_LONG_DOUBLE_COMPLEX=''
MPISIZEOFMODNAME=''
MPIU_DLL_SPEC_DEF=''
MPI_2COMPLEX=''
MPI_2DOUBLE_COMPLEX=''
MPI_2DOUBLE_PRECISION=''
MPI_2INT=''
MPI_2INTEGER=''
MPI_2REAL=''
MPI_AINT=''
MPI_AINT_FMT_DEC_SPEC=''
MPI_AINT_FMT_HEX_SPEC=''
MPI_BYTE=''
MPI_CHAR=''
MPI_CHARACTER=''
MPI_COMPLEX16=''
MPI_COMPLEX32=''
MPI_COMPLEX8=''
MPI_COMPLEX=''
MPI_DOUBLE=''
MPI_DOUBLE_COMPLEX=''
MPI_DOUBLE_INT=''
MPI_DOUBLE_PRECISION=''
MPI_F77_BYTE=''
MPI_F77_LB=''
MPI_F77_PACKED=''
MPI_F77_UB=''
MPI_FINT=''
MPI_FLOAT=''
MPI_FLOAT_INT=''
MPI_INT=''
MPI_INTEGER16=''
MPI_INTEGER1=''
MPI_INTEGER2=''
MPI_INTEGER4=''
MPI_INTEGER8=''
MPI_INTEGER=''
MPI_LB=''
MPI_LOGICAL=''
MPI_LONG=''
MPI_LONG_DOUBLE=''
MPI_LONG_DOUBLE_INT=''
MPI_LONG_INT=''
MPI_LONG_LONG=''
MPI_MAX_PROCESSOR_NAME=''
MPI_OFFSET=''
MPI_OFFSET_TYPEDEF=''
MPI_PACKED=''
MPI_REAL16=''
MPI_REAL4=''
MPI_REAL8=''
MPI_REAL=''
MPI_SHORT=''
MPI_SHORT_INT=''
MPI_SIGNED_CHAR=''
MPI_STATUS_SIZE=''
MPI_UB=''
MPI_UNSIGNED_CHAR=''
MPI_UNSIGNED_INT=''
MPI_UNSIGNED_LONG=''
MPI_UNSIGNED_LONG_LONG=''
MPI_UNSIGNED_SHORT=''
MPI_WCHAR=''
NEEDSPLIB=''
NO_WEAK_SYM=''
NO_WEAK_SYM_TARGET=''
NUMVERSION='10008300'
OBJEXT=''
OFFSET_KIND=''
PACKAGE_BUGREPORT=''
PACKAGE_NAME=''
PACKAGE_STRING=''
PACKAGE_TARNAME=''
PACKAGE_VERSION=''
PATH_SEPARATOR=':'
PERL=''
PMPIFLIBNAME=''
PMPILIBNAME='pmpich'
PROFILE_DEF_MPI=''
RANLIB=''
RANLIB_AFTER_INSTALL=''
RELEASE_DATE='Unknown, built on Mon Mar 30 12:54:06 EDT 2009'
REQD=''
REQI1=''
REQI2=''
REQI8=''
SET_CFLAGS=''
SET_MAKE=''
SHELL='/bin/sh'
SHLIB_EXT=''
SHLIB_FROM_LO=''
SHLIB_INSTALL=''
SIZEOF_F90_CHARACTER=''
SIZEOF_F90_DOUBLE_PRECISION=''
SIZEOF_F90_INTEGER=''
SIZEOF_F90_REAL=''
SIZEOF_MPI_STATUS=''
TESTCPP=''
THR_CFLAGS=''
THR_CPPFLAGS=''
THR_DEFS=''
THR_LDFLAGS=''
THR_LIBS=''
VERSION='1.0.8'
VPATH=''
WRAPPER_CFLAGS=''
WRAPPER_CXXFLAGS=''
WRAPPER_F90FLAGS=''
WRAPPER_FFLAGS=''
WRAPPER_LDFLAGS=''
XARGS_NODATA_OPT=''
ac_ct_CC='gcc'
ac_ct_CXX=''
ac_ct_F77=''
ac_ct_F90=''
bindings=''
bindings_dirs=''
bindir='${exec_prefix}/bin'
build_alias=''
datadir='${datarootdir}'
datarootdir='${prefix}/share'
debugger_dir=''
device_name='ch3'
docdir='${datarootdir}/doc/${PACKAGE}'
dvidir='${docdir}'
exec_prefix='NONE'
host_alias=''
htmldir='${docdir}'
includedir='${prefix}/include'
infodir='${datarootdir}/info'
libdir='${exec_prefix}/lib'
libexecdir='${exec_prefix}/libexec'
localedir='${datarootdir}/locale'
localstatedir='${prefix}/var'
logging_dir=''
logging_name='none'
logging_subdirs=''
mandir='${datarootdir}/man'
master_top_builddir='/bluegrit/pvfs1/mpi-yd/mpich2_build'
master_top_srcdir='/bluegrit/pvfs1/mpi-yd/mpich2-1.0.8'
modincdir=''
mpe_dir='mpe2'
nameserv_name=''
oldincludedir='/usr/include'
other_install_dirs=' src/pm/mpd src/mpe2'
other_pm_names=''
pac_prog=''
pdfdir='${docdir}'
pm_name='mpd'
pmi_name='simple'
prefix='/bluegrit/pvfs1/mpi-yd/mpich2-install'
program_transform_name='s,x,x,'
psdir='${docdir}'
romio_dir='romio'
sbindir='${exec_prefix}/sbin'
sharedstatedir='${prefix}/com'
subdirs=''
subsystems=' src/mpid/common/locks src/mpi/romio src/pmi/simple src/pm/mpd src/mpe2'
sysconfdir='${prefix}/etc'
target_alias=''

## ------------------- ##
## File substitutions. ##
## ------------------- ##

MPE_THREAD_FUNCS=''
MPE_THREAD_TYPEDEFS=''

## ----------- ##
## confdefs.h. ##
## ----------- ##

#define PACKAGE_NAME ""
#define PACKAGE_TARNAME ""
#define PACKAGE_VERSION ""
#define PACKAGE_STRING ""
#define PACKAGE_BUGREPORT ""
#define HAVE_ERROR_CHECKING MPID_ERROR_LEVEL_ALL
#define MPICH_ERROR_MSG_LEVEL MPICH_ERROR_MSG_ALL
#define USE_LOGGING MPID_LOGGING_NONE
#define HAVE_RUNTIME_THREADCHECK 1
#define MPICH_THREAD_LEVEL MPI_THREAD_MULTIPLE
#define USE_THREAD_IMPL MPICH_THREAD_IMPL_GLOBAL_MUTEX
#define HAVE_ROMIO 1

configure: exit 77