This file contains any messages produced by compilers while
running configure, to aid debugging if configure makes a mistake.

It was created by OpenPA configure 1.0.2, which was
generated by GNU Autoconf 2.63.  Invocation command line was

  $ /export/home/balay/mpich2-1.3rc2/src/openpa/configure --with-atomic-primitives=auto_allow_emulation --prefix=/export/home/balay/bar --disable-option-checking

## --------- ##
## Platform. ##
## --------- ##

hostname = n-gage
uname -m = i86pc
uname -r = 5.11
uname -s = SunOS
uname -v = snv_111b

/usr/bin/uname -p = i386
/bin/uname -X     = System = SunOS
Node = n-gage
Release = 5.11
KernelID = snv_111b
Machine = i86pc
BusType = <unknown>
Serial = <unknown>
Users = <unknown>
OEM# = 0
Origin# = 1
NumCPU = 1

/bin/arch              = i86pc
/usr/bin/arch -k       = i86pc
/usr/convex/getsysinfo = unknown
/usr/bin/hostinfo      = unknown
/bin/machine           = unknown
/usr/bin/oslevel       = unknown
/bin/universe          = unknown

PATH: /opt/SunStudioExpress/bin
PATH: /opt/SunStudioExpress/bin
PATH: /usr/bin


## ----------- ##
## Core tests. ##
## ----------- ##

configure:2093: checking for a BSD-compatible install
configure:2161: result: /usr/bin/ginstall -c
configure:2172: checking whether build environment is sane
configure:2232: result: yes
configure:2373: checking for a thread-safe mkdir -p
configure:2412: result: confdb/install-sh -c -d
configure:2425: checking for gawk
configure:2441: found /usr/bin/gawk
configure:2452: result: gawk
configure:2463: checking whether make sets $(MAKE)
configure:2485: result: yes
configure:2603: checking build system type
configure:2621: result: i386-pc-solaris2.11
configure:2643: checking host system type
configure:2658: result: i386-pc-solaris2.11
configure:2692: checking for style of include used by make
configure:2720: result: GNU
configure:2790: checking for gcc
configure:2820: result: no
configure:2883: checking for cc
configure:2904: found /opt/SunStudioExpress/bin/cc
configure:2927: result: cc
configure:3049: checking for C compiler version
configure:3057: cc --version >&5
cc: Warning: Option --version passed to ld, if ld is invoked, ignored otherwise
usage: cc [ options] files.  Use 'cc -flags' for details
configure:3061: $? = 0
configure:3068: cc -v >&5
usage: cc [ options] files.  Use 'cc -flags' for details
configure:3072: $? = 0
configure:3079: cc -V >&5
cc: Sun Ceres C 5.10 SunOS_i386 2009/03/06
usage: cc [ options] files.  Use 'cc -flags' for details
configure:3083: $? = 0
configure:3106: checking for C compiler default output file name
configure:3128: cc      conftest.c  >&5
configure:3132: $? = 0
configure:3170: result: a.out
configure:3189: checking whether the C compiler works
configure:3199: ./a.out
configure:3203: $? = 0
configure:3222: result: yes
configure:3229: checking whether we are cross compiling
configure:3231: result: no
configure:3234: checking for suffix of executables
configure:3241: cc -o conftest      conftest.c  >&5
configure:3245: $? = 0
configure:3271: result: 
configure:3277: checking for suffix of object files
configure:3303: cc -c     conftest.c >&5
configure:3307: $? = 0
configure:3332: result: o
configure:3336: checking whether we are using the GNU C compiler
configure:3365: cc -c     conftest.c >&5
"conftest.c", line 15: undefined symbol: choke
"conftest.c", line 15: syntax error before or at: me
cc: acomp failed for conftest.c
configure:3372: $? = 1
configure: failed program was:
| /* confdefs.h.  */
| #define PACKAGE_NAME "OpenPA"
| #define PACKAGE_TARNAME "openpa"
| #define PACKAGE_VERSION "1.0.2"
| #define PACKAGE_STRING "OpenPA 1.0.2"
| #define PACKAGE_BUGREPORT "https://trac.mcs.anl.gov/projects/openpa/newticket"
| #define PACKAGE "openpa"
| #define VERSION "1.0.2"
| /* end confdefs.h.  */
| 
| int
| main ()
| {
| #ifndef __GNUC__
|        choke me
| #endif
| 
|   ;
|   return 0;
| }
configure:3389: result: no
configure:3398: checking whether cc accepts -g
configure:3428: cc -c -g  conftest.c >&5
configure:3435: $? = 0
configure:3536: result: yes
configure:3553: checking for cc option to accept ISO C89
configure:3627: cc  -c     conftest.c >&5
"conftest.c", line 58: warning: statement not reached
configure:3634: $? = 0
configure:3657: result: none needed
configure:3677: checking dependency style of cc
configure:3787: result: none
configure:3802: checking for a sed that does not truncate output
configure:3868: result: /usr/bin/gsed
configure:3886: checking for grep that handles long lines and -e
configure:3946: result: /usr/bin/ggrep
configure:3951: checking for egrep
configure:4015: result: /usr/bin/ggrep -E
configure:4020: checking for fgrep
configure:4084: result: /usr/bin/ggrep -F
configure:4152: checking for non-GNU ld
configure:4186: result: /usr/bin/ld
configure:4195: checking if the linker (/usr/bin/ld) is GNU ld
configure:4210: result: no
configure:4222: checking for BSD- or MS-compatible name lister (nm)
configure:4271: result: /usr/bin/nm -p
configure:4389: checking the name lister (/usr/bin/nm -p) interface
configure:4396: cc -c     conftest.c >&5
configure:4399: /usr/bin/nm -p "conftest.o"
configure:4402: output


conftest.o:
0000000000 s 
0000000000 s 
0000000000 b 
0000000000 s 
0000000000 s 
0000000000 s 
0000000000 s 
0000000000 s 
0000000000 s 
0000000000 b Bbss.bss
0000000000 d Ddata.data
0000000000 d Drodata.rodata
0000000000 f conftest.c
0000000000 D some_variable
configure:4409: result: BSD nm
configure:4412: checking whether ln -s works
configure:4416: result: yes
configure:4424: checking the maximum length of command line arguments
configure:4544: result: 786240
configure:4561: checking whether the shell understands some XSI constructs
configure:4571: result: yes
configure:4575: checking whether the shell understands "+="
configure:4581: result: yes
configure:4616: checking for /usr/bin/ld option to reload object files
configure:4623: result: -r
configure:4692: checking for objdump
configure:4722: result: no
configure:4751: checking how to recognize dependent libraries
configure:4947: result: pass_all
configure:5007: checking for ar
configure:5023: found /usr/bin/ar
configure:5034: result: ar
configure:5112: checking for strip
configure:5128: found /usr/bin/strip
configure:5139: result: strip
configure:5211: checking for ranlib
configure:5227: found /usr/bin/ranlib
configure:5238: result: ranlib
configure:5328: checking command to parse /usr/bin/nm -p output from cc object
configure:5446: cc -c     conftest.c >&5
configure:5449: $? = 0
configure:5453: /usr/bin/nm -p conftest.o \| sed -n -e 's/^.*[	 ]\([BDRT][BDRT]*\)[	 ][	 ]*\([_A-Za-z][_A-Za-z0-9]*\)$/\1 \2 \2/p' \> conftest.nm
configure:5456: $? = 0
configure:5510: cc -o conftest      conftest.c conftstm.o >&5
configure:5513: $? = 0
configure:5551: result: ok
configure:6418: checking how to run the C preprocessor
configure:6458: cc -E  conftest.c
configure:6465: $? = 0
configure:6496: cc -E  conftest.c
"conftest.c", line 10: cannot find include file: <ac_nonexistent.h>
cc: acomp failed for conftest.c
configure:6503: $? = 1
configure: failed program was:
| /* confdefs.h.  */
| #define PACKAGE_NAME "OpenPA"
| #define PACKAGE_TARNAME "openpa"
| #define PACKAGE_VERSION "1.0.2"
| #define PACKAGE_STRING "OpenPA 1.0.2"
| #define PACKAGE_BUGREPORT "https://trac.mcs.anl.gov/projects/openpa/newticket"
| #define PACKAGE "openpa"
| #define VERSION "1.0.2"
| /* end confdefs.h.  */
| #include <ac_nonexistent.h>
configure:6536: result: cc -E
configure:6565: cc -E  conftest.c
configure:6572: $? = 0
configure:6603: cc -E  conftest.c
"conftest.c", line 10: cannot find include file: <ac_nonexistent.h>
cc: acomp failed for conftest.c
configure:6610: $? = 1
configure: failed program was:
| /* confdefs.h.  */
| #define PACKAGE_NAME "OpenPA"
| #define PACKAGE_TARNAME "openpa"
| #define PACKAGE_VERSION "1.0.2"
| #define PACKAGE_STRING "OpenPA 1.0.2"
| #define PACKAGE_BUGREPORT "https://trac.mcs.anl.gov/projects/openpa/newticket"
| #define PACKAGE "openpa"
| #define VERSION "1.0.2"
| /* end confdefs.h.  */
| #include <ac_nonexistent.h>
configure:6650: checking for ANSI C header files
configure:6680: cc -c     conftest.c >&5
configure:6687: $? = 0
configure:6786: cc -o conftest      conftest.c  >&5
configure:6790: $? = 0
configure:6796: ./conftest
configure:6800: $? = 0
configure:6818: result: yes
configure:6842: checking for sys/types.h
configure:6863: cc -c     conftest.c >&5
configure:6870: $? = 0
configure:6887: result: yes
configure:6842: checking for sys/stat.h
configure:6863: cc -c     conftest.c >&5
configure:6870: $? = 0
configure:6887: result: yes
configure:6842: checking for stdlib.h
configure:6863: cc -c     conftest.c >&5
configure:6870: $? = 0
configure:6887: result: yes
configure:6842: checking for string.h
configure:6863: cc -c     conftest.c >&5
configure:6870: $? = 0
configure:6887: result: yes
configure:6842: checking for memory.h
configure:6863: cc -c     conftest.c >&5
configure:6870: $? = 0
configure:6887: result: yes
configure:6842: checking for strings.h
configure:6863: cc -c     conftest.c >&5
configure:6870: $? = 0
configure:6887: result: yes
configure:6842: checking for inttypes.h
configure:6863: cc -c     conftest.c >&5
configure:6870: $? = 0
configure:6887: result: yes
configure:6842: checking for stdint.h
configure:6863: cc -c     conftest.c >&5
configure:6870: $? = 0
configure:6887: result: yes
configure:6842: checking for unistd.h
configure:6863: cc -c     conftest.c >&5
configure:6870: $? = 0
configure:6887: result: yes
configure:6905: checking for dlfcn.h
configure:6926: cc -c     conftest.c >&5
configure:6933: $? = 0
configure:6950: result: yes
configure:7135: checking for objdir
configure:7150: result: .libs
configure:7501: checking for cc option to produce PIC
configure:7773: result: -KPIC -DPIC
configure:7785: checking if cc PIC flag -KPIC -DPIC works
configure:7803: cc -c     -KPIC -DPIC -DPIC conftest.c >&5
configure:7807: $? = 0
configure:7820: result: yes
configure:7844: checking if cc static flag -Bstatic works
configure:7872: result: yes
configure:7887: checking if cc supports -c -o file.o
configure:7908: cc -c     -o out/conftest2.o conftest.c >&5
configure:7912: $? = 0
configure:7934: result: yes
configure:7942: checking if cc supports -c -o file.o
configure:7989: result: yes
configure:8022: checking whether the cc linker (/usr/bin/ld) supports shared libraries
configure:9096: result: yes
configure:9335: checking dynamic linker characteristics
configure:10018: result: solaris2.11 ld.so
configure:10120: checking how to hardcode library paths into programs
configure:10145: result: immediate
configure:10978: checking whether stripping libraries is possible
configure:11000: result: no
configure:11018: checking if libtool supports shared libraries
configure:11020: result: yes
configure:11023: checking whether to build shared libraries
configure:11044: result: no
configure:11047: checking whether to build static libraries
configure:11051: result: yes
configure:11426: checking for C compiler version
configure:11434: cc --version >&5
cc: Warning: Option --version passed to ld, if ld is invoked, ignored otherwise
usage: cc [ options] files.  Use 'cc -flags' for details
configure:11438: $? = 0
configure:11445: cc -v >&5
usage: cc [ options] files.  Use 'cc -flags' for details
configure:11449: $? = 0
configure:11456: cc -V >&5
cc: Sun Ceres C 5.10 SunOS_i386 2009/03/06
usage: cc [ options] files.  Use 'cc -flags' for details
configure:11460: $? = 0
configure:11463: checking whether we are using the GNU C compiler
configure:11516: result: no
configure:11525: checking whether cc accepts -g
configure:11663: result: yes
configure:11680: checking for cc option to accept ISO C89
configure:11784: result: none needed
configure:11804: checking dependency style of cc
configure:11914: result: none
configure:11931: checking whether to enable assertions
configure:11943: result: yes
configure:11970: checking pthread.h usability
configure:11987: cc -c     conftest.c >&5
configure:11994: $? = 0
configure:12008: result: yes
configure:12012: checking pthread.h presence
configure:12027: cc -E  conftest.c
configure:12034: $? = 0
configure:12048: result: yes
configure:12081: checking for pthread.h
configure:12090: result: yes
configure:11970: checking atomic.h usability
configure:11987: cc -c     conftest.c >&5
configure:11994: $? = 0
configure:12008: result: yes
configure:12012: checking atomic.h presence
configure:12027: cc -E  conftest.c
configure:12034: $? = 0
configure:12048: result: yes
configure:12081: checking for atomic.h
configure:12090: result: yes
configure:11970: checking intrin.h usability
configure:11987: cc -c     conftest.c >&5
"conftest.c", line 57: cannot find include file: <intrin.h>
cc: acomp failed for conftest.c
configure:11994: $? = 1
configure: failed program was:
| /* confdefs.h.  */
| #define PACKAGE_NAME "OpenPA"
| #define PACKAGE_TARNAME "openpa"
| #define PACKAGE_VERSION "1.0.2"
| #define PACKAGE_STRING "OpenPA 1.0.2"
| #define PACKAGE_BUGREPORT "https://trac.mcs.anl.gov/projects/openpa/newticket"
| #define PACKAGE "openpa"
| #define VERSION "1.0.2"
| #define STDC_HEADERS 1
| #define HAVE_SYS_TYPES_H 1
| #define HAVE_SYS_STAT_H 1
| #define HAVE_STDLIB_H 1
| #define HAVE_STRING_H 1
| #define HAVE_MEMORY_H 1
| #define HAVE_STRINGS_H 1
| #define HAVE_INTTYPES_H 1
| #define HAVE_STDINT_H 1
| #define HAVE_UNISTD_H 1
| #define HAVE_DLFCN_H 1
| #define LT_OBJDIR ".libs/"
| #define HAVE_PTHREAD_H 1
| #define HAVE_ATOMIC_H 1
| /* end confdefs.h.  */
| #include <stdio.h>
| #ifdef HAVE_SYS_TYPES_H
| # include <sys/types.h>
| #endif
| #ifdef HAVE_SYS_STAT_H
| # include <sys/stat.h>
| #endif
| #ifdef STDC_HEADERS
| # include <stdlib.h>
| # include <stddef.h>
| #else
| # ifdef HAVE_STDLIB_H
| #  include <stdlib.h>
| # endif
| #endif
| #ifdef HAVE_STRING_H
| # if !defined STDC_HEADERS && defined HAVE_MEMORY_H
| #  include <memory.h>
| # endif
| # include <string.h>
| #endif
| #ifdef HAVE_STRINGS_H
| # include <strings.h>
| #endif
| #ifdef HAVE_INTTYPES_H
| # include <inttypes.h>
| #endif
| #ifdef HAVE_STDINT_H
| # include <stdint.h>
| #endif
| #ifdef HAVE_UNISTD_H
| # include <unistd.h>
| #endif
| #include <intrin.h>
configure:12008: result: no
configure:12012: checking intrin.h presence
configure:12027: cc -E  conftest.c
"conftest.c", line 24: cannot find include file: <intrin.h>
cc: acomp failed for conftest.c
configure:12034: $? = 1
configure: failed program was:
| /* confdefs.h.  */
| #define PACKAGE_NAME "OpenPA"
| #define PACKAGE_TARNAME "openpa"
| #define PACKAGE_VERSION "1.0.2"
| #define PACKAGE_STRING "OpenPA 1.0.2"
| #define PACKAGE_BUGREPORT "https://trac.mcs.anl.gov/projects/openpa/newticket"
| #define PACKAGE "openpa"
| #define VERSION "1.0.2"
| #define STDC_HEADERS 1
| #define HAVE_SYS_TYPES_H 1
| #define HAVE_SYS_STAT_H 1
| #define HAVE_STDLIB_H 1
| #define HAVE_STRING_H 1
| #define HAVE_MEMORY_H 1
| #define HAVE_STRINGS_H 1
| #define HAVE_INTTYPES_H 1
| #define HAVE_STDINT_H 1
| #define HAVE_UNISTD_H 1
| #define HAVE_DLFCN_H 1
| #define LT_OBJDIR ".libs/"
| #define HAVE_PTHREAD_H 1
| #define HAVE_ATOMIC_H 1
| /* end confdefs.h.  */
| #include <intrin.h>
configure:12048: result: no
configure:12081: checking for intrin.h
configure:12090: result: no
configure:11959: checking for inttypes.h
configure:11966: result: yes
configure:11959: checking for stdint.h
configure:11966: result: yes
configure:11970: checking stddef.h usability
configure:11987: cc -c     conftest.c >&5
configure:11994: $? = 0
configure:12008: result: yes
configure:12012: checking stddef.h presence
configure:12027: cc -E  conftest.c
configure:12034: $? = 0
configure:12048: result: yes
configure:12081: checking for stddef.h
configure:12090: result: yes
configure:12106: checking for C/C++ restrict keyword
configure:12141: cc -c     conftest.c >&5
"conftest.c", line 28: syntax error before or at: ip
"conftest.c", line 28: warning: undefined or missing type for: ip
"conftest.c", line 29: undefined symbol: ip
"conftest.c", line 29: cannot dereference non-pointer type
"conftest.c", line 35: syntax error before or at: t
"conftest.c", line 36: undefined symbol: t
"conftest.c", line 36: cannot dereference non-pointer type
"conftest.c", line 39: warning: statement not reached
cc: acomp failed for conftest.c
configure:12148: $? = 1
configure: failed program was:
| /* confdefs.h.  */
| #define PACKAGE_NAME "OpenPA"
| #define PACKAGE_TARNAME "openpa"
| #define PACKAGE_VERSION "1.0.2"
| #define PACKAGE_STRING "OpenPA 1.0.2"
| #define PACKAGE_BUGREPORT "https://trac.mcs.anl.gov/projects/openpa/newticket"
| #define PACKAGE "openpa"
| #define VERSION "1.0.2"
| #define STDC_HEADERS 1
| #define HAVE_SYS_TYPES_H 1
| #define HAVE_SYS_STAT_H 1
| #define HAVE_STDLIB_H 1
| #define HAVE_STRING_H 1
| #define HAVE_MEMORY_H 1
| #define HAVE_STRINGS_H 1
| #define HAVE_INTTYPES_H 1
| #define HAVE_STDINT_H 1
| #define HAVE_UNISTD_H 1
| #define HAVE_DLFCN_H 1
| #define LT_OBJDIR ".libs/"
| #define HAVE_PTHREAD_H 1
| #define HAVE_ATOMIC_H 1
| #define HAVE_INTTYPES_H 1
| #define HAVE_STDINT_H 1
| #define HAVE_STDDEF_H 1
| /* end confdefs.h.  */
| typedef int * int_ptr;
| 	int foo (int_ptr __restrict ip) {
| 	return ip[0];
|        }
| int
| main ()
| {
| int s[1];
| 	int * __restrict t = s;
| 	t[0] = 0;
| 	return foo(t)
|   ;
|   return 0;
| }
configure:12141: cc -c     conftest.c >&5
"conftest.c", line 39: warning: statement not reached
configure:12148: $? = 0
configure:12166: result: __restrict__
configure:12182: checking for inline
configure:12208: cc -c     conftest.c >&5
configure:12215: $? = 0
configure:12233: result: inline
configure:12255: checking for an ANSI C-conforming const
configure:12330: cc -c     conftest.c >&5
"conftest.c", line 83: warning: statement not reached
configure:12337: $? = 0
configure:12352: result: yes
configure:12364: checking for pthread_create in -lpthread
configure:12399: cc -o conftest      conftest.c -lpthread   >&5
"conftest.c", line 41: warning: statement not reached
configure:12406: $? = 0
configure:12427: result: yes
configure:12443: checking for pthread_yield
configure:12499: cc -o conftest      conftest.c -lpthread  >&5
"conftest.c", line 65: warning: statement not reached
Undefined			first referenced
 symbol  			    in file
pthread_yield                       conftest.o
ld: fatal: symbol referencing errors. No output written to conftest
configure:12506: $? = 1
configure: failed program was:
| /* confdefs.h.  */
| #define PACKAGE_NAME "OpenPA"
| #define PACKAGE_TARNAME "openpa"
| #define PACKAGE_VERSION "1.0.2"
| #define PACKAGE_STRING "OpenPA 1.0.2"
| #define PACKAGE_BUGREPORT "https://trac.mcs.anl.gov/projects/openpa/newticket"
| #define PACKAGE "openpa"
| #define VERSION "1.0.2"
| #define STDC_HEADERS 1
| #define HAVE_SYS_TYPES_H 1
| #define HAVE_SYS_STAT_H 1
| #define HAVE_STDLIB_H 1
| #define HAVE_STRING_H 1
| #define HAVE_MEMORY_H 1
| #define HAVE_STRINGS_H 1
| #define HAVE_INTTYPES_H 1
| #define HAVE_STDINT_H 1
| #define HAVE_UNISTD_H 1
| #define HAVE_DLFCN_H 1
| #define LT_OBJDIR ".libs/"
| #define HAVE_PTHREAD_H 1
| #define HAVE_ATOMIC_H 1
| #define HAVE_INTTYPES_H 1
| #define HAVE_STDINT_H 1
| #define HAVE_STDDEF_H 1
| #define restrict __restrict__
| #define HAVE_LIBPTHREAD 1
| /* end confdefs.h.  */
| /* Define pthread_yield to an innocuous variant, in case <limits.h> declares pthread_yield.
|    For example, HP-UX 11i <limits.h> declares gettimeofday.  */
| #define pthread_yield innocuous_pthread_yield
| 
| /* System header to define __stub macros and hopefully few prototypes,
|     which can conflict with char pthread_yield (); below.
|     Prefer <limits.h> to <assert.h> if __STDC__ is defined, since
|     <limits.h> exists even on freestanding compilers.  */
| 
| #ifdef __STDC__
| # include <limits.h>
| #else
| # include <assert.h>
| #endif
| 
| #undef pthread_yield
| 
| /* Override any GCC internal prototype to avoid an error.
|    Use char because int might match the return type of a GCC
|    builtin and then its argument prototype would still apply.  */
| #ifdef __cplusplus
| extern "C"
| #endif
| char pthread_yield ();
| /* The GNU C library defines this for functions which it implements
|     to always fail with ENOSYS.  Some functions are actually named
|     something starting with __ and the normal name is an alias.  */
| #if defined __stub_pthread_yield || defined __stub___pthread_yield
| choke me
| #endif
| 
| int
| main ()
| {
| return pthread_yield ();
|   ;
|   return 0;
| }
configure:12528: result: no
configure:12548: checking sched.h usability
configure:12565: cc -c     conftest.c >&5
configure:12572: $? = 0
configure:12586: result: yes
configure:12590: checking sched.h presence
configure:12605: cc -E  conftest.c
configure:12612: $? = 0
configure:12626: result: yes
configure:12659: checking for sched.h
configure:12666: result: yes
configure:12675: checking for sched_yield
configure:12731: cc -o conftest      conftest.c -lpthread  >&5
"conftest.c", line 65: warning: statement not reached
configure:12738: $? = 0
configure:12760: result: yes
configure:12782: checking if 100 threads can be run at once
configure:12830: cc -o conftest      conftest.c -lpthread  >&5
"conftest.c", line 57: warning: statement not reached
configure:12834: $? = 0
configure:12840: ./conftest
configure:12844: $? = 0
configure:12846: result: yes
configure:12963: checking size of void *
configure:13268: cc -o conftest      conftest.c -lpthread  >&5
"conftest.c", line 94: warning: statement not reached
configure:13272: $? = 0
configure:13278: ./conftest
configure:13282: $? = 0
configure:13308: result: 4
configure:13322: checking size of int
configure:13627: cc -o conftest      conftest.c -lpthread  >&5
"conftest.c", line 95: warning: statement not reached
configure:13631: $? = 0
configure:13637: ./conftest
configure:13641: $? = 0
configure:13667: result: 4
configure:13790: checking if compiler rejects bogus asm statements
configure:13815: cc -o conftest      conftest.c -lpthread  >&5
Assembler: 
	"/tmp/yabeAAA4iaOsb", line 13 : Illegal mnemonic
	Near line: "ILLEGAL_ASM_STMT"
	"/tmp/yabeAAA4iaOsb", line 13 : Syntax error
	Near line: "ILLEGAL_ASM_STMT"
Failure in /opt/SunStudioExpress/prod/bin/fbe, status = 0x7f00
Fatal Error exec'ing /opt/SunStudioExpress/prod/bin/fbe
cc: acomp failed for conftest.c
configure:13822: $? = 1
configure: failed program was:
| /* confdefs.h.  */
| #define PACKAGE_NAME "OpenPA"
| #define PACKAGE_TARNAME "openpa"
| #define PACKAGE_VERSION "1.0.2"
| #define PACKAGE_STRING "OpenPA 1.0.2"
| #define PACKAGE_BUGREPORT "https://trac.mcs.anl.gov/projects/openpa/newticket"
| #define PACKAGE "openpa"
| #define VERSION "1.0.2"
| #define STDC_HEADERS 1
| #define HAVE_SYS_TYPES_H 1
| #define HAVE_SYS_STAT_H 1
| #define HAVE_STDLIB_H 1
| #define HAVE_STRING_H 1
| #define HAVE_MEMORY_H 1
| #define HAVE_STRINGS_H 1
| #define HAVE_INTTYPES_H 1
| #define HAVE_STDINT_H 1
| #define HAVE_UNISTD_H 1
| #define HAVE_DLFCN_H 1
| #define LT_OBJDIR ".libs/"
| #define HAVE_PTHREAD_H 1
| #define HAVE_ATOMIC_H 1
| #define HAVE_INTTYPES_H 1
| #define HAVE_STDINT_H 1
| #define HAVE_STDDEF_H 1
| #define restrict __restrict__
| #define HAVE_LIBPTHREAD 1
| #define HAVE_SCHED_YIELD 1
| #define MAX_NTHREADS 100
| #define SIZEOF_VOID_P 4
| #define SIZEOF_INT 4
| /* end confdefs.h.  */
| 
| int
| main ()
| {
| 
|     __asm__ __volatile__ ("ILLEGAL_ASM_STMT");
| 
|   ;
|   return 0;
| }
configure:13839: result: yes
configure:13899: checking for support for gcc x86/x86_64 primitives
configure:14066: cc -o conftest    -I./src   conftest.c -lpthread  >&5
"./src/primitives/opa_gcc_intel_32_64_ops.h", line 59: warning: impossible constraint for "%1" asm operand 
"./src/primitives/opa_gcc_intel_32_64_ops.h", line 59: warning: parameter in inline asm statement unused: %2
"./src/primitives/opa_gcc_intel_32_64_ops.h", line 67: warning: parameter in inline asm statement unused: %1
"./src/primitives/opa_gcc_intel_32_64_ops.h", line 75: warning: parameter in inline asm statement unused: %1
"./src/primitives/opa_gcc_intel_32_64_ops.h", line 85: warning: parameter in inline asm statement unused: %2
"./src/primitives/opa_gcc_intel_32_64_ops.h", line 93: warning: parameter in inline asm statement unused: %3
"./src/primitives/opa_gcc_intel_32_64_ops.h", line 106: warning: parameter in inline asm statement unused: %1
"./src/primitives/opa_gcc_intel_32_64_ops.h", line 115: warning: parameter in inline asm statement unused: %1
"./src/primitives/opa_gcc_intel_32_64_ops.h", line 123: warning: parameter in inline asm statement unused: %3
"./src/primitives/opa_gcc_intel_32_64_ops.h", line 131: warning: parameter in inline asm statement unused: %3
configure:14070: $? = 0
configure:14076: ./conftest
configure:14080: $? = 0
configure:14088: result: yes
configure:14116: checking for support for gcc x86 primitives for pre-Pentium 4
configure:14283: cc -o conftest    -I./src   conftest.c -lpthread  >&5
"./src/primitives/opa_gcc_intel_32_64_ops.h", line 59: warning: impossible constraint for "%1" asm operand 
"./src/primitives/opa_gcc_intel_32_64_ops.h", line 59: warning: parameter in inline asm statement unused: %2
"./src/primitives/opa_gcc_intel_32_64_ops.h", line 67: warning: parameter in inline asm statement unused: %1
"./src/primitives/opa_gcc_intel_32_64_ops.h", line 75: warning: parameter in inline asm statement unused: %1
"./src/primitives/opa_gcc_intel_32_64_ops.h", line 85: warning: parameter in inline asm statement unused: %2
"./src/primitives/opa_gcc_intel_32_64_ops.h", line 93: warning: parameter in inline asm statement unused: %3
"./src/primitives/opa_gcc_intel_32_64_ops.h", line 106: warning: parameter in inline asm statement unused: %1
"./src/primitives/opa_gcc_intel_32_64_ops.h", line 115: warning: parameter in inline asm statement unused: %1
"./src/primitives/opa_gcc_intel_32_64_ops.h", line 123: warning: parameter in inline asm statement unused: %3
"./src/primitives/opa_gcc_intel_32_64_ops.h", line 131: warning: parameter in inline asm statement unused: %3
configure:14287: $? = 0
configure:14293: ./conftest
configure:14297: $? = 0
configure:14305: result: yes
configure:14332: checking for support for gcc ia64 primitives
configure:14398: cc -o conftest    -I./src   conftest.c -lpthread  >&5
"./src/primitives/opa_gcc_ia64.h", line 54: warning: parameter in inline asm statement unused: %1
"./src/primitives/opa_gcc_ia64.h", line 75: warning: parameter in inline asm statement unused: %2
"./src/primitives/opa_gcc_ia64.h", line 100: warning: parameter in inline asm statement unused: %1
"./src/primitives/opa_gcc_ia64.h", line 101: warning: parameter in inline asm statement unused: %1
"./src/primitives/opa_gcc_ia64.h", line 102: warning: parameter in inline asm statement unused: %1
"./src/primitives/opa_gcc_ia64.h", line 103: warning: parameter in inline asm statement unused: %1
"./src/primitives/opa_gcc_ia64.h", line 104: warning: parameter in inline asm statement unused: %1
"./src/primitives/opa_gcc_ia64.h", line 105: warning: parameter in inline asm statement unused: %1
"./src/primitives/opa_gcc_ia64.h", line 106: warning: parameter in inline asm statement unused: %1
"./src/primitives/opa_gcc_ia64.h", line 107: warning: parameter in inline asm statement unused: %1
"./src/primitives/opa_gcc_ia64.h", line 131: warning: parameter in inline asm statement unused: %2
"./src/primitives/opa_gcc_ia64.h", line 139: warning: parameter in inline asm statement unused: %1
"./src/primitives/opa_gcc_ia64.h", line 148: warning: parameter in inline asm statement unused: %1
Assembler: 
	"/tmp/yabeAAAqmaWvb", line 84 : Illegal mnemonic
	Near line: "fetchadd4.rel %eax=[%eax],$-1"
	"/tmp/yabeAAAqmaWvb", line 84 : Syntax error
	Near line: "fetchadd4.rel %eax=[%eax],$-1"
	"/tmp/yabeAAAqmaWvb", line 115 : Illegal mnemonic
	Near line: "zxt4 (%eax)=(%eax);;mov ar.ccv=(%eax);;cmpxchg4.rel %ebx=[%edx],%ecx,ar.ccv"
	"/tmp/yabeAAAqmaWvb", line 115 : Syntax error
	Near line: "zxt4 (%eax)=(%eax);;mov ar.ccv=(%eax);;cmpxchg4.rel %ebx=[%edx],%ecx,ar.ccv"
	"/tmp/yabeAAAqmaWvb", line 115 : Syntax error
	Near line: "zxt4 (%eax)=(%eax);;mov ar.ccv=(%eax);;cmpxchg4.rel %ebx=[%edx],%ecx,ar.ccv"
	"/tmp/yabeAAAqmaWvb", line 115 : Illegal mnemonic
	Near line: "zxt4 (%eax)=(%eax);;mov ar.ccv=(%eax);;cmpxchg4.rel %ebx=[%edx],%ecx,ar.ccv"
	"/tmp/yabeAAAqmaWvb", line 115 : Syntax error
	Near line: "zxt4 (%eax)=(%eax);;mov ar.ccv=(%eax);;cmpxchg4.rel %ebx=[%edx],%ecx,ar.ccv"
	"/tmp/yabeAAAqmaWvb", line 115 : Illegal mnemonic
	Near line: "zxt4 (%eax)=(%eax);;mov ar.ccv=(%eax);;cmpxchg4.rel %ebx=[%edx],%ecx,ar.ccv"
	"/tmp/yabeAAAqmaWvb", line 145 : Illegal mnemonic
	Near line: "fetchadd4.rel %eax=[%eax],$-16"
	"/tmp/yabeAAAqmaWvb", line 145 : Syntax error
	Near line: "fetchadd4.rel %eax=[%eax],$-16"
	"/tmp/yabeAAAqmaWvb", line 157 : Illegal mnemonic
	Near line: "fetchadd4.rel %eax=[%eax],$-8"
	"/tmp/yabeAAAqmaWvb", line 157 : Syntax error
	Near line: "fetchadd4.rel %eax=[%eax],$-8"
	"/tmp/yabeAAAqmaWvb", line 169 : Illegal mnemonic
	Near line: "fetchadd4.rel %eax=[%eax],$-4"
	"/tmp/yabeAAAqmaWvb", line 169 : Syntax error
	Near line: "fetchadd4.rel %eax=[%eax],$-4"
	"/tmp/yabeAAAqmaWvb", line 181 : Illegal mnemonic
	Near line: "fetchadd4.rel %eax=[%eax],$-1"
	"/tmp/yabeAAAqmaWvb", line 181 : Syntax error
	Near line: "fetchadd4.rel %eax=[%eax],$-1"
	"/tmp/yabeAAAqmaWvb", line 193 : Illegal mnemonic
	Near line: "fetchadd4.rel %eax=[%eax],$1"
	"/tmp/yabeAAAqmaWvb", line 193 : Syntax error
	Near line: "fetchadd4.rel %eax=[%eax],$1"
	"/tmp/yabeAAAqmaWvb", line 205 : Illegal mnemonic
	Near line: "fetchadd4.rel %eax=[%eax],$4"
	"/tmp/yabeAAAqmaWvb", line 205 : Syntax error
	Near line: "fetchadd4.rel %eax=[%eax],$4"
	"/tmp/yabeAAAqmaWvb", line 217 : Illegal mnemonic
	Near line: "fetchadd4.rel %eax=[%eax],$8"
	"/tmp/yabeAAAqmaWvb", line 217 : Syntax error
	Near line: "fetchadd4.rel %eax=[%eax],$8"
	"/tmp/yabeAAAqmaWvb", line 229 : Illegal mnemonic
	Near line: "fetchadd4.rel %eax=[%eax],$16"
	"/tmp/yabeAAAqmaWvb", line 229 : Syntax error
	Near line: "fetchadd4.rel %eax=[%eax],$16"
	"/tmp/yabeAAAqmaWvb", line 318 : Syntax error
	Near line: "mov ar.ccv=(%eax);;cmpxchg8.rel %eax=[%edx],%ecx,ar.ccv"
	"/tmp/yabeAAAqmaWvb", line 318 : Illegal mnemonic
	Near line: "mov ar.ccv=(%eax);;cmpxchg8.rel %eax=[%edx],%ecx,ar.ccv"
	"/tmp/yabeAAAqmaWvb", line 318 : Syntax error
	Near line: "mov ar.ccv=(%eax);;cmpxchg8.rel %eax=[%edx],%ecx,ar.ccv"
	"/tmp/yabeAAAqmaWvb", line 318 : Illegal mnemonic
	Near line: "mov ar.ccv=(%eax);;cmpxchg8.rel %eax=[%edx],%ecx,ar.ccv"
	"/tmp/yabeAAAqmaWvb", line 343 : Illegal mnemonic
	Near line: "xchg8 %edx=[%eax],%edx"
	"/tmp/yabeAAAqmaWvb", line 343 : Syntax error
	Near line: "xchg8 %edx=[%eax],%edx"
	"/tmp/yabeAAAqmaWvb", line 368 : Illegal mnemonic
	Near line: "xchg8 %edx=[%eax],%edx"
Too many errors - Goodbye
Failure in /opt/SunStudioExpress/prod/bin/fbe, status = 0x7f00
Fatal Error exec'ing /opt/SunStudioExpress/prod/bin/fbe
cc: acomp failed for conftest.c
configure:14405: $? = 1
configure: failed program was:
| /* confdefs.h.  */
| #define PACKAGE_NAME "OpenPA"
| #define PACKAGE_TARNAME "openpa"
| #define PACKAGE_VERSION "1.0.2"
| #define PACKAGE_STRING "OpenPA 1.0.2"
| #define PACKAGE_BUGREPORT "https://trac.mcs.anl.gov/projects/openpa/newticket"
| #define PACKAGE "openpa"
| #define VERSION "1.0.2"
| #define STDC_HEADERS 1
| #define HAVE_SYS_TYPES_H 1
| #define HAVE_SYS_STAT_H 1
| #define HAVE_STDLIB_H 1
| #define HAVE_STRING_H 1
| #define HAVE_MEMORY_H 1
| #define HAVE_STRINGS_H 1
| #define HAVE_INTTYPES_H 1
| #define HAVE_STDINT_H 1
| #define HAVE_UNISTD_H 1
| #define HAVE_DLFCN_H 1
| #define LT_OBJDIR ".libs/"
| #define HAVE_PTHREAD_H 1
| #define HAVE_ATOMIC_H 1
| #define HAVE_INTTYPES_H 1
| #define HAVE_STDINT_H 1
| #define HAVE_STDDEF_H 1
| #define restrict __restrict__
| #define HAVE_LIBPTHREAD 1
| #define HAVE_SCHED_YIELD 1
| #define MAX_NTHREADS 100
| #define SIZEOF_VOID_P 4
| #define SIZEOF_INT 4
| #define HAVE_GCC_X86_32_64 1
| #define HAVE_GCC_X86_32_64_P3 1
| /* end confdefs.h.  */
| 
| #define OPA_SIZEOF_INT SIZEOF_INT
| #define OPA_SIZEOF_VOID_P SIZEOF_VOID_P
| #ifndef _opa_inline
| #define _opa_inline inline
| #endif
| #ifndef _opa_restrict
| #define _opa_restrict restrict
| #endif
| #ifndef _opa_const
| #define _opa_const const
| #endif
| #ifdef HAVE_GCC_ATTRIBUTE
| #define OPA_HAVE_GCC_ATTRIBUTE 1
| #endif
| #include "opa_util.h" /* for OPA_ATTRIBUTE and friends */
| #include "primitives/opa_gcc_ia64.h"
| 
| int
| main ()
| {
| 
|     OPA_int_t a, b;
|     int c;
| 
|     OPA_store_int(&a, 0);
|     OPA_store_int(&b, 1);
|     c = OPA_load_int(&a);
| 
|     OPA_add_int(&a, 10);
|     OPA_incr_int(&a);
|     OPA_decr_int(&a);
| 
|     c = OPA_decr_and_test_int(&a);
|     c = OPA_fetch_and_add_int(&a, 10);
|     c = OPA_fetch_and_incr_int(&a);
|     c = OPA_fetch_and_decr_int(&a);
| 
|     c = OPA_cas_int(&a, 10, 11);
|     c = OPA_swap_int(&a, OPA_load_int(&b));
| 
|     OPA_write_barrier();
|     OPA_read_barrier();
|     OPA_read_write_barrier();
| 
|   ;
|   return 0;
| }
| 
configure:14426: result: no
configure:14443: checking for support for gcc PowerPC atomics
configure:14509: cc -o conftest    -I./src   conftest.c -lpthread  >&5
Assembler: 
	"/tmp/yabeAAAmna4wb", line 82 : Illegal mnemonic
	Near line: "lwarx %eax,0,%eax"
	"/tmp/yabeAAAmna4wb", line 82 : Syntax error
	Near line: "lwarx %eax,0,%eax"
	"/tmp/yabeAAAmna4wb", line 109 : Illegal mnemonic
	Near line: "stwcx. %edx,0,%eax;"
	"/tmp/yabeAAAmna4wb", line 109 : Syntax error
	Near line: "stwcx. %edx,0,%eax;"
	"/tmp/yabeAAAmna4wb", line 110 : Illegal mnemonic
	Near line: "beq 1f;"
	"/tmp/yabeAAAmna4wb", line 110 : Syntax error
	Near line: "beq 1f;"
	"/tmp/yabeAAAmna4wb", line 110 : Illegal reference to numeric label
	"/tmp/yabeAAAmna4wb", line 111 : Illegal mnemonic
	Near line: "li %ecx, 0;"
	"/tmp/yabeAAAmna4wb", line 111 : Syntax error
	Near line: "li %ecx, 0;"
	"/tmp/yabeAAAmna4wb", line 133 : Illegal mnemonic
	Near line: "lwarx %eax,0,%eax"
	"/tmp/yabeAAAmna4wb", line 133 : Syntax error
	Near line: "lwarx %eax,0,%eax"
	"/tmp/yabeAAAmna4wb", line 160 : Illegal mnemonic
	Near line: "stwcx. %edx,0,%eax;"
	"/tmp/yabeAAAmna4wb", line 160 : Syntax error
	Near line: "stwcx. %edx,0,%eax;"
	"/tmp/yabeAAAmna4wb", line 161 : Illegal mnemonic
	Near line: "beq 1f;"
	"/tmp/yabeAAAmna4wb", line 161 : Syntax error
	Near line: "beq 1f;"
	"/tmp/yabeAAAmna4wb", line 161 : Illegal reference to numeric label
	"/tmp/yabeAAAmna4wb", line 162 : Illegal mnemonic
	Near line: "li %ecx, 0;"
	"/tmp/yabeAAAmna4wb", line 162 : Syntax error
	Near line: "li %ecx, 0;"
	"/tmp/yabeAAAmna4wb", line 874 : Illegal mnemonic
	Near line: "sync"
	"/tmp/yabeAAAmna4wb", line 874 : Syntax error
	Near line: "sync"
	"/tmp/yabeAAAmna4wb", line 875 : Illegal mnemonic
	Near line: "sync"
	"/tmp/yabeAAAmna4wb", line 875 : Syntax error
	Near line: "sync"
	"/tmp/yabeAAAmna4wb", line 876 : Illegal mnemonic
	Near line: "sync"
	"/tmp/yabeAAAmna4wb", line 876 : Syntax error
	Near line: "sync"
Failure in /opt/SunStudioExpress/prod/bin/fbe, status = 0x7f00
Fatal Error exec'ing /opt/SunStudioExpress/prod/bin/fbe
cc: acomp failed for conftest.c
configure:14516: $? = 1
configure: failed program was:
| /* confdefs.h.  */
| #define PACKAGE_NAME "OpenPA"
| #define PACKAGE_TARNAME "openpa"
| #define PACKAGE_VERSION "1.0.2"
| #define PACKAGE_STRING "OpenPA 1.0.2"
| #define PACKAGE_BUGREPORT "https://trac.mcs.anl.gov/projects/openpa/newticket"
| #define PACKAGE "openpa"
| #define VERSION "1.0.2"
| #define STDC_HEADERS 1
| #define HAVE_SYS_TYPES_H 1
| #define HAVE_SYS_STAT_H 1
| #define HAVE_STDLIB_H 1
| #define HAVE_STRING_H 1
| #define HAVE_MEMORY_H 1
| #define HAVE_STRINGS_H 1
| #define HAVE_INTTYPES_H 1
| #define HAVE_STDINT_H 1
| #define HAVE_UNISTD_H 1
| #define HAVE_DLFCN_H 1
| #define LT_OBJDIR ".libs/"
| #define HAVE_PTHREAD_H 1
| #define HAVE_ATOMIC_H 1
| #define HAVE_INTTYPES_H 1
| #define HAVE_STDINT_H 1
| #define HAVE_STDDEF_H 1
| #define restrict __restrict__
| #define HAVE_LIBPTHREAD 1
| #define HAVE_SCHED_YIELD 1
| #define MAX_NTHREADS 100
| #define SIZEOF_VOID_P 4
| #define SIZEOF_INT 4
| #define HAVE_GCC_X86_32_64 1
| #define HAVE_GCC_X86_32_64_P3 1
| /* end confdefs.h.  */
| 
| #define OPA_SIZEOF_INT SIZEOF_INT
| #define OPA_SIZEOF_VOID_P SIZEOF_VOID_P
| #ifndef _opa_inline
| #define _opa_inline inline
| #endif
| #ifndef _opa_restrict
| #define _opa_restrict restrict
| #endif
| #ifndef _opa_const
| #define _opa_const const
| #endif
| #ifdef HAVE_GCC_ATTRIBUTE
| #define OPA_HAVE_GCC_ATTRIBUTE 1
| #endif
| #include "opa_util.h" /* for OPA_ATTRIBUTE and friends */
| #include "primitives/opa_gcc_ppc.h"
| 
| int
| main ()
| {
| 
|     OPA_int_t a, b;
|     int c;
| 
|     OPA_store_int(&a, 0);
|     OPA_store_int(&b, 1);
|     c = OPA_load_int(&a);
| 
|     OPA_add_int(&a, 10);
|     OPA_incr_int(&a);
|     OPA_decr_int(&a);
| 
|     c = OPA_decr_and_test_int(&a);
|     c = OPA_fetch_and_add_int(&a, 10);
|     c = OPA_fetch_and_incr_int(&a);
|     c = OPA_fetch_and_decr_int(&a);
| 
|     c = OPA_cas_int(&a, 10, 11);
|     c = OPA_swap_int(&a, OPA_load_int(&b));
| 
|     OPA_write_barrier();
|     OPA_read_barrier();
|     OPA_read_write_barrier();
| 
|   ;
|   return 0;
| }
| 
configure:14537: result: no
configure:14554: checking for support for gcc SiCortex atomics
configure:14620: cc -o conftest    -I./src   conftest.c -lpthread  >&5
Assembler: 
	"/tmp/yabeAAAfoaayb", line 87 : Syntax error
	Near line: "       .set    mips3                                   "
	"/tmp/yabeAAAfoaayb", line 88 : Syntax error
	Near line: "       .set    noreorder                               "
	"/tmp/yabeAAAfoaayb", line 89 : Illegal mnemonic
	Near line: "1:     ll      %ecx, (%eax)          # fetch_add_4           "
	"/tmp/yabeAAAfoaayb", line 89 : Syntax error
	Near line: "1:     ll      %ecx, (%eax)          # fetch_add_4           "
	"/tmp/yabeAAAfoaayb", line 90 : Illegal mnemonic
	Near line: "       addu    %ebx, %ecx, %edx                              "
	"/tmp/yabeAAAfoaayb", line 90 : Syntax error
	Near line: "       addu    %ebx, %ecx, %edx                              "
	"/tmp/yabeAAAfoaayb", line 91 : Illegal mnemonic
	Near line: "       sc      %ebx, (%eax)                                  "
	"/tmp/yabeAAAfoaayb", line 91 : Syntax error
	Near line: "       sc      %ebx, (%eax)                                  "
	"/tmp/yabeAAAfoaayb", line 92 : Illegal mnemonic
	Near line: "       beqz    %ebx, 1b                                  "
	"/tmp/yabeAAAfoaayb", line 92 : Syntax error
	Near line: "       beqz    %ebx, 1b                                  "
	"/tmp/yabeAAAfoaayb", line 92 : Illegal reference to numeric label
	"/tmp/yabeAAAfoaayb", line 94 : Syntax error
	Near line: "       .set    reorder                                 "
	"/tmp/yabeAAAfoaayb", line 95 : Syntax error
	Near line: "       .set    mips0                                   "
	"/tmp/yabeAAAfoaayb", line 124 : Syntax error
	Near line: "       .set    mips3                                   "
	"/tmp/yabeAAAfoaayb", line 125 : Syntax error
	Near line: "       .set    noreorder                               "
	"/tmp/yabeAAAfoaayb", line 126 : Illegal mnemonic
	Near line: "1:     lld     %ecx, (%eax)          # fetch_add_8           "
	"/tmp/yabeAAAfoaayb", line 126 : Syntax error
	Near line: "1:     lld     %ecx, (%eax)          # fetch_add_8           "
	"/tmp/yabeAAAfoaayb", line 127 : Illegal mnemonic
	Near line: "       daddu   %ebx, %ecx, %edx                              "
	"/tmp/yabeAAAfoaayb", line 127 : Syntax error
	Near line: "       daddu   %ebx, %ecx, %edx                              "
	"/tmp/yabeAAAfoaayb", line 128 : Illegal mnemonic
	Near line: "       scd     %ebx, (%eax)                                  "
	"/tmp/yabeAAAfoaayb", line 128 : Syntax error
	Near line: "       scd     %ebx, (%eax)                                  "
	"/tmp/yabeAAAfoaayb", line 129 : Illegal mnemonic
	Near line: "       beqz    %ebx, 1b                                  "
	"/tmp/yabeAAAfoaayb", line 129 : Syntax error
	Near line: "       beqz    %ebx, 1b                                  "
	"/tmp/yabeAAAfoaayb", line 129 : Illegal reference to numeric label
	"/tmp/yabeAAAfoaayb", line 131 : Syntax error
	Near line: "       .set    reorder                                 "
	"/tmp/yabeAAAfoaayb", line 132 : Syntax error
	Near line: "       .set    mips0                                   "
	"/tmp/yabeAAAfoaayb", line 161 : Syntax error
	Near line: "       .set    mips3                                   "
	"/tmp/yabeAAAfoaayb", line 162 : Syntax error
	Near line: "       .set    noreorder                               "
	"/tmp/yabeAAAfoaayb", line 163 : Illegal mnemonic
	Near line: "1:     ll      %ecx, (%eax)          # swap_4                "
	"/tmp/yabeAAAfoaayb", line 163 : Syntax error
	Near line: "1:     ll      %ecx, (%eax)          # swap_4                "
	"/tmp/yabeAAAfoaayb", line 164 : Illegal mnemonic
	Near line: "       move    %ebx, %edx                                  "
Too many errors - Goodbye
Failure in /opt/SunStudioExpress/prod/bin/fbe, status = 0x7f00
Fatal Error exec'ing /opt/SunStudioExpress/prod/bin/fbe
cc: acomp failed for conftest.c
configure:14627: $? = 1
configure: failed program was:
| /* confdefs.h.  */
| #define PACKAGE_NAME "OpenPA"
| #define PACKAGE_TARNAME "openpa"
| #define PACKAGE_VERSION "1.0.2"
| #define PACKAGE_STRING "OpenPA 1.0.2"
| #define PACKAGE_BUGREPORT "https://trac.mcs.anl.gov/projects/openpa/newticket"
| #define PACKAGE "openpa"
| #define VERSION "1.0.2"
| #define STDC_HEADERS 1
| #define HAVE_SYS_TYPES_H 1
| #define HAVE_SYS_STAT_H 1
| #define HAVE_STDLIB_H 1
| #define HAVE_STRING_H 1
| #define HAVE_MEMORY_H 1
| #define HAVE_STRINGS_H 1
| #define HAVE_INTTYPES_H 1
| #define HAVE_STDINT_H 1
| #define HAVE_UNISTD_H 1
| #define HAVE_DLFCN_H 1
| #define LT_OBJDIR ".libs/"
| #define HAVE_PTHREAD_H 1
| #define HAVE_ATOMIC_H 1
| #define HAVE_INTTYPES_H 1
| #define HAVE_STDINT_H 1
| #define HAVE_STDDEF_H 1
| #define restrict __restrict__
| #define HAVE_LIBPTHREAD 1
| #define HAVE_SCHED_YIELD 1
| #define MAX_NTHREADS 100
| #define SIZEOF_VOID_P 4
| #define SIZEOF_INT 4
| #define HAVE_GCC_X86_32_64 1
| #define HAVE_GCC_X86_32_64_P3 1
| /* end confdefs.h.  */
| 
| #define OPA_SIZEOF_INT SIZEOF_INT
| #define OPA_SIZEOF_VOID_P SIZEOF_VOID_P
| #ifndef _opa_inline
| #define _opa_inline inline
| #endif
| #ifndef _opa_restrict
| #define _opa_restrict restrict
| #endif
| #ifndef _opa_const
| #define _opa_const const
| #endif
| #ifdef HAVE_GCC_ATTRIBUTE
| #define OPA_HAVE_GCC_ATTRIBUTE 1
| #endif
| #include "opa_util.h" /* for OPA_ATTRIBUTE and friends */
| #include "primitives/opa_gcc_sicortex.h"
| 
| int
| main ()
| {
| 
|     OPA_int_t a, b;
|     int c;
| 
|     OPA_store_int(&a, 0);
|     OPA_store_int(&b, 1);
|     c = OPA_load_int(&a);
| 
|     OPA_add_int(&a, 10);
|     OPA_incr_int(&a);
|     OPA_decr_int(&a);
| 
|     c = OPA_decr_and_test_int(&a);
|     c = OPA_fetch_and_add_int(&a, 10);
|     c = OPA_fetch_and_incr_int(&a);
|     c = OPA_fetch_and_decr_int(&a);
| 
|     c = OPA_cas_int(&a, 10, 11);
|     c = OPA_swap_int(&a, OPA_load_int(&b));
| 
|     OPA_write_barrier();
|     OPA_read_barrier();
|     OPA_read_write_barrier();
| 
|   ;
|   return 0;
| }
| 
configure:14648: result: no
configure:14667: checking for support for gcc atomic intrinsics
configure:14733: cc -o conftest    -I./src   conftest.c -lpthread  >&5
"./src/primitives/opa_gcc_intrinsics.h", line 47: warning: implicit function declaration: __sync_fetch_and_add
"./src/primitives/opa_gcc_intrinsics.h", line 52: warning: implicit function declaration: __sync_sub_and_fetch
"./src/primitives/opa_gcc_intrinsics.h", line 64: warning: implicit function declaration: __sync_val_compare_and_swap
"./src/primitives/opa_gcc_intrinsics.h", line 64: warning: improper pointer/integer combination: op "="
"conftest.c", line 76: warning: implicit function declaration: __sync_synchronize
Undefined			first referenced
 symbol  			    in file
__sync_synchronize                  conftest.o
__sync_sub_and_fetch                conftest.o
__sync_fetch_and_add                conftest.o
__sync_val_compare_and_swap         conftest.o
ld: fatal: symbol referencing errors. No output written to conftest
configure:14740: $? = 1
configure: failed program was:
| /* confdefs.h.  */
| #define PACKAGE_NAME "OpenPA"
| #define PACKAGE_TARNAME "openpa"
| #define PACKAGE_VERSION "1.0.2"
| #define PACKAGE_STRING "OpenPA 1.0.2"
| #define PACKAGE_BUGREPORT "https://trac.mcs.anl.gov/projects/openpa/newticket"
| #define PACKAGE "openpa"
| #define VERSION "1.0.2"
| #define STDC_HEADERS 1
| #define HAVE_SYS_TYPES_H 1
| #define HAVE_SYS_STAT_H 1
| #define HAVE_STDLIB_H 1
| #define HAVE_STRING_H 1
| #define HAVE_MEMORY_H 1
| #define HAVE_STRINGS_H 1
| #define HAVE_INTTYPES_H 1
| #define HAVE_STDINT_H 1
| #define HAVE_UNISTD_H 1
| #define HAVE_DLFCN_H 1
| #define LT_OBJDIR ".libs/"
| #define HAVE_PTHREAD_H 1
| #define HAVE_ATOMIC_H 1
| #define HAVE_INTTYPES_H 1
| #define HAVE_STDINT_H 1
| #define HAVE_STDDEF_H 1
| #define restrict __restrict__
| #define HAVE_LIBPTHREAD 1
| #define HAVE_SCHED_YIELD 1
| #define MAX_NTHREADS 100
| #define SIZEOF_VOID_P 4
| #define SIZEOF_INT 4
| #define HAVE_GCC_X86_32_64 1
| #define HAVE_GCC_X86_32_64_P3 1
| /* end confdefs.h.  */
| 
| #define OPA_SIZEOF_INT SIZEOF_INT
| #define OPA_SIZEOF_VOID_P SIZEOF_VOID_P
| #ifndef _opa_inline
| #define _opa_inline inline
| #endif
| #ifndef _opa_restrict
| #define _opa_restrict restrict
| #endif
| #ifndef _opa_const
| #define _opa_const const
| #endif
| #ifdef HAVE_GCC_ATTRIBUTE
| #define OPA_HAVE_GCC_ATTRIBUTE 1
| #endif
| #include "opa_util.h" /* for OPA_ATTRIBUTE and friends */
| #include "primitives/opa_gcc_intrinsics.h"
| 
| int
| main ()
| {
| 
|     OPA_int_t a, b;
|     int c;
| 
|     OPA_store_int(&a, 0);
|     OPA_store_int(&b, 1);
|     c = OPA_load_int(&a);
| 
|     OPA_add_int(&a, 10);
|     OPA_incr_int(&a);
|     OPA_decr_int(&a);
| 
|     c = OPA_decr_and_test_int(&a);
|     c = OPA_fetch_and_add_int(&a, 10);
|     c = OPA_fetch_and_incr_int(&a);
|     c = OPA_fetch_and_decr_int(&a);
| 
|     c = OPA_cas_int(&a, 10, 11);
|     c = OPA_swap_int(&a, OPA_load_int(&b));
| 
|     OPA_write_barrier();
|     OPA_read_barrier();
|     OPA_read_write_barrier();
| 
|   ;
|   return 0;
| }
| 
configure:14761: result: no
configure:14778: checking for support for Windows NT atomic intrinsics
configure:14844: cc -o conftest    -I./src   conftest.c -lpthread  >&5
"./src/primitives/opa_nt_intrinsics.h", line 11: cannot find include file: <windows.h>
"./src/primitives/opa_nt_intrinsics.h", line 12: cannot find include file: <intrin.h>
"./src/primitives/opa_nt_intrinsics.h", line 13: cannot find include file: "mpi.h"
"./src/primitives/opa_nt_intrinsics.h", line 45: warning: implicit function declaration: _InterlockedExchangeAdd
"./src/primitives/opa_nt_intrinsics.h", line 50: warning: implicit function declaration: _InterlockedIncrement
"./src/primitives/opa_nt_intrinsics.h", line 55: warning: implicit function declaration: _InterlockedDecrement
"./src/primitives/opa_nt_intrinsics.h", line 71: undefined symbol: LONG_PTR
"./src/primitives/opa_nt_intrinsics.h", line 71: syntax error before or at: _InterlockedCompareExchange
"./src/primitives/opa_nt_intrinsics.h", line 88: undefined symbol: LONG_PTR
"./src/primitives/opa_nt_intrinsics.h", line 88: syntax error before or at: _InterlockedExchange
"./src/primitives/opa_nt_intrinsics.h", line 100: warning: implicit function declaration: _InterlockedCompareExchange
"./src/primitives/opa_nt_intrinsics.h", line 105: warning: implicit function declaration: _InterlockedExchange
"conftest.c", line 76: warning: implicit function declaration: _WriteBarrier
"conftest.c", line 77: warning: implicit function declaration: _ReadBarrier
"conftest.c", line 78: warning: implicit function declaration: _ReadWriteBarrier
cc: acomp failed for conftest.c
configure:14851: $? = 1
configure: failed program was:
| /* confdefs.h.  */
| #define PACKAGE_NAME "OpenPA"
| #define PACKAGE_TARNAME "openpa"
| #define PACKAGE_VERSION "1.0.2"
| #define PACKAGE_STRING "OpenPA 1.0.2"
| #define PACKAGE_BUGREPORT "https://trac.mcs.anl.gov/projects/openpa/newticket"
| #define PACKAGE "openpa"
| #define VERSION "1.0.2"
| #define STDC_HEADERS 1
| #define HAVE_SYS_TYPES_H 1
| #define HAVE_SYS_STAT_H 1
| #define HAVE_STDLIB_H 1
| #define HAVE_STRING_H 1
| #define HAVE_MEMORY_H 1
| #define HAVE_STRINGS_H 1
| #define HAVE_INTTYPES_H 1
| #define HAVE_STDINT_H 1
| #define HAVE_UNISTD_H 1
| #define HAVE_DLFCN_H 1
| #define LT_OBJDIR ".libs/"
| #define HAVE_PTHREAD_H 1
| #define HAVE_ATOMIC_H 1
| #define HAVE_INTTYPES_H 1
| #define HAVE_STDINT_H 1
| #define HAVE_STDDEF_H 1
| #define restrict __restrict__
| #define HAVE_LIBPTHREAD 1
| #define HAVE_SCHED_YIELD 1
| #define MAX_NTHREADS 100
| #define SIZEOF_VOID_P 4
| #define SIZEOF_INT 4
| #define HAVE_GCC_X86_32_64 1
| #define HAVE_GCC_X86_32_64_P3 1
| /* end confdefs.h.  */
| 
| #define OPA_SIZEOF_INT SIZEOF_INT
| #define OPA_SIZEOF_VOID_P SIZEOF_VOID_P
| #ifndef _opa_inline
| #define _opa_inline inline
| #endif
| #ifndef _opa_restrict
| #define _opa_restrict restrict
| #endif
| #ifndef _opa_const
| #define _opa_const const
| #endif
| #ifdef HAVE_GCC_ATTRIBUTE
| #define OPA_HAVE_GCC_ATTRIBUTE 1
| #endif
| #include "opa_util.h" /* for OPA_ATTRIBUTE and friends */
| #include "primitives/opa_nt_intrinsics.h"
| 
| int
| main ()
| {
| 
|     OPA_int_t a, b;
|     int c;
| 
|     OPA_store_int(&a, 0);
|     OPA_store_int(&b, 1);
|     c = OPA_load_int(&a);
| 
|     OPA_add_int(&a, 10);
|     OPA_incr_int(&a);
|     OPA_decr_int(&a);
| 
|     c = OPA_decr_and_test_int(&a);
|     c = OPA_fetch_and_add_int(&a, 10);
|     c = OPA_fetch_and_incr_int(&a);
|     c = OPA_fetch_and_decr_int(&a);
| 
|     c = OPA_cas_int(&a, 10, 11);
|     c = OPA_swap_int(&a, OPA_load_int(&b));
| 
|     OPA_write_barrier();
|     OPA_read_barrier();
|     OPA_read_write_barrier();
| 
|   ;
|   return 0;
| }
| 
configure:14872: result: no
configure:14889: checking for support for Sun atomic operations library
configure:14955: cc -o conftest    -I./src   conftest.c -lpthread  >&5
configure:14962: $? = 0
configure:14976: result: yes
configure:15077: checking whether to enable strict fairness checks
configure:15095: result: no
configure:15233: creating ./config.status

## ---------------------- ##
## Running config.status. ##
## ---------------------- ##

This file was extended by OpenPA config.status 1.0.2, which was
generated by GNU Autoconf 2.63.  Invocation command line was

  CONFIG_FILES    = 
  CONFIG_HEADERS  = 
  CONFIG_LINKS    = 
  CONFIG_COMMANDS = 
  $ ./config.status 

on n-gage

config.status:1003: creating Makefile
config.status:1003: creating src/Makefile
config.status:1003: creating test/Makefile
config.status:1003: creating openpa.pc
config.status:1003: creating src/config.h
config.status:1277: executing depfiles commands
config.status:1277: executing libtool commands
config.status:1277: executing src/opa_config.h commands
config.status:2087: creating src/opa_config.h - prefix OPA for src/config.h defines

## ---------------- ##
## Cache variables. ##
## ---------------- ##

ac_cv_build=i386-pc-solaris2.11
ac_cv_c_compiler_gnu=no
ac_cv_c_const=yes
ac_cv_c_inline=inline
ac_cv_c_restrict=__restrict__
ac_cv_env_CC_set=''
ac_cv_env_CC_value=''
ac_cv_env_CFLAGS_set=set
ac_cv_env_CFLAGS_value='  '
ac_cv_env_CPPFLAGS_set=''
ac_cv_env_CPPFLAGS_value=''
ac_cv_env_CPP_set=''
ac_cv_env_CPP_value=''
ac_cv_env_LDFLAGS_set=''
ac_cv_env_LDFLAGS_value=''
ac_cv_env_LIBS_set=''
ac_cv_env_LIBS_value=''
ac_cv_env_build_alias_set=''
ac_cv_env_build_alias_value=''
ac_cv_env_host_alias_set=''
ac_cv_env_host_alias_value=''
ac_cv_env_target_alias_set=''
ac_cv_env_target_alias_value=''
ac_cv_func_pthread_yield=no
ac_cv_func_sched_yield=yes
ac_cv_header_atomic_h=yes
ac_cv_header_dlfcn_h=yes
ac_cv_header_intrin_h=no
ac_cv_header_inttypes_h=yes
ac_cv_header_memory_h=yes
ac_cv_header_pthread_h=yes
ac_cv_header_sched_h=yes
ac_cv_header_stdc=yes
ac_cv_header_stddef_h=yes
ac_cv_header_stdint_h=yes
ac_cv_header_stdlib_h=yes
ac_cv_header_string_h=yes
ac_cv_header_strings_h=yes
ac_cv_header_sys_stat_h=yes
ac_cv_header_sys_types_h=yes
ac_cv_header_unistd_h=yes
ac_cv_host=i386-pc-solaris2.11
ac_cv_lib_pthread_pthread_create=yes
ac_cv_objext=o
ac_cv_path_EGREP='/usr/bin/ggrep -E'
ac_cv_path_FGREP='/usr/bin/ggrep -F'
ac_cv_path_GREP=/usr/bin/ggrep
ac_cv_path_SED=/usr/bin/gsed
ac_cv_path_install='/usr/bin/ginstall -c'
ac_cv_prog_AWK=gawk
ac_cv_prog_CC=cc
ac_cv_prog_CPP='cc -E'
ac_cv_prog_ac_ct_AR=ar
ac_cv_prog_ac_ct_RANLIB=ranlib
ac_cv_prog_ac_ct_STRIP=strip
ac_cv_prog_cc_c89=''
ac_cv_prog_cc_g=yes
ac_cv_prog_make_make_set=yes
ac_cv_sizeof_int=4
ac_cv_sizeof_void_p=4
am_cv_CC_dependencies_compiler_type=none
lt_cv_deplibs_check_method=pass_all
lt_cv_file_magic_cmd='$MAGIC_CMD'
lt_cv_file_magic_test_file=''
lt_cv_ld_reload_flag=-r
lt_cv_nm_interface='BSD nm'
lt_cv_objdir=.libs
lt_cv_path_LD=/usr/bin/ld
lt_cv_path_NM='/usr/bin/nm -p'
lt_cv_prog_compiler_c_o=yes
lt_cv_prog_compiler_pic_works=yes
lt_cv_prog_compiler_static_works=yes
lt_cv_prog_gnu_ld=no
lt_cv_sys_global_symbol_pipe=$'sed -n -e \'s/^.*[\t ]\\([BDRT][BDRT]*\\)[\t ][\t ]*\\([_A-Za-z][_A-Za-z0-9]*\\)$/\\1 \\2 \\2/p\''
lt_cv_sys_global_symbol_to_c_name_address=$'sed -n -e \'s/^: \\([^ ]*\\) $/  {\\"\\1\\", (void *) 0},/p\' -e \'s/^[BDRT]* \\([^ ]*\\) \\([^ ]*\\)$/  {"\\2", (void *) \\&\\2},/p\''
lt_cv_sys_global_symbol_to_c_name_address_lib_prefix=$'sed -n -e \'s/^: \\([^ ]*\\) $/  {\\"\\1\\", (void *) 0},/p\' -e \'s/^[BDRT]* \\([^ ]*\\) \\(lib[^ ]*\\)$/  {"\\2", (void *) \\&\\2},/p\' -e \'s/^[BDRT]* \\([^ ]*\\) \\([^ ]*\\)$/  {"lib\\2", (void *) \\&\\2},/p\''
lt_cv_sys_global_symbol_to_cdecl=$'sed -n -e \'s/^T .* \\(.*\\)$/extern int \\1();/p\' -e \'s/^[BDRT]* .* \\(.*\\)$/extern char \\1;/p\''
lt_cv_sys_max_cmd_len=786240

## ----------------- ##
## Output variables. ##
## ----------------- ##

ACLOCAL='${SHELL} /export/home/balay/mpich2-1.3rc2/src/openpa/confdb/missing --run aclocal-1.11'
AMDEPBACKSLASH='\'
AMDEP_FALSE='#'
AMDEP_TRUE=''
AMTAR='${SHELL} /export/home/balay/mpich2-1.3rc2/src/openpa/confdb/missing --run tar'
AR='ar'
AUTOCONF='${SHELL} /export/home/balay/mpich2-1.3rc2/src/openpa/confdb/missing --run autoconf'
AUTOHEADER='${SHELL} /export/home/balay/mpich2-1.3rc2/src/openpa/confdb/missing --run autoheader'
AUTOMAKE='${SHELL} /export/home/balay/mpich2-1.3rc2/src/openpa/confdb/missing --run automake-1.11'
AWK='gawk'
CC='cc'
CCDEPMODE='depmode=none'
CFLAGS='  '
CPP='cc -E'
CPPFLAGS=''
CYGPATH_W='echo'
DEFS='-DHAVE_CONFIG_H'
DEPDIR='.deps'
DSYMUTIL=''
DUMPBIN=''
ECHO_C='\c'
ECHO_N=''
ECHO_T=''
EGREP='/usr/bin/ggrep -E'
EXEEXT=''
FGREP='/usr/bin/ggrep -F'
GREP='/usr/bin/ggrep'
INSTALL_DATA='${INSTALL} -m 644'
INSTALL_PROGRAM='${INSTALL}'
INSTALL_SCRIPT='${INSTALL}'
INSTALL_STRIP_PROGRAM='$(install_sh) -c -s'
LD='/usr/bin/ld'
LDFLAGS=''
LIBOBJS=''
LIBS='-lpthread '
LIBTOOL='$(SHELL) $(top_builddir)/libtool'
LIPO=''
LN_S='ln -s'
LTLIBOBJS=''
MAKEINFO='${SHELL} /export/home/balay/mpich2-1.3rc2/src/openpa/confdb/missing --run makeinfo'
MKDIR_P='confdb/install-sh -c -d'
NM='/usr/bin/nm -p'
NMEDIT=''
OBJDUMP='false'
OBJEXT='o'
OTOOL64=''
OTOOL=''
PACKAGE='openpa'
PACKAGE_BUGREPORT='https://trac.mcs.anl.gov/projects/openpa/newticket'
PACKAGE_NAME='OpenPA'
PACKAGE_STRING='OpenPA 1.0.2'
PACKAGE_TARNAME='openpa'
PACKAGE_VERSION='1.0.2'
PATH_SEPARATOR=':'
RANLIB='ranlib'
SED='/usr/bin/gsed'
SET_MAKE=''
SHELL='/bin/sh'
STRIP='strip'
VERSION='1.0.2'
ac_ct_CC=''
ac_ct_DUMPBIN=''
am__EXEEXT_FALSE=''
am__EXEEXT_TRUE='#'
am__fastdepCC_FALSE=''
am__fastdepCC_TRUE='#'
am__include='include'
am__isrc=''
am__leading_dot='.'
am__quote=''
am__tar='${AMTAR} chof - "$$tardir"'
am__untar='${AMTAR} xf -'
bindir='${exec_prefix}/bin'
build='i386-pc-solaris2.11'
build_alias=''
build_cpu='i386'
build_os='solaris2.11'
build_vendor='pc'
datadir='${datarootdir}'
datarootdir='${prefix}/share'
docdir='${datarootdir}/doc/${PACKAGE_TARNAME}'
dvidir='${docdir}'
exec_prefix='${prefix}'
external_pkg_config_libs=''
host='i386-pc-solaris2.11'
host_alias=''
host_cpu='i386'
host_os='solaris2.11'
host_vendor='pc'
htmldir='${docdir}'
includedir='${prefix}/include'
infodir='${datarootdir}/info'
install_sh='${SHELL} /export/home/balay/mpich2-1.3rc2/src/openpa/confdb/install-sh'
internal_pkg_config_libs=''
libdir='${exec_prefix}/lib'
libexecdir='${exec_prefix}/libexec'
libopa_so_version='1:0'
localedir='${datarootdir}/locale'
localstatedir='${prefix}/var'
lt_ECHO='print -r'
mandir='${datarootdir}/man'
mkdir_p='$(top_builddir)/confdb/install-sh -c -d'
oldincludedir='/usr/include'
pdfdir='${docdir}'
prefix='/export/home/balay/bar'
program_transform_name='s,x,x,'
psdir='${docdir}'
sbindir='${exec_prefix}/sbin'
sharedstatedir='${prefix}/com'
sysconfdir='${prefix}/etc'
target_alias=''

## ----------- ##
## confdefs.h. ##
## ----------- ##

#define PACKAGE_NAME "OpenPA"
#define PACKAGE_TARNAME "openpa"
#define PACKAGE_VERSION "1.0.2"
#define PACKAGE_STRING "OpenPA 1.0.2"
#define PACKAGE_BUGREPORT "https://trac.mcs.anl.gov/projects/openpa/newticket"
#define PACKAGE "openpa"
#define VERSION "1.0.2"
#define STDC_HEADERS 1
#define HAVE_SYS_TYPES_H 1
#define HAVE_SYS_STAT_H 1
#define HAVE_STDLIB_H 1
#define HAVE_STRING_H 1
#define HAVE_MEMORY_H 1
#define HAVE_STRINGS_H 1
#define HAVE_INTTYPES_H 1
#define HAVE_STDINT_H 1
#define HAVE_UNISTD_H 1
#define HAVE_DLFCN_H 1
#define LT_OBJDIR ".libs/"
#define HAVE_PTHREAD_H 1
#define HAVE_ATOMIC_H 1
#define HAVE_INTTYPES_H 1
#define HAVE_STDINT_H 1
#define HAVE_STDDEF_H 1
#define restrict __restrict__
#define HAVE_LIBPTHREAD 1
#define HAVE_SCHED_YIELD 1
#define MAX_NTHREADS 100
#define SIZEOF_VOID_P 4
#define SIZEOF_INT 4
#define HAVE_GCC_X86_32_64 1
#define HAVE_GCC_X86_32_64_P3 1
#define HAVE_SUN_ATOMIC_OPS 1

configure: exit 0
