if [ ! -d /home/balaji/software/mpich2/trunk/install ] ; then mkdir -p /home/balaji/software/mpich2/trunk/install ; fi
if [ ! -d /home/balaji/software/mpich2/trunk/install/share ] ; then mkdir -p /home/balaji/software/mpich2/trunk/install/share ; fi
if [ ! -d /home/balaji/software/mpich2/trunk/install/share/doc/ ] ; then mkdir -p /home/balaji/software/mpich2/trunk/install/share/doc/ ; fi
if [ ! -d /home/balaji/software/mpich2/trunk/install/share/man ] ; then mkdir -p /home/balaji/software/mpich2/trunk/install/share/man ; fi
if [ ! -d /home/balaji/software/mpich2/trunk/install/include ] ; then mkdir -p /home/balaji/software/mpich2/trunk/install/include ; fi
if [ ! -d /home/balaji/software/mpich2/trunk/install ] ; then mkdir -p /home/balaji/software/mpich2/trunk/install ; fi
if [ ! -d /home/balaji/software/mpich2/trunk/install/lib ] ; then mkdir -p /home/balaji/software/mpich2/trunk/install/lib ; fi
make install-local
make[1]: Entering directory `/home/balaji/software/mpich2/trunk/build'
if [ "no" = "yes" ] ; then \
	    /usr/bin/install -c -m 644 src/mpi/debugger/libtvmpich2.so \
			/home/balaji/software/mpich2/trunk/install/lib/libtvmpich2.so ; fi
if [ -n "" ] ; then \
	    for pm in  /dev/null ; do \
		if [ -d src/pm/$pm ] ; then \
		     (cd src/pm/$pm && make install-alt ) ; fi ; \
	    done ; \
	fi
make[1]: Leaving directory `/home/balaji/software/mpich2/trunk/build'
/usr/bin/install -c -m 644  src/include/mpi.h /home/balaji/software/mpich2/trunk/install/include/mpi.h
/usr/bin/install -c -m 644  lib/libmpich.a /home/balaji/software/mpich2/trunk/install/lib/libmpich.a
if [ ! -d /home/balaji/software/mpich2/trunk/install/share/doc/ ] ; then mkdir -p /home/balaji/software/mpich2/trunk/install/share/doc/ ; fi
if [ -s src/mpi/romio/include/mpiof.h ] ; then /usr/bin/install -c -m 644  src/mpi/romio/include/mpiof.h /home/balaji/software/mpich2/trunk/install/include/mpiof.h ; fi
if [ -s src/mpi/romio/include/mpio.h ] ; then /usr/bin/install -c -m 644  src/mpi/romio/include/mpio.h /home/balaji/software/mpich2/trunk/install/include/mpio.h ; fi
if [ -s lib/libmpich.a ] ; then /usr/bin/install -c -m 644  lib/libmpich.a /home/balaji/software/mpich2/trunk/install/lib/libmpich.a ; fi
if [ -s lib/libmpichcxx.a ] ; then /usr/bin/install -c -m 644  lib/libmpichcxx.a /home/balaji/software/mpich2/trunk/install/lib/libmpichcxx.a ; fi
if [ -s lib/libfmpich.a ] ; then /usr/bin/install -c -m 644  lib/libfmpich.a /home/balaji/software/mpich2/trunk/install/lib/libfmpich.a ; fi
if [ -s lib/libpmpich.a ] ; then /usr/bin/install -c -m 644  lib/libpmpich.a /home/balaji/software/mpich2/trunk/install/lib/libpmpich.a ; fi
if [ -s lib/libfmpich.a ] ; then /usr/bin/install -c -m 644  lib/libfmpich.a /home/balaji/software/mpich2/trunk/install/lib/libfmpich.a ; fi
if [ -s lib/libmpichf90.a ] ; then /usr/bin/install -c -m 644  lib/libmpichf90.a /home/balaji/software/mpich2/trunk/install/lib/libmpichf90.a ; fi
if [ -s lib/libmpich.so ] ; then /home/balaji/software/mpich2/trunk/build/src/util/createshlib -version-info 4:0:1 --mode=install  lib/libmpich.so /home/balaji/software/mpich2/trunk/install/lib/libmpich.so ; fi
if [ -s lib/libpmpich.so ] ; then /home/balaji/software/mpich2/trunk/build/src/util/createshlib -version-info 4:0:1 --mode=install  lib/libpmpich.so /home/balaji/software/mpich2/trunk/install/lib/libpmpich.so ; fi
if [ -s lib/libfmpich.so ] ; then /home/balaji/software/mpich2/trunk/build/src/util/createshlib -version-info 4:0:1 --mode=install  lib/libfmpich.so /home/balaji/software/mpich2/trunk/install/lib/libfmpich.so ; fi
if [ -s lib/libmpichf90.so ] ; then /home/balaji/software/mpich2/trunk/build/src/util/createshlib -version-info 4:0:1 --mode=install  lib/libmpichf90.so /home/balaji/software/mpich2/trunk/install/lib/libmpichf90.so ; fi
if [ -s lib/libmpichcxx.so ] ; then /home/balaji/software/mpich2/trunk/build/src/util/createshlib -version-info 4:0:1 --mode=install --clink="g++ -shared -fPIC" lib/libmpichcxx.so /home/balaji/software/mpich2/trunk/install/lib/libmpichcxx.so ; fi
if [ -s ../trunk/doc/userguide/user.pdf ] ; then /usr/bin/install -c -m 644  ../trunk/doc/userguide/user.pdf /home/balaji/software/mpich2/trunk/install/share/doc//user.pdf ; fi
if [ -s ../trunk/doc/installguide/install.pdf ] ; then /usr/bin/install -c -m 644  ../trunk/doc/installguide/install.pdf /home/balaji/software/mpich2/trunk/install/share/doc//install.pdf ; fi
if [ -s ../trunk/doc/smpd/smpd_pmi.pdf ] ; then /usr/bin/install -c -m 644  ../trunk/doc/smpd/smpd_pmi.pdf /home/balaji/software/mpich2/trunk/install/share/doc//smpd_pmi.pdf ; fi
if [ -s ../trunk/doc/logging/logging.pdf ] ; then /usr/bin/install -c -m 644  ../trunk/doc/logging/logging.pdf /home/balaji/software/mpich2/trunk/install/share/doc//logging.pdf ; fi
(cd src/env && make INSTALL_STRIP_FLAG= install)
make[1]: Entering directory `/home/balaji/software/mpich2/trunk/build/src/env'
if [ ! -d /home/balaji/software/mpich2/trunk/install ] ; then mkdir -p /home/balaji/software/mpich2/trunk/install ; fi
if [ ! -d /home/balaji/software/mpich2/trunk/install ] ; then mkdir -p /home/balaji/software/mpich2/trunk/install ; fi
if [ ! -d /home/balaji/software/mpich2/trunk/install/bin ] ; then mkdir -p /home/balaji/software/mpich2/trunk/install/bin ; fi
/usr/bin/install -c   mpich2version /home/balaji/software/mpich2/trunk/install/bin/mpich2version
/usr/bin/install -c  mpicc /home/balaji/software/mpich2/trunk/install/bin/mpicc
/usr/bin/install -c  parkill /home/balaji/software/mpich2/trunk/install/bin/parkill
if [ ! -d /home/balaji/software/mpich2/trunk/install/etc ] ; then mkdir -p /home/balaji/software/mpich2/trunk/install/etc ; fi
/usr/bin/install -c -m 644  mpixxx_opts.conf /home/balaji/software/mpich2/trunk/install/etc/mpixxx_opts.conf
/usr/bin/install -c -m 644  mpicc.conf /home/balaji/software/mpich2/trunk/install/etc/mpicc.conf
if [ -s mpicxx ] ; then /usr/bin/install -c  mpicxx /home/balaji/software/mpich2/trunk/install/bin/mpicxx ; fi
if [ -s mpif77 ] ; then /usr/bin/install -c  mpif77 /home/balaji/software/mpich2/trunk/install/bin/mpif77 ; fi
if [ -s mpif90 ] ; then /usr/bin/install -c  mpif90 /home/balaji/software/mpich2/trunk/install/bin/mpif90 ; fi
if [ -s mpicxx.conf ] ; then /usr/bin/install -c -m 644  mpicxx.conf /home/balaji/software/mpich2/trunk/install/etc/mpicxx.conf ; fi
if [ -s mpif77.conf ] ; then /usr/bin/install -c -m 644  mpif77.conf /home/balaji/software/mpich2/trunk/install/etc/mpif77.conf ; fi
if [ -s mpif90.conf ] ; then /usr/bin/install -c -m 644  mpif90.conf /home/balaji/software/mpich2/trunk/install/etc/mpif90.conf ; fi
make install-postamble
make[2]: Entering directory `/home/balaji/software/mpich2/trunk/build/src/env'
if [ -x /home/balaji/software/mpich2/trunk/install/bin/mpicxx ] ; then \
	    cd /home/balaji/software/mpich2/trunk/install/bin && ln -f -s mpicxx mpic++ ; fi
make[2]: Leaving directory `/home/balaji/software/mpich2/trunk/build/src/env'
make[1]: Leaving directory `/home/balaji/software/mpich2/trunk/build/src/env'
(cd src/packaging/pkgconfig && make INSTALL_STRIP_FLAG= install)
make[1]: Entering directory `/home/balaji/software/mpich2/trunk/build/src/packaging/pkgconfig'
if [ ! -d /home/balaji/software/mpich2/trunk/install/lib/pkgconfig ] ; then mkdir -p /home/balaji/software/mpich2/trunk/install/lib/pkgconfig ; fi
if [ -s mpich2-c.pc ] ; then /usr/bin/install -c -m 644  mpich2-c.pc /home/balaji/software/mpich2/trunk/install/lib/pkgconfig/mpich2-c.pc ; fi
if [ -s mpich2-cxx.pc ] ; then /usr/bin/install -c -m 644  mpich2-cxx.pc /home/balaji/software/mpich2/trunk/install/lib/pkgconfig/mpich2-cxx.pc ; fi
if [ -s mpich2-f77.pc ] ; then /usr/bin/install -c -m 644  mpich2-f77.pc /home/balaji/software/mpich2/trunk/install/lib/pkgconfig/mpich2-f77.pc ; fi
if [ -s mpich2-f90.pc ] ; then /usr/bin/install -c -m 644  mpich2-f90.pc /home/balaji/software/mpich2/trunk/install/lib/pkgconfig/mpich2-f90.pc ; fi
make[1]: Leaving directory `/home/balaji/software/mpich2/trunk/build/src/packaging/pkgconfig'
(cd src/packaging/envmods && make INSTALL_STRIP_FLAG= install)
make[1]: Entering directory `/home/balaji/software/mpich2/trunk/build/src/packaging/envmods'
if [ ! -d /home/balaji/software/mpich2/trunk/install/etc ] ; then mkdir -p /home/balaji/software/mpich2/trunk/install/etc ; fi
make[1]: Leaving directory `/home/balaji/software/mpich2/trunk/build/src/packaging/envmods'
for dir in  src/binding/f77 src/binding/f90 src/binding/cxx - ; do \
		if [ "$dir" = "-" ] ; then break ; fi ;\
		(cd $dir && make INSTALL_STRIP_FLAG= PACKAGE= install) ;\
	done
make[1]: Entering directory `/home/balaji/software/mpich2/trunk/build/src/binding/f77'
if [ ! -d /home/balaji/software/mpich2/trunk/install ] ; then mkdir -p /home/balaji/software/mpich2/trunk/install ; fi
if [ ! -d /home/balaji/software/mpich2/trunk/install/include ] ; then mkdir -p /home/balaji/software/mpich2/trunk/install/include ; fi
/usr/bin/install -c -m 644  mpif.h /home/balaji/software/mpich2/trunk/install/include/mpif.h
make[1]: Leaving directory `/home/balaji/software/mpich2/trunk/build/src/binding/f77'
make[1]: Entering directory `/home/balaji/software/mpich2/trunk/build/src/binding/f90'
if [ ! -d /home/balaji/software/mpich2/trunk/install ] ; then mkdir -p /home/balaji/software/mpich2/trunk/install ; fi
if [ ! -d /home/balaji/software/mpich2/trunk/install/include ] ; then mkdir -p /home/balaji/software/mpich2/trunk/install/include ; fi
/usr/bin/install -c -m 644  mpi.mod /home/balaji/software/mpich2/trunk/install/include/mpi.mod
/usr/bin/install -c -m 644  mpi_constants.mod /home/balaji/software/mpich2/trunk/install/include/mpi_constants.mod
/usr/bin/install -c -m 644  mpi_base.mod /home/balaji/software/mpich2/trunk/install/include/mpi_base.mod
/usr/bin/install -c -m 644  mpi_sizeofs.mod /home/balaji/software/mpich2/trunk/install/include/mpi_sizeofs.mod
if [ ! -d /home/balaji/software/mpich2/trunk/install ] ; then mkdir -p /home/balaji/software/mpich2/trunk/install ; fi
if [ ! -d /home/balaji/software/mpich2/trunk/install/lib ] ; then mkdir -p /home/balaji/software/mpich2/trunk/install/lib ; fi
/usr/bin/install -c -m 644  libmpichf90.a /home/balaji/software/mpich2/trunk/install/lib/libmpichf90.a
if [ -s mpimod.pcl ] ; then /usr/bin/install -c -m 644  mpimod.pcl /home/balaji/software/mpich2/trunk/install/include/mpimod.pcl ; fi
if [ -s mpimod.pc ] ; then /usr/bin/install -c -m 644  mpimod.pc /home/balaji/software/mpich2/trunk/install/include/mpimod.pc ; fi
make[1]: Leaving directory `/home/balaji/software/mpich2/trunk/build/src/binding/f90'
make[1]: Entering directory `/home/balaji/software/mpich2/trunk/build/src/binding/cxx'
if [ ! -d /home/balaji/software/mpich2/trunk/install ] ; then mkdir -p /home/balaji/software/mpich2/trunk/install ; fi
if [ ! -d /home/balaji/software/mpich2/trunk/install/include ] ; then mkdir -p /home/balaji/software/mpich2/trunk/install/include ; fi
/usr/bin/install -c -m 644  mpicxx.h /home/balaji/software/mpich2/trunk/install/include/mpicxx.h
make[1]: Leaving directory `/home/balaji/software/mpich2/trunk/build/src/binding/cxx'
for dir in  src/mpl src/openpa src/pm/hydra - ; do \
		if [ "$dir" = "-" ] ; then break ; fi ;\
		(cd $dir && make INSTALL_STRIP_FLAG= PACKAGE= install) ;\
	done
make[1]: Entering directory `/home/balaji/software/mpich2/trunk/build/src/mpl'
make[2]: Entering directory `/home/balaji/software/mpich2/trunk/build/src/mpl'
test -z "/home/balaji/software/mpich2/trunk/install/lib" || /bin/mkdir -p "/home/balaji/software/mpich2/trunk/install/lib"
 /bin/sh ./libtool   --mode=install /usr/bin/install -c   libmpl.la '/home/balaji/software/mpich2/trunk/install/lib'
libtool: install: /usr/bin/install -c .libs/libmpl.so.1.0.0 /home/balaji/software/mpich2/trunk/install/lib/libmpl.so.1.0.0
libtool: install: (cd /home/balaji/software/mpich2/trunk/install/lib && { ln -s -f libmpl.so.1.0.0 libmpl.so.1 || { rm -f libmpl.so.1 && ln -s libmpl.so.1.0.0 libmpl.so.1; }; })
libtool: install: (cd /home/balaji/software/mpich2/trunk/install/lib && { ln -s -f libmpl.so.1.0.0 libmpl.so || { rm -f libmpl.so && ln -s libmpl.so.1.0.0 libmpl.so; }; })
libtool: install: /usr/bin/install -c .libs/libmpl.lai /home/balaji/software/mpich2/trunk/install/lib/libmpl.la
libtool: install: /usr/bin/install -c .libs/libmpl.a /home/balaji/software/mpich2/trunk/install/lib/libmpl.a
libtool: install: chmod 644 /home/balaji/software/mpich2/trunk/install/lib/libmpl.a
libtool: install: ranlib /home/balaji/software/mpich2/trunk/install/lib/libmpl.a
libtool: finish: PATH="/home/balaji/software/tools/install/bin:/usr/local/lf9560/bin:/soft/com/packages/intel/11.1/072/bin/intel64:/usr/ccs/bin:/opt/csw/bin:/usr/opt/freeware/bin:/soft/com/packages/totalview.8.6.0-2/toolworks/totalview.8.6.0-2/bin:/home/software/com/packages/absoft-11/absoft11.0/bin:/home/software/sun/sunstudio12/bin:/home/software/com/packages/pgi-10.8/linux86-64/10.8/bin:/home/software/intel/11.0.081/bin/intel64:/home/balaji/software/blcr/blcr-0.8.2-install/bin:/home/balaji/software/mpich2/hydra/build:/home/balaji/software/mpich2/trunk/build/bin:/sbin:/usr/sbin:/home/balaji/bin:/home/balaji/bin/common:/home/balaji/software/tools/install/bin:/usr/local/lf9560/bin:/soft/com/packages/intel/11.1/072/bin/intel64:/usr/ccs/bin:/opt/csw/bin:/usr/opt/freeware/bin:/soft/com/packages/totalview.8.6.0-2/toolworks/totalview.8.6.0-2/bin:/home/software/com/packages/absoft-11/absoft11.0/bin:/home/software/sun/sunstudio12/bin:/home/software/com/packages/pgi-10.8/linux86-64/10.8/bin:/home/software/intel/11.0.081/bin/intel64:/home/balaji/software/blcr/blcr-0.8.2-install/bin:/home/balaji/software/mpich2/hydra/build:/home/balaji/software/mpich2/trunk/build/bin:/sbin:/usr/sbin:/home/balaji/bin:/home/balaji/bin/common:/usr/lib64/qt-3.3/bin:/bin:/usr/sbin:/etc:/usr/X11R6/bin:/usr/bin:/sbin:/usr/local/bin:/home/balaji/bin/linux-rhel60-ppc64:/home/balaji/bin:.:/software/common/adm/softenv/bin:/soft/apps/hwloc-1.0.2/bin:/soft/apps/ibmcmp-nov2010/vac/11.1/bin:/soft/apps/ibmcmp-nov2010/vacpp/11.1/bin:/soft/apps/ibmcmp-nov2010/xlf/13.1/bin:/sbin" ldconfig -n /home/balaji/software/mpich2/trunk/install/lib
----------------------------------------------------------------------
Libraries have been installed in:
   /home/balaji/software/mpich2/trunk/install/lib

If you ever happen to want to link against installed libraries
in a given directory, LIBDIR, you must either use libtool, and
specify the full pathname of the library, or use the `-LLIBDIR'
flag during linking and do at least one of the following:
   - add LIBDIR to the `LD_LIBRARY_PATH' environment variable
     during execution
   - add LIBDIR to the `LD_RUN_PATH' environment variable
     during linking
   - use the `-Wl,-rpath -Wl,LIBDIR' linker flag
   - have your system administrator add LIBDIR to `/etc/ld.so.conf'

See any operating system documentation about shared libraries for
more information, such as the ld(1) and ld.so(8) manual pages.
----------------------------------------------------------------------
make[2]: Nothing to be done for `install-data-am'.
make[2]: Leaving directory `/home/balaji/software/mpich2/trunk/build/src/mpl'
make[1]: Leaving directory `/home/balaji/software/mpich2/trunk/build/src/mpl'
make[1]: Entering directory `/home/balaji/software/mpich2/trunk/build/src/openpa'
Making install in src
make[2]: Entering directory `/home/balaji/software/mpich2/trunk/build/src/openpa/src'
make[3]: Entering directory `/home/balaji/software/mpich2/trunk/build/src/openpa/src'
test -z "/home/balaji/software/mpich2/trunk/install/lib" || /bin/mkdir -p "/home/balaji/software/mpich2/trunk/install/lib"
 /bin/sh ../libtool   --mode=install /usr/bin/install -c   libopa.la '/home/balaji/software/mpich2/trunk/install/lib'
libtool: install: /usr/bin/install -c .libs/libopa.so.1.0.0 /home/balaji/software/mpich2/trunk/install/lib/libopa.so.1.0.0
libtool: install: (cd /home/balaji/software/mpich2/trunk/install/lib && { ln -s -f libopa.so.1.0.0 libopa.so.1 || { rm -f libopa.so.1 && ln -s libopa.so.1.0.0 libopa.so.1; }; })
libtool: install: (cd /home/balaji/software/mpich2/trunk/install/lib && { ln -s -f libopa.so.1.0.0 libopa.so || { rm -f libopa.so && ln -s libopa.so.1.0.0 libopa.so; }; })
libtool: install: /usr/bin/install -c .libs/libopa.lai /home/balaji/software/mpich2/trunk/install/lib/libopa.la
libtool: install: /usr/bin/install -c .libs/libopa.a /home/balaji/software/mpich2/trunk/install/lib/libopa.a
libtool: install: chmod 644 /home/balaji/software/mpich2/trunk/install/lib/libopa.a
libtool: install: ranlib /home/balaji/software/mpich2/trunk/install/lib/libopa.a
libtool: finish: PATH="/home/balaji/software/tools/install/bin:/usr/local/lf9560/bin:/soft/com/packages/intel/11.1/072/bin/intel64:/usr/ccs/bin:/opt/csw/bin:/usr/opt/freeware/bin:/soft/com/packages/totalview.8.6.0-2/toolworks/totalview.8.6.0-2/bin:/home/software/com/packages/absoft-11/absoft11.0/bin:/home/software/sun/sunstudio12/bin:/home/software/com/packages/pgi-10.8/linux86-64/10.8/bin:/home/software/intel/11.0.081/bin/intel64:/home/balaji/software/blcr/blcr-0.8.2-install/bin:/home/balaji/software/mpich2/hydra/build:/home/balaji/software/mpich2/trunk/build/bin:/sbin:/usr/sbin:/home/balaji/bin:/home/balaji/bin/common:/home/balaji/software/tools/install/bin:/usr/local/lf9560/bin:/soft/com/packages/intel/11.1/072/bin/intel64:/usr/ccs/bin:/opt/csw/bin:/usr/opt/freeware/bin:/soft/com/packages/totalview.8.6.0-2/toolworks/totalview.8.6.0-2/bin:/home/software/com/packages/absoft-11/absoft11.0/bin:/home/software/sun/sunstudio12/bin:/home/software/com/packages/pgi-10.8/linux86-64/10.8/bin:/home/software/intel/11.0.081/bin/intel64:/home/balaji/software/blcr/blcr-0.8.2-install/bin:/home/balaji/software/mpich2/hydra/build:/home/balaji/software/mpich2/trunk/build/bin:/sbin:/usr/sbin:/home/balaji/bin:/home/balaji/bin/common:/usr/lib64/qt-3.3/bin:/bin:/usr/sbin:/etc:/usr/X11R6/bin:/usr/bin:/sbin:/usr/local/bin:/home/balaji/bin/linux-rhel60-ppc64:/home/balaji/bin:.:/software/common/adm/softenv/bin:/soft/apps/hwloc-1.0.2/bin:/soft/apps/ibmcmp-nov2010/vac/11.1/bin:/soft/apps/ibmcmp-nov2010/vacpp/11.1/bin:/soft/apps/ibmcmp-nov2010/xlf/13.1/bin:/sbin" ldconfig -n /home/balaji/software/mpich2/trunk/install/lib
----------------------------------------------------------------------
Libraries have been installed in:
   /home/balaji/software/mpich2/trunk/install/lib

If you ever happen to want to link against installed libraries
in a given directory, LIBDIR, you must either use libtool, and
specify the full pathname of the library, or use the `-LLIBDIR'
flag during linking and do at least one of the following:
   - add LIBDIR to the `LD_LIBRARY_PATH' environment variable
     during execution
   - add LIBDIR to the `LD_RUN_PATH' environment variable
     during linking
   - use the `-Wl,-rpath -Wl,LIBDIR' linker flag
   - have your system administrator add LIBDIR to `/etc/ld.so.conf'

See any operating system documentation about shared libraries for
more information, such as the ld(1) and ld.so(8) manual pages.
----------------------------------------------------------------------
test -z "/home/balaji/software/mpich2/trunk/install/include" || /bin/mkdir -p "/home/balaji/software/mpich2/trunk/install/include"
 /usr/bin/install -c -m 644 opa_config.h /home/balaji/software/mpich2/trunk/trunk/src/openpa/src/opa_primitives.h /home/balaji/software/mpich2/trunk/trunk/src/openpa/src/opa_queue.h /home/balaji/software/mpich2/trunk/trunk/src/openpa/src/opa_util.h '/home/balaji/software/mpich2/trunk/install/include'
test -z "/home/balaji/software/mpich2/trunk/install/include" || /bin/mkdir -p "/home/balaji/software/mpich2/trunk/install/include"
/bin/mkdir -p '/home/balaji/software/mpich2/trunk/install/include/primitives'
 /usr/bin/install -c -m 644  /home/balaji/software/mpich2/trunk/trunk/src/openpa/src/primitives/opa_by_lock.h /home/balaji/software/mpich2/trunk/trunk/src/openpa/src/primitives/opa_emulated.h /home/balaji/software/mpich2/trunk/trunk/src/openpa/src/primitives/opa_gcc_ia64.h /home/balaji/software/mpich2/trunk/trunk/src/openpa/src/primitives/opa_gcc_intel_32_64.h /home/balaji/software/mpich2/trunk/trunk/src/openpa/src/primitives/opa_gcc_intel_32_64_barrier.h /home/balaji/software/mpich2/trunk/trunk/src/openpa/src/primitives/opa_gcc_intel_32_64_ops.h /home/balaji/software/mpich2/trunk/trunk/src/openpa/src/primitives/opa_gcc_intel_32_64_p3.h /home/balaji/software/mpich2/trunk/trunk/src/openpa/src/primitives/opa_gcc_intel_32_64_p3barrier.h /home/balaji/software/mpich2/trunk/trunk/src/openpa/src/primitives/opa_gcc_intrinsics.h /home/balaji/software/mpich2/trunk/trunk/src/openpa/src/primitives/opa_gcc_ppc.h /home/balaji/software/mpich2/trunk/trunk/src/openpa/src/primitives/opa_gcc_sicortex.h /home/balaji/software/mpich2/trunk/trunk/src/openpa/src/primitives/opa_nt_intrinsics.h /home/balaji/software/mpich2/trunk/trunk/src/openpa/src/primitives/opa_sun_atomic_ops.h /home/balaji/software/mpich2/trunk/trunk/src/openpa/src/primitives/opa_unsafe.h '/home/balaji/software/mpich2/trunk/install/include/primitives'
make[3]: Leaving directory `/home/balaji/software/mpich2/trunk/build/src/openpa/src'
make[2]: Leaving directory `/home/balaji/software/mpich2/trunk/build/src/openpa/src'
Making install in test
make[2]: Entering directory `/home/balaji/software/mpich2/trunk/build/src/openpa/test'
make[3]: Entering directory `/home/balaji/software/mpich2/trunk/build/src/openpa/test'
make[3]: Nothing to be done for `install-exec-am'.
make[3]: Nothing to be done for `install-data-am'.
make[3]: Leaving directory `/home/balaji/software/mpich2/trunk/build/src/openpa/test'
make[2]: Leaving directory `/home/balaji/software/mpich2/trunk/build/src/openpa/test'
make[2]: Entering directory `/home/balaji/software/mpich2/trunk/build/src/openpa'
make[3]: Entering directory `/home/balaji/software/mpich2/trunk/build/src/openpa'
make[3]: Nothing to be done for `install-exec-am'.
test -z "/home/balaji/software/mpich2/trunk/install/share/doc/openpa" || /bin/mkdir -p "/home/balaji/software/mpich2/trunk/install/share/doc/openpa"
 /usr/bin/install -c -m 644 /home/balaji/software/mpich2/trunk/trunk/src/openpa/README '/home/balaji/software/mpich2/trunk/install/share/doc/openpa'
test -z "/home/balaji/software/mpich2/trunk/install/lib/pkgconfig" || /bin/mkdir -p "/home/balaji/software/mpich2/trunk/install/lib/pkgconfig"
 /usr/bin/install -c -m 644 openpa.pc '/home/balaji/software/mpich2/trunk/install/lib/pkgconfig'
make[3]: Leaving directory `/home/balaji/software/mpich2/trunk/build/src/openpa'
make[2]: Leaving directory `/home/balaji/software/mpich2/trunk/build/src/openpa'
make[1]: Leaving directory `/home/balaji/software/mpich2/trunk/build/src/openpa'
make[1]: Entering directory `/home/balaji/software/mpich2/trunk/build/src/pm/hydra'
Making install in ../../mpl
make[2]: Entering directory `/home/balaji/software/mpich2/trunk/build/src/mpl'
make[3]: Entering directory `/home/balaji/software/mpich2/trunk/build/src/mpl'
test -z "/home/balaji/software/mpich2/trunk/install/lib" || /bin/mkdir -p "/home/balaji/software/mpich2/trunk/install/lib"
 /bin/sh ./libtool   --mode=install /usr/bin/install -c   libmpl.la '/home/balaji/software/mpich2/trunk/install/lib'
libtool: install: /usr/bin/install -c .libs/libmpl.so.1.0.0 /home/balaji/software/mpich2/trunk/install/lib/libmpl.so.1.0.0
libtool: install: (cd /home/balaji/software/mpich2/trunk/install/lib && { ln -s -f libmpl.so.1.0.0 libmpl.so.1 || { rm -f libmpl.so.1 && ln -s libmpl.so.1.0.0 libmpl.so.1; }; })
libtool: install: (cd /home/balaji/software/mpich2/trunk/install/lib && { ln -s -f libmpl.so.1.0.0 libmpl.so || { rm -f libmpl.so && ln -s libmpl.so.1.0.0 libmpl.so; }; })
libtool: install: /usr/bin/install -c .libs/libmpl.lai /home/balaji/software/mpich2/trunk/install/lib/libmpl.la
libtool: install: /usr/bin/install -c .libs/libmpl.a /home/balaji/software/mpich2/trunk/install/lib/libmpl.a
libtool: install: chmod 644 /home/balaji/software/mpich2/trunk/install/lib/libmpl.a
libtool: install: ranlib /home/balaji/software/mpich2/trunk/install/lib/libmpl.a
libtool: finish: PATH="/home/balaji/software/tools/install/bin:/usr/local/lf9560/bin:/soft/com/packages/intel/11.1/072/bin/intel64:/usr/ccs/bin:/opt/csw/bin:/usr/opt/freeware/bin:/soft/com/packages/totalview.8.6.0-2/toolworks/totalview.8.6.0-2/bin:/home/software/com/packages/absoft-11/absoft11.0/bin:/home/software/sun/sunstudio12/bin:/home/software/com/packages/pgi-10.8/linux86-64/10.8/bin:/home/software/intel/11.0.081/bin/intel64:/home/balaji/software/blcr/blcr-0.8.2-install/bin:/home/balaji/software/mpich2/hydra/build:/home/balaji/software/mpich2/trunk/build/bin:/sbin:/usr/sbin:/home/balaji/bin:/home/balaji/bin/common:/home/balaji/software/tools/install/bin:/usr/local/lf9560/bin:/soft/com/packages/intel/11.1/072/bin/intel64:/usr/ccs/bin:/opt/csw/bin:/usr/opt/freeware/bin:/soft/com/packages/totalview.8.6.0-2/toolworks/totalview.8.6.0-2/bin:/home/software/com/packages/absoft-11/absoft11.0/bin:/home/software/sun/sunstudio12/bin:/home/software/com/packages/pgi-10.8/linux86-64/10.8/bin:/home/software/intel/11.0.081/bin/intel64:/home/balaji/software/blcr/blcr-0.8.2-install/bin:/home/balaji/software/mpich2/hydra/build:/home/balaji/software/mpich2/trunk/build/bin:/sbin:/usr/sbin:/home/balaji/bin:/home/balaji/bin/common:/usr/lib64/qt-3.3/bin:/bin:/usr/sbin:/etc:/usr/X11R6/bin:/usr/bin:/sbin:/usr/local/bin:/home/balaji/bin/linux-rhel60-ppc64:/home/balaji/bin:.:/software/common/adm/softenv/bin:/soft/apps/hwloc-1.0.2/bin:/soft/apps/ibmcmp-nov2010/vac/11.1/bin:/soft/apps/ibmcmp-nov2010/vacpp/11.1/bin:/soft/apps/ibmcmp-nov2010/xlf/13.1/bin:/sbin" ldconfig -n /home/balaji/software/mpich2/trunk/install/lib
----------------------------------------------------------------------
Libraries have been installed in:
   /home/balaji/software/mpich2/trunk/install/lib

If you ever happen to want to link against installed libraries
in a given directory, LIBDIR, you must either use libtool, and
specify the full pathname of the library, or use the `-LLIBDIR'
flag during linking and do at least one of the following:
   - add LIBDIR to the `LD_LIBRARY_PATH' environment variable
     during execution
   - add LIBDIR to the `LD_RUN_PATH' environment variable
     during linking
   - use the `-Wl,-rpath -Wl,LIBDIR' linker flag
   - have your system administrator add LIBDIR to `/etc/ld.so.conf'

See any operating system documentation about shared libraries for
more information, such as the ld(1) and ld.so(8) manual pages.
----------------------------------------------------------------------
make[3]: Nothing to be done for `install-data-am'.
make[3]: Leaving directory `/home/balaji/software/mpich2/trunk/build/src/mpl'
make[2]: Leaving directory `/home/balaji/software/mpich2/trunk/build/src/mpl'
Making install in tools/bind/plpa/plpa
make[2]: Entering directory `/home/balaji/software/mpich2/trunk/build/src/pm/hydra/tools/bind/plpa/plpa'
Making install in src
make[3]: Entering directory `/home/balaji/software/mpich2/trunk/build/src/pm/hydra/tools/bind/plpa/plpa/src'
Making install in libplpa
make[4]: Entering directory `/home/balaji/software/mpich2/trunk/build/src/pm/hydra/tools/bind/plpa/plpa/src/libplpa'
make[5]: Entering directory `/home/balaji/software/mpich2/trunk/build/src/pm/hydra/tools/bind/plpa/plpa/src/libplpa'
test -z "/home/balaji/software/mpich2/trunk/install/lib" || mkdir -p "/home/balaji/software/mpich2/trunk/install/lib"
test -z "/home/balaji/software/mpich2/trunk/install/include" || mkdir -p "/home/balaji/software/mpich2/trunk/install/include"
 /usr/bin/install -c -m 644 plpa.h '/home/balaji/software/mpich2/trunk/install/include'
make  install-data-hook
make[6]: Entering directory `/home/balaji/software/mpich2/trunk/build/src/pm/hydra/tools/bind/plpa/plpa/src/libplpa'
sed -e 's/define PACKAGE/define PLPA_PACKAGE/' \
		/home/balaji/software/mpich2/trunk/install/include/plpa.h \
		> /home/balaji/software/mpich2/trunk/install/include/plpa.h.install
cp /home/balaji/software/mpich2/trunk/install/include/plpa.h.install \
		/home/balaji/software/mpich2/trunk/install/include/plpa.h
rm -f /home/balaji/software/mpich2/trunk/install/include/plpa.h.install
chmod 0644 /home/balaji/software/mpich2/trunk/install/include/plpa.h
make[6]: Leaving directory `/home/balaji/software/mpich2/trunk/build/src/pm/hydra/tools/bind/plpa/plpa/src/libplpa'
make[5]: Leaving directory `/home/balaji/software/mpich2/trunk/build/src/pm/hydra/tools/bind/plpa/plpa/src/libplpa'
make[4]: Leaving directory `/home/balaji/software/mpich2/trunk/build/src/pm/hydra/tools/bind/plpa/plpa/src/libplpa'
Making install in plpa-info
make[4]: Entering directory `/home/balaji/software/mpich2/trunk/build/src/pm/hydra/tools/bind/plpa/plpa/src/plpa-info'
make[5]: Entering directory `/home/balaji/software/mpich2/trunk/build/src/pm/hydra/tools/bind/plpa/plpa/src/plpa-info'
test -z "/home/balaji/software/mpich2/trunk/install/bin" || mkdir -p "/home/balaji/software/mpich2/trunk/install/bin"
  /bin/sh ../../libtool   --mode=install /usr/bin/install -c plpa-info '/home/balaji/software/mpich2/trunk/install/bin'
libtool: install: /usr/bin/install -c plpa-info /home/balaji/software/mpich2/trunk/install/bin/plpa-info
make[5]: Nothing to be done for `install-data-am'.
make[5]: Leaving directory `/home/balaji/software/mpich2/trunk/build/src/pm/hydra/tools/bind/plpa/plpa/src/plpa-info'
make[4]: Leaving directory `/home/balaji/software/mpich2/trunk/build/src/pm/hydra/tools/bind/plpa/plpa/src/plpa-info'
Making install in plpa-taskset
make[4]: Entering directory `/home/balaji/software/mpich2/trunk/build/src/pm/hydra/tools/bind/plpa/plpa/src/plpa-taskset'
make[5]: Entering directory `/home/balaji/software/mpich2/trunk/build/src/pm/hydra/tools/bind/plpa/plpa/src/plpa-taskset'
test -z "/home/balaji/software/mpich2/trunk/install/bin" || mkdir -p "/home/balaji/software/mpich2/trunk/install/bin"
  /bin/sh ../../libtool   --mode=install /usr/bin/install -c plpa-taskset '/home/balaji/software/mpich2/trunk/install/bin'
libtool: install: /usr/bin/install -c plpa-taskset /home/balaji/software/mpich2/trunk/install/bin/plpa-taskset
make[5]: Nothing to be done for `install-data-am'.
make[5]: Leaving directory `/home/balaji/software/mpich2/trunk/build/src/pm/hydra/tools/bind/plpa/plpa/src/plpa-taskset'
make[4]: Leaving directory `/home/balaji/software/mpich2/trunk/build/src/pm/hydra/tools/bind/plpa/plpa/src/plpa-taskset'
make[4]: Entering directory `/home/balaji/software/mpich2/trunk/build/src/pm/hydra/tools/bind/plpa/plpa/src'
make[5]: Entering directory `/home/balaji/software/mpich2/trunk/build/src/pm/hydra/tools/bind/plpa/plpa/src'
make[5]: Nothing to be done for `install-exec-am'.
make[5]: Nothing to be done for `install-data-am'.
make[5]: Leaving directory `/home/balaji/software/mpich2/trunk/build/src/pm/hydra/tools/bind/plpa/plpa/src'
make[4]: Leaving directory `/home/balaji/software/mpich2/trunk/build/src/pm/hydra/tools/bind/plpa/plpa/src'
make[3]: Leaving directory `/home/balaji/software/mpich2/trunk/build/src/pm/hydra/tools/bind/plpa/plpa/src'
make[3]: Entering directory `/home/balaji/software/mpich2/trunk/build/src/pm/hydra/tools/bind/plpa/plpa'
make[4]: Entering directory `/home/balaji/software/mpich2/trunk/build/src/pm/hydra/tools/bind/plpa/plpa'
make[4]: Nothing to be done for `install-exec-am'.
make[4]: Nothing to be done for `install-data-am'.
make[4]: Leaving directory `/home/balaji/software/mpich2/trunk/build/src/pm/hydra/tools/bind/plpa/plpa'
make[3]: Leaving directory `/home/balaji/software/mpich2/trunk/build/src/pm/hydra/tools/bind/plpa/plpa'
make[2]: Leaving directory `/home/balaji/software/mpich2/trunk/build/src/pm/hydra/tools/bind/plpa/plpa'
Making install in tools/bind/hwloc/hwloc
make[2]: Entering directory `/home/balaji/software/mpich2/trunk/build/src/pm/hydra/tools/bind/hwloc/hwloc'
Making install in src
make[3]: Entering directory `/home/balaji/software/mpich2/trunk/build/src/pm/hydra/tools/bind/hwloc/hwloc/src'
make[4]: Entering directory `/home/balaji/software/mpich2/trunk/build/src/pm/hydra/tools/bind/hwloc/hwloc/src'
test -z "/home/balaji/software/mpich2/trunk/install/lib" || mkdir -p "/home/balaji/software/mpich2/trunk/install/lib"
make  install-exec-hook
make[5]: Entering directory `/home/balaji/software/mpich2/trunk/build/src/pm/hydra/tools/bind/hwloc/hwloc/src'
make[5]: Nothing to be done for `install-exec-hook'.
make[5]: Leaving directory `/home/balaji/software/mpich2/trunk/build/src/pm/hydra/tools/bind/hwloc/hwloc/src'
test -z "" || mkdir -p ""
make[4]: Leaving directory `/home/balaji/software/mpich2/trunk/build/src/pm/hydra/tools/bind/hwloc/hwloc/src'
make[3]: Leaving directory `/home/balaji/software/mpich2/trunk/build/src/pm/hydra/tools/bind/hwloc/hwloc/src'
Making install in include
make[3]: Entering directory `/home/balaji/software/mpich2/trunk/build/src/pm/hydra/tools/bind/hwloc/hwloc/include'
make[4]: Entering directory `/home/balaji/software/mpich2/trunk/build/src/pm/hydra/tools/bind/hwloc/hwloc/include'
make[4]: Nothing to be done for `install-exec-am'.
test -z "/home/balaji/software/mpich2/trunk/install/include" || mkdir -p "/home/balaji/software/mpich2/trunk/install/include"
test -z "" || mkdir -p ""
test -z "" || mkdir -p ""
make[4]: Leaving directory `/home/balaji/software/mpich2/trunk/build/src/pm/hydra/tools/bind/hwloc/hwloc/include'
make[3]: Leaving directory `/home/balaji/software/mpich2/trunk/build/src/pm/hydra/tools/bind/hwloc/hwloc/include'
make[3]: Entering directory `/home/balaji/software/mpich2/trunk/build/src/pm/hydra/tools/bind/hwloc/hwloc'
make[4]: Entering directory `/home/balaji/software/mpich2/trunk/build/src/pm/hydra/tools/bind/hwloc/hwloc'
make[4]: Nothing to be done for `install-exec-am'.
test -z "" || mkdir -p ""
make[4]: Leaving directory `/home/balaji/software/mpich2/trunk/build/src/pm/hydra/tools/bind/hwloc/hwloc'
make[3]: Leaving directory `/home/balaji/software/mpich2/trunk/build/src/pm/hydra/tools/bind/hwloc/hwloc'
make[2]: Leaving directory `/home/balaji/software/mpich2/trunk/build/src/pm/hydra/tools/bind/hwloc/hwloc'
Making install in .
make[2]: Entering directory `/home/balaji/software/mpich2/trunk/build/src/pm/hydra'
make[3]: Entering directory `/home/balaji/software/mpich2/trunk/build/src/pm/hydra'
test -z "/home/balaji/software/mpich2/trunk/install/bin" || mkdir -p "/home/balaji/software/mpich2/trunk/install/bin"
  /bin/sh ./libtool   --mode=install /usr/bin/install -c hydra_persist hydra_nameserver hydra_pmi_proxy mpiexec.hydra '/home/balaji/software/mpich2/trunk/install/bin'
libtool: install: /usr/bin/install -c .libs/hydra_persist /home/balaji/software/mpich2/trunk/install/bin/hydra_persist
libtool: install: /usr/bin/install -c .libs/hydra_nameserver /home/balaji/software/mpich2/trunk/install/bin/hydra_nameserver
libtool: install: /usr/bin/install -c .libs/hydra_pmi_proxy /home/balaji/software/mpich2/trunk/install/bin/hydra_pmi_proxy
libtool: install: /usr/bin/install -c .libs/mpiexec.hydra /home/balaji/software/mpich2/trunk/install/bin/mpiexec.hydra
if [ -x /home/balaji/software/mpich2/trunk/install/bin/mpiexec.hydra ] ; then \
	    cd /home/balaji/software/mpich2/trunk/install/bin && ln -f -s mpiexec.hydra mpiexec ; \
	    cd /home/balaji/software/mpich2/trunk/install/bin && ln -f -s mpiexec.hydra mpirun ; \
	fi
make[3]: Nothing to be done for `install-data-am'.
make[3]: Leaving directory `/home/balaji/software/mpich2/trunk/build/src/pm/hydra'
make[2]: Leaving directory `/home/balaji/software/mpich2/trunk/build/src/pm/hydra'
make[1]: Leaving directory `/home/balaji/software/mpich2/trunk/build/src/pm/hydra'
