This file contains any messages produced by compilers while
running configure, to aid debugging if configure makes a mistake.

It was created by OpenPA configure 1.0.0, which was
generated by GNU Autoconf 2.62.  Invocation command line was

  $ /home/administrator/libraries/mpich2-1.1/src/openpa/configure --prefix=/home/administrator/mpich2-install --with-device=ch3:sock --with-pm=mpd --with-atomic-primitives=auto_allow_emulation

## --------- ##
## Platform. ##
## --------- ##

hostname = hydra1.met.fsu.edu
uname -m = i686
uname -r = 2.6.29.5-191.fc11.i686.PAE
uname -s = Linux
uname -v = #1 SMP Tue Jun 16 23:19:53 EDT 2009

/usr/bin/uname -p = unknown
/bin/uname -X     = unknown

/bin/arch              = i686
/usr/bin/arch -k       = unknown
/usr/convex/getsysinfo = unknown
/usr/bin/hostinfo      = unknown
/bin/machine           = unknown
/usr/bin/oslevel       = unknown
/bin/universe          = unknown

PATH: /home/administrator/mpich2-install/bin
PATH: /home/administrator/mpich2-install/bin
PATH: /usr/lib/qt-3.3/bin
PATH: /usr/kerberos/bin
PATH: /usr/lib/ccache
PATH: /usr/local/bin
PATH: /usr/bin
PATH: /bin
PATH: /usr/local/sbin
PATH: /usr/sbin
PATH: /sbin
PATH: /home/administrator/bin
PATH: /home/administrator/bin
PATH: /home/administrator/mpich2-install/bin


## ----------- ##
## Core tests. ##
## ----------- ##

configure:1885: checking for a BSD-compatible install
configure:1953: result: /usr/bin/install -c
configure:1964: checking whether build environment is sane
configure:2007: result: yes
configure:2032: checking for a thread-safe mkdir -p
configure:2071: result: mkdir -p
configure:2084: checking for gawk
configure:2100: found /usr/bin/gawk
configure:2111: result: gawk
configure:2122: checking whether make sets $(MAKE)
configure:2144: result: yes
configure:2396: checking for gcc
configure:2423: result: gcc
configure:2661: checking for C compiler version
configure:2669: gcc --version >&5
gcc (GCC) 4.4.0 20090506 (Red Hat 4.4.0-4)
Copyright (C) 2009 Free Software Foundation, Inc.
This is free software; see the source for copying conditions.  There is NO
warranty; not even for MERCHANTABILITY or FITNESS FOR A PARTICULAR PURPOSE.

configure:2673: $? = 0
configure:2680: gcc -v >&5
Using built-in specs.
Target: i586-redhat-linux
Configured with: ../configure --prefix=/usr --mandir=/usr/share/man --infodir=/usr/share/info --with-bugurl=http://bugzilla.redhat.com/bugzilla --enable-bootstrap --enable-shared --enable-threads=posix --enable-checking=release --with-system-zlib --enable-__cxa_atexit --disable-libunwind-exceptions --enable-languages=c,c++,objc,obj-c++,java,fortran,ada --enable-java-awt=gtk --disable-dssi --enable-plugin --with-java-home=/usr/lib/jvm/java-1.5.0-gcj-1.5.0.0/jre --enable-libgcj-multifile --enable-java-maintainer-mode --with-ecj-jar=/usr/share/java/eclipse-ecj.jar --disable-libjava-multilib --with-ppl --with-cloog --with-tune=generic --with-arch=i586 --build=i586-redhat-linux
Thread model: posix
gcc version 4.4.0 20090506 (Red Hat 4.4.0-4) (GCC) 
configure:2684: $? = 0
configure:2691: gcc -V >&5
gcc: '-V' option must have argument
configure:2695: $? = 1
configure:2718: checking for C compiler default output file name
configure:2740: gcc  -O2  -I/home/administrator/libraries/mpich2-1.1/src/openpa/src -I/tmp/administrator/mpich2/src/openpa/src  conftest.c -lpthread  >&5
configure:2744: $? = 0
configure:2782: result: a.out
configure:2799: checking whether the C compiler works
configure:2809: ./a.out
configure:2813: $? = 0
configure:2830: result: yes
configure:2837: checking whether we are cross compiling
configure:2839: result: no
configure:2842: checking for suffix of executables
configure:2849: gcc -o conftest  -O2  -I/home/administrator/libraries/mpich2-1.1/src/openpa/src -I/tmp/administrator/mpich2/src/openpa/src  conftest.c -lpthread  >&5
configure:2853: $? = 0
configure:2877: result: 
configure:2883: checking for suffix of object files
configure:2909: gcc -c  -O2  -I/home/administrator/libraries/mpich2-1.1/src/openpa/src -I/tmp/administrator/mpich2/src/openpa/src conftest.c >&5
configure:2913: $? = 0
configure:2936: result: o
configure:2940: checking whether we are using the GNU C compiler
configure:2969: gcc -c  -O2  -I/home/administrator/libraries/mpich2-1.1/src/openpa/src -I/tmp/administrator/mpich2/src/openpa/src conftest.c >&5
configure:2976: $? = 0
configure:2993: result: yes
configure:3002: checking whether gcc accepts -g
configure:3032: gcc -c -g  -I/home/administrator/libraries/mpich2-1.1/src/openpa/src -I/tmp/administrator/mpich2/src/openpa/src conftest.c >&5
configure:3039: $? = 0
configure:3140: result: yes
configure:3157: checking for gcc option to accept ISO C89
configure:3231: gcc  -c  -O2  -I/home/administrator/libraries/mpich2-1.1/src/openpa/src -I/tmp/administrator/mpich2/src/openpa/src conftest.c >&5
configure:3238: $? = 0
configure:3261: result: none needed
configure:3290: checking for style of include used by make
configure:3318: result: GNU
configure:3343: checking dependency style of gcc
configure:3434: result: gcc3
configure:3492: checking for ranlib
configure:3519: result: ranlib
configure:3547: checking whether to enable assertions
configure:3559: result: yes
configure:3571: checking how to run the C preprocessor
configure:3611: gcc -E  -I/home/administrator/libraries/mpich2-1.1/src/openpa/src -I/tmp/administrator/mpich2/src/openpa/src conftest.c
configure:3618: $? = 0
configure:3649: gcc -E  -I/home/administrator/libraries/mpich2-1.1/src/openpa/src -I/tmp/administrator/mpich2/src/openpa/src conftest.c
conftest.c:10:28: error: ac_nonexistent.h: No such file or directory
configure:3656: $? = 1
configure: failed program was:
| /* confdefs.h.  */
| #define PACKAGE_NAME "OpenPA"
| #define PACKAGE_TARNAME "openpa"
| #define PACKAGE_VERSION "1.0.0"
| #define PACKAGE_STRING "OpenPA 1.0.0"
| #define PACKAGE_BUGREPORT "https://trac.mcs.anl.gov/projects/openpa/newticket"
| #define PACKAGE "openpa"
| #define VERSION "1.0.0"
| /* end confdefs.h.  */
| #include <ac_nonexistent.h>
configure:3689: result: gcc -E
configure:3718: gcc -E  -I/home/administrator/libraries/mpich2-1.1/src/openpa/src -I/tmp/administrator/mpich2/src/openpa/src conftest.c
configure:3725: $? = 0
configure:3756: gcc -E  -I/home/administrator/libraries/mpich2-1.1/src/openpa/src -I/tmp/administrator/mpich2/src/openpa/src conftest.c
conftest.c:10:28: error: ac_nonexistent.h: No such file or directory
configure:3763: $? = 1
configure: failed program was:
| /* confdefs.h.  */
| #define PACKAGE_NAME "OpenPA"
| #define PACKAGE_TARNAME "openpa"
| #define PACKAGE_VERSION "1.0.0"
| #define PACKAGE_STRING "OpenPA 1.0.0"
| #define PACKAGE_BUGREPORT "https://trac.mcs.anl.gov/projects/openpa/newticket"
| #define PACKAGE "openpa"
| #define VERSION "1.0.0"
| /* end confdefs.h.  */
| #include <ac_nonexistent.h>
configure:3801: checking for grep that handles long lines and -e
configure:3861: result: /bin/grep
configure:3866: checking for egrep
configure:3930: result: /bin/grep -E
configure:3935: checking for ANSI C header files
configure:3965: gcc -c  -O2  -I/home/administrator/libraries/mpich2-1.1/src/openpa/src -I/tmp/administrator/mpich2/src/openpa/src conftest.c >&5
configure:3972: $? = 0
configure:4071: gcc -o conftest  -O2  -I/home/administrator/libraries/mpich2-1.1/src/openpa/src -I/tmp/administrator/mpich2/src/openpa/src  conftest.c -lpthread  >&5
configure:4075: $? = 0
configure:4081: ./conftest
configure:4085: $? = 0
configure:4103: result: yes
configure:4127: checking for sys/types.h
configure:4148: gcc -c  -O2  -I/home/administrator/libraries/mpich2-1.1/src/openpa/src -I/tmp/administrator/mpich2/src/openpa/src conftest.c >&5
configure:4155: $? = 0
configure:4172: result: yes
configure:4127: checking for sys/stat.h
configure:4148: gcc -c  -O2  -I/home/administrator/libraries/mpich2-1.1/src/openpa/src -I/tmp/administrator/mpich2/src/openpa/src conftest.c >&5
configure:4155: $? = 0
configure:4172: result: yes
configure:4127: checking for stdlib.h
configure:4148: gcc -c  -O2  -I/home/administrator/libraries/mpich2-1.1/src/openpa/src -I/tmp/administrator/mpich2/src/openpa/src conftest.c >&5
configure:4155: $? = 0
configure:4172: result: yes
configure:4127: checking for string.h
configure:4148: gcc -c  -O2  -I/home/administrator/libraries/mpich2-1.1/src/openpa/src -I/tmp/administrator/mpich2/src/openpa/src conftest.c >&5
configure:4155: $? = 0
configure:4172: result: yes
configure:4127: checking for memory.h
configure:4148: gcc -c  -O2  -I/home/administrator/libraries/mpich2-1.1/src/openpa/src -I/tmp/administrator/mpich2/src/openpa/src conftest.c >&5
configure:4155: $? = 0
configure:4172: result: yes
configure:4127: checking for strings.h
configure:4148: gcc -c  -O2  -I/home/administrator/libraries/mpich2-1.1/src/openpa/src -I/tmp/administrator/mpich2/src/openpa/src conftest.c >&5
configure:4155: $? = 0
configure:4172: result: yes
configure:4127: checking for inttypes.h
configure:4148: gcc -c  -O2  -I/home/administrator/libraries/mpich2-1.1/src/openpa/src -I/tmp/administrator/mpich2/src/openpa/src conftest.c >&5
configure:4155: $? = 0
configure:4172: result: yes
configure:4127: checking for stdint.h
configure:4148: gcc -c  -O2  -I/home/administrator/libraries/mpich2-1.1/src/openpa/src -I/tmp/administrator/mpich2/src/openpa/src conftest.c >&5
configure:4155: $? = 0
configure:4172: result: yes
configure:4127: checking for unistd.h
configure:4148: gcc -c  -O2  -I/home/administrator/libraries/mpich2-1.1/src/openpa/src -I/tmp/administrator/mpich2/src/openpa/src conftest.c >&5
configure:4155: $? = 0
configure:4172: result: yes
configure:4205: checking pthread.h usability
configure:4222: gcc -c  -O2  -I/home/administrator/libraries/mpich2-1.1/src/openpa/src -I/tmp/administrator/mpich2/src/openpa/src conftest.c >&5
configure:4229: $? = 0
configure:4243: result: yes
configure:4247: checking pthread.h presence
configure:4262: gcc -E  -I/home/administrator/libraries/mpich2-1.1/src/openpa/src -I/tmp/administrator/mpich2/src/openpa/src conftest.c
configure:4269: $? = 0
configure:4283: result: yes
configure:4316: checking for pthread.h
configure:4325: result: yes
configure:4205: checking atomic.h usability
configure:4222: gcc -c  -O2  -I/home/administrator/libraries/mpich2-1.1/src/openpa/src -I/tmp/administrator/mpich2/src/openpa/src conftest.c >&5
conftest.c:54:20: error: atomic.h: No such file or directory
configure:4229: $? = 1
configure: failed program was:
| /* confdefs.h.  */
| #define PACKAGE_NAME "OpenPA"
| #define PACKAGE_TARNAME "openpa"
| #define PACKAGE_VERSION "1.0.0"
| #define PACKAGE_STRING "OpenPA 1.0.0"
| #define PACKAGE_BUGREPORT "https://trac.mcs.anl.gov/projects/openpa/newticket"
| #define PACKAGE "openpa"
| #define VERSION "1.0.0"
| #define STDC_HEADERS 1
| #define HAVE_SYS_TYPES_H 1
| #define HAVE_SYS_STAT_H 1
| #define HAVE_STDLIB_H 1
| #define HAVE_STRING_H 1
| #define HAVE_MEMORY_H 1
| #define HAVE_STRINGS_H 1
| #define HAVE_INTTYPES_H 1
| #define HAVE_STDINT_H 1
| #define HAVE_UNISTD_H 1
| #define HAVE_PTHREAD_H 1
| /* end confdefs.h.  */
| #include <stdio.h>
| #ifdef HAVE_SYS_TYPES_H
| # include <sys/types.h>
| #endif
| #ifdef HAVE_SYS_STAT_H
| # include <sys/stat.h>
| #endif
| #ifdef STDC_HEADERS
| # include <stdlib.h>
| # include <stddef.h>
| #else
| # ifdef HAVE_STDLIB_H
| #  include <stdlib.h>
| # endif
| #endif
| #ifdef HAVE_STRING_H
| # if !defined STDC_HEADERS && defined HAVE_MEMORY_H
| #  include <memory.h>
| # endif
| # include <string.h>
| #endif
| #ifdef HAVE_STRINGS_H
| # include <strings.h>
| #endif
| #ifdef HAVE_INTTYPES_H
| # include <inttypes.h>
| #endif
| #ifdef HAVE_STDINT_H
| # include <stdint.h>
| #endif
| #ifdef HAVE_UNISTD_H
| # include <unistd.h>
| #endif
| #include <atomic.h>
configure:4243: result: no
configure:4247: checking atomic.h presence
configure:4262: gcc -E  -I/home/administrator/libraries/mpich2-1.1/src/openpa/src -I/tmp/administrator/mpich2/src/openpa/src conftest.c
conftest.c:21:20: error: atomic.h: No such file or directory
configure:4269: $? = 1
configure: failed program was:
| /* confdefs.h.  */
| #define PACKAGE_NAME "OpenPA"
| #define PACKAGE_TARNAME "openpa"
| #define PACKAGE_VERSION "1.0.0"
| #define PACKAGE_STRING "OpenPA 1.0.0"
| #define PACKAGE_BUGREPORT "https://trac.mcs.anl.gov/projects/openpa/newticket"
| #define PACKAGE "openpa"
| #define VERSION "1.0.0"
| #define STDC_HEADERS 1
| #define HAVE_SYS_TYPES_H 1
| #define HAVE_SYS_STAT_H 1
| #define HAVE_STDLIB_H 1
| #define HAVE_STRING_H 1
| #define HAVE_MEMORY_H 1
| #define HAVE_STRINGS_H 1
| #define HAVE_INTTYPES_H 1
| #define HAVE_STDINT_H 1
| #define HAVE_UNISTD_H 1
| #define HAVE_PTHREAD_H 1
| /* end confdefs.h.  */
| #include <atomic.h>
configure:4283: result: no
configure:4316: checking for atomic.h
configure:4325: result: no
configure:4205: checking intrin.h usability
configure:4222: gcc -c  -O2  -I/home/administrator/libraries/mpich2-1.1/src/openpa/src -I/tmp/administrator/mpich2/src/openpa/src conftest.c >&5
conftest.c:54:20: error: intrin.h: No such file or directory
configure:4229: $? = 1
configure: failed program was:
| /* confdefs.h.  */
| #define PACKAGE_NAME "OpenPA"
| #define PACKAGE_TARNAME "openpa"
| #define PACKAGE_VERSION "1.0.0"
| #define PACKAGE_STRING "OpenPA 1.0.0"
| #define PACKAGE_BUGREPORT "https://trac.mcs.anl.gov/projects/openpa/newticket"
| #define PACKAGE "openpa"
| #define VERSION "1.0.0"
| #define STDC_HEADERS 1
| #define HAVE_SYS_TYPES_H 1
| #define HAVE_SYS_STAT_H 1
| #define HAVE_STDLIB_H 1
| #define HAVE_STRING_H 1
| #define HAVE_MEMORY_H 1
| #define HAVE_STRINGS_H 1
| #define HAVE_INTTYPES_H 1
| #define HAVE_STDINT_H 1
| #define HAVE_UNISTD_H 1
| #define HAVE_PTHREAD_H 1
| /* end confdefs.h.  */
| #include <stdio.h>
| #ifdef HAVE_SYS_TYPES_H
| # include <sys/types.h>
| #endif
| #ifdef HAVE_SYS_STAT_H
| # include <sys/stat.h>
| #endif
| #ifdef STDC_HEADERS
| # include <stdlib.h>
| # include <stddef.h>
| #else
| # ifdef HAVE_STDLIB_H
| #  include <stdlib.h>
| # endif
| #endif
| #ifdef HAVE_STRING_H
| # if !defined STDC_HEADERS && defined HAVE_MEMORY_H
| #  include <memory.h>
| # endif
| # include <string.h>
| #endif
| #ifdef HAVE_STRINGS_H
| # include <strings.h>
| #endif
| #ifdef HAVE_INTTYPES_H
| # include <inttypes.h>
| #endif
| #ifdef HAVE_STDINT_H
| # include <stdint.h>
| #endif
| #ifdef HAVE_UNISTD_H
| # include <unistd.h>
| #endif
| #include <intrin.h>
configure:4243: result: no
configure:4247: checking intrin.h presence
configure:4262: gcc -E  -I/home/administrator/libraries/mpich2-1.1/src/openpa/src -I/tmp/administrator/mpich2/src/openpa/src conftest.c
conftest.c:21:20: error: intrin.h: No such file or directory
configure:4269: $? = 1
configure: failed program was:
| /* confdefs.h.  */
| #define PACKAGE_NAME "OpenPA"
| #define PACKAGE_TARNAME "openpa"
| #define PACKAGE_VERSION "1.0.0"
| #define PACKAGE_STRING "OpenPA 1.0.0"
| #define PACKAGE_BUGREPORT "https://trac.mcs.anl.gov/projects/openpa/newticket"
| #define PACKAGE "openpa"
| #define VERSION "1.0.0"
| #define STDC_HEADERS 1
| #define HAVE_SYS_TYPES_H 1
| #define HAVE_SYS_STAT_H 1
| #define HAVE_STDLIB_H 1
| #define HAVE_STRING_H 1
| #define HAVE_MEMORY_H 1
| #define HAVE_STRINGS_H 1
| #define HAVE_INTTYPES_H 1
| #define HAVE_STDINT_H 1
| #define HAVE_UNISTD_H 1
| #define HAVE_PTHREAD_H 1
| /* end confdefs.h.  */
| #include <intrin.h>
configure:4283: result: no
configure:4316: checking for intrin.h
configure:4325: result: no
configure:4194: checking for inttypes.h
configure:4201: result: yes
configure:4194: checking for stdint.h
configure:4201: result: yes
configure:4340: checking for C/C++ restrict keyword
configure:4375: gcc -c  -O2  -I/home/administrator/libraries/mpich2-1.1/src/openpa/src -I/tmp/administrator/mpich2/src/openpa/src conftest.c >&5
configure:4382: $? = 0
configure:4400: result: __restrict
configure:4416: checking for inline
configure:4442: gcc -c  -O2  -I/home/administrator/libraries/mpich2-1.1/src/openpa/src -I/tmp/administrator/mpich2/src/openpa/src conftest.c >&5
configure:4449: $? = 0
configure:4467: result: inline
configure:4488: checking for pthread_create in -lpthread
configure:4523: gcc -o conftest  -O2  -I/home/administrator/libraries/mpich2-1.1/src/openpa/src -I/tmp/administrator/mpich2/src/openpa/src  conftest.c -lpthread  -lpthread  >&5
configure:4530: $? = 0
configure:4551: result: yes
configure:4564: checking if 100 threads can be run at once
configure:4612: gcc -o conftest  -O2  -I/home/administrator/libraries/mpich2-1.1/src/openpa/src -I/tmp/administrator/mpich2/src/openpa/src  conftest.c -lpthread -lpthread  >&5
configure:4616: $? = 0
configure:4622: ./conftest
configure:4626: $? = 0
configure:4628: result: yes
configure:4655: checking size of void *
configure:4958: gcc -o conftest  -O2  -I/home/administrator/libraries/mpich2-1.1/src/openpa/src -I/tmp/administrator/mpich2/src/openpa/src  conftest.c -lpthread -lpthread  >&5
configure:4962: $? = 0
configure:4968: ./conftest
configure:4972: $? = 0
configure:4996: result: 4
configure:5010: checking size of int
configure:5313: gcc -o conftest  -O2  -I/home/administrator/libraries/mpich2-1.1/src/openpa/src -I/tmp/administrator/mpich2/src/openpa/src  conftest.c -lpthread -lpthread  >&5
configure:5317: $? = 0
configure:5323: ./conftest
configure:5327: $? = 0
configure:5351: result: 4
configure:5363: checking whether __attribute__ allowed
configure:5390: gcc -c  -O2  -I/home/administrator/libraries/mpich2-1.1/src/openpa/src -I/tmp/administrator/mpich2/src/openpa/src conftest.c >&5
configure:5397: $? = 0
configure:5412: result: yes
configure:5414: checking whether __attribute__((format)) allowed
configure:5441: gcc -c  -O2  -I/home/administrator/libraries/mpich2-1.1/src/openpa/src -I/tmp/administrator/mpich2/src/openpa/src conftest.c >&5
configure:5448: $? = 0
configure:5463: result: yes
configure:5474: checking if compiler rejects bogus asm statements
configure:5499: gcc -o conftest  -O2  -I/home/administrator/libraries/mpich2-1.1/src/openpa/src -I/tmp/administrator/mpich2/src/openpa/src  conftest.c -lpthread -lpthread  >&5
conftest.c: Assembler messages:
conftest.c:33: Error: no such instruction: `illegal_asm_stmt'
configure:5506: $? = 1
configure: failed program was:
| /* confdefs.h.  */
| #define PACKAGE_NAME "OpenPA"
| #define PACKAGE_TARNAME "openpa"
| #define PACKAGE_VERSION "1.0.0"
| #define PACKAGE_STRING "OpenPA 1.0.0"
| #define PACKAGE_BUGREPORT "https://trac.mcs.anl.gov/projects/openpa/newticket"
| #define PACKAGE "openpa"
| #define VERSION "1.0.0"
| #define STDC_HEADERS 1
| #define HAVE_SYS_TYPES_H 1
| #define HAVE_SYS_STAT_H 1
| #define HAVE_STDLIB_H 1
| #define HAVE_STRING_H 1
| #define HAVE_MEMORY_H 1
| #define HAVE_STRINGS_H 1
| #define HAVE_INTTYPES_H 1
| #define HAVE_STDINT_H 1
| #define HAVE_UNISTD_H 1
| #define HAVE_PTHREAD_H 1
| #define HAVE_INTTYPES_H 1
| #define HAVE_STDINT_H 1
| #define restrict __restrict
| #define HAVE_LIBPTHREAD 1
| #define SIZEOF_VOID_P 4
| #define SIZEOF_INT 4
| #define HAVE_GCC_ATTRIBUTE 1
| /* end confdefs.h.  */
| 
| int
| main ()
| {
| 
|     __asm__ __volatile__ ("ILLEGAL_ASM_STMT");
| 
|   ;
|   return 0;
| }
configure:5523: result: yes
configure:5559: checking for support for gcc x86/x86_64 bit primitives
configure:5622: gcc -o conftest  -O2 -I/home/administrator/libraries/mpich2-1.1/src/openpa/src  -I/home/administrator/libraries/mpich2-1.1/src/openpa/src -I/tmp/administrator/mpich2/src/openpa/src  conftest.c -lpthread -lpthread  >&5
configure:5629: $? = 0
configure:5643: result: yes
configure:5667: checking for support for gcc ia64 primitives
configure:5730: gcc -o conftest  -O2 -I/home/administrator/libraries/mpich2-1.1/src/openpa/src  -I/home/administrator/libraries/mpich2-1.1/src/openpa/src -I/tmp/administrator/mpich2/src/openpa/src  conftest.c -lpthread -lpthread  >&5
/home/administrator/libraries/mpich2-1.1/src/openpa/src/primitives/opa_gcc_ia64.h: Assembler messages:
/home/administrator/libraries/mpich2-1.1/src/openpa/src/primitives/opa_gcc_ia64.h:67: Error: no such instruction: `zxt4 -12(%ebp)=-12(%ebp)'
/home/administrator/libraries/mpich2-1.1/src/openpa/src/primitives/opa_gcc_ia64.h:67: Error: invalid character '=' in operand 1
/home/administrator/libraries/mpich2-1.1/src/openpa/src/primitives/opa_gcc_ia64.h:67: Error: no such instruction: `cmpxchg4.rel %esi=[%eax],%ebx,ar.ccv'
/home/administrator/libraries/mpich2-1.1/src/openpa/src/primitives/opa_gcc_ia64.h:101: Error: no such instruction: `fetchadd4.rel %edx=[%eax],$1'
/home/administrator/libraries/mpich2-1.1/src/openpa/src/primitives/opa_gcc_ia64.h:100: Error: no such instruction: `fetchadd4.rel %edx=[%eax],$-1'
/home/administrator/libraries/mpich2-1.1/src/openpa/src/primitives/opa_gcc_ia64.h:49: Error: no such instruction: `fetchadd4.rel %edx=[%eax],$-1'
/home/administrator/libraries/mpich2-1.1/src/openpa/src/primitives/opa_gcc_ia64.h:67: Error: no such instruction: `zxt4 -12(%ebp)=-12(%ebp)'
/home/administrator/libraries/mpich2-1.1/src/openpa/src/primitives/opa_gcc_ia64.h:67: Error: invalid character '=' in operand 1
/home/administrator/libraries/mpich2-1.1/src/openpa/src/primitives/opa_gcc_ia64.h:67: Error: no such instruction: `cmpxchg4.rel %esi=[%eax],%ebx,ar.ccv'
/home/administrator/libraries/mpich2-1.1/src/openpa/src/primitives/opa_gcc_ia64.h:101: Error: no such instruction: `fetchadd4.rel %edx=[%eax],$1'
/home/administrator/libraries/mpich2-1.1/src/openpa/src/primitives/opa_gcc_ia64.h:100: Error: no such instruction: `fetchadd4.rel %edx=[%eax],$-1'
/home/administrator/libraries/mpich2-1.1/src/openpa/src/primitives/opa_gcc_ia64.h:67: Error: no such instruction: `zxt4 -12(%ebp)=-12(%ebp)'
/home/administrator/libraries/mpich2-1.1/src/openpa/src/primitives/opa_gcc_ia64.h:67: Error: invalid character '=' in operand 1
/home/administrator/libraries/mpich2-1.1/src/openpa/src/primitives/opa_gcc_ia64.h:67: Error: no such instruction: `cmpxchg4.rel %edx=[%eax],%ecx,ar.ccv'
/home/administrator/libraries/mpich2-1.1/src/openpa/src/primitives/opa_gcc_ia64.h:143: Error: no such instruction: `xchg8 %edx=[%eax],%edx'
conftest.c:67: Error: no such instruction: `mf'
conftest.c:68: Error: no such instruction: `mf'
conftest.c:69: Error: no such instruction: `mf'
configure:5737: $? = 1
configure: failed program was:
| /* confdefs.h.  */
| #define PACKAGE_NAME "OpenPA"
| #define PACKAGE_TARNAME "openpa"
| #define PACKAGE_VERSION "1.0.0"
| #define PACKAGE_STRING "OpenPA 1.0.0"
| #define PACKAGE_BUGREPORT "https://trac.mcs.anl.gov/projects/openpa/newticket"
| #define PACKAGE "openpa"
| #define VERSION "1.0.0"
| #define STDC_HEADERS 1
| #define HAVE_SYS_TYPES_H 1
| #define HAVE_SYS_STAT_H 1
| #define HAVE_STDLIB_H 1
| #define HAVE_STRING_H 1
| #define HAVE_MEMORY_H 1
| #define HAVE_STRINGS_H 1
| #define HAVE_INTTYPES_H 1
| #define HAVE_STDINT_H 1
| #define HAVE_UNISTD_H 1
| #define HAVE_PTHREAD_H 1
| #define HAVE_INTTYPES_H 1
| #define HAVE_STDINT_H 1
| #define restrict __restrict
| #define HAVE_LIBPTHREAD 1
| #define SIZEOF_VOID_P 4
| #define SIZEOF_INT 4
| #define HAVE_GCC_ATTRIBUTE 1
| #define HAVE_GCC_X86_32_64 1
| /* end confdefs.h.  */
| 
| #define OPA_SIZEOF_INT SIZEOF_INT
| #define OPA_SIZEOF_VOID_P SIZEOF_VOID_P
| #ifndef _opa_inline
| #define _opa_inline inline
| #endif
| #ifndef _opa_restrict
| #define _opa_restrict restrict
| #endif
| #ifdef HAVE_GCC_ATTRIBUTE
| #define OPA_HAVE_GCC_ATTRIBUTE 1
| #endif
| #include "opa_util.h" /* for OPA_ATTRIBUTE and friends */
| #include "primitives/opa_gcc_ia64.h"
| 
| int
| main ()
| {
| 
|     OPA_int_t a, b;
|     int c;
| 
|     OPA_store_int(&a, 0);
|     OPA_store_int(&b, 1);
|     c = OPA_load_int(&a);
| 
|     OPA_add_int(&a, 10);
|     OPA_incr_int(&a);
|     OPA_decr_int(&a);
| 
|     c = OPA_decr_and_test_int(&a);
|     c = OPA_fetch_and_add_int(&a, 10);
|     c = OPA_fetch_and_incr_int(&a);
|     c = OPA_fetch_and_decr_int(&a);
| 
|     c = OPA_cas_int(&a, 10, 11);
|     c = OPA_swap_int(&a, OPA_load_int(&b));
| 
|     OPA_write_barrier();
|     OPA_read_barrier();
|     OPA_read_write_barrier();
| 
|   ;
|   return 0;
| }
| 
configure:5758: result: no
configure:5775: checking for support for gcc PowerPC atomics
configure:5838: gcc -o conftest  -O2 -I/home/administrator/libraries/mpich2-1.1/src/openpa/src  -I/home/administrator/libraries/mpich2-1.1/src/openpa/src -I/tmp/administrator/mpich2/src/openpa/src  conftest.c -lpthread -lpthread  >&5
/home/administrator/libraries/mpich2-1.1/src/openpa/src/primitives/opa_gcc_ppc.h: Assembler messages:
/home/administrator/libraries/mpich2-1.1/src/openpa/src/primitives/opa_gcc_ppc.h:47: Error: no such instruction: `lwarx %ecx,0,%eax'
/home/administrator/libraries/mpich2-1.1/src/openpa/src/primitives/opa_gcc_ppc.h:59: Error: no such instruction: `stwcx. %ecx,0,%eax'
/home/administrator/libraries/mpich2-1.1/src/openpa/src/primitives/opa_gcc_ppc.h:60: Error: no such instruction: `beq 1f'
/home/administrator/libraries/mpich2-1.1/src/openpa/src/primitives/opa_gcc_ppc.h:61: Error: no such instruction: `li %edx,0'
/home/administrator/libraries/mpich2-1.1/src/openpa/src/primitives/opa_gcc_ppc.h:47: Error: no such instruction: `lwarx %ecx,0,%eax'
/home/administrator/libraries/mpich2-1.1/src/openpa/src/primitives/opa_gcc_ppc.h:59: Error: no such instruction: `stwcx. %ecx,0,%eax'
/home/administrator/libraries/mpich2-1.1/src/openpa/src/primitives/opa_gcc_ppc.h:60: Error: no such instruction: `beq 1f'
/home/administrator/libraries/mpich2-1.1/src/openpa/src/primitives/opa_gcc_ppc.h:61: Error: no such instruction: `li %edx,0'
/home/administrator/libraries/mpich2-1.1/src/openpa/src/primitives/opa_gcc_ppc.h:47: Error: no such instruction: `lwarx %ecx,0,%eax'
/home/administrator/libraries/mpich2-1.1/src/openpa/src/primitives/opa_gcc_ppc.h:59: Error: no such instruction: `stwcx. %ecx,0,%eax'
/home/administrator/libraries/mpich2-1.1/src/openpa/src/primitives/opa_gcc_ppc.h:60: Error: no such instruction: `beq 1f'
/home/administrator/libraries/mpich2-1.1/src/openpa/src/primitives/opa_gcc_ppc.h:61: Error: no such instruction: `li %edx,0'
/home/administrator/libraries/mpich2-1.1/src/openpa/src/primitives/opa_gcc_ppc.h:47: Error: no such instruction: `lwarx %ecx,0,%eax'
/home/administrator/libraries/mpich2-1.1/src/openpa/src/primitives/opa_gcc_ppc.h:59: Error: no such instruction: `stwcx. %ecx,0,%eax'
/home/administrator/libraries/mpich2-1.1/src/openpa/src/primitives/opa_gcc_ppc.h:60: Error: no such instruction: `beq 1f'
/home/administrator/libraries/mpich2-1.1/src/openpa/src/primitives/opa_gcc_ppc.h:61: Error: no such instruction: `li %edx,0'
/home/administrator/libraries/mpich2-1.1/src/openpa/src/primitives/opa_gcc_ppc.h:47: Error: no such instruction: `lwarx %ecx,0,%eax'
/home/administrator/libraries/mpich2-1.1/src/openpa/src/primitives/opa_gcc_ppc.h:59: Error: no such instruction: `stwcx. %ecx,0,%eax'
/home/administrator/libraries/mpich2-1.1/src/openpa/src/primitives/opa_gcc_ppc.h:60: Error: no such instruction: `beq 1f'
/home/administrator/libraries/mpich2-1.1/src/openpa/src/primitives/opa_gcc_ppc.h:61: Error: no such instruction: `li %edx,0'
/home/administrator/libraries/mpich2-1.1/src/openpa/src/primitives/opa_gcc_ppc.h:47: Error: no such instruction: `lwarx %ecx,0,%eax'
/home/administrator/libraries/mpich2-1.1/src/openpa/src/primitives/opa_gcc_ppc.h:59: Error: no such instruction: `stwcx. %ecx,0,%eax'
/home/administrator/libraries/mpich2-1.1/src/openpa/src/primitives/opa_gcc_ppc.h:60: Error: no such instruction: `beq 1f'
/home/administrator/libraries/mpich2-1.1/src/openpa/src/primitives/opa_gcc_ppc.h:61: Error: no such instruction: `li %edx,0'
/home/administrator/libraries/mpich2-1.1/src/openpa/src/primitives/opa_gcc_ppc.h:47: Error: no such instruction: `lwarx %ecx,0,%eax'
/home/administrator/libraries/mpich2-1.1/src/openpa/src/primitives/opa_gcc_ppc.h:59: Error: no such instruction: `stwcx. %ecx,0,%eax'
/home/administrator/libraries/mpich2-1.1/src/openpa/src/primitives/opa_gcc_ppc.h:60: Error: no such instruction: `beq 1f'
/home/administrator/libraries/mpich2-1.1/src/openpa/src/primitives/opa_gcc_ppc.h:61: Error: no such instruction: `li %edx,0'
/home/administrator/libraries/mpich2-1.1/src/openpa/src/primitives/opa_gcc_ppc.h:47: Error: no such instruction: `lwarx %edx,0,%eax'
/home/administrator/libraries/mpich2-1.1/src/openpa/src/primitives/opa_gcc_ppc.h:59: Error: no such instruction: `stwcx. %ebx,0,%eax'
/home/administrator/libraries/mpich2-1.1/src/openpa/src/primitives/opa_gcc_ppc.h:60: Error: no such instruction: `beq 1f'
/home/administrator/libraries/mpich2-1.1/src/openpa/src/primitives/opa_gcc_ppc.h:61: Error: no such instruction: `li %edx,0'
/home/administrator/libraries/mpich2-1.1/src/openpa/src/primitives/opa_gcc_ppc.h:47: Error: no such instruction: `lwarx %edx,0,%eax'
/home/administrator/libraries/mpich2-1.1/src/openpa/src/primitives/opa_gcc_ppc.h:59: Error: no such instruction: `stwcx. %ebx,0,%eax'
/home/administrator/libraries/mpich2-1.1/src/openpa/src/primitives/opa_gcc_ppc.h:60: Error: no such instruction: `beq 1f'
/home/administrator/libraries/mpich2-1.1/src/openpa/src/primitives/opa_gcc_ppc.h:61: Error: no such instruction: `li %edx,0'
conftest.c:67: Error: no such instruction: `sync'
conftest.c:68: Error: no such instruction: `sync'
conftest.c:69: Error: no such instruction: `sync'
configure:5845: $? = 1
configure: failed program was:
| /* confdefs.h.  */
| #define PACKAGE_NAME "OpenPA"
| #define PACKAGE_TARNAME "openpa"
| #define PACKAGE_VERSION "1.0.0"
| #define PACKAGE_STRING "OpenPA 1.0.0"
| #define PACKAGE_BUGREPORT "https://trac.mcs.anl.gov/projects/openpa/newticket"
| #define PACKAGE "openpa"
| #define VERSION "1.0.0"
| #define STDC_HEADERS 1
| #define HAVE_SYS_TYPES_H 1
| #define HAVE_SYS_STAT_H 1
| #define HAVE_STDLIB_H 1
| #define HAVE_STRING_H 1
| #define HAVE_MEMORY_H 1
| #define HAVE_STRINGS_H 1
| #define HAVE_INTTYPES_H 1
| #define HAVE_STDINT_H 1
| #define HAVE_UNISTD_H 1
| #define HAVE_PTHREAD_H 1
| #define HAVE_INTTYPES_H 1
| #define HAVE_STDINT_H 1
| #define restrict __restrict
| #define HAVE_LIBPTHREAD 1
| #define SIZEOF_VOID_P 4
| #define SIZEOF_INT 4
| #define HAVE_GCC_ATTRIBUTE 1
| #define HAVE_GCC_X86_32_64 1
| /* end confdefs.h.  */
| 
| #define OPA_SIZEOF_INT SIZEOF_INT
| #define OPA_SIZEOF_VOID_P SIZEOF_VOID_P
| #ifndef _opa_inline
| #define _opa_inline inline
| #endif
| #ifndef _opa_restrict
| #define _opa_restrict restrict
| #endif
| #ifdef HAVE_GCC_ATTRIBUTE
| #define OPA_HAVE_GCC_ATTRIBUTE 1
| #endif
| #include "opa_util.h" /* for OPA_ATTRIBUTE and friends */
| #include "primitives/opa_gcc_ppc.h"
| 
| int
| main ()
| {
| 
|     OPA_int_t a, b;
|     int c;
| 
|     OPA_store_int(&a, 0);
|     OPA_store_int(&b, 1);
|     c = OPA_load_int(&a);
| 
|     OPA_add_int(&a, 10);
|     OPA_incr_int(&a);
|     OPA_decr_int(&a);
| 
|     c = OPA_decr_and_test_int(&a);
|     c = OPA_fetch_and_add_int(&a, 10);
|     c = OPA_fetch_and_incr_int(&a);
|     c = OPA_fetch_and_decr_int(&a);
| 
|     c = OPA_cas_int(&a, 10, 11);
|     c = OPA_swap_int(&a, OPA_load_int(&b));
| 
|     OPA_write_barrier();
|     OPA_read_barrier();
|     OPA_read_write_barrier();
| 
|   ;
|   return 0;
| }
| 
configure:5866: result: no
configure:5883: checking for support for gcc SiCortex atomics
configure:5946: gcc -o conftest  -O2 -I/home/administrator/libraries/mpich2-1.1/src/openpa/src  -I/home/administrator/libraries/mpich2-1.1/src/openpa/src -I/tmp/administrator/mpich2/src/openpa/src  conftest.c -lpthread -lpthread  >&5
/home/administrator/libraries/mpich2-1.1/src/openpa/src/primitives/opa_gcc_sicortex.h: Assembler messages:
/home/administrator/libraries/mpich2-1.1/src/openpa/src/primitives/opa_gcc_sicortex.h:97: Error: expected comma after "mips3"
/home/administrator/libraries/mpich2-1.1/src/openpa/src/primitives/opa_gcc_sicortex.h:98: Error: expected comma after "noreorder"
/home/administrator/libraries/mpich2-1.1/src/openpa/src/primitives/opa_gcc_sicortex.h:99: Error: no such instruction: `ll %eax,-4(%ebp)'
/home/administrator/libraries/mpich2-1.1/src/openpa/src/primitives/opa_gcc_sicortex.h:100: Error: no such instruction: `addu %edx,%eax,$10'
/home/administrator/libraries/mpich2-1.1/src/openpa/src/primitives/opa_gcc_sicortex.h:101: Error: no such instruction: `sc %edx,-4(%ebp)'
/home/administrator/libraries/mpich2-1.1/src/openpa/src/primitives/opa_gcc_sicortex.h:102: Error: no such instruction: `beqz %edx,1b'
/home/administrator/libraries/mpich2-1.1/src/openpa/src/primitives/opa_gcc_sicortex.h:104: Error: expected comma after "reorder"
/home/administrator/libraries/mpich2-1.1/src/openpa/src/primitives/opa_gcc_sicortex.h:105: Error: expected comma after "mips0"
/home/administrator/libraries/mpich2-1.1/src/openpa/src/primitives/opa_gcc_sicortex.h:97: Error: expected comma after "mips3"
/home/administrator/libraries/mpich2-1.1/src/openpa/src/primitives/opa_gcc_sicortex.h:98: Error: expected comma after "noreorder"
/home/administrator/libraries/mpich2-1.1/src/openpa/src/primitives/opa_gcc_sicortex.h:99: Error: no such instruction: `ll %eax,-4(%ebp)'
/home/administrator/libraries/mpich2-1.1/src/openpa/src/primitives/opa_gcc_sicortex.h:100: Error: no such instruction: `addu %edx,%eax,$1'
/home/administrator/libraries/mpich2-1.1/src/openpa/src/primitives/opa_gcc_sicortex.h:101: Error: no such instruction: `sc %edx,-4(%ebp)'
/home/administrator/libraries/mpich2-1.1/src/openpa/src/primitives/opa_gcc_sicortex.h:102: Error: no such instruction: `beqz %edx,1b'
/home/administrator/libraries/mpich2-1.1/src/openpa/src/primitives/opa_gcc_sicortex.h:104: Error: expected comma after "reorder"
/home/administrator/libraries/mpich2-1.1/src/openpa/src/primitives/opa_gcc_sicortex.h:105: Error: expected comma after "mips0"
/home/administrator/libraries/mpich2-1.1/src/openpa/src/primitives/opa_gcc_sicortex.h:97: Error: expected comma after "mips3"
/home/administrator/libraries/mpich2-1.1/src/openpa/src/primitives/opa_gcc_sicortex.h:98: Error: expected comma after "noreorder"
/home/administrator/libraries/mpich2-1.1/src/openpa/src/primitives/opa_gcc_sicortex.h:99: Error: no such instruction: `ll %edx,-4(%ebp)'
/home/administrator/libraries/mpich2-1.1/src/openpa/src/primitives/opa_gcc_sicortex.h:100: Error: no such instruction: `addu %ecx,%edx,%eax'
/home/administrator/libraries/mpich2-1.1/src/openpa/src/primitives/opa_gcc_sicortex.h:101: Error: no such instruction: `sc %ecx,-4(%ebp)'
/home/administrator/libraries/mpich2-1.1/src/openpa/src/primitives/opa_gcc_sicortex.h:102: Error: no such instruction: `beqz %ecx,1b'
/home/administrator/libraries/mpich2-1.1/src/openpa/src/primitives/opa_gcc_sicortex.h:104: Error: expected comma after "reorder"
/home/administrator/libraries/mpich2-1.1/src/openpa/src/primitives/opa_gcc_sicortex.h:105: Error: expected comma after "mips0"
/home/administrator/libraries/mpich2-1.1/src/openpa/src/primitives/opa_gcc_sicortex.h:97: Error: expected comma after "mips3"
/home/administrator/libraries/mpich2-1.1/src/openpa/src/primitives/opa_gcc_sicortex.h:98: Error: expected comma after "noreorder"
/home/administrator/libraries/mpich2-1.1/src/openpa/src/primitives/opa_gcc_sicortex.h:99: Error: no such instruction: `ll %edx,-4(%ebp)'
/home/administrator/libraries/mpich2-1.1/src/openpa/src/primitives/opa_gcc_sicortex.h:100: Error: no such instruction: `addu %ecx,%edx,%eax'
/home/administrator/libraries/mpich2-1.1/src/openpa/src/primitives/opa_gcc_sicortex.h:101: Error: no such instruction: `sc %ecx,-4(%ebp)'
/home/administrator/libraries/mpich2-1.1/src/openpa/src/primitives/opa_gcc_sicortex.h:102: Error: no such instruction: `beqz %ecx,1b'
/home/administrator/libraries/mpich2-1.1/src/openpa/src/primitives/opa_gcc_sicortex.h:104: Error: expected comma after "reorder"
/home/administrator/libraries/mpich2-1.1/src/openpa/src/primitives/opa_gcc_sicortex.h:105: Error: expected comma after "mips0"
/home/administrator/libraries/mpich2-1.1/src/openpa/src/primitives/opa_gcc_sicortex.h:97: Error: expected comma after "mips3"
/home/administrator/libraries/mpich2-1.1/src/openpa/src/primitives/opa_gcc_sicortex.h:98: Error: expected comma after "noreorder"
/home/administrator/libraries/mpich2-1.1/src/openpa/src/primitives/opa_gcc_sicortex.h:99: Error: no such instruction: `ll %edx,-4(%ebp)'
/home/administrator/libraries/mpich2-1.1/src/openpa/src/primitives/opa_gcc_sicortex.h:100: Error: no such instruction: `addu %ecx,%edx,$10'
/home/administrator/libraries/mpich2-1.1/src/openpa/src/primitives/opa_gcc_sicortex.h:101: Error: no such instruction: `sc %ecx,-4(%ebp)'
/home/administrator/libraries/mpich2-1.1/src/openpa/src/primitives/opa_gcc_sicortex.h:102: Error: no such instruction: `beqz %ecx,1b'
/home/administrator/libraries/mpich2-1.1/src/openpa/src/primitives/opa_gcc_sicortex.h:104: Error: expected comma after "reorder"
/home/administrator/libraries/mpich2-1.1/src/openpa/src/primitives/opa_gcc_sicortex.h:105: Error: expected comma after "mips0"
/home/administrator/libraries/mpich2-1.1/src/openpa/src/primitives/opa_gcc_sicortex.h:97: Error: expected comma after "mips3"
/home/administrator/libraries/mpich2-1.1/src/openpa/src/primitives/opa_gcc_sicortex.h:98: Error: expected comma after "noreorder"
/home/administrator/libraries/mpich2-1.1/src/openpa/src/primitives/opa_gcc_sicortex.h:99: Error: no such instruction: `ll %edx,-4(%ebp)'
/home/administrator/libraries/mpich2-1.1/src/openpa/src/primitives/opa_gcc_sicortex.h:100: Error: no such instruction: `addu %ecx,%edx,$1'
/home/administrator/libraries/mpich2-1.1/src/openpa/src/primitives/opa_gcc_sicortex.h:101: Error: no such instruction: `sc %ecx,-4(%ebp)'
/home/administrator/libraries/mpich2-1.1/src/openpa/src/primitives/opa_gcc_sicortex.h:102: Error: no such instruction: `beqz %ecx,1b'
/home/administrator/libraries/mpich2-1.1/src/openpa/src/primitives/opa_gcc_sicortex.h:104: Error: expected comma after "reorder"
/home/administrator/libraries/mpich2-1.1/src/openpa/src/primitives/opa_gcc_sicortex.h:105: Error: expected comma after "mips0"
/home/administrator/libraries/mpich2-1.1/src/openpa/src/primitives/opa_gcc_sicortex.h:97: Error: expected comma after "mips3"
/home/administrator/libraries/mpich2-1.1/src/openpa/src/primitives/opa_gcc_sicortex.h:98: Error: expected comma after "noreorder"
/home/administrator/libraries/mpich2-1.1/src/openpa/src/primitives/opa_gcc_sicortex.h:99: Error: no such instruction: `ll %ecx,-4(%ebp)'
/home/administrator/libraries/mpich2-1.1/src/openpa/src/primitives/opa_gcc_sicortex.h:100: Error: no such instruction: `addu %edx,%ecx,%eax'
/home/administrator/libraries/mpich2-1.1/src/openpa/src/primitives/opa_gcc_sicortex.h:101: Error: no such instruction: `sc %edx,-4(%ebp)'
/home/administrator/libraries/mpich2-1.1/src/openpa/src/primitives/opa_gcc_sicortex.h:102: Error: no such instruction: `beqz %edx,1b'
/home/administrator/libraries/mpich2-1.1/src/openpa/src/primitives/opa_gcc_sicortex.h:104: Error: expected comma after "reorder"
/home/administrator/libraries/mpich2-1.1/src/openpa/src/primitives/opa_gcc_sicortex.h:105: Error: expected comma after "mips0"
/home/administrator/libraries/mpich2-1.1/src/openpa/src/primitives/opa_gcc_sicortex.h:268: Error: expected comma after "mips3"
/home/administrator/libraries/mpich2-1.1/src/openpa/src/primitives/opa_gcc_sicortex.h:269: Error: expected comma after "noreorder"
/home/administrator/libraries/mpich2-1.1/src/openpa/src/primitives/opa_gcc_sicortex.h:270: Error: no such instruction: `ll %ecx,-4(%ebp)'
/home/administrator/libraries/mpich2-1.1/src/openpa/src/primitives/opa_gcc_sicortex.h:271: Error: no such instruction: `bne %ecx,$10,1f'
/home/administrator/libraries/mpich2-1.1/src/openpa/src/primitives/opa_gcc_sicortex.h:272: Error: no such instruction: `move %edx,%eax'
/home/administrator/libraries/mpich2-1.1/src/openpa/src/primitives/opa_gcc_sicortex.h:273: Error: no such instruction: `sc %edx,-4(%ebp)'
/home/administrator/libraries/mpich2-1.1/src/openpa/src/primitives/opa_gcc_sicortex.h:274: Error: no such instruction: `beqz %edx,1b'
/home/administrator/libraries/mpich2-1.1/src/openpa/src/primitives/opa_gcc_sicortex.h:276: Error: expected comma after "reorder"
/home/administrator/libraries/mpich2-1.1/src/openpa/src/primitives/opa_gcc_sicortex.h:278: Error: expected comma after "mips0"
/home/administrator/libraries/mpich2-1.1/src/openpa/src/primitives/opa_gcc_sicortex.h:181: Error: expected comma after "mips3"
/home/administrator/libraries/mpich2-1.1/src/openpa/src/primitives/opa_gcc_sicortex.h:182: Error: expected comma after "noreorder"
/home/administrator/libraries/mpich2-1.1/src/openpa/src/primitives/opa_gcc_sicortex.h:183: Error: no such instruction: `ll %ecx,-4(%ebp)'
/home/administrator/libraries/mpich2-1.1/src/openpa/src/primitives/opa_gcc_sicortex.h:184: Error: no such instruction: `move %edx,%eax'
/home/administrator/libraries/mpich2-1.1/src/openpa/src/primitives/opa_gcc_sicortex.h:185: Error: no such instruction: `sc %edx,-4(%ebp)'
/home/administrator/libraries/mpich2-1.1/src/openpa/src/primitives/opa_gcc_sicortex.h:186: Error: no such instruction: `beqz %edx,1b'
/home/administrator/libraries/mpich2-1.1/src/openpa/src/primitives/opa_gcc_sicortex.h:188: Error: expected comma after "reorder"
/home/administrator/libraries/mpich2-1.1/src/openpa/src/primitives/opa_gcc_sicortex.h:189: Error: expected comma after "mips0"
conftest.c:67: Error: no such instruction: `sync'
conftest.c:68: Error: no such instruction: `sync'
conftest.c:69: Error: no such instruction: `sync'
configure:5953: $? = 1
configure: failed program was:
| /* confdefs.h.  */
| #define PACKAGE_NAME "OpenPA"
| #define PACKAGE_TARNAME "openpa"
| #define PACKAGE_VERSION "1.0.0"
| #define PACKAGE_STRING "OpenPA 1.0.0"
| #define PACKAGE_BUGREPORT "https://trac.mcs.anl.gov/projects/openpa/newticket"
| #define PACKAGE "openpa"
| #define VERSION "1.0.0"
| #define STDC_HEADERS 1
| #define HAVE_SYS_TYPES_H 1
| #define HAVE_SYS_STAT_H 1
| #define HAVE_STDLIB_H 1
| #define HAVE_STRING_H 1
| #define HAVE_MEMORY_H 1
| #define HAVE_STRINGS_H 1
| #define HAVE_INTTYPES_H 1
| #define HAVE_STDINT_H 1
| #define HAVE_UNISTD_H 1
| #define HAVE_PTHREAD_H 1
| #define HAVE_INTTYPES_H 1
| #define HAVE_STDINT_H 1
| #define restrict __restrict
| #define HAVE_LIBPTHREAD 1
| #define SIZEOF_VOID_P 4
| #define SIZEOF_INT 4
| #define HAVE_GCC_ATTRIBUTE 1
| #define HAVE_GCC_X86_32_64 1
| /* end confdefs.h.  */
| 
| #define OPA_SIZEOF_INT SIZEOF_INT
| #define OPA_SIZEOF_VOID_P SIZEOF_VOID_P
| #ifndef _opa_inline
| #define _opa_inline inline
| #endif
| #ifndef _opa_restrict
| #define _opa_restrict restrict
| #endif
| #ifdef HAVE_GCC_ATTRIBUTE
| #define OPA_HAVE_GCC_ATTRIBUTE 1
| #endif
| #include "opa_util.h" /* for OPA_ATTRIBUTE and friends */
| #include "primitives/opa_gcc_sicortex.h"
| 
| int
| main ()
| {
| 
|     OPA_int_t a, b;
|     int c;
| 
|     OPA_store_int(&a, 0);
|     OPA_store_int(&b, 1);
|     c = OPA_load_int(&a);
| 
|     OPA_add_int(&a, 10);
|     OPA_incr_int(&a);
|     OPA_decr_int(&a);
| 
|     c = OPA_decr_and_test_int(&a);
|     c = OPA_fetch_and_add_int(&a, 10);
|     c = OPA_fetch_and_incr_int(&a);
|     c = OPA_fetch_and_decr_int(&a);
| 
|     c = OPA_cas_int(&a, 10, 11);
|     c = OPA_swap_int(&a, OPA_load_int(&b));
| 
|     OPA_write_barrier();
|     OPA_read_barrier();
|     OPA_read_write_barrier();
| 
|   ;
|   return 0;
| }
| 
configure:5974: result: no
configure:5993: checking for support for gcc atomic intrinsics
configure:6056: gcc -o conftest  -O2 -I/home/administrator/libraries/mpich2-1.1/src/openpa/src  -I/home/administrator/libraries/mpich2-1.1/src/openpa/src -I/tmp/administrator/mpich2/src/openpa/src  conftest.c -lpthread -lpthread  >&5
configure:6063: $? = 0
configure:6077: result: yes
configure:6101: checking for support for Windows NT atomic intrinsics
configure:6164: gcc -o conftest  -O2 -I/home/administrator/libraries/mpich2-1.1/src/openpa/src  -I/home/administrator/libraries/mpich2-1.1/src/openpa/src -I/tmp/administrator/mpich2/src/openpa/src  conftest.c -lpthread -lpthread  >&5
In file included from conftest.c:43:
/home/administrator/libraries/mpich2-1.1/src/openpa/src/primitives/opa_nt_intrinsics.h:11:20: error: windows.h: No such file or directory
/home/administrator/libraries/mpich2-1.1/src/openpa/src/primitives/opa_nt_intrinsics.h:12:19: error: intrin.h: No such file or directory
/home/administrator/libraries/mpich2-1.1/src/openpa/src/primitives/opa_nt_intrinsics.h:13:17: error: mpi.h: No such file or directory
In file included from conftest.c:43:
/home/administrator/libraries/mpich2-1.1/src/openpa/src/primitives/opa_nt_intrinsics.h: In function 'OPA_cas_ptr':
/home/administrator/libraries/mpich2-1.1/src/openpa/src/primitives/opa_nt_intrinsics.h:68: error: 'LONG_PTR' undeclared (first use in this function)
/home/administrator/libraries/mpich2-1.1/src/openpa/src/primitives/opa_nt_intrinsics.h:68: error: (Each undeclared identifier is reported only once
/home/administrator/libraries/mpich2-1.1/src/openpa/src/primitives/opa_nt_intrinsics.h:68: error: for each function it appears in.)
/home/administrator/libraries/mpich2-1.1/src/openpa/src/primitives/opa_nt_intrinsics.h:68: error: expected ')' before '_InterlockedCompareExchange'
/home/administrator/libraries/mpich2-1.1/src/openpa/src/primitives/opa_nt_intrinsics.h: In function 'OPA_swap_ptr':
/home/administrator/libraries/mpich2-1.1/src/openpa/src/primitives/opa_nt_intrinsics.h:85: warning: return makes pointer from integer without a cast
configure:6171: $? = 1
configure: failed program was:
| /* confdefs.h.  */
| #define PACKAGE_NAME "OpenPA"
| #define PACKAGE_TARNAME "openpa"
| #define PACKAGE_VERSION "1.0.0"
| #define PACKAGE_STRING "OpenPA 1.0.0"
| #define PACKAGE_BUGREPORT "https://trac.mcs.anl.gov/projects/openpa/newticket"
| #define PACKAGE "openpa"
| #define VERSION "1.0.0"
| #define STDC_HEADERS 1
| #define HAVE_SYS_TYPES_H 1
| #define HAVE_SYS_STAT_H 1
| #define HAVE_STDLIB_H 1
| #define HAVE_STRING_H 1
| #define HAVE_MEMORY_H 1
| #define HAVE_STRINGS_H 1
| #define HAVE_INTTYPES_H 1
| #define HAVE_STDINT_H 1
| #define HAVE_UNISTD_H 1
| #define HAVE_PTHREAD_H 1
| #define HAVE_INTTYPES_H 1
| #define HAVE_STDINT_H 1
| #define restrict __restrict
| #define HAVE_LIBPTHREAD 1
| #define SIZEOF_VOID_P 4
| #define SIZEOF_INT 4
| #define HAVE_GCC_ATTRIBUTE 1
| #define HAVE_GCC_X86_32_64 1
| #define HAVE_GCC_INTRINSIC_ATOMICS 1
| /* end confdefs.h.  */
| 
| #define OPA_SIZEOF_INT SIZEOF_INT
| #define OPA_SIZEOF_VOID_P SIZEOF_VOID_P
| #ifndef _opa_inline
| #define _opa_inline inline
| #endif
| #ifndef _opa_restrict
| #define _opa_restrict restrict
| #endif
| #ifdef HAVE_GCC_ATTRIBUTE
| #define OPA_HAVE_GCC_ATTRIBUTE 1
| #endif
| #include "opa_util.h" /* for OPA_ATTRIBUTE and friends */
| #include "primitives/opa_nt_intrinsics.h"
| 
| int
| main ()
| {
| 
|     OPA_int_t a, b;
|     int c;
| 
|     OPA_store_int(&a, 0);
|     OPA_store_int(&b, 1);
|     c = OPA_load_int(&a);
| 
|     OPA_add_int(&a, 10);
|     OPA_incr_int(&a);
|     OPA_decr_int(&a);
| 
|     c = OPA_decr_and_test_int(&a);
|     c = OPA_fetch_and_add_int(&a, 10);
|     c = OPA_fetch_and_incr_int(&a);
|     c = OPA_fetch_and_decr_int(&a);
| 
|     c = OPA_cas_int(&a, 10, 11);
|     c = OPA_swap_int(&a, OPA_load_int(&b));
| 
|     OPA_write_barrier();
|     OPA_read_barrier();
|     OPA_read_write_barrier();
| 
|   ;
|   return 0;
| }
| 
configure:6192: result: no
configure:6209: checking for support for Sun atomic operations library
configure:6272: gcc -o conftest  -O2 -I/home/administrator/libraries/mpich2-1.1/src/openpa/src  -I/home/administrator/libraries/mpich2-1.1/src/openpa/src -I/tmp/administrator/mpich2/src/openpa/src  conftest.c -lpthread -lpthread  >&5
In file included from conftest.c:43:
/home/administrator/libraries/mpich2-1.1/src/openpa/src/primitives/opa_sun_atomic_ops.h:11:20: error: atomic.h: No such file or directory
In file included from conftest.c:43:
/home/administrator/libraries/mpich2-1.1/src/openpa/src/primitives/opa_sun_atomic_ops.h:13: error: expected ':', ',', ';', '}' or '__attribute__' before 'v'
/home/administrator/libraries/mpich2-1.1/src/openpa/src/primitives/opa_sun_atomic_ops.h: In function 'OPA_load_int':
/home/administrator/libraries/mpich2-1.1/src/openpa/src/primitives/opa_sun_atomic_ops.h:18: error: 'OPA_int_t' has no member named 'v'
/home/administrator/libraries/mpich2-1.1/src/openpa/src/primitives/opa_sun_atomic_ops.h: In function 'OPA_store_int':
/home/administrator/libraries/mpich2-1.1/src/openpa/src/primitives/opa_sun_atomic_ops.h:23: error: 'OPA_int_t' has no member named 'v'
/home/administrator/libraries/mpich2-1.1/src/openpa/src/primitives/opa_sun_atomic_ops.h:23: error: 'uint' undeclared (first use in this function)
/home/administrator/libraries/mpich2-1.1/src/openpa/src/primitives/opa_sun_atomic_ops.h:23: error: (Each undeclared identifier is reported only once
/home/administrator/libraries/mpich2-1.1/src/openpa/src/primitives/opa_sun_atomic_ops.h:23: error: for each function it appears in.)
/home/administrator/libraries/mpich2-1.1/src/openpa/src/primitives/opa_sun_atomic_ops.h:23: error: expected ';' before 'val'
/home/administrator/libraries/mpich2-1.1/src/openpa/src/primitives/opa_sun_atomic_ops.h: In function 'OPA_add_int':
/home/administrator/libraries/mpich2-1.1/src/openpa/src/primitives/opa_sun_atomic_ops.h:39: error: 'OPA_int_t' has no member named 'v'
/home/administrator/libraries/mpich2-1.1/src/openpa/src/primitives/opa_sun_atomic_ops.h: In function 'OPA_incr_int':
/home/administrator/libraries/mpich2-1.1/src/openpa/src/primitives/opa_sun_atomic_ops.h:44: error: 'OPA_int_t' has no member named 'v'
/home/administrator/libraries/mpich2-1.1/src/openpa/src/primitives/opa_sun_atomic_ops.h: In function 'OPA_decr_int':
/home/administrator/libraries/mpich2-1.1/src/openpa/src/primitives/opa_sun_atomic_ops.h:49: error: 'OPA_int_t' has no member named 'v'
/home/administrator/libraries/mpich2-1.1/src/openpa/src/primitives/opa_sun_atomic_ops.h: In function 'OPA_decr_and_test_int':
/home/administrator/libraries/mpich2-1.1/src/openpa/src/primitives/opa_sun_atomic_ops.h:55: error: 'OPA_int_t' has no member named 'v'
/home/administrator/libraries/mpich2-1.1/src/openpa/src/primitives/opa_sun_atomic_ops.h: In function 'OPA_fetch_and_add_int':
/home/administrator/libraries/mpich2-1.1/src/openpa/src/primitives/opa_sun_atomic_ops.h:61: error: 'OPA_int_t' has no member named 'v'
/home/administrator/libraries/mpich2-1.1/src/openpa/src/primitives/opa_sun_atomic_ops.h: In function 'OPA_fetch_and_decr_int':
/home/administrator/libraries/mpich2-1.1/src/openpa/src/primitives/opa_sun_atomic_ops.h:66: error: 'OPA_int_t' has no member named 'v'
/home/administrator/libraries/mpich2-1.1/src/openpa/src/primitives/opa_sun_atomic_ops.h: In function 'OPA_fetch_and_incr_int':
/home/administrator/libraries/mpich2-1.1/src/openpa/src/primitives/opa_sun_atomic_ops.h:71: error: 'OPA_int_t' has no member named 'v'
/home/administrator/libraries/mpich2-1.1/src/openpa/src/primitives/opa_sun_atomic_ops.h: In function 'OPA_cas_ptr':
/home/administrator/libraries/mpich2-1.1/src/openpa/src/primitives/opa_sun_atomic_ops.h:77: warning: return makes pointer from integer without a cast
/home/administrator/libraries/mpich2-1.1/src/openpa/src/primitives/opa_sun_atomic_ops.h: In function 'OPA_cas_int':
/home/administrator/libraries/mpich2-1.1/src/openpa/src/primitives/opa_sun_atomic_ops.h:82: error: 'OPA_int_t' has no member named 'v'
/home/administrator/libraries/mpich2-1.1/src/openpa/src/primitives/opa_sun_atomic_ops.h:82: error: 'uint_t' undeclared (first use in this function)
/home/administrator/libraries/mpich2-1.1/src/openpa/src/primitives/opa_sun_atomic_ops.h:82: error: expected ')' before 'oldv'
/home/administrator/libraries/mpich2-1.1/src/openpa/src/primitives/opa_sun_atomic_ops.h: In function 'OPA_swap_ptr':
/home/administrator/libraries/mpich2-1.1/src/openpa/src/primitives/opa_sun_atomic_ops.h:88: warning: return makes pointer from integer without a cast
/home/administrator/libraries/mpich2-1.1/src/openpa/src/primitives/opa_sun_atomic_ops.h: In function 'OPA_swap_int':
/home/administrator/libraries/mpich2-1.1/src/openpa/src/primitives/opa_sun_atomic_ops.h:93: error: 'OPA_int_t' has no member named 'v'
/home/administrator/libraries/mpich2-1.1/src/openpa/src/primitives/opa_sun_atomic_ops.h:93: error: 'uint_t' undeclared (first use in this function)
/home/administrator/libraries/mpich2-1.1/src/openpa/src/primitives/opa_sun_atomic_ops.h:93: error: expected ')' before 'val'
configure:6279: $? = 1
configure: failed program was:
| /* confdefs.h.  */
| #define PACKAGE_NAME "OpenPA"
| #define PACKAGE_TARNAME "openpa"
| #define PACKAGE_VERSION "1.0.0"
| #define PACKAGE_STRING "OpenPA 1.0.0"
| #define PACKAGE_BUGREPORT "https://trac.mcs.anl.gov/projects/openpa/newticket"
| #define PACKAGE "openpa"
| #define VERSION "1.0.0"
| #define STDC_HEADERS 1
| #define HAVE_SYS_TYPES_H 1
| #define HAVE_SYS_STAT_H 1
| #define HAVE_STDLIB_H 1
| #define HAVE_STRING_H 1
| #define HAVE_MEMORY_H 1
| #define HAVE_STRINGS_H 1
| #define HAVE_INTTYPES_H 1
| #define HAVE_STDINT_H 1
| #define HAVE_UNISTD_H 1
| #define HAVE_PTHREAD_H 1
| #define HAVE_INTTYPES_H 1
| #define HAVE_STDINT_H 1
| #define restrict __restrict
| #define HAVE_LIBPTHREAD 1
| #define SIZEOF_VOID_P 4
| #define SIZEOF_INT 4
| #define HAVE_GCC_ATTRIBUTE 1
| #define HAVE_GCC_X86_32_64 1
| #define HAVE_GCC_INTRINSIC_ATOMICS 1
| /* end confdefs.h.  */
| 
| #define OPA_SIZEOF_INT SIZEOF_INT
| #define OPA_SIZEOF_VOID_P SIZEOF_VOID_P
| #ifndef _opa_inline
| #define _opa_inline inline
| #endif
| #ifndef _opa_restrict
| #define _opa_restrict restrict
| #endif
| #ifdef HAVE_GCC_ATTRIBUTE
| #define OPA_HAVE_GCC_ATTRIBUTE 1
| #endif
| #include "opa_util.h" /* for OPA_ATTRIBUTE and friends */
| #include "primitives/opa_sun_atomic_ops.h"
| 
| int
| main ()
| {
| 
|     OPA_int_t a, b;
|     int c;
| 
|     OPA_store_int(&a, 0);
|     OPA_store_int(&b, 1);
|     c = OPA_load_int(&a);
| 
|     OPA_add_int(&a, 10);
|     OPA_incr_int(&a);
|     OPA_decr_int(&a);
| 
|     c = OPA_decr_and_test_int(&a);
|     c = OPA_fetch_and_add_int(&a, 10);
|     c = OPA_fetch_and_incr_int(&a);
|     c = OPA_fetch_and_decr_int(&a);
| 
|     c = OPA_cas_int(&a, 10, 11);
|     c = OPA_swap_int(&a, OPA_load_int(&b));
| 
|     OPA_write_barrier();
|     OPA_read_barrier();
|     OPA_read_write_barrier();
| 
|   ;
|   return 0;
| }
| 
configure:6300: result: no
configure:6481: creating ./config.status

## ---------------------- ##
## Running config.status. ##
## ---------------------- ##

This file was extended by OpenPA config.status 1.0.0, which was
generated by GNU Autoconf 2.62.  Invocation command line was

  CONFIG_FILES    = 
  CONFIG_HEADERS  = 
  CONFIG_LINKS    = 
  CONFIG_COMMANDS = 
  $ ./config.status 

on hydra1.met.fsu.edu

config.status:783: creating Makefile
config.status:783: creating src/Makefile
config.status:783: creating test/Makefile
config.status:783: creating src/config.h
config.status:1050: executing src/opa_config.h commands
config.status:1090: creating src/opa_config.h - prefix OPA for src/config.h defines
config.status:1050: executing depfiles commands
configure:7938: WARNING: Unrecognized options: --with-device, --with-pm

## ---------------- ##
## Cache variables. ##
## ---------------- ##

ac_cv_c_compiler_gnu=yes
ac_cv_c_inline=inline
ac_cv_c_restrict=__restrict
ac_cv_env_CC_set=set
ac_cv_env_CC_value=gcc
ac_cv_env_CFLAGS_set=set
ac_cv_env_CFLAGS_value=' -O2'
ac_cv_env_CPPFLAGS_set=set
ac_cv_env_CPPFLAGS_value=' -I/home/administrator/libraries/mpich2-1.1/src/openpa/src -I/tmp/administrator/mpich2/src/openpa/src'
ac_cv_env_CPP_set=
ac_cv_env_CPP_value=
ac_cv_env_LDFLAGS_set=
ac_cv_env_LDFLAGS_value=
ac_cv_env_LIBS_set=set
ac_cv_env_LIBS_value='-lpthread '
ac_cv_env_build_alias_set=
ac_cv_env_build_alias_value=
ac_cv_env_host_alias_set=
ac_cv_env_host_alias_value=
ac_cv_env_target_alias_set=
ac_cv_env_target_alias_value=
ac_cv_header_atomic_h=no
ac_cv_header_intrin_h=no
ac_cv_header_inttypes_h=yes
ac_cv_header_memory_h=yes
ac_cv_header_pthread_h=yes
ac_cv_header_stdc=yes
ac_cv_header_stdint_h=yes
ac_cv_header_stdlib_h=yes
ac_cv_header_string_h=yes
ac_cv_header_strings_h=yes
ac_cv_header_sys_stat_h=yes
ac_cv_header_sys_types_h=yes
ac_cv_header_unistd_h=yes
ac_cv_lib_pthread_pthread_create=yes
ac_cv_objext=o
ac_cv_path_EGREP='/bin/grep -E'
ac_cv_path_GREP=/bin/grep
ac_cv_path_install='/usr/bin/install -c'
ac_cv_prog_AWK=gawk
ac_cv_prog_CPP='gcc -E'
ac_cv_prog_ac_ct_CC=gcc
ac_cv_prog_ac_ct_RANLIB=ranlib
ac_cv_prog_cc_c89=
ac_cv_prog_cc_g=yes
ac_cv_prog_make_make_set=yes
ac_cv_sizeof_int=4
ac_cv_sizeof_void_p=4
am_cv_CC_dependencies_compiler_type=gcc3
pac_cv_gnu_attr_format=yes
pac_cv_gnu_attr_pure=yes

## ----------------- ##
## Output variables. ##
## ----------------- ##

ACLOCAL='${SHELL} /home/administrator/libraries/mpich2-1.1/src/openpa/confdb/missing --run aclocal-1.10'
AMDEPBACKSLASH='\'
AMDEP_FALSE='#'
AMDEP_TRUE=''
AMTAR='${SHELL} /home/administrator/libraries/mpich2-1.1/src/openpa/confdb/missing --run tar'
AUTOCONF='${SHELL} /home/administrator/libraries/mpich2-1.1/src/openpa/confdb/missing --run autoconf'
AUTOHEADER='${SHELL} /home/administrator/libraries/mpich2-1.1/src/openpa/confdb/missing --run autoheader'
AUTOMAKE='${SHELL} /home/administrator/libraries/mpich2-1.1/src/openpa/confdb/missing --run automake-1.10'
AWK='gawk'
CC='gcc'
CCDEPMODE='depmode=gcc3'
CFLAGS=' -O2'
CPP='gcc -E'
CPPFLAGS=' -I/home/administrator/libraries/mpich2-1.1/src/openpa/src -I/tmp/administrator/mpich2/src/openpa/src'
CYGPATH_W='echo'
DEFS='-DHAVE_CONFIG_H'
DEPDIR='.deps'
ECHO_C=''
ECHO_N='-n'
ECHO_T=''
EGREP='/bin/grep -E'
EXEEXT=''
GREP='/bin/grep'
INSTALL_DATA='${INSTALL} -m 644'
INSTALL_PROGRAM='${INSTALL}'
INSTALL_SCRIPT='${INSTALL}'
INSTALL_STRIP_PROGRAM='$(install_sh) -c -s'
LDFLAGS=''
LIBOBJS=''
LIBS='-lpthread -lpthread '
LTLIBOBJS=''
MAKEINFO='${SHELL} /home/administrator/libraries/mpich2-1.1/src/openpa/confdb/missing --run makeinfo'
MKDIR_P='mkdir -p'
OBJEXT='o'
PACKAGE='openpa'
PACKAGE_BUGREPORT='https://trac.mcs.anl.gov/projects/openpa/newticket'
PACKAGE_NAME='OpenPA'
PACKAGE_STRING='OpenPA 1.0.0'
PACKAGE_TARNAME='openpa'
PACKAGE_VERSION='1.0.0'
PATH_SEPARATOR=':'
RANLIB='ranlib'
SET_MAKE=''
SHELL='/bin/sh'
STRIP=''
VERSION='1.0.0'
ac_ct_CC='gcc'
am__fastdepCC_FALSE='#'
am__fastdepCC_TRUE=''
am__include='include'
am__isrc=' -I$(srcdir)'
am__leading_dot='.'
am__quote=''
am__tar='${AMTAR} chof - "$$tardir"'
am__untar='${AMTAR} xf -'
bindir='${exec_prefix}/bin'
build_alias=''
datadir='${datarootdir}'
datarootdir='${prefix}/share'
docdir='${datarootdir}/doc/${PACKAGE_TARNAME}'
dvidir='${docdir}'
exec_prefix='${prefix}'
host_alias=''
htmldir='${docdir}'
includedir='${prefix}/include'
infodir='${datarootdir}/info'
install_sh='$(SHELL) /home/administrator/libraries/mpich2-1.1/src/openpa/confdb/install-sh'
libdir='${exec_prefix}/lib'
libexecdir='${exec_prefix}/libexec'
localedir='${datarootdir}/locale'
localstatedir='${prefix}/var'
mandir='${datarootdir}/man'
mkdir_p='mkdir -p'
oldincludedir='/usr/include'
pdfdir='${docdir}'
prefix='/home/administrator/mpich2-install'
program_transform_name='s,x,x,'
psdir='${docdir}'
sbindir='${exec_prefix}/sbin'
sharedstatedir='${prefix}/com'
sysconfdir='${prefix}/etc'
target_alias=''

## ----------- ##
## confdefs.h. ##
## ----------- ##

#define PACKAGE_NAME "OpenPA"
#define PACKAGE_TARNAME "openpa"
#define PACKAGE_VERSION "1.0.0"
#define PACKAGE_STRING "OpenPA 1.0.0"
#define PACKAGE_BUGREPORT "https://trac.mcs.anl.gov/projects/openpa/newticket"
#define PACKAGE "openpa"
#define VERSION "1.0.0"
#define STDC_HEADERS 1
#define HAVE_SYS_TYPES_H 1
#define HAVE_SYS_STAT_H 1
#define HAVE_STDLIB_H 1
#define HAVE_STRING_H 1
#define HAVE_MEMORY_H 1
#define HAVE_STRINGS_H 1
#define HAVE_INTTYPES_H 1
#define HAVE_STDINT_H 1
#define HAVE_UNISTD_H 1
#define HAVE_PTHREAD_H 1
#define HAVE_INTTYPES_H 1
#define HAVE_STDINT_H 1
#define restrict __restrict
#define HAVE_LIBPTHREAD 1
#define SIZEOF_VOID_P 4
#define SIZEOF_INT 4
#define HAVE_GCC_ATTRIBUTE 1
#define HAVE_GCC_X86_32_64 1
#define HAVE_GCC_INTRINSIC_ATOMICS 1

configure: exit 0
