This file contains any messages produced by compilers while
running configure, to aid debugging if configure makes a mistake.

It was created by configure, which was
generated by GNU Autoconf 2.62.  Invocation command line was

  $ ./configure --disable-option-checking --prefix=/home/Cornelius/mpich2-install MPI_CC=/home/Cornelius/mpich2-1.0.8/bin/mpicc MPI_F77=/home/Cornelius/mpich2-1.0.8/bin/mpif77 CC=gcc CFLAGS= -O2 LIBS=         F77=g77 FFLAGS= -O2 --cache-file=/dev/null --srcdir=.

## --------- ##
## Platform. ##
## --------- ##

hostname = CorneliusVAIO
uname -m = i686
uname -r = 1.5.25(0.156/4/2)
uname -s = CYGWIN_NT-5.1
uname -v = 2008-06-12 19:34

/usr/bin/uname -p = unknown
/bin/uname -X     = unknown

/bin/arch              = i686
/usr/bin/arch -k       = unknown
/usr/convex/getsysinfo = unknown
/usr/bin/hostinfo      = unknown
/bin/machine           = unknown
/usr/bin/oslevel       = unknown
/bin/universe          = unknown

PATH: /usr/local/bin
PATH: /usr/bin
PATH: /bin
PATH: /usr/X11R6/bin
PATH: .
PATH: /usr/bin
PATH: /usr/X11R6/bin
PATH: /cygdrive/c/Program Files/Nokia/PC Connectivity Solution/
PATH: /cygdrive/c/WINDOWS/system32
PATH: /cygdrive/c/WINDOWS
PATH: /cygdrive/c/WINDOWS/system32/wbem
PATH: /cygdrive/c/program files/intel/wireless/bin/
PATH: /cygdrive/c/program files/common files/adobe/agl
PATH: /cygdrive/c/Program Files/MATLAB/R2006a/bin/win32
PATH: /cygdrive/c/Program Files/Microsoft Visual Studio/Common/Tools/WinNT
PATH: /cygdrive/c/Program Files/Microsoft Visual Studio/Common/MSDev98/Bin
PATH: /cygdrive/c/Program Files/Microsoft Visual Studio/Common/Tools
PATH: /cygdrive/c/Program Files/Microsoft Visual Studio/VC98/bin
PATH: /usr/bin
PATH: /usr/X11R6/bin
PATH: /usr/X11R6/bin
PATH: /usr/lib/lapack


## ----------- ##
## Core tests. ##
## ----------- ##

configure:1815: checking for current directory name
configure:1864: result: /home/Cornelius/mpich2-1.0.8/src/mpe2/src/logging
configure:1899: checking gnumake
configure:1914: result: yes using --no-print-directory
configure:1928: checking BSD 4.4 make
configure:1948: result: no - whew
configure:1954: checking OSF V3 make
configure:1973: result: no
configure:1980: checking for virtual path format
configure:1995: result: VPATH
configure:2132: checking for gcc
configure:2159: result: gcc
configure:2397: checking for C compiler version
configure:2405: gcc --version >&5
gcc (GCC) 3.4.4 (cygming special, gdc 0.12, using dmd 0.125)
Copyright (C) 2004 Free Software Foundation, Inc.
This is free software; see the source for copying conditions.  There is NO
warranty; not even for MERCHANTABILITY or FITNESS FOR A PARTICULAR PURPOSE.

configure:2409: $? = 0
configure:2416: gcc -v >&5
Reading specs from /usr/lib/gcc/i686-pc-cygwin/3.4.4/specs
Configured with: /usr/build/package/orig/test.respin/gcc-3.4.4-3/configure --verbose --prefix=/usr --exec-prefix=/usr --sysconfdir=/etc --libdir=/usr/lib --libexecdir=/usr/lib --mandir=/usr/share/man --infodir=/usr/share/info --enable-languages=c,ada,c++,d,f77,pascal,java,objc --enable-nls --without-included-gettext --enable-version-specific-runtime-libs --without-x --enable-libgcj --disable-java-awt --with-system-zlib --enable-interpreter --disable-libgcj-debug --enable-threads=posix --enable-java-gc=boehm --disable-win32-registry --enable-sjlj-exceptions --enable-hash-synchronization --enable-libstdcxx-debug
Thread model: posix
gcc version 3.4.4 (cygming special, gdc 0.12, using dmd 0.125)
configure:2420: $? = 0
configure:2427: gcc -V >&5
gcc: `-V' option must have argument
configure:2431: $? = 1
configure:2454: checking for C compiler default output file name
configure:2476: gcc  -O2   conftest.c          >&5
configure:2480: $? = 0
configure:2518: result: a.exe
configure:2535: checking whether the C compiler works
configure:2545: ./a.exe
configure:2549: $? = 0
configure:2566: result: yes
configure:2573: checking whether we are cross compiling
configure:2575: result: no
configure:2578: checking for suffix of executables
configure:2585: gcc -o conftest.exe  -O2   conftest.c          >&5
configure:2589: $? = 0
configure:2613: result: .exe
configure:2619: checking for suffix of object files
configure:2645: gcc -c  -O2  conftest.c >&5
configure:2649: $? = 0
configure:2672: result: o
configure:2676: checking whether we are using the GNU C compiler
configure:2705: gcc -c  -O2  conftest.c >&5
configure:2712: $? = 0
configure:2729: result: yes
configure:2738: checking whether gcc accepts -g
configure:2768: gcc -c -g  conftest.c >&5
configure:2775: $? = 0
configure:2876: result: yes
configure:2893: checking for gcc option to accept ISO C89
configure:2967: gcc  -c  -O2  conftest.c >&5
configure:2974: $? = 0
configure:2997: result: none needed
configure:3019: checking for ar
configure:3047: result: ar
configure:3098: checking for ranlib
configure:3125: result: ranlib
configure:3157: checking how to run the C preprocessor
configure:3197: gcc -E  conftest.c
configure:3204: $? = 0
configure:3235: gcc -E  conftest.c
conftest.c:8:28: ac_nonexistent.h: No such file or directory
configure:3242: $? = 1
configure: failed program was:
| /* confdefs.h.  */
| #define PACKAGE_NAME ""
| #define PACKAGE_TARNAME ""
| #define PACKAGE_VERSION ""
| #define PACKAGE_STRING ""
| #define PACKAGE_BUGREPORT ""
| /* end confdefs.h.  */
| #include <ac_nonexistent.h>
configure:3275: result: gcc -E
configure:3304: gcc -E  conftest.c
configure:3311: $? = 0
configure:3342: gcc -E  conftest.c
conftest.c:8:28: ac_nonexistent.h: No such file or directory
configure:3349: $? = 1
configure: failed program was:
| /* confdefs.h.  */
| #define PACKAGE_NAME ""
| #define PACKAGE_TARNAME ""
| #define PACKAGE_VERSION ""
| #define PACKAGE_STRING ""
| #define PACKAGE_BUGREPORT ""
| /* end confdefs.h.  */
| #include <ac_nonexistent.h>
configure:3394: checking for grep that handles long lines and -e
configure:3454: result: /usr/bin/grep
configure:3459: checking for egrep
configure:3523: result: /usr/bin/grep -E
configure:3528: checking for ANSI C header files
configure:3558: gcc -c  -O2  conftest.c >&5
configure:3565: $? = 0
configure:3664: gcc -o conftest.exe  -O2   conftest.c          >&5
configure:3668: $? = 0
configure:3674: ./conftest.exe
configure:3678: $? = 0
configure:3696: result: yes
configure:3707: checking for an ANSI C-conforming const
configure:3782: gcc -c  -O2  conftest.c >&5
configure:3789: $? = 0
configure:3804: result: yes
configure:3872: checking for sys/types.h
configure:3893: gcc -c  -O2  conftest.c >&5
configure:3900: $? = 0
configure:3917: result: yes
configure:3872: checking for sys/stat.h
configure:3893: gcc -c  -O2  conftest.c >&5
configure:3900: $? = 0
configure:3917: result: yes
configure:3872: checking for stdlib.h
configure:3893: gcc -c  -O2  conftest.c >&5
configure:3900: $? = 0
configure:3917: result: yes
configure:3872: checking for string.h
configure:3893: gcc -c  -O2  conftest.c >&5
configure:3900: $? = 0
configure:3917: result: yes
configure:3872: checking for memory.h
configure:3893: gcc -c  -O2  conftest.c >&5
configure:3900: $? = 0
configure:3917: result: yes
configure:3872: checking for strings.h
configure:3893: gcc -c  -O2  conftest.c >&5
configure:3900: $? = 0
configure:3917: result: yes
configure:3872: checking for inttypes.h
configure:3893: gcc -c  -O2  conftest.c >&5
configure:3900: $? = 0
configure:3917: result: yes
configure:3872: checking for stdint.h
configure:3893: gcc -c  -O2  conftest.c >&5
configure:3900: $? = 0
configure:3917: result: yes
configure:3872: checking for unistd.h
configure:3893: gcc -c  -O2  conftest.c >&5
configure:3900: $? = 0
configure:3917: result: yes
configure:3931: checking whether byte ordering is bigendian
configure:3956: gcc -c  -O2  conftest.c >&5
conftest.c:20: error: parse error before "is"
conftest.c:20: warning: data definition has no type or storage class
configure:3963: $? = 1
configure: failed program was:
| /* confdefs.h.  */
| #define PACKAGE_NAME ""
| #define PACKAGE_TARNAME ""
| #define PACKAGE_VERSION ""
| #define PACKAGE_STRING ""
| #define PACKAGE_BUGREPORT ""
| #define STDC_HEADERS 1
| #define CLOG_IMPL 1
| #define HAVE_SYS_TYPES_H 1
| #define HAVE_SYS_STAT_H 1
| #define HAVE_STDLIB_H 1
| #define HAVE_STRING_H 1
| #define HAVE_MEMORY_H 1
| #define HAVE_STRINGS_H 1
| #define HAVE_INTTYPES_H 1
| #define HAVE_STDINT_H 1
| #define HAVE_UNISTD_H 1
| /* end confdefs.h.  */
| #if ! (defined __BIG_ENDIAN__ || defined __LITTLE_ENDIAN__)
| 	       neither is defined;
| 	     #endif
| 	     typedef int dummy;
| 
configure:4007: gcc -c  -O2  conftest.c >&5
configure:4014: $? = 0
configure:4046: gcc -c  -O2  conftest.c >&5
conftest.c: In function `main':
conftest.c:26: error: `not' undeclared (first use in this function)
conftest.c:26: error: (Each undeclared identifier is reported only once
conftest.c:26: error: for each function it appears in.)
conftest.c:26: error: parse error before "big"
configure:4053: $? = 1
configure: failed program was:
| /* confdefs.h.  */
| #define PACKAGE_NAME ""
| #define PACKAGE_TARNAME ""
| #define PACKAGE_VERSION ""
| #define PACKAGE_STRING ""
| #define PACKAGE_BUGREPORT ""
| #define STDC_HEADERS 1
| #define CLOG_IMPL 1
| #define HAVE_SYS_TYPES_H 1
| #define HAVE_SYS_STAT_H 1
| #define HAVE_STDLIB_H 1
| #define HAVE_STRING_H 1
| #define HAVE_MEMORY_H 1
| #define HAVE_STRINGS_H 1
| #define HAVE_INTTYPES_H 1
| #define HAVE_STDINT_H 1
| #define HAVE_UNISTD_H 1
| /* end confdefs.h.  */
| #include <sys/types.h>
| 		#include <sys/param.h>
| 
| int
| main ()
| {
| #if BYTE_ORDER != BIG_ENDIAN
| 		 not big endian
| 		#endif
| 
|   ;
|   return 0;
| }
configure:4305: result: no
configure:4351: checking stdio.h usability
configure:4368: gcc -c  -O2  conftest.c >&5
configure:4375: $? = 0
configure:4389: result: yes
configure:4393: checking stdio.h presence
configure:4408: gcc -E  conftest.c
configure:4415: $? = 0
configure:4429: result: yes
configure:4457: checking for stdio.h
configure:4466: result: yes
configure:4340: checking for stdlib.h
configure:4347: result: yes
configure:4340: checking for string.h
configure:4347: result: yes
configure:4340: checking for unistd.h
configure:4347: result: yes
configure:4351: checking sys/time.h usability
configure:4368: gcc -c  -O2  conftest.c >&5
configure:4375: $? = 0
configure:4389: result: yes
configure:4393: checking sys/time.h presence
configure:4408: gcc -E  conftest.c
configure:4415: $? = 0
configure:4429: result: yes
configure:4457: checking for sys/time.h
configure:4466: result: yes
configure:4340: checking for sys/types.h
configure:4347: result: yes
configure:4351: checking sys/bitypes.h usability
configure:4368: gcc -c  -O2  conftest.c >&5
conftest.c:58:25: sys/bitypes.h: No such file or directory
configure:4375: $? = 1
configure: failed program was:
| /* confdefs.h.  */
| #define PACKAGE_NAME ""
| #define PACKAGE_TARNAME ""
| #define PACKAGE_VERSION ""
| #define PACKAGE_STRING ""
| #define PACKAGE_BUGREPORT ""
| #define STDC_HEADERS 1
| #define CLOG_IMPL 1
| #define HAVE_SYS_TYPES_H 1
| #define HAVE_SYS_STAT_H 1
| #define HAVE_STDLIB_H 1
| #define HAVE_STRING_H 1
| #define HAVE_MEMORY_H 1
| #define HAVE_STRINGS_H 1
| #define HAVE_INTTYPES_H 1
| #define HAVE_STDINT_H 1
| #define HAVE_UNISTD_H 1
| #define HAVE_STDIO_H 1
| #define HAVE_STDLIB_H 1
| #define HAVE_STRING_H 1
| #define HAVE_UNISTD_H 1
| #define HAVE_SYS_TIME_H 1
| #define HAVE_SYS_TYPES_H 1
| /* end confdefs.h.  */
| #include <stdio.h>
| #ifdef HAVE_SYS_TYPES_H
| # include <sys/types.h>
| #endif
| #ifdef HAVE_SYS_STAT_H
| # include <sys/stat.h>
| #endif
| #ifdef STDC_HEADERS
| # include <stdlib.h>
| # include <stddef.h>
| #else
| # ifdef HAVE_STDLIB_H
| #  include <stdlib.h>
| # endif
| #endif
| #ifdef HAVE_STRING_H
| # if !defined STDC_HEADERS && defined HAVE_MEMORY_H
| #  include <memory.h>
| # endif
| # include <string.h>
| #endif
| #ifdef HAVE_STRINGS_H
| # include <strings.h>
| #endif
| #ifdef HAVE_INTTYPES_H
| # include <inttypes.h>
| #endif
| #ifdef HAVE_STDINT_H
| # include <stdint.h>
| #endif
| #ifdef HAVE_UNISTD_H
| # include <unistd.h>
| #endif
| #include <sys/bitypes.h>
configure:4389: result: no
configure:4393: checking sys/bitypes.h presence
configure:4408: gcc -E  conftest.c
conftest.c:25:25: sys/bitypes.h: No such file or directory
configure:4415: $? = 1
configure: failed program was:
| /* confdefs.h.  */
| #define PACKAGE_NAME ""
| #define PACKAGE_TARNAME ""
| #define PACKAGE_VERSION ""
| #define PACKAGE_STRING ""
| #define PACKAGE_BUGREPORT ""
| #define STDC_HEADERS 1
| #define CLOG_IMPL 1
| #define HAVE_SYS_TYPES_H 1
| #define HAVE_SYS_STAT_H 1
| #define HAVE_STDLIB_H 1
| #define HAVE_STRING_H 1
| #define HAVE_MEMORY_H 1
| #define HAVE_STRINGS_H 1
| #define HAVE_INTTYPES_H 1
| #define HAVE_STDINT_H 1
| #define HAVE_UNISTD_H 1
| #define HAVE_STDIO_H 1
| #define HAVE_STDLIB_H 1
| #define HAVE_STRING_H 1
| #define HAVE_UNISTD_H 1
| #define HAVE_SYS_TIME_H 1
| #define HAVE_SYS_TYPES_H 1
| /* end confdefs.h.  */
| #include <sys/bitypes.h>
configure:4429: result: no
configure:4457: checking for sys/bitypes.h
configure:4466: result: no
configure:4340: checking for sys/stat.h
configure:4347: result: yes
configure:4351: checking fcntl.h usability
configure:4368: gcc -c  -O2  conftest.c >&5
configure:4375: $? = 0
configure:4389: result: yes
configure:4393: checking fcntl.h presence
configure:4408: gcc -E  conftest.c
configure:4415: $? = 0
configure:4429: result: yes
configure:4457: checking for fcntl.h
configure:4466: result: yes
configure:4483: checking for header that defines C99 integer types, intXX_t 
configure:4515: gcc -c  -O2  conftest.c >&5
configure:4522: $? = 0
configure:4541: result: <stdint.h> 
configure:6412: checking for inttypes.h
configure:6419: result: yes
configure:6548: checking whether <inttypes.h> defines the PRIdXX macros 
configure:6589: gcc -c  -O2  conftest.c >&5
configure:6596: $? = 0
configure:6602: result: yes
configure:6662: checking if <stdint.h> can be behind system headers 
configure:6694: gcc -c  -O2  conftest.c >&5
configure:6701: $? = 0
configure:6716: result: yes
configure:6733: checking size of void *
configure:7036: gcc -o conftest.exe  -O2   conftest.c          >&5
configure:7040: $? = 0
configure:7046: ./conftest.exe
configure:7050: $? = 0
configure:7074: result: 4
configure:7085: checking for address-sized integer 
configure:7095: result: CLOG_int32_t
configure:7147: checking build system type
configure:7165: result: i686-pc-cygwin
configure:7187: checking host system type
configure:7202: result: i686-pc-cygwin
configure:7302: checking for gethostname
configure:7358: gcc -o conftest.exe  -O2   conftest.c          >&5
configure:7365: $? = 0
configure:7387: result: yes
configure:7400: checking whether gethostname needs a declaration
configure:7427: gcc -c  -O2  conftest.c >&5
conftest.c: In function `main':
conftest.c:34: error: incompatible type for argument 1 of `gethostname'
conftest.c:34: error: too many arguments to function `gethostname'
configure:7434: $? = 1
configure: failed program was:
| /* confdefs.h.  */
| #define PACKAGE_NAME ""
| #define PACKAGE_TARNAME ""
| #define PACKAGE_VERSION ""
| #define PACKAGE_STRING ""
| #define PACKAGE_BUGREPORT ""
| #define STDC_HEADERS 1
| #define CLOG_IMPL 1
| #define HAVE_SYS_TYPES_H 1
| #define HAVE_SYS_STAT_H 1
| #define HAVE_STDLIB_H 1
| #define HAVE_STRING_H 1
| #define HAVE_MEMORY_H 1
| #define HAVE_STRINGS_H 1
| #define HAVE_INTTYPES_H 1
| #define HAVE_STDINT_H 1
| #define HAVE_UNISTD_H 1
| #define HAVE_STDIO_H 1
| #define HAVE_STDLIB_H 1
| #define HAVE_STRING_H 1
| #define HAVE_UNISTD_H 1
| #define HAVE_SYS_TIME_H 1
| #define HAVE_SYS_TYPES_H 1
| #define HAVE_SYS_STAT_H 1
| #define HAVE_FCNTL_H 1
| #define HAVE_INTTYPES_H 1
| #define SIZEOF_VOID_P 4
| #define HAVE_GETHOSTNAME 1
| /* end confdefs.h.  */
| #include <unistd.h>
| int
| main ()
| {
| int a=gethostname(1.0,27,1.0,"foo");
|   ;
|   return 0;
| }
configure:7449: result: no
configure:7466: checking for snprintf
configure:7522: gcc -o conftest.exe  -O2   conftest.c          >&5
conftest.c:53: warning: conflicting types for built-in function 'snprintf'
configure:7529: $? = 0
configure:7551: result: yes
configure:7564: checking whether snprintf needs a declaration
configure:7591: gcc -c  -O2  conftest.c >&5
conftest.c: In function `main':
conftest.c:35: error: incompatible type for argument 1 of `snprintf'
conftest.c:35: error: incompatible type for argument 3 of `snprintf'
configure:7598: $? = 1
configure: failed program was:
| /* confdefs.h.  */
| #define PACKAGE_NAME ""
| #define PACKAGE_TARNAME ""
| #define PACKAGE_VERSION ""
| #define PACKAGE_STRING ""
| #define PACKAGE_BUGREPORT ""
| #define STDC_HEADERS 1
| #define CLOG_IMPL 1
| #define HAVE_SYS_TYPES_H 1
| #define HAVE_SYS_STAT_H 1
| #define HAVE_STDLIB_H 1
| #define HAVE_STRING_H 1
| #define HAVE_MEMORY_H 1
| #define HAVE_STRINGS_H 1
| #define HAVE_INTTYPES_H 1
| #define HAVE_STDINT_H 1
| #define HAVE_UNISTD_H 1
| #define HAVE_STDIO_H 1
| #define HAVE_STDLIB_H 1
| #define HAVE_STRING_H 1
| #define HAVE_UNISTD_H 1
| #define HAVE_SYS_TIME_H 1
| #define HAVE_SYS_TYPES_H 1
| #define HAVE_SYS_STAT_H 1
| #define HAVE_FCNTL_H 1
| #define HAVE_INTTYPES_H 1
| #define SIZEOF_VOID_P 4
| #define HAVE_GETHOSTNAME 1
| #define HAVE_SNPRINTF 1
| /* end confdefs.h.  */
| #include <stdio.h>
| int
| main ()
| {
| int a=snprintf(1.0,27,1.0,"foo");
|   ;
|   return 0;
| }
configure:7613: result: no
configure:7630: checking for mkstemp
configure:7686: gcc -o conftest.exe  -O2   conftest.c          >&5
configure:7693: $? = 0
configure:7715: result: yes
configure:7728: checking whether mkstemp needs a declaration
configure:7755: gcc -c  -O2  conftest.c >&5
conftest.c: In function `main':
conftest.c:36: error: incompatible type for argument 1 of `mkstemp'
conftest.c:36: error: too many arguments to function `mkstemp'
configure:7762: $? = 1
configure: failed program was:
| /* confdefs.h.  */
| #define PACKAGE_NAME ""
| #define PACKAGE_TARNAME ""
| #define PACKAGE_VERSION ""
| #define PACKAGE_STRING ""
| #define PACKAGE_BUGREPORT ""
| #define STDC_HEADERS 1
| #define CLOG_IMPL 1
| #define HAVE_SYS_TYPES_H 1
| #define HAVE_SYS_STAT_H 1
| #define HAVE_STDLIB_H 1
| #define HAVE_STRING_H 1
| #define HAVE_MEMORY_H 1
| #define HAVE_STRINGS_H 1
| #define HAVE_INTTYPES_H 1
| #define HAVE_STDINT_H 1
| #define HAVE_UNISTD_H 1
| #define HAVE_STDIO_H 1
| #define HAVE_STDLIB_H 1
| #define HAVE_STRING_H 1
| #define HAVE_UNISTD_H 1
| #define HAVE_SYS_TIME_H 1
| #define HAVE_SYS_TYPES_H 1
| #define HAVE_SYS_STAT_H 1
| #define HAVE_FCNTL_H 1
| #define HAVE_INTTYPES_H 1
| #define SIZEOF_VOID_P 4
| #define HAVE_GETHOSTNAME 1
| #define HAVE_SNPRINTF 1
| #define HAVE_MKSTEMP 1
| /* end confdefs.h.  */
| #include <stdlib.h>
| int
| main ()
| {
| int a=mkstemp(1.0,27,1.0,"foo");
|   ;
|   return 0;
| }
configure:7777: result: no
configure:7794: checking for srand48
configure:7850: gcc -o conftest.exe  -O2   conftest.c          >&5
configure:7857: $? = 0
configure:7879: result: yes
configure:7892: checking whether srand48 needs a declaration
configure:7919: gcc -c  -O2  conftest.c >&5
conftest.c: In function `main':
conftest.c:37: error: too many arguments to function `srand48'
conftest.c:37: error: void value not ignored as it ought to be
configure:7926: $? = 1
configure: failed program was:
| /* confdefs.h.  */
| #define PACKAGE_NAME ""
| #define PACKAGE_TARNAME ""
| #define PACKAGE_VERSION ""
| #define PACKAGE_STRING ""
| #define PACKAGE_BUGREPORT ""
| #define STDC_HEADERS 1
| #define CLOG_IMPL 1
| #define HAVE_SYS_TYPES_H 1
| #define HAVE_SYS_STAT_H 1
| #define HAVE_STDLIB_H 1
| #define HAVE_STRING_H 1
| #define HAVE_MEMORY_H 1
| #define HAVE_STRINGS_H 1
| #define HAVE_INTTYPES_H 1
| #define HAVE_STDINT_H 1
| #define HAVE_UNISTD_H 1
| #define HAVE_STDIO_H 1
| #define HAVE_STDLIB_H 1
| #define HAVE_STRING_H 1
| #define HAVE_UNISTD_H 1
| #define HAVE_SYS_TIME_H 1
| #define HAVE_SYS_TYPES_H 1
| #define HAVE_SYS_STAT_H 1
| #define HAVE_FCNTL_H 1
| #define HAVE_INTTYPES_H 1
| #define SIZEOF_VOID_P 4
| #define HAVE_GETHOSTNAME 1
| #define HAVE_SNPRINTF 1
| #define HAVE_MKSTEMP 1
| #define HAVE_SRAND48 1
| /* end confdefs.h.  */
| #include <stdlib.h>
| int
| main ()
| {
| int a=srand48(1.0,27,1.0,"foo");
|   ;
|   return 0;
| }
configure:7941: result: no
configure:7958: checking for lrand48
configure:8014: gcc -o conftest.exe  -O2   conftest.c          >&5
configure:8021: $? = 0
configure:8043: result: yes
configure:8056: checking whether lrand48 needs a declaration
configure:8083: gcc -c  -O2  conftest.c >&5
conftest.c: In function `main':
conftest.c:38: error: too many arguments to function `lrand48'
configure:8090: $? = 1
configure: failed program was:
| /* confdefs.h.  */
| #define PACKAGE_NAME ""
| #define PACKAGE_TARNAME ""
| #define PACKAGE_VERSION ""
| #define PACKAGE_STRING ""
| #define PACKAGE_BUGREPORT ""
| #define STDC_HEADERS 1
| #define CLOG_IMPL 1
| #define HAVE_SYS_TYPES_H 1
| #define HAVE_SYS_STAT_H 1
| #define HAVE_STDLIB_H 1
| #define HAVE_STRING_H 1
| #define HAVE_MEMORY_H 1
| #define HAVE_STRINGS_H 1
| #define HAVE_INTTYPES_H 1
| #define HAVE_STDINT_H 1
| #define HAVE_UNISTD_H 1
| #define HAVE_STDIO_H 1
| #define HAVE_STDLIB_H 1
| #define HAVE_STRING_H 1
| #define HAVE_UNISTD_H 1
| #define HAVE_SYS_TIME_H 1
| #define HAVE_SYS_TYPES_H 1
| #define HAVE_SYS_STAT_H 1
| #define HAVE_FCNTL_H 1
| #define HAVE_INTTYPES_H 1
| #define SIZEOF_VOID_P 4
| #define HAVE_GETHOSTNAME 1
| #define HAVE_SNPRINTF 1
| #define HAVE_MKSTEMP 1
| #define HAVE_SRAND48 1
| #define HAVE_LRAND48 1
| /* end confdefs.h.  */
| #include <stdlib.h>
| int
| main ()
| {
| int a=lrand48(1.0,27,1.0,"foo");
|   ;
|   return 0;
| }
configure:8105: result: no
configure:8127: checking for special C compiler options needed for large files
configure:8222: result: no
configure:8228: checking for _FILE_OFFSET_BITS value needed for large files
configure:8263: gcc -c  -O2  conftest.c >&5
configure:8270: $? = 0
configure:8339: result: no
configure:8477: checking for O_LARGEFILE for open() 
configure:8513: gcc -c  -O2  conftest.c >&5
conftest.c: In function `main':
conftest.c:50: error: `O_LARGEFILE' undeclared (first use in this function)
conftest.c:50: error: (Each undeclared identifier is reported only once
conftest.c:50: error: for each function it appears in.)
configure:8520: $? = 1
configure: failed program was:
| /* confdefs.h.  */
| #define PACKAGE_NAME ""
| #define PACKAGE_TARNAME ""
| #define PACKAGE_VERSION ""
| #define PACKAGE_STRING ""
| #define PACKAGE_BUGREPORT ""
| #define STDC_HEADERS 1
| #define CLOG_IMPL 1
| #define HAVE_SYS_TYPES_H 1
| #define HAVE_SYS_STAT_H 1
| #define HAVE_STDLIB_H 1
| #define HAVE_STRING_H 1
| #define HAVE_MEMORY_H 1
| #define HAVE_STRINGS_H 1
| #define HAVE_INTTYPES_H 1
| #define HAVE_STDINT_H 1
| #define HAVE_UNISTD_H 1
| #define HAVE_STDIO_H 1
| #define HAVE_STDLIB_H 1
| #define HAVE_STRING_H 1
| #define HAVE_UNISTD_H 1
| #define HAVE_SYS_TIME_H 1
| #define HAVE_SYS_TYPES_H 1
| #define HAVE_SYS_STAT_H 1
| #define HAVE_FCNTL_H 1
| #define HAVE_INTTYPES_H 1
| #define SIZEOF_VOID_P 4
| #define HAVE_GETHOSTNAME 1
| #define HAVE_SNPRINTF 1
| #define HAVE_MKSTEMP 1
| #define HAVE_SRAND48 1
| #define HAVE_LRAND48 1
| /* end confdefs.h.  */
| 
| #if defined( HAVE_SYS_TYPES_H )
| #include <sys/types.h>
| #endif
| #if defined( HAVE_SYS_STAT_H )
| #include <sys/stat.h>
| #endif
| #if defined( HAVE_FCNTL_H )
| #include <fcntl.h>
| #endif
| 
| int
| main ()
| {
| 
|     int fd;
|     fd = open( "tmpfile", O_CREAT | O_LARGEFILE, 0644 );
| 
|   ;
|   return 0;
| }
configure:8574: gcc -c  -O2  conftest.c >&5
conftest.c: In function `main':
conftest.c:51: error: `O_LARGEFILE' undeclared (first use in this function)
conftest.c:51: error: (Each undeclared identifier is reported only once
conftest.c:51: error: for each function it appears in.)
configure:8581: $? = 1
configure: failed program was:
| /* confdefs.h.  */
| #define PACKAGE_NAME ""
| #define PACKAGE_TARNAME ""
| #define PACKAGE_VERSION ""
| #define PACKAGE_STRING ""
| #define PACKAGE_BUGREPORT ""
| #define STDC_HEADERS 1
| #define CLOG_IMPL 1
| #define HAVE_SYS_TYPES_H 1
| #define HAVE_SYS_STAT_H 1
| #define HAVE_STDLIB_H 1
| #define HAVE_STRING_H 1
| #define HAVE_MEMORY_H 1
| #define HAVE_STRINGS_H 1
| #define HAVE_INTTYPES_H 1
| #define HAVE_STDINT_H 1
| #define HAVE_UNISTD_H 1
| #define HAVE_STDIO_H 1
| #define HAVE_STDLIB_H 1
| #define HAVE_STRING_H 1
| #define HAVE_UNISTD_H 1
| #define HAVE_SYS_TIME_H 1
| #define HAVE_SYS_TYPES_H 1
| #define HAVE_SYS_STAT_H 1
| #define HAVE_FCNTL_H 1
| #define HAVE_INTTYPES_H 1
| #define SIZEOF_VOID_P 4
| #define HAVE_GETHOSTNAME 1
| #define HAVE_SNPRINTF 1
| #define HAVE_MKSTEMP 1
| #define HAVE_SRAND48 1
| #define HAVE_LRAND48 1
| /* end confdefs.h.  */
| 
| #define _LARGEFILE64_SOURCE
| #if defined( HAVE_SYS_TYPES_H )
| #include <sys/types.h>
| #endif
| #if defined( HAVE_SYS_STAT_H )
| #include <sys/stat.h>
| #endif
| #if defined( HAVE_FCNTL_H )
| #include <fcntl.h>
| #endif
| 
| int
| main ()
| {
| 
|     int fd;
|     fd = open( "tmpfile", O_CREAT | O_LARGEFILE, 0644 );
| 
|   ;
|   return 0;
| }
configure:8605: result: no
configure:8617: checking for O_BINARY for open() 
configure:8647: gcc -o conftest.exe  -O2   conftest.c          >&5
configure:8654: $? = 0
configure:8668: result: yes
configure:9190: checking pthread.h usability
configure:9207: gcc -c  -O2  conftest.c >&5
configure:9214: $? = 0
configure:9228: result: yes
configure:9232: checking pthread.h presence
configure:9247: gcc -E  conftest.c
configure:9254: $? = 0
configure:9268: result: yes
configure:9296: checking for pthread.h
configure:9305: result: yes
configure:9315: checking for pthread_mutex_lock in -lpthread
configure:9350: gcc -o conftest.exe  -O2   conftest.c -lpthread           >&5
configure:9357: $? = 0
configure:9378: result: yes
configure:9681: creating ./config.status

## ---------------------- ##
## Running config.status. ##
## ---------------------- ##

This file was extended by config.status, which was
generated by GNU Autoconf 2.62.  Invocation command line was

  CONFIG_FILES    = 
  CONFIG_HEADERS  = 
  CONFIG_LINKS    = 
  CONFIG_COMMANDS = 
  $ ./config.status 

on CorneliusVAIO

config.status:790: creating Makefile
config.status:790: creating src/Makefile
config.status:790: creating include/clog_inttypes.h
config.status:790: creating include/mpi_null.h
config.status:790: creating include/mpe_log_thread.h
config.status:790: creating etc/mpe_log.conf
config.status:790: creating etc/mpe_nolog.conf
config.status:790: creating etc/mpe_log_postlib.conf
config.status:790: creating mpe_logging_conf.h

## ---------------- ##
## Cache variables. ##
## ---------------- ##

ac_cv_build=i686-pc-cygwin
ac_cv_c_bigendian=no
ac_cv_c_compiler_gnu=yes
ac_cv_c_const=yes
ac_cv_env_CC_set=set
ac_cv_env_CC_value=gcc
ac_cv_env_CFLAGS_set=set
ac_cv_env_CFLAGS_value=' -O2'
ac_cv_env_CPPFLAGS_set=
ac_cv_env_CPPFLAGS_value=
ac_cv_env_CPP_set=
ac_cv_env_CPP_value=
ac_cv_env_LDFLAGS_set=
ac_cv_env_LDFLAGS_value=
ac_cv_env_LIBS_set=set
ac_cv_env_LIBS_value='        '
ac_cv_env_build_alias_set=
ac_cv_env_build_alias_value=
ac_cv_env_host_alias_set=
ac_cv_env_host_alias_value=
ac_cv_env_target_alias_set=
ac_cv_env_target_alias_value=
ac_cv_exeext=.exe
ac_cv_func_gethostname=yes
ac_cv_func_lrand48=yes
ac_cv_func_mkstemp=yes
ac_cv_func_snprintf=yes
ac_cv_func_srand48=yes
ac_cv_header_fcntl_h=yes
ac_cv_header_inttypes_h=yes
ac_cv_header_memory_h=yes
ac_cv_header_pthread_h=yes
ac_cv_header_stdc=yes
ac_cv_header_stdint_h=yes
ac_cv_header_stdio_h=yes
ac_cv_header_stdlib_h=yes
ac_cv_header_string_h=yes
ac_cv_header_strings_h=yes
ac_cv_header_sys_bitypes_h=no
ac_cv_header_sys_stat_h=yes
ac_cv_header_sys_time_h=yes
ac_cv_header_sys_types_h=yes
ac_cv_header_unistd_h=yes
ac_cv_host=i686-pc-cygwin
ac_cv_lib_pthread_pthread_mutex_lock=yes
ac_cv_objext=o
ac_cv_path_EGREP='/usr/bin/grep -E'
ac_cv_path_GREP=/usr/bin/grep
ac_cv_prog_AR=ar
ac_cv_prog_CPP='gcc -E'
ac_cv_prog_ac_ct_CC=gcc
ac_cv_prog_ac_ct_RANLIB=ranlib
ac_cv_prog_cc_c89=
ac_cv_prog_cc_g=yes
ac_cv_sizeof_void_p=4
ac_cv_sys_file_offset_bits=no
ac_cv_sys_largefile_CC=no
pac_cv_func_decl_gethostname=no
pac_cv_func_decl_lrand48=no
pac_cv_func_decl_mkstemp=no
pac_cv_func_decl_snprintf=no
pac_cv_func_decl_srand48=no

## ----------------- ##
## Output variables. ##
## ----------------- ##

AR='ar'
CC='gcc'
CFLAGS=' -O2'
CLINKER='gcc'
CLOG_PINT='CLOG_int32_t'
CPP='gcc -E'
CPPFLAGS=''
CPRP='cp'
DEFS='-DHAVE_CONFIG_H'
ECHO_C=''
ECHO_N='-n'
ECHO_T=''
EGREP='/usr/bin/grep -E'
EXEEXT='.exe'
GREP='/usr/bin/grep'
LDFLAGS=''
LIBOBJS=''
LIBS='        '
LTLIBOBJS=''
MAKE='make --no-print-directory'
MKDIR='mkdir'
MPE_BUILD_FORTRAN2C='yes'
MPI_CC='/home/Cornelius/mpich2-1.0.8/bin/mpicc'
MPI_CFLAGS='-O2'
MPI_LIBS=''
MV='mv'
OBJEXT='o'
PACKAGE_BUGREPORT=''
PACKAGE_NAME=''
PACKAGE_STRING=''
PACKAGE_TARNAME=''
PACKAGE_VERSION=''
PATH_SEPARATOR=':'
PROF_LIBNAME='mpe'
PTHREAD_IN_MPI_DEF='#define HAVE_PTHREAD_IN_MPI 1'
RANLIB='ranlib'
RM='rm'
SHELL='/bin/sh'
THREAD_LOG_LIBS=''
VPATH='VPATH=.:$(srcdir)'
ac_ct_CC='gcc'
binbuild_dir='/home/Cornelius/mpich2-1.0.8/src/mpe2/bin'
bindir='${exec_prefix}/bin'
build='i686-pc-cygwin'
build_alias=''
build_cpu='i686'
build_os='cygwin'
build_vendor='pc'
datadir='${datarootdir}'
datarootdir='${prefix}/share'
docdir='${datarootdir}/doc/${PACKAGE}'
dvidir='${docdir}'
etcbuild_dir='/home/Cornelius/mpich2-1.0.8/src/mpe2/etc'
exec_prefix='${prefix}'
host='i686-pc-cygwin'
host_alias=''
host_cpu='i686'
host_os='cygwin'
host_vendor='pc'
htmldir='${docdir}'
includebuild_dir='/home/Cornelius/mpich2-1.0.8/src/mpe2/include'
includedir='${prefix}/include'
infodir='${datarootdir}/info'
libbuild_dir='/home/Cornelius/mpich2-1.0.8/src/mpe2/lib'
libdir='${exec_prefix}/lib'
libexecdir='${exec_prefix}/libexec'
localedir='${datarootdir}/locale'
localstatedir='${prefix}/var'
mandir='${datarootdir}/man'
mpe_c99_pridxx_inc='#include <inttypes.h>'
mpe_c99_stdint_inc='#include <stdint.h>'
mpe_int16_fmt='"%"PRId16'
mpe_int16_t='int16_t'
mpe_int32_fmt='"%"PRId32'
mpe_int32_t='int32_t'
mpe_int64_fmt='"%"PRId64'
mpe_int64_t='int64_t'
mpe_int8_fmt='"%"PRId8'
mpe_int8_t='int8_t'
oldincludedir='/usr/include'
pdfdir='${docdir}'
prefix='/home/Cornelius/mpich2-install'
program_transform_name='s,x,x,'
psdir='${docdir}'
sbindir='${exec_prefix}/sbin'
sharedstatedir='${prefix}/com'
sysconfdir='${prefix}/etc'
target_alias=''
top_srcdir_abs='/home/Cornelius/mpich2-1.0.8/src/mpe2/src/logging'

## ----------- ##
## confdefs.h. ##
## ----------- ##

#define PACKAGE_NAME ""
#define PACKAGE_TARNAME ""
#define PACKAGE_VERSION ""
#define PACKAGE_STRING ""
#define PACKAGE_BUGREPORT ""
#define STDC_HEADERS 1
#define CLOG_IMPL 1
#define HAVE_SYS_TYPES_H 1
#define HAVE_SYS_STAT_H 1
#define HAVE_STDLIB_H 1
#define HAVE_STRING_H 1
#define HAVE_MEMORY_H 1
#define HAVE_STRINGS_H 1
#define HAVE_INTTYPES_H 1
#define HAVE_STDINT_H 1
#define HAVE_UNISTD_H 1
#define HAVE_STDIO_H 1
#define HAVE_STDLIB_H 1
#define HAVE_STRING_H 1
#define HAVE_UNISTD_H 1
#define HAVE_SYS_TIME_H 1
#define HAVE_SYS_TYPES_H 1
#define HAVE_SYS_STAT_H 1
#define HAVE_FCNTL_H 1
#define HAVE_INTTYPES_H 1
#define SIZEOF_VOID_P 4
#define HAVE_GETHOSTNAME 1
#define HAVE_SNPRINTF 1
#define HAVE_MKSTEMP 1
#define HAVE_SRAND48 1
#define HAVE_LRAND48 1
#define HAVE_O_BINARY 1
#define HAVE_PMPI_COMM_CREATE_KEYVAL 1
#define HAVE_PMPI_COMM_FREE_KEYVAL 1
#define HAVE_PMPI_COMM_SET_ATTR 1
#define HAVE_PMPI_COMM_GET_ATTR 1
#define HAVE_PTHREAD_H 1
#define HAVE_LIBPTHREAD 1

configure: exit 0
