This file contains any messages produced by compilers while
running configure, to aid debugging if configure makes a mistake.

It was created by OpenPA configure 1.0.1, which was
generated by GNU Autoconf 2.63.  Invocation command line was

  $ /users/kenneth/info/mpich2/mpich2-1.1.1/src/openpa/configure --prefix=/users/kenneth/info/mpich2/install --with-atomic-primitives=auto_allow_emulation

## --------- ##
## Platform. ##
## --------- ##

hostname = tg-login2
uname -m = ia64
uname -r = 2.4.21-314.tg1
uname -s = Linux
uname -v = #1 SMP Tue Nov 21 15:49:16 CST 2006

/usr/bin/uname -p = unknown
/bin/uname -X     = unknown

/bin/arch              = ia64
/usr/bin/arch -k       = unknown
/usr/convex/getsysinfo = unknown
/usr/bin/hostinfo      = unknown
/bin/machine           = unknown
/usr/bin/oslevel       = unknown
/bin/universe          = unknown

PATH: /users/kenneth/bin
PATH: /sbin
PATH: /usr/sbin
PATH: /usr/local/sbin
PATH: /bin
PATH: /usr/bin
PATH: /usr/local/bin
PATH: /usr/X11R6/bin
PATH: /usr/local/apps/bin
PATH: /usr/local/apps/tg-policy-0.2-r1/bin
PATH: /usr/local/apps/tgusage-2.9-r2/bin
PATH: /opt/torque-2.1.5/bin
PATH: /opt/torque-2.1.5/sbin
PATH: /usr/local/apps/catalina_wrappers/bin
PATH: /usr/local/apps/softenv-1.6.2-r3/bin
PATH: /usr/local/apps/gx-map-0.5.3.2/bin
PATH: /usr/local/apps/kx.509/bin
PATH: /usr/local/apps/globus-mds-info-4.0.3-r1/bin
PATH: /usr/local/apps/globus-mds-info-4.0.3-r1/sbin
PATH: /usr/local/apps/j2sdk1.4.2_13/jre/bin
PATH: /usr/local/apps/j2sdk1.4.2_13/bin
PATH: /usr/local/apps/globus-4.0.1-r3/bin
PATH: /usr/local/apps/globus-4.0.1-r3/sbin
PATH: /usr/local/apps/globus-4.0.1-r3/myproxy-3.4/bin
PATH: /usr/local/apps/condor-6.9.2-r1/bin
PATH: /usr/local/apps/condor-6.9.2-r1/sbin
PATH: /usr/local/apps/srb-client-3.4.1-r2/bin
PATH: /usr/local/apps/tgcp-1.0.0-r2/bin
PATH: /opt/gm/bin
PATH: /usr/local/apps/intel/compiler8.1.031/bin
PATH: /usr/local/apps/mpich-gm-1.2.6..14b-intel-r2/bin
PATH: /usr/local/apps/hdf4.2r1/bin
PATH: /usr/local/apps/hdf5-1.6.5-r1/bin
PATH: /usr/local/apps/globus-2.4.3-intel-r5/mpich-g2-1.2.6/bin


## ----------- ##
## Core tests. ##
## ----------- ##

configure:1889: checking for a BSD-compatible install
configure:1957: result: /usr/bin/install -c
configure:1968: checking whether build environment is sane
configure:2028: result: yes
configure:2169: checking for a thread-safe mkdir -p
configure:2208: result: mkdir -p
configure:2221: checking for gawk
configure:2237: found /bin/gawk
configure:2248: result: gawk
configure:2259: checking whether make sets $(MAKE)
configure:2281: result: yes
configure:2434: checking for gcc
configure:2461: result: gcc
configure:2693: checking for C compiler version
configure:2701: gcc --version >&5
gcc (GCC) 3.2.2
Copyright (C) 2002 Free Software Foundation, Inc.
This is free software; see the source for copying conditions.  There is NO
warranty; not even for MERCHANTABILITY or FITNESS FOR A PARTICULAR PURPOSE.

configure:2705: $? = 0
configure:2712: gcc -v >&5
Reading specs from /usr/lib/gcc-lib/ia64-suse-linux/3.2.2/specs
Configured with: ../configure --enable-threads=posix --prefix=/usr --with-local-prefix=/usr/local --infodir=/usr/share/info --mandir=/usr/share/man --libdir=/usr/lib --enable-languages=c,c++,f77,objc,java,ada --enable-libgcj --with-gxx-include-dir=/usr/include/g++ --with-slibdir=/lib --with-system-zlib --enable-shared --enable-__cxa_atexit ia64-suse-linux
Thread model: posix
gcc version 3.2.2
configure:2716: $? = 0
configure:2723: gcc -V >&5
gcc: argument to `-V' is missing
configure:2727: $? = 1
configure:2750: checking for C compiler default output file name
configure:2772: gcc  -O2  -I/users/kenneth/info/mpich2/mpich2-1.1.1/src/openpa/src -I/users/kenneth/info/mpich2/mpich2-1.1.1/src/openpa/src -DUSE_PROCESS_LOCKS  -lpthread conftest.c  >&5
configure:2776: $? = 0
configure:2814: result: a.out
configure:2833: checking whether the C compiler works
configure:2843: ./a.out
configure:2847: $? = 0
configure:2866: result: yes
configure:2873: checking whether we are cross compiling
configure:2875: result: no
configure:2878: checking for suffix of executables
configure:2885: gcc -o conftest  -O2  -I/users/kenneth/info/mpich2/mpich2-1.1.1/src/openpa/src -I/users/kenneth/info/mpich2/mpich2-1.1.1/src/openpa/src -DUSE_PROCESS_LOCKS  -lpthread conftest.c  >&5
configure:2889: $? = 0
configure:2915: result: 
configure:2921: checking for suffix of object files
configure:2947: gcc -c  -O2  -I/users/kenneth/info/mpich2/mpich2-1.1.1/src/openpa/src -I/users/kenneth/info/mpich2/mpich2-1.1.1/src/openpa/src -DUSE_PROCESS_LOCKS conftest.c >&5
configure:2951: $? = 0
configure:2976: result: o
configure:2980: checking whether we are using the GNU C compiler
configure:3009: gcc -c  -O2  -I/users/kenneth/info/mpich2/mpich2-1.1.1/src/openpa/src -I/users/kenneth/info/mpich2/mpich2-1.1.1/src/openpa/src -DUSE_PROCESS_LOCKS conftest.c >&5
configure:3016: $? = 0
configure:3033: result: yes
configure:3042: checking whether gcc accepts -g
configure:3072: gcc -c -g  -I/users/kenneth/info/mpich2/mpich2-1.1.1/src/openpa/src -I/users/kenneth/info/mpich2/mpich2-1.1.1/src/openpa/src -DUSE_PROCESS_LOCKS conftest.c >&5
configure:3079: $? = 0
configure:3180: result: yes
configure:3197: checking for gcc option to accept ISO C89
configure:3271: gcc  -c  -O2  -I/users/kenneth/info/mpich2/mpich2-1.1.1/src/openpa/src -I/users/kenneth/info/mpich2/mpich2-1.1.1/src/openpa/src -DUSE_PROCESS_LOCKS conftest.c >&5
configure:3278: $? = 0
configure:3301: result: none needed
configure:3330: checking for style of include used by make
configure:3358: result: GNU
configure:3383: checking dependency style of gcc
configure:3493: result: gcc3
configure:3551: checking for ranlib
configure:3578: result: ranlib
configure:3602: checking whether to enable assertions
configure:3614: result: yes
configure:3626: checking how to run the C preprocessor
configure:3666: gcc -E  -I/users/kenneth/info/mpich2/mpich2-1.1.1/src/openpa/src -I/users/kenneth/info/mpich2/mpich2-1.1.1/src/openpa/src -DUSE_PROCESS_LOCKS conftest.c
configure:3673: $? = 0
configure:3704: gcc -E  -I/users/kenneth/info/mpich2/mpich2-1.1.1/src/openpa/src -I/users/kenneth/info/mpich2/mpich2-1.1.1/src/openpa/src -DUSE_PROCESS_LOCKS conftest.c
conftest.c:10:28: ac_nonexistent.h: No such file or directory
configure:3711: $? = 1
configure: failed program was:
| /* confdefs.h.  */
| #define PACKAGE_NAME "OpenPA"
| #define PACKAGE_TARNAME "openpa"
| #define PACKAGE_VERSION "1.0.1"
| #define PACKAGE_STRING "OpenPA 1.0.1"
| #define PACKAGE_BUGREPORT "https://trac.mcs.anl.gov/projects/openpa/newticket"
| #define PACKAGE "openpa"
| #define VERSION "1.0.1"
| /* end confdefs.h.  */
| #include <ac_nonexistent.h>
configure:3744: result: gcc -E
configure:3773: gcc -E  -I/users/kenneth/info/mpich2/mpich2-1.1.1/src/openpa/src -I/users/kenneth/info/mpich2/mpich2-1.1.1/src/openpa/src -DUSE_PROCESS_LOCKS conftest.c
configure:3780: $? = 0
configure:3811: gcc -E  -I/users/kenneth/info/mpich2/mpich2-1.1.1/src/openpa/src -I/users/kenneth/info/mpich2/mpich2-1.1.1/src/openpa/src -DUSE_PROCESS_LOCKS conftest.c
conftest.c:10:28: ac_nonexistent.h: No such file or directory
configure:3818: $? = 1
configure: failed program was:
| /* confdefs.h.  */
| #define PACKAGE_NAME "OpenPA"
| #define PACKAGE_TARNAME "openpa"
| #define PACKAGE_VERSION "1.0.1"
| #define PACKAGE_STRING "OpenPA 1.0.1"
| #define PACKAGE_BUGREPORT "https://trac.mcs.anl.gov/projects/openpa/newticket"
| #define PACKAGE "openpa"
| #define VERSION "1.0.1"
| /* end confdefs.h.  */
| #include <ac_nonexistent.h>
configure:3858: checking for grep that handles long lines and -e
configure:3918: result: /bin/grep
configure:3923: checking for egrep
configure:3987: result: /bin/grep -E
configure:3992: checking for ANSI C header files
configure:4022: gcc -c  -O2  -I/users/kenneth/info/mpich2/mpich2-1.1.1/src/openpa/src -I/users/kenneth/info/mpich2/mpich2-1.1.1/src/openpa/src -DUSE_PROCESS_LOCKS conftest.c >&5
configure:4029: $? = 0
configure:4125: gcc -o conftest  -O2  -I/users/kenneth/info/mpich2/mpich2-1.1.1/src/openpa/src -I/users/kenneth/info/mpich2/mpich2-1.1.1/src/openpa/src -DUSE_PROCESS_LOCKS  -lpthread conftest.c  >&5
configure:4129: $? = 0
configure:4135: ./conftest
configure:4139: $? = 0
configure:4157: result: yes
configure:4181: checking for sys/types.h
configure:4202: gcc -c  -O2  -I/users/kenneth/info/mpich2/mpich2-1.1.1/src/openpa/src -I/users/kenneth/info/mpich2/mpich2-1.1.1/src/openpa/src -DUSE_PROCESS_LOCKS conftest.c >&5
configure:4209: $? = 0
configure:4226: result: yes
configure:4181: checking for sys/stat.h
configure:4202: gcc -c  -O2  -I/users/kenneth/info/mpich2/mpich2-1.1.1/src/openpa/src -I/users/kenneth/info/mpich2/mpich2-1.1.1/src/openpa/src -DUSE_PROCESS_LOCKS conftest.c >&5
configure:4209: $? = 0
configure:4226: result: yes
configure:4181: checking for stdlib.h
configure:4202: gcc -c  -O2  -I/users/kenneth/info/mpich2/mpich2-1.1.1/src/openpa/src -I/users/kenneth/info/mpich2/mpich2-1.1.1/src/openpa/src -DUSE_PROCESS_LOCKS conftest.c >&5
configure:4209: $? = 0
configure:4226: result: yes
configure:4181: checking for string.h
configure:4202: gcc -c  -O2  -I/users/kenneth/info/mpich2/mpich2-1.1.1/src/openpa/src -I/users/kenneth/info/mpich2/mpich2-1.1.1/src/openpa/src -DUSE_PROCESS_LOCKS conftest.c >&5
configure:4209: $? = 0
configure:4226: result: yes
configure:4181: checking for memory.h
configure:4202: gcc -c  -O2  -I/users/kenneth/info/mpich2/mpich2-1.1.1/src/openpa/src -I/users/kenneth/info/mpich2/mpich2-1.1.1/src/openpa/src -DUSE_PROCESS_LOCKS conftest.c >&5
configure:4209: $? = 0
configure:4226: result: yes
configure:4181: checking for strings.h
configure:4202: gcc -c  -O2  -I/users/kenneth/info/mpich2/mpich2-1.1.1/src/openpa/src -I/users/kenneth/info/mpich2/mpich2-1.1.1/src/openpa/src -DUSE_PROCESS_LOCKS conftest.c >&5
configure:4209: $? = 0
configure:4226: result: yes
configure:4181: checking for inttypes.h
configure:4202: gcc -c  -O2  -I/users/kenneth/info/mpich2/mpich2-1.1.1/src/openpa/src -I/users/kenneth/info/mpich2/mpich2-1.1.1/src/openpa/src -DUSE_PROCESS_LOCKS conftest.c >&5
configure:4209: $? = 0
configure:4226: result: yes
configure:4181: checking for stdint.h
configure:4202: gcc -c  -O2  -I/users/kenneth/info/mpich2/mpich2-1.1.1/src/openpa/src -I/users/kenneth/info/mpich2/mpich2-1.1.1/src/openpa/src -DUSE_PROCESS_LOCKS conftest.c >&5
configure:4209: $? = 0
configure:4226: result: yes
configure:4181: checking for unistd.h
configure:4202: gcc -c  -O2  -I/users/kenneth/info/mpich2/mpich2-1.1.1/src/openpa/src -I/users/kenneth/info/mpich2/mpich2-1.1.1/src/openpa/src -DUSE_PROCESS_LOCKS conftest.c >&5
configure:4209: $? = 0
configure:4226: result: yes
configure:4260: checking pthread.h usability
configure:4277: gcc -c  -O2  -I/users/kenneth/info/mpich2/mpich2-1.1.1/src/openpa/src -I/users/kenneth/info/mpich2/mpich2-1.1.1/src/openpa/src -DUSE_PROCESS_LOCKS conftest.c >&5
configure:4284: $? = 0
configure:4298: result: yes
configure:4302: checking pthread.h presence
configure:4317: gcc -E  -I/users/kenneth/info/mpich2/mpich2-1.1.1/src/openpa/src -I/users/kenneth/info/mpich2/mpich2-1.1.1/src/openpa/src -DUSE_PROCESS_LOCKS conftest.c
configure:4324: $? = 0
configure:4338: result: yes
configure:4371: checking for pthread.h
configure:4380: result: yes
configure:4260: checking atomic.h usability
configure:4277: gcc -c  -O2  -I/users/kenneth/info/mpich2/mpich2-1.1.1/src/openpa/src -I/users/kenneth/info/mpich2/mpich2-1.1.1/src/openpa/src -DUSE_PROCESS_LOCKS conftest.c >&5
conftest.c:54:20: atomic.h: No such file or directory
configure:4284: $? = 1
configure: failed program was:
| /* confdefs.h.  */
| #define PACKAGE_NAME "OpenPA"
| #define PACKAGE_TARNAME "openpa"
| #define PACKAGE_VERSION "1.0.1"
| #define PACKAGE_STRING "OpenPA 1.0.1"
| #define PACKAGE_BUGREPORT "https://trac.mcs.anl.gov/projects/openpa/newticket"
| #define PACKAGE "openpa"
| #define VERSION "1.0.1"
| #define STDC_HEADERS 1
| #define HAVE_SYS_TYPES_H 1
| #define HAVE_SYS_STAT_H 1
| #define HAVE_STDLIB_H 1
| #define HAVE_STRING_H 1
| #define HAVE_MEMORY_H 1
| #define HAVE_STRINGS_H 1
| #define HAVE_INTTYPES_H 1
| #define HAVE_STDINT_H 1
| #define HAVE_UNISTD_H 1
| #define HAVE_PTHREAD_H 1
| /* end confdefs.h.  */
| #include <stdio.h>
| #ifdef HAVE_SYS_TYPES_H
| # include <sys/types.h>
| #endif
| #ifdef HAVE_SYS_STAT_H
| # include <sys/stat.h>
| #endif
| #ifdef STDC_HEADERS
| # include <stdlib.h>
| # include <stddef.h>
| #else
| # ifdef HAVE_STDLIB_H
| #  include <stdlib.h>
| # endif
| #endif
| #ifdef HAVE_STRING_H
| # if !defined STDC_HEADERS && defined HAVE_MEMORY_H
| #  include <memory.h>
| # endif
| # include <string.h>
| #endif
| #ifdef HAVE_STRINGS_H
| # include <strings.h>
| #endif
| #ifdef HAVE_INTTYPES_H
| # include <inttypes.h>
| #endif
| #ifdef HAVE_STDINT_H
| # include <stdint.h>
| #endif
| #ifdef HAVE_UNISTD_H
| # include <unistd.h>
| #endif
| #include <atomic.h>
configure:4298: result: no
configure:4302: checking atomic.h presence
configure:4317: gcc -E  -I/users/kenneth/info/mpich2/mpich2-1.1.1/src/openpa/src -I/users/kenneth/info/mpich2/mpich2-1.1.1/src/openpa/src -DUSE_PROCESS_LOCKS conftest.c
conftest.c:21:20: atomic.h: No such file or directory
configure:4324: $? = 1
configure: failed program was:
| /* confdefs.h.  */
| #define PACKAGE_NAME "OpenPA"
| #define PACKAGE_TARNAME "openpa"
| #define PACKAGE_VERSION "1.0.1"
| #define PACKAGE_STRING "OpenPA 1.0.1"
| #define PACKAGE_BUGREPORT "https://trac.mcs.anl.gov/projects/openpa/newticket"
| #define PACKAGE "openpa"
| #define VERSION "1.0.1"
| #define STDC_HEADERS 1
| #define HAVE_SYS_TYPES_H 1
| #define HAVE_SYS_STAT_H 1
| #define HAVE_STDLIB_H 1
| #define HAVE_STRING_H 1
| #define HAVE_MEMORY_H 1
| #define HAVE_STRINGS_H 1
| #define HAVE_INTTYPES_H 1
| #define HAVE_STDINT_H 1
| #define HAVE_UNISTD_H 1
| #define HAVE_PTHREAD_H 1
| /* end confdefs.h.  */
| #include <atomic.h>
configure:4338: result: no
configure:4371: checking for atomic.h
configure:4380: result: no
configure:4260: checking intrin.h usability
configure:4277: gcc -c  -O2  -I/users/kenneth/info/mpich2/mpich2-1.1.1/src/openpa/src -I/users/kenneth/info/mpich2/mpich2-1.1.1/src/openpa/src -DUSE_PROCESS_LOCKS conftest.c >&5
conftest.c:54:20: intrin.h: No such file or directory
configure:4284: $? = 1
configure: failed program was:
| /* confdefs.h.  */
| #define PACKAGE_NAME "OpenPA"
| #define PACKAGE_TARNAME "openpa"
| #define PACKAGE_VERSION "1.0.1"
| #define PACKAGE_STRING "OpenPA 1.0.1"
| #define PACKAGE_BUGREPORT "https://trac.mcs.anl.gov/projects/openpa/newticket"
| #define PACKAGE "openpa"
| #define VERSION "1.0.1"
| #define STDC_HEADERS 1
| #define HAVE_SYS_TYPES_H 1
| #define HAVE_SYS_STAT_H 1
| #define HAVE_STDLIB_H 1
| #define HAVE_STRING_H 1
| #define HAVE_MEMORY_H 1
| #define HAVE_STRINGS_H 1
| #define HAVE_INTTYPES_H 1
| #define HAVE_STDINT_H 1
| #define HAVE_UNISTD_H 1
| #define HAVE_PTHREAD_H 1
| /* end confdefs.h.  */
| #include <stdio.h>
| #ifdef HAVE_SYS_TYPES_H
| # include <sys/types.h>
| #endif
| #ifdef HAVE_SYS_STAT_H
| # include <sys/stat.h>
| #endif
| #ifdef STDC_HEADERS
| # include <stdlib.h>
| # include <stddef.h>
| #else
| # ifdef HAVE_STDLIB_H
| #  include <stdlib.h>
| # endif
| #endif
| #ifdef HAVE_STRING_H
| # if !defined STDC_HEADERS && defined HAVE_MEMORY_H
| #  include <memory.h>
| # endif
| # include <string.h>
| #endif
| #ifdef HAVE_STRINGS_H
| # include <strings.h>
| #endif
| #ifdef HAVE_INTTYPES_H
| # include <inttypes.h>
| #endif
| #ifdef HAVE_STDINT_H
| # include <stdint.h>
| #endif
| #ifdef HAVE_UNISTD_H
| # include <unistd.h>
| #endif
| #include <intrin.h>
configure:4298: result: no
configure:4302: checking intrin.h presence
configure:4317: gcc -E  -I/users/kenneth/info/mpich2/mpich2-1.1.1/src/openpa/src -I/users/kenneth/info/mpich2/mpich2-1.1.1/src/openpa/src -DUSE_PROCESS_LOCKS conftest.c
conftest.c:21:20: intrin.h: No such file or directory
configure:4324: $? = 1
configure: failed program was:
| /* confdefs.h.  */
| #define PACKAGE_NAME "OpenPA"
| #define PACKAGE_TARNAME "openpa"
| #define PACKAGE_VERSION "1.0.1"
| #define PACKAGE_STRING "OpenPA 1.0.1"
| #define PACKAGE_BUGREPORT "https://trac.mcs.anl.gov/projects/openpa/newticket"
| #define PACKAGE "openpa"
| #define VERSION "1.0.1"
| #define STDC_HEADERS 1
| #define HAVE_SYS_TYPES_H 1
| #define HAVE_SYS_STAT_H 1
| #define HAVE_STDLIB_H 1
| #define HAVE_STRING_H 1
| #define HAVE_MEMORY_H 1
| #define HAVE_STRINGS_H 1
| #define HAVE_INTTYPES_H 1
| #define HAVE_STDINT_H 1
| #define HAVE_UNISTD_H 1
| #define HAVE_PTHREAD_H 1
| /* end confdefs.h.  */
| #include <intrin.h>
configure:4338: result: no
configure:4371: checking for intrin.h
configure:4380: result: no
configure:4249: checking for inttypes.h
configure:4256: result: yes
configure:4249: checking for stdint.h
configure:4256: result: yes
configure:4396: checking for C/C++ restrict keyword
configure:4431: gcc -c  -O2  -I/users/kenneth/info/mpich2/mpich2-1.1.1/src/openpa/src -I/users/kenneth/info/mpich2/mpich2-1.1.1/src/openpa/src -DUSE_PROCESS_LOCKS conftest.c >&5
configure:4438: $? = 0
configure:4456: result: __restrict
configure:4472: checking for inline
configure:4498: gcc -c  -O2  -I/users/kenneth/info/mpich2/mpich2-1.1.1/src/openpa/src -I/users/kenneth/info/mpich2/mpich2-1.1.1/src/openpa/src -DUSE_PROCESS_LOCKS conftest.c >&5
configure:4505: $? = 0
configure:4523: result: inline
configure:4544: checking for pthread_create in -lpthread
configure:4579: gcc -o conftest  -O2  -I/users/kenneth/info/mpich2/mpich2-1.1.1/src/openpa/src -I/users/kenneth/info/mpich2/mpich2-1.1.1/src/openpa/src -DUSE_PROCESS_LOCKS  -lpthread conftest.c -lpthread   >&5
configure:4586: $? = 0
configure:4607: result: yes
configure:4620: checking if 100 threads can be run at once
configure:4668: gcc -o conftest  -O2  -I/users/kenneth/info/mpich2/mpich2-1.1.1/src/openpa/src -I/users/kenneth/info/mpich2/mpich2-1.1.1/src/openpa/src -DUSE_PROCESS_LOCKS  -lpthread conftest.c -lpthread  >&5
configure:4672: $? = 0
configure:4678: ./conftest
configure:4682: $? = 1
configure: program exited with status 1
configure: failed program was:
| /* confdefs.h.  */
| #define PACKAGE_NAME "OpenPA"
| #define PACKAGE_TARNAME "openpa"
| #define PACKAGE_VERSION "1.0.1"
| #define PACKAGE_STRING "OpenPA 1.0.1"
| #define PACKAGE_BUGREPORT "https://trac.mcs.anl.gov/projects/openpa/newticket"
| #define PACKAGE "openpa"
| #define VERSION "1.0.1"
| #define STDC_HEADERS 1
| #define HAVE_SYS_TYPES_H 1
| #define HAVE_SYS_STAT_H 1
| #define HAVE_STDLIB_H 1
| #define HAVE_STRING_H 1
| #define HAVE_MEMORY_H 1
| #define HAVE_STRINGS_H 1
| #define HAVE_INTTYPES_H 1
| #define HAVE_STDINT_H 1
| #define HAVE_UNISTD_H 1
| #define HAVE_PTHREAD_H 1
| #define HAVE_INTTYPES_H 1
| #define HAVE_STDINT_H 1
| #define restrict __restrict
| #define HAVE_LIBPTHREAD 1
| /* end confdefs.h.  */
| 
|     #include <stddef.h>
|     #include <pthread.h>
|     pthread_mutex_t mutexus_maximus;
|     void *thread_func(void *udata) {
|         pthread_mutex_lock(&mutexus_maximus);
|         pthread_mutex_unlock(&mutexus_maximus);
|         return NULL;
|     }
| 
| int
| main ()
| {
| 
|     int i;
|     pthread_t threads[100];
|     pthread_mutex_init(&mutexus_maximus, NULL);
|     pthread_mutex_lock(&mutexus_maximus);
|     for(i=0; i<100; i++)
|         if(pthread_create(&threads[i], NULL, thread_func, NULL)) {
|             pthread_mutex_unlock(&mutexus_maximus);
|             return 1;
|         }
|     pthread_mutex_unlock(&mutexus_maximus);
|     return 0;
| 
|   ;
|   return 0;
| }
configure:4692: result: no
configure:4711: checking size of void *
configure:5016: gcc -o conftest  -O2  -I/users/kenneth/info/mpich2/mpich2-1.1.1/src/openpa/src -I/users/kenneth/info/mpich2/mpich2-1.1.1/src/openpa/src -DUSE_PROCESS_LOCKS  -lpthread conftest.c -lpthread  >&5
configure:5020: $? = 0
configure:5026: ./conftest
configure:5030: $? = 0
configure:5056: result: 8
configure:5070: checking size of int
configure:5375: gcc -o conftest  -O2  -I/users/kenneth/info/mpich2/mpich2-1.1.1/src/openpa/src -I/users/kenneth/info/mpich2/mpich2-1.1.1/src/openpa/src -DUSE_PROCESS_LOCKS  -lpthread conftest.c -lpthread  >&5
configure:5379: $? = 0
configure:5385: ./conftest
configure:5389: $? = 0
configure:5415: result: 4
configure:5427: checking whether __attribute__ allowed
configure:5454: gcc -c  -O2  -I/users/kenneth/info/mpich2/mpich2-1.1.1/src/openpa/src -I/users/kenneth/info/mpich2/mpich2-1.1.1/src/openpa/src -DUSE_PROCESS_LOCKS conftest.c >&5
configure:5461: $? = 0
configure:5476: result: yes
configure:5478: checking whether __attribute__((format)) allowed
configure:5505: gcc -c  -O2  -I/users/kenneth/info/mpich2/mpich2-1.1.1/src/openpa/src -I/users/kenneth/info/mpich2/mpich2-1.1.1/src/openpa/src -DUSE_PROCESS_LOCKS conftest.c >&5
configure:5512: $? = 0
configure:5527: result: yes
configure:5538: checking if compiler rejects bogus asm statements
configure:5563: gcc -o conftest  -O2  -I/users/kenneth/info/mpich2/mpich2-1.1.1/src/openpa/src -I/users/kenneth/info/mpich2/mpich2-1.1.1/src/openpa/src -DUSE_PROCESS_LOCKS  -lpthread conftest.c -lpthread  >&5
/tmp/ccJbzLwS.s: Assembler messages:
/tmp/ccJbzLwS.s:11: Error: Unknown opcode `illegal_asm_stmt'
configure:5570: $? = 1
configure: failed program was:
| /* confdefs.h.  */
| #define PACKAGE_NAME "OpenPA"
| #define PACKAGE_TARNAME "openpa"
| #define PACKAGE_VERSION "1.0.1"
| #define PACKAGE_STRING "OpenPA 1.0.1"
| #define PACKAGE_BUGREPORT "https://trac.mcs.anl.gov/projects/openpa/newticket"
| #define PACKAGE "openpa"
| #define VERSION "1.0.1"
| #define STDC_HEADERS 1
| #define HAVE_SYS_TYPES_H 1
| #define HAVE_SYS_STAT_H 1
| #define HAVE_STDLIB_H 1
| #define HAVE_STRING_H 1
| #define HAVE_MEMORY_H 1
| #define HAVE_STRINGS_H 1
| #define HAVE_INTTYPES_H 1
| #define HAVE_STDINT_H 1
| #define HAVE_UNISTD_H 1
| #define HAVE_PTHREAD_H 1
| #define HAVE_INTTYPES_H 1
| #define HAVE_STDINT_H 1
| #define restrict __restrict
| #define HAVE_LIBPTHREAD 1
| #define LIMIT_THREADS 1
| #define SIZEOF_VOID_P 8
| #define SIZEOF_INT 4
| #define HAVE_GCC_ATTRIBUTE 1
| /* end confdefs.h.  */
| 
| int
| main ()
| {
| 
|     __asm__ __volatile__ ("ILLEGAL_ASM_STMT");
| 
|   ;
|   return 0;
| }
configure:5587: result: yes
configure:5631: checking for support for gcc x86/x86_64 bit primitives
configure:5792: gcc -o conftest  -O2 -I./src  -I/users/kenneth/info/mpich2/mpich2-1.1.1/src/openpa/src -I/users/kenneth/info/mpich2/mpich2-1.1.1/src/openpa/src -DUSE_PROCESS_LOCKS  -lpthread conftest.c -lpthread  >&5
conftest.c: In function `main':
src/primitives/opa_gcc_intel_32_64_ops.h:80: inconsistent operand constraints in an `asm'
src/primitives/opa_gcc_intel_32_64_ops.h:110: inconsistent operand constraints in an `asm'
configure:5796: $? = 1
configure: program exited with status 1
configure: failed program was:
| /* confdefs.h.  */
| #define PACKAGE_NAME "OpenPA"
| #define PACKAGE_TARNAME "openpa"
| #define PACKAGE_VERSION "1.0.1"
| #define PACKAGE_STRING "OpenPA 1.0.1"
| #define PACKAGE_BUGREPORT "https://trac.mcs.anl.gov/projects/openpa/newticket"
| #define PACKAGE "openpa"
| #define VERSION "1.0.1"
| #define STDC_HEADERS 1
| #define HAVE_SYS_TYPES_H 1
| #define HAVE_SYS_STAT_H 1
| #define HAVE_STDLIB_H 1
| #define HAVE_STRING_H 1
| #define HAVE_MEMORY_H 1
| #define HAVE_STRINGS_H 1
| #define HAVE_INTTYPES_H 1
| #define HAVE_STDINT_H 1
| #define HAVE_UNISTD_H 1
| #define HAVE_PTHREAD_H 1
| #define HAVE_INTTYPES_H 1
| #define HAVE_STDINT_H 1
| #define restrict __restrict
| #define HAVE_LIBPTHREAD 1
| #define LIMIT_THREADS 1
| #define SIZEOF_VOID_P 8
| #define SIZEOF_INT 4
| #define HAVE_GCC_ATTRIBUTE 1
| /* end confdefs.h.  */
| 
| #define OPA_SIZEOF_INT SIZEOF_INT
| #define OPA_SIZEOF_VOID_P SIZEOF_VOID_P
| #ifndef _opa_inline
| #define _opa_inline inline
| #endif
| #ifndef _opa_restrict
| #define _opa_restrict restrict
| #endif
| #ifdef HAVE_GCC_ATTRIBUTE
| #define OPA_HAVE_GCC_ATTRIBUTE 1
| #endif
| #include "opa_util.h" /* for OPA_ATTRIBUTE and friends */
| #include "primitives/opa_gcc_intel_32_64.h"
| 
| int
| main ()
| {
| 
|     OPA_int_t a, b;
|     int c;
| 
|     OPA_store_int(&a, 0);
|     OPA_store_int(&b, 1);
|     c = OPA_load_int(&a);
| 
|     OPA_add_int(&a, 10);
|     OPA_incr_int(&a);
|     OPA_decr_int(&a);
| 
|     c = OPA_decr_and_test_int(&a);
|     c = OPA_fetch_and_add_int(&a, 10);
|     c = OPA_fetch_and_incr_int(&a);
|     c = OPA_fetch_and_decr_int(&a);
| 
|     c = OPA_cas_int(&a, 10, 11);
|     c = OPA_swap_int(&a, OPA_load_int(&b));
| 
|     OPA_write_barrier();
|     OPA_read_barrier();
|     OPA_read_write_barrier();
| 
|   ;
|   return 0;
| }
| 
configure:5823: result: no
configure:5842: checking for support for gcc x86 bit primitives for pre-Pentium 4
configure:6003: gcc -o conftest  -O2 -I./src  -I/users/kenneth/info/mpich2/mpich2-1.1.1/src/openpa/src -I/users/kenneth/info/mpich2/mpich2-1.1.1/src/openpa/src -DUSE_PROCESS_LOCKS  -lpthread conftest.c -lpthread  >&5
conftest.c: In function `main':
src/primitives/opa_gcc_intel_32_64_ops.h:80: inconsistent operand constraints in an `asm'
src/primitives/opa_gcc_intel_32_64_ops.h:110: inconsistent operand constraints in an `asm'
configure:6007: $? = 1
configure: program exited with status 1
configure: failed program was:
| /* confdefs.h.  */
| #define PACKAGE_NAME "OpenPA"
| #define PACKAGE_TARNAME "openpa"
| #define PACKAGE_VERSION "1.0.1"
| #define PACKAGE_STRING "OpenPA 1.0.1"
| #define PACKAGE_BUGREPORT "https://trac.mcs.anl.gov/projects/openpa/newticket"
| #define PACKAGE "openpa"
| #define VERSION "1.0.1"
| #define STDC_HEADERS 1
| #define HAVE_SYS_TYPES_H 1
| #define HAVE_SYS_STAT_H 1
| #define HAVE_STDLIB_H 1
| #define HAVE_STRING_H 1
| #define HAVE_MEMORY_H 1
| #define HAVE_STRINGS_H 1
| #define HAVE_INTTYPES_H 1
| #define HAVE_STDINT_H 1
| #define HAVE_UNISTD_H 1
| #define HAVE_PTHREAD_H 1
| #define HAVE_INTTYPES_H 1
| #define HAVE_STDINT_H 1
| #define restrict __restrict
| #define HAVE_LIBPTHREAD 1
| #define LIMIT_THREADS 1
| #define SIZEOF_VOID_P 8
| #define SIZEOF_INT 4
| #define HAVE_GCC_ATTRIBUTE 1
| /* end confdefs.h.  */
| 
| #define OPA_SIZEOF_INT SIZEOF_INT
| #define OPA_SIZEOF_VOID_P SIZEOF_VOID_P
| #ifndef _opa_inline
| #define _opa_inline inline
| #endif
| #ifndef _opa_restrict
| #define _opa_restrict restrict
| #endif
| #ifdef HAVE_GCC_ATTRIBUTE
| #define OPA_HAVE_GCC_ATTRIBUTE 1
| #endif
| #include "opa_util.h" /* for OPA_ATTRIBUTE and friends */
| #include "primitives/opa_gcc_intel_32_64_p3.h"
| 
| int
| main ()
| {
| 
|     OPA_int_t a, b;
|     int c;
| 
|     OPA_store_int(&a, 0);
|     OPA_store_int(&b, 1);
|     c = OPA_load_int(&a);
| 
|     OPA_add_int(&a, 10);
|     OPA_incr_int(&a);
|     OPA_decr_int(&a);
| 
|     c = OPA_decr_and_test_int(&a);
|     c = OPA_fetch_and_add_int(&a, 10);
|     c = OPA_fetch_and_incr_int(&a);
|     c = OPA_fetch_and_decr_int(&a);
| 
|     c = OPA_cas_int(&a, 10, 11);
|     c = OPA_swap_int(&a, OPA_load_int(&b));
| 
|     OPA_write_barrier();
|     OPA_read_barrier();
|     OPA_read_write_barrier();
| 
|   ;
|   return 0;
| }
| 
configure:6034: result: no
configure:6052: checking for support for gcc ia64 primitives
configure:6115: gcc -o conftest  -O2 -I./src  -I/users/kenneth/info/mpich2/mpich2-1.1.1/src/openpa/src -I/users/kenneth/info/mpich2/mpich2-1.1.1/src/openpa/src -DUSE_PROCESS_LOCKS  -lpthread conftest.c -lpthread  >&5
/tmp/ccQwzc3f.s: Assembler messages:
/tmp/ccQwzc3f.s:92: Error: Operand 1 of `zxt4' should be a general register
/tmp/ccQwzc3f.s:92: Error: Operand 2 of `mov' should be an 8-bit integer (-128-127)
/tmp/ccQwzc3f.s:255: Error: Operand 1 of `zxt4' should be a general register
/tmp/ccQwzc3f.s:255: Error: Operand 2 of `mov' should be an 8-bit integer (-128-127)
configure:6122: $? = 1
configure: failed program was:
| /* confdefs.h.  */
| #define PACKAGE_NAME "OpenPA"
| #define PACKAGE_TARNAME "openpa"
| #define PACKAGE_VERSION "1.0.1"
| #define PACKAGE_STRING "OpenPA 1.0.1"
| #define PACKAGE_BUGREPORT "https://trac.mcs.anl.gov/projects/openpa/newticket"
| #define PACKAGE "openpa"
| #define VERSION "1.0.1"
| #define STDC_HEADERS 1
| #define HAVE_SYS_TYPES_H 1
| #define HAVE_SYS_STAT_H 1
| #define HAVE_STDLIB_H 1
| #define HAVE_STRING_H 1
| #define HAVE_MEMORY_H 1
| #define HAVE_STRINGS_H 1
| #define HAVE_INTTYPES_H 1
| #define HAVE_STDINT_H 1
| #define HAVE_UNISTD_H 1
| #define HAVE_PTHREAD_H 1
| #define HAVE_INTTYPES_H 1
| #define HAVE_STDINT_H 1
| #define restrict __restrict
| #define HAVE_LIBPTHREAD 1
| #define LIMIT_THREADS 1
| #define SIZEOF_VOID_P 8
| #define SIZEOF_INT 4
| #define HAVE_GCC_ATTRIBUTE 1
| /* end confdefs.h.  */
| 
| #define OPA_SIZEOF_INT SIZEOF_INT
| #define OPA_SIZEOF_VOID_P SIZEOF_VOID_P
| #ifndef _opa_inline
| #define _opa_inline inline
| #endif
| #ifndef _opa_restrict
| #define _opa_restrict restrict
| #endif
| #ifdef HAVE_GCC_ATTRIBUTE
| #define OPA_HAVE_GCC_ATTRIBUTE 1
| #endif
| #include "opa_util.h" /* for OPA_ATTRIBUTE and friends */
| #include "primitives/opa_gcc_ia64.h"
| 
| int
| main ()
| {
| 
|     OPA_int_t a, b;
|     int c;
| 
|     OPA_store_int(&a, 0);
|     OPA_store_int(&b, 1);
|     c = OPA_load_int(&a);
| 
|     OPA_add_int(&a, 10);
|     OPA_incr_int(&a);
|     OPA_decr_int(&a);
| 
|     c = OPA_decr_and_test_int(&a);
|     c = OPA_fetch_and_add_int(&a, 10);
|     c = OPA_fetch_and_incr_int(&a);
|     c = OPA_fetch_and_decr_int(&a);
| 
|     c = OPA_cas_int(&a, 10, 11);
|     c = OPA_swap_int(&a, OPA_load_int(&b));
| 
|     OPA_write_barrier();
|     OPA_read_barrier();
|     OPA_read_write_barrier();
| 
|   ;
|   return 0;
| }
| 
configure:6143: result: no
configure:6160: checking for support for gcc PowerPC atomics
configure:6223: gcc -o conftest  -O2 -I./src  -I/users/kenneth/info/mpich2/mpich2-1.1.1/src/openpa/src -I/users/kenneth/info/mpich2/mpich2-1.1.1/src/openpa/src -DUSE_PROCESS_LOCKS  -lpthread conftest.c -lpthread  >&5
In file included from conftest.c:42:
src/primitives/opa_gcc_ppc.h: In function `OPA_LL_ptr':
src/primitives/opa_gcc_ppc.h:80: duplicate case value
src/primitives/opa_gcc_ppc.h:80: previously used here
src/primitives/opa_gcc_ppc.h:82: warning: cast to pointer from integer of different size
src/primitives/opa_gcc_ppc.h: In function `OPA_SC_ptr':
src/primitives/opa_gcc_ppc.h:90: duplicate case value
src/primitives/opa_gcc_ppc.h:90: previously used here
src/primitives/opa_gcc_ppc.h:92: warning: cast from pointer to integer of different size
configure:6230: $? = 1
configure: failed program was:
| /* confdefs.h.  */
| #define PACKAGE_NAME "OpenPA"
| #define PACKAGE_TARNAME "openpa"
| #define PACKAGE_VERSION "1.0.1"
| #define PACKAGE_STRING "OpenPA 1.0.1"
| #define PACKAGE_BUGREPORT "https://trac.mcs.anl.gov/projects/openpa/newticket"
| #define PACKAGE "openpa"
| #define VERSION "1.0.1"
| #define STDC_HEADERS 1
| #define HAVE_SYS_TYPES_H 1
| #define HAVE_SYS_STAT_H 1
| #define HAVE_STDLIB_H 1
| #define HAVE_STRING_H 1
| #define HAVE_MEMORY_H 1
| #define HAVE_STRINGS_H 1
| #define HAVE_INTTYPES_H 1
| #define HAVE_STDINT_H 1
| #define HAVE_UNISTD_H 1
| #define HAVE_PTHREAD_H 1
| #define HAVE_INTTYPES_H 1
| #define HAVE_STDINT_H 1
| #define restrict __restrict
| #define HAVE_LIBPTHREAD 1
| #define LIMIT_THREADS 1
| #define SIZEOF_VOID_P 8
| #define SIZEOF_INT 4
| #define HAVE_GCC_ATTRIBUTE 1
| /* end confdefs.h.  */
| 
| #define OPA_SIZEOF_INT SIZEOF_INT
| #define OPA_SIZEOF_VOID_P SIZEOF_VOID_P
| #ifndef _opa_inline
| #define _opa_inline inline
| #endif
| #ifndef _opa_restrict
| #define _opa_restrict restrict
| #endif
| #ifdef HAVE_GCC_ATTRIBUTE
| #define OPA_HAVE_GCC_ATTRIBUTE 1
| #endif
| #include "opa_util.h" /* for OPA_ATTRIBUTE and friends */
| #include "primitives/opa_gcc_ppc.h"
| 
| int
| main ()
| {
| 
|     OPA_int_t a, b;
|     int c;
| 
|     OPA_store_int(&a, 0);
|     OPA_store_int(&b, 1);
|     c = OPA_load_int(&a);
| 
|     OPA_add_int(&a, 10);
|     OPA_incr_int(&a);
|     OPA_decr_int(&a);
| 
|     c = OPA_decr_and_test_int(&a);
|     c = OPA_fetch_and_add_int(&a, 10);
|     c = OPA_fetch_and_incr_int(&a);
|     c = OPA_fetch_and_decr_int(&a);
| 
|     c = OPA_cas_int(&a, 10, 11);
|     c = OPA_swap_int(&a, OPA_load_int(&b));
| 
|     OPA_write_barrier();
|     OPA_read_barrier();
|     OPA_read_write_barrier();
| 
|   ;
|   return 0;
| }
| 
configure:6251: result: no
configure:6268: checking for support for gcc SiCortex atomics
configure:6331: gcc -o conftest  -O2 -I./src  -I/users/kenneth/info/mpich2/mpich2-1.1.1/src/openpa/src -I/users/kenneth/info/mpich2/mpich2-1.1.1/src/openpa/src -DUSE_PROCESS_LOCKS  -lpthread conftest.c -lpthread  >&5
/tmp/cc84iYmk.s: Assembler messages:
/tmp/cc84iYmk.s:26: Error: expected comma after "mips3"
/tmp/cc84iYmk.s:27: Error: expected comma after "noreorder"
/tmp/cc84iYmk.s:28: Error: Unknown opcode `ll r18,[r12]#fetch_add_4'
/tmp/cc84iYmk.s:29: Error: Unknown opcode `addu r14,r18,r15'
/tmp/cc84iYmk.s:30: Error: Unknown opcode `sc r14,[r12]'
/tmp/cc84iYmk.s:31: Error: Unknown opcode `beqz r14,1b'
/tmp/cc84iYmk.s:32: Error: Operand 1 of `nop' should be a 21-bit unsigned
/tmp/cc84iYmk.s:33: Error: expected comma after "reorder"
/tmp/cc84iYmk.s:34: Error: expected comma after "mips0"
/tmp/cc84iYmk.s:39: Error: expected comma after "mips3"
/tmp/cc84iYmk.s:40: Error: expected comma after "noreorder"
/tmp/cc84iYmk.s:41: Error: Unknown opcode `ll r18,[r12]#fetch_add_4'
/tmp/cc84iYmk.s:42: Error: Unknown opcode `addu r14,r18,r16'
/tmp/cc84iYmk.s:43: Error: Unknown opcode `sc r14,[r12]'
/tmp/cc84iYmk.s:44: Error: Unknown opcode `beqz r14,1b'
/tmp/cc84iYmk.s:45: Error: Operand 1 of `nop' should be a 21-bit unsigned
/tmp/cc84iYmk.s:46: Error: expected comma after "reorder"
/tmp/cc84iYmk.s:47: Error: expected comma after "mips0"
/tmp/cc84iYmk.s:57: Error: expected comma after "mips3"
/tmp/cc84iYmk.s:58: Error: expected comma after "noreorder"
/tmp/cc84iYmk.s:59: Error: Unknown opcode `ll r19,[r12]#fetch_add_4'
/tmp/cc84iYmk.s:60: Error: Unknown opcode `addu r18,r19,r14'
/tmp/cc84iYmk.s:61: Error: Unknown opcode `sc r18,[r12]'
/tmp/cc84iYmk.s:62: Error: Unknown opcode `beqz r18,1b'
/tmp/cc84iYmk.s:63: Error: Operand 1 of `nop' should be a 21-bit unsigned
/tmp/cc84iYmk.s:64: Error: expected comma after "reorder"
/tmp/cc84iYmk.s:65: Error: expected comma after "mips0"
/tmp/cc84iYmk.s:70: Error: expected comma after "mips3"
/tmp/cc84iYmk.s:71: Error: expected comma after "noreorder"
/tmp/cc84iYmk.s:72: Error: Unknown opcode `ll r19,[r12]#fetch_add_4'
/tmp/cc84iYmk.s:73: Error: Unknown opcode `addu r18,r19,r14'
/tmp/cc84iYmk.s:74: Error: Unknown opcode `sc r18,[r12]'
/tmp/cc84iYmk.s:75: Error: Unknown opcode `beqz r18,1b'
/tmp/cc84iYmk.s:76: Error: Operand 1 of `nop' should be a 21-bit unsigned
/tmp/cc84iYmk.s:77: Error: expected comma after "reorder"
/tmp/cc84iYmk.s:78: Error: expected comma after "mips0"
/tmp/cc84iYmk.s:83: Error: expected comma after "mips3"
/tmp/cc84iYmk.s:84: Error: expected comma after "noreorder"
/tmp/cc84iYmk.s:85: Error: Unknown opcode `ll r19,[r12]#fetch_add_4'
/tmp/cc84iYmk.s:86: Error: Unknown opcode `addu r18,r19,r15'
/tmp/cc84iYmk.s:87: Error: Unknown opcode `sc r18,[r12]'
/tmp/cc84iYmk.s:88: Error: Unknown opcode `beqz r18,1b'
/tmp/cc84iYmk.s:89: Error: Operand 1 of `nop' should be a 21-bit unsigned
/tmp/cc84iYmk.s:90: Error: expected comma after "reorder"
/tmp/cc84iYmk.s:91: Error: expected comma after "mips0"
/tmp/cc84iYmk.s:96: Error: expected comma after "mips3"
/tmp/cc84iYmk.s:97: Error: expected comma after "noreorder"
/tmp/cc84iYmk.s:98: Error: Unknown opcode `ll r18,[r12]#fetch_add_4'
/tmp/cc84iYmk.s:99: Error: Unknown opcode `addu r19,r18,r16'
/tmp/cc84iYmk.s:100: Error: Unknown opcode `sc r19,[r12]'
/tmp/cc84iYmk.s:101: Error: Unknown opcode `beqz r19,1b'
/tmp/cc84iYmk.s:102: Error: Operand 1 of `nop' should be a 21-bit unsigned
/tmp/cc84iYmk.s:103: Error: expected comma after "reorder"
/tmp/cc84iYmk.s:104: Error: expected comma after "mips0"
/tmp/cc84iYmk.s:109: Error: expected comma after "mips3"
/tmp/cc84iYmk.s:110: Error: expected comma after "noreorder"
/tmp/cc84iYmk.s:111: Error: Unknown opcode `ll r16,[r12]#fetch_add_4'
/tmp/cc84iYmk.s:112: Error: Unknown opcode `addu r18,r16,r14'
/tmp/cc84iYmk.s:113: Error: Unknown opcode `sc r18,[r12]'
/tmp/cc84iYmk.s:114: Error: Unknown opcode `beqz r18,1b'
/tmp/cc84iYmk.s:115: Error: Operand 1 of `nop' should be a 21-bit unsigned
/tmp/cc84iYmk.s:116: Error: expected comma after "reorder"
/tmp/cc84iYmk.s:117: Error: expected comma after "mips0"
/tmp/cc84iYmk.s:126: Error: expected comma after "mips3"
/tmp/cc84iYmk.s:127: Error: expected comma after "noreorder"
/tmp/cc84iYmk.s:128: Error: Unknown opcode `ll r19,[r12]#cswap_4'
/tmp/cc84iYmk.s:129: Error: Unknown opcode `bne r19,r15,1f'
/tmp/cc84iYmk.s:130: Error: Unknown opcode `move r16,r14'
/tmp/cc84iYmk.s:131: Error: Unknown opcode `sc r16,[r12]'
/tmp/cc84iYmk.s:132: Error: Unknown opcode `beqz r16,1b'
/tmp/cc84iYmk.s:133: Error: Operand 1 of `nop' should be a 21-bit unsigned
/tmp/cc84iYmk.s:134: Error: expected comma after "reorder"
/tmp/cc84iYmk.s:136: Error: expected comma after "mips0"
/tmp/cc84iYmk.s:145: Error: expected comma after "mips3"
/tmp/cc84iYmk.s:146: Error: expected comma after "noreorder"
/tmp/cc84iYmk.s:147: Error: Unknown opcode `ll r15,[r12]#swap_4'
/tmp/cc84iYmk.s:148: Error: Unknown opcode `move r18,r14'
/tmp/cc84iYmk.s:149: Error: Unknown opcode `sc r18,[r12]'
/tmp/cc84iYmk.s:150: Error: Unknown opcode `beqz r18,1b'
/tmp/cc84iYmk.s:151: Error: Operand 1 of `nop' should be a 21-bit unsigned
/tmp/cc84iYmk.s:152: Error: expected comma after "reorder"
/tmp/cc84iYmk.s:153: Error: expected comma after "mips0"
/tmp/cc84iYmk.s:155: Error: Unknown opcode `sync'
/tmp/cc84iYmk.s:156: Error: Unknown opcode `sync'
/tmp/cc84iYmk.s:157: Error: Unknown opcode `sync'
configure:6338: $? = 1
configure: failed program was:
| /* confdefs.h.  */
| #define PACKAGE_NAME "OpenPA"
| #define PACKAGE_TARNAME "openpa"
| #define PACKAGE_VERSION "1.0.1"
| #define PACKAGE_STRING "OpenPA 1.0.1"
| #define PACKAGE_BUGREPORT "https://trac.mcs.anl.gov/projects/openpa/newticket"
| #define PACKAGE "openpa"
| #define VERSION "1.0.1"
| #define STDC_HEADERS 1
| #define HAVE_SYS_TYPES_H 1
| #define HAVE_SYS_STAT_H 1
| #define HAVE_STDLIB_H 1
| #define HAVE_STRING_H 1
| #define HAVE_MEMORY_H 1
| #define HAVE_STRINGS_H 1
| #define HAVE_INTTYPES_H 1
| #define HAVE_STDINT_H 1
| #define HAVE_UNISTD_H 1
| #define HAVE_PTHREAD_H 1
| #define HAVE_INTTYPES_H 1
| #define HAVE_STDINT_H 1
| #define restrict __restrict
| #define HAVE_LIBPTHREAD 1
| #define LIMIT_THREADS 1
| #define SIZEOF_VOID_P 8
| #define SIZEOF_INT 4
| #define HAVE_GCC_ATTRIBUTE 1
| /* end confdefs.h.  */
| 
| #define OPA_SIZEOF_INT SIZEOF_INT
| #define OPA_SIZEOF_VOID_P SIZEOF_VOID_P
| #ifndef _opa_inline
| #define _opa_inline inline
| #endif
| #ifndef _opa_restrict
| #define _opa_restrict restrict
| #endif
| #ifdef HAVE_GCC_ATTRIBUTE
| #define OPA_HAVE_GCC_ATTRIBUTE 1
| #endif
| #include "opa_util.h" /* for OPA_ATTRIBUTE and friends */
| #include "primitives/opa_gcc_sicortex.h"
| 
| int
| main ()
| {
| 
|     OPA_int_t a, b;
|     int c;
| 
|     OPA_store_int(&a, 0);
|     OPA_store_int(&b, 1);
|     c = OPA_load_int(&a);
| 
|     OPA_add_int(&a, 10);
|     OPA_incr_int(&a);
|     OPA_decr_int(&a);
| 
|     c = OPA_decr_and_test_int(&a);
|     c = OPA_fetch_and_add_int(&a, 10);
|     c = OPA_fetch_and_incr_int(&a);
|     c = OPA_fetch_and_decr_int(&a);
| 
|     c = OPA_cas_int(&a, 10, 11);
|     c = OPA_swap_int(&a, OPA_load_int(&b));
| 
|     OPA_write_barrier();
|     OPA_read_barrier();
|     OPA_read_write_barrier();
| 
|   ;
|   return 0;
| }
| 
configure:6359: result: no
configure:6378: checking for support for gcc atomic intrinsics
configure:6441: gcc -o conftest  -O2 -I./src  -I/users/kenneth/info/mpich2/mpich2-1.1.1/src/openpa/src -I/users/kenneth/info/mpich2/mpich2-1.1.1/src/openpa/src -DUSE_PROCESS_LOCKS  -lpthread conftest.c -lpthread  >&5
In file included from conftest.c:42:
src/primitives/opa_gcc_intrinsics.h: In function `OPA_cas_ptr':
src/primitives/opa_gcc_intrinsics.h:61: warning: return makes pointer from integer without a cast
/tmp/ccwPLAJR.o(.text+0x42): In function `main':
: undefined reference to `__sync_fetch_and_add'
/tmp/ccwPLAJR.o(.text+0x62): In function `main':
: undefined reference to `__sync_fetch_and_add'
/tmp/ccwPLAJR.o(.text+0x82): In function `main':
: undefined reference to `__sync_fetch_and_add'
/tmp/ccwPLAJR.o(.text+0xa2): In function `main':
: undefined reference to `__sync_sub_and_fetch'
/tmp/ccwPLAJR.o(.text+0xc2): In function `main':
: undefined reference to `__sync_fetch_and_add'
/tmp/ccwPLAJR.o(.text+0xe2): In function `main':
: undefined reference to `__sync_fetch_and_add'
/tmp/ccwPLAJR.o(.text+0x102): In function `main':
: undefined reference to `__sync_fetch_and_add'
/tmp/ccwPLAJR.o(.text+0x132): In function `main':
: undefined reference to `__sync_val_compare_and_swap'
/tmp/ccwPLAJR.o(.text+0x172): In function `main':
: undefined reference to `__sync_val_compare_and_swap'
collect2: ld returned 1 exit status
configure:6448: $? = 1
configure: failed program was:
| /* confdefs.h.  */
| #define PACKAGE_NAME "OpenPA"
| #define PACKAGE_TARNAME "openpa"
| #define PACKAGE_VERSION "1.0.1"
| #define PACKAGE_STRING "OpenPA 1.0.1"
| #define PACKAGE_BUGREPORT "https://trac.mcs.anl.gov/projects/openpa/newticket"
| #define PACKAGE "openpa"
| #define VERSION "1.0.1"
| #define STDC_HEADERS 1
| #define HAVE_SYS_TYPES_H 1
| #define HAVE_SYS_STAT_H 1
| #define HAVE_STDLIB_H 1
| #define HAVE_STRING_H 1
| #define HAVE_MEMORY_H 1
| #define HAVE_STRINGS_H 1
| #define HAVE_INTTYPES_H 1
| #define HAVE_STDINT_H 1
| #define HAVE_UNISTD_H 1
| #define HAVE_PTHREAD_H 1
| #define HAVE_INTTYPES_H 1
| #define HAVE_STDINT_H 1
| #define restrict __restrict
| #define HAVE_LIBPTHREAD 1
| #define LIMIT_THREADS 1
| #define SIZEOF_VOID_P 8
| #define SIZEOF_INT 4
| #define HAVE_GCC_ATTRIBUTE 1
| /* end confdefs.h.  */
| 
| #define OPA_SIZEOF_INT SIZEOF_INT
| #define OPA_SIZEOF_VOID_P SIZEOF_VOID_P
| #ifndef _opa_inline
| #define _opa_inline inline
| #endif
| #ifndef _opa_restrict
| #define _opa_restrict restrict
| #endif
| #ifdef HAVE_GCC_ATTRIBUTE
| #define OPA_HAVE_GCC_ATTRIBUTE 1
| #endif
| #include "opa_util.h" /* for OPA_ATTRIBUTE and friends */
| #include "primitives/opa_gcc_intrinsics.h"
| 
| int
| main ()
| {
| 
|     OPA_int_t a, b;
|     int c;
| 
|     OPA_store_int(&a, 0);
|     OPA_store_int(&b, 1);
|     c = OPA_load_int(&a);
| 
|     OPA_add_int(&a, 10);
|     OPA_incr_int(&a);
|     OPA_decr_int(&a);
| 
|     c = OPA_decr_and_test_int(&a);
|     c = OPA_fetch_and_add_int(&a, 10);
|     c = OPA_fetch_and_incr_int(&a);
|     c = OPA_fetch_and_decr_int(&a);
| 
|     c = OPA_cas_int(&a, 10, 11);
|     c = OPA_swap_int(&a, OPA_load_int(&b));
| 
|     OPA_write_barrier();
|     OPA_read_barrier();
|     OPA_read_write_barrier();
| 
|   ;
|   return 0;
| }
| 
configure:6469: result: no
configure:6486: checking for support for Windows NT atomic intrinsics
configure:6549: gcc -o conftest  -O2 -I./src  -I/users/kenneth/info/mpich2/mpich2-1.1.1/src/openpa/src -I/users/kenneth/info/mpich2/mpich2-1.1.1/src/openpa/src -DUSE_PROCESS_LOCKS  -lpthread conftest.c -lpthread  >&5
In file included from conftest.c:42:
src/primitives/opa_nt_intrinsics.h:11:20: windows.h: No such file or directory
src/primitives/opa_nt_intrinsics.h:12:19: intrin.h: No such file or directory
src/primitives/opa_nt_intrinsics.h:13:17: mpi.h: No such file or directory
In file included from conftest.c:42:
src/primitives/opa_nt_intrinsics.h: In function `OPA_cas_ptr':
src/primitives/opa_nt_intrinsics.h:73: `LONG_PTR' undeclared (first use in this function)
src/primitives/opa_nt_intrinsics.h:73: (Each undeclared identifier is reported only once
src/primitives/opa_nt_intrinsics.h:73: for each function it appears in.)
src/primitives/opa_nt_intrinsics.h:73: parse error before "_InterlockedCompareExchange64"
src/primitives/opa_nt_intrinsics.h:74: `INT64' undeclared (first use in this function)
src/primitives/opa_nt_intrinsics.h:74: parse error before "newv"
src/primitives/opa_nt_intrinsics.h: In function `OPA_swap_ptr':
src/primitives/opa_nt_intrinsics.h:87: warning: return makes pointer from integer without a cast
configure:6556: $? = 1
configure: failed program was:
| /* confdefs.h.  */
| #define PACKAGE_NAME "OpenPA"
| #define PACKAGE_TARNAME "openpa"
| #define PACKAGE_VERSION "1.0.1"
| #define PACKAGE_STRING "OpenPA 1.0.1"
| #define PACKAGE_BUGREPORT "https://trac.mcs.anl.gov/projects/openpa/newticket"
| #define PACKAGE "openpa"
| #define VERSION "1.0.1"
| #define STDC_HEADERS 1
| #define HAVE_SYS_TYPES_H 1
| #define HAVE_SYS_STAT_H 1
| #define HAVE_STDLIB_H 1
| #define HAVE_STRING_H 1
| #define HAVE_MEMORY_H 1
| #define HAVE_STRINGS_H 1
| #define HAVE_INTTYPES_H 1
| #define HAVE_STDINT_H 1
| #define HAVE_UNISTD_H 1
| #define HAVE_PTHREAD_H 1
| #define HAVE_INTTYPES_H 1
| #define HAVE_STDINT_H 1
| #define restrict __restrict
| #define HAVE_LIBPTHREAD 1
| #define LIMIT_THREADS 1
| #define SIZEOF_VOID_P 8
| #define SIZEOF_INT 4
| #define HAVE_GCC_ATTRIBUTE 1
| /* end confdefs.h.  */
| 
| #define OPA_SIZEOF_INT SIZEOF_INT
| #define OPA_SIZEOF_VOID_P SIZEOF_VOID_P
| #ifndef _opa_inline
| #define _opa_inline inline
| #endif
| #ifndef _opa_restrict
| #define _opa_restrict restrict
| #endif
| #ifdef HAVE_GCC_ATTRIBUTE
| #define OPA_HAVE_GCC_ATTRIBUTE 1
| #endif
| #include "opa_util.h" /* for OPA_ATTRIBUTE and friends */
| #include "primitives/opa_nt_intrinsics.h"
| 
| int
| main ()
| {
| 
|     OPA_int_t a, b;
|     int c;
| 
|     OPA_store_int(&a, 0);
|     OPA_store_int(&b, 1);
|     c = OPA_load_int(&a);
| 
|     OPA_add_int(&a, 10);
|     OPA_incr_int(&a);
|     OPA_decr_int(&a);
| 
|     c = OPA_decr_and_test_int(&a);
|     c = OPA_fetch_and_add_int(&a, 10);
|     c = OPA_fetch_and_incr_int(&a);
|     c = OPA_fetch_and_decr_int(&a);
| 
|     c = OPA_cas_int(&a, 10, 11);
|     c = OPA_swap_int(&a, OPA_load_int(&b));
| 
|     OPA_write_barrier();
|     OPA_read_barrier();
|     OPA_read_write_barrier();
| 
|   ;
|   return 0;
| }
| 
configure:6577: result: no
configure:6594: checking for support for Sun atomic operations library
configure:6657: gcc -o conftest  -O2 -I./src  -I/users/kenneth/info/mpich2/mpich2-1.1.1/src/openpa/src -I/users/kenneth/info/mpich2/mpich2-1.1.1/src/openpa/src -DUSE_PROCESS_LOCKS  -lpthread conftest.c -lpthread  >&5
In file included from conftest.c:42:
src/primitives/opa_sun_atomic_ops.h:11:20: atomic.h: No such file or directory
In file included from conftest.c:42:
src/primitives/opa_sun_atomic_ops.h:13: warning: no semicolon at end of struct or union
src/primitives/opa_sun_atomic_ops.h:13: parse error before "v"
src/primitives/opa_sun_atomic_ops.h:13: warning: data definition has no type or storage class
src/primitives/opa_sun_atomic_ops.h:16: parse error before '*' token
src/primitives/opa_sun_atomic_ops.h: In function `OPA_load_int':
src/primitives/opa_sun_atomic_ops.h:18: `ptr' undeclared (first use in this function)
src/primitives/opa_sun_atomic_ops.h:18: (Each undeclared identifier is reported only once
src/primitives/opa_sun_atomic_ops.h:18: for each function it appears in.)
src/primitives/opa_sun_atomic_ops.h: At top level:
src/primitives/opa_sun_atomic_ops.h:21: parse error before '*' token
src/primitives/opa_sun_atomic_ops.h: In function `OPA_store_int':
src/primitives/opa_sun_atomic_ops.h:23: `ptr' undeclared (first use in this function)
src/primitives/opa_sun_atomic_ops.h:23: `uint' undeclared (first use in this function)
src/primitives/opa_sun_atomic_ops.h:23: parse error before "val"
src/primitives/opa_sun_atomic_ops.h: At top level:
src/primitives/opa_sun_atomic_ops.h:37: parse error before '*' token
src/primitives/opa_sun_atomic_ops.h: In function `OPA_add_int':
src/primitives/opa_sun_atomic_ops.h:39: `ptr' undeclared (first use in this function)
src/primitives/opa_sun_atomic_ops.h:39: `val' undeclared (first use in this function)
src/primitives/opa_sun_atomic_ops.h: At top level:
src/primitives/opa_sun_atomic_ops.h:42: parse error before '*' token
src/primitives/opa_sun_atomic_ops.h: In function `OPA_incr_int':
src/primitives/opa_sun_atomic_ops.h:44: `ptr' undeclared (first use in this function)
src/primitives/opa_sun_atomic_ops.h: At top level:
src/primitives/opa_sun_atomic_ops.h:47: parse error before '*' token
src/primitives/opa_sun_atomic_ops.h: In function `OPA_decr_int':
src/primitives/opa_sun_atomic_ops.h:49: `ptr' undeclared (first use in this function)
src/primitives/opa_sun_atomic_ops.h: At top level:
src/primitives/opa_sun_atomic_ops.h:53: parse error before '*' token
src/primitives/opa_sun_atomic_ops.h: In function `OPA_decr_and_test_int':
src/primitives/opa_sun_atomic_ops.h:55: `ptr' undeclared (first use in this function)
src/primitives/opa_sun_atomic_ops.h: At top level:
src/primitives/opa_sun_atomic_ops.h:59: parse error before '*' token
src/primitives/opa_sun_atomic_ops.h: In function `OPA_fetch_and_add_int':
src/primitives/opa_sun_atomic_ops.h:61: `ptr' undeclared (first use in this function)
src/primitives/opa_sun_atomic_ops.h:61: `val' undeclared (first use in this function)
src/primitives/opa_sun_atomic_ops.h: At top level:
src/primitives/opa_sun_atomic_ops.h:64: parse error before '*' token
src/primitives/opa_sun_atomic_ops.h: In function `OPA_fetch_and_decr_int':
src/primitives/opa_sun_atomic_ops.h:66: `ptr' undeclared (first use in this function)
src/primitives/opa_sun_atomic_ops.h: At top level:
src/primitives/opa_sun_atomic_ops.h:69: parse error before '*' token
src/primitives/opa_sun_atomic_ops.h: In function `OPA_fetch_and_incr_int':
src/primitives/opa_sun_atomic_ops.h:71: `ptr' undeclared (first use in this function)
src/primitives/opa_sun_atomic_ops.h: In function `OPA_cas_ptr':
src/primitives/opa_sun_atomic_ops.h:77: warning: return makes pointer from integer without a cast
src/primitives/opa_sun_atomic_ops.h: At top level:
src/primitives/opa_sun_atomic_ops.h:80: parse error before '*' token
src/primitives/opa_sun_atomic_ops.h: In function `OPA_cas_int':
src/primitives/opa_sun_atomic_ops.h:82: `ptr' undeclared (first use in this function)
src/primitives/opa_sun_atomic_ops.h:82: `uint_t' undeclared (first use in this function)
src/primitives/opa_sun_atomic_ops.h:82: parse error before "oldv"
src/primitives/opa_sun_atomic_ops.h: In function `OPA_swap_ptr':
src/primitives/opa_sun_atomic_ops.h:88: warning: return makes pointer from integer without a cast
src/primitives/opa_sun_atomic_ops.h: At top level:
src/primitives/opa_sun_atomic_ops.h:91: parse error before '*' token
src/primitives/opa_sun_atomic_ops.h: In function `OPA_swap_int':
src/primitives/opa_sun_atomic_ops.h:93: `ptr' undeclared (first use in this function)
src/primitives/opa_sun_atomic_ops.h:93: `uint_t' undeclared (first use in this function)
src/primitives/opa_sun_atomic_ops.h:93: parse error before "val"
conftest.c: In function `main':
conftest.c:48: parse error before "a"
conftest.c:51: `a' undeclared (first use in this function)
conftest.c:52: `b' undeclared (first use in this function)
configure:6664: $? = 1
configure: failed program was:
| /* confdefs.h.  */
| #define PACKAGE_NAME "OpenPA"
| #define PACKAGE_TARNAME "openpa"
| #define PACKAGE_VERSION "1.0.1"
| #define PACKAGE_STRING "OpenPA 1.0.1"
| #define PACKAGE_BUGREPORT "https://trac.mcs.anl.gov/projects/openpa/newticket"
| #define PACKAGE "openpa"
| #define VERSION "1.0.1"
| #define STDC_HEADERS 1
| #define HAVE_SYS_TYPES_H 1
| #define HAVE_SYS_STAT_H 1
| #define HAVE_STDLIB_H 1
| #define HAVE_STRING_H 1
| #define HAVE_MEMORY_H 1
| #define HAVE_STRINGS_H 1
| #define HAVE_INTTYPES_H 1
| #define HAVE_STDINT_H 1
| #define HAVE_UNISTD_H 1
| #define HAVE_PTHREAD_H 1
| #define HAVE_INTTYPES_H 1
| #define HAVE_STDINT_H 1
| #define restrict __restrict
| #define HAVE_LIBPTHREAD 1
| #define LIMIT_THREADS 1
| #define SIZEOF_VOID_P 8
| #define SIZEOF_INT 4
| #define HAVE_GCC_ATTRIBUTE 1
| /* end confdefs.h.  */
| 
| #define OPA_SIZEOF_INT SIZEOF_INT
| #define OPA_SIZEOF_VOID_P SIZEOF_VOID_P
| #ifndef _opa_inline
| #define _opa_inline inline
| #endif
| #ifndef _opa_restrict
| #define _opa_restrict restrict
| #endif
| #ifdef HAVE_GCC_ATTRIBUTE
| #define OPA_HAVE_GCC_ATTRIBUTE 1
| #endif
| #include "opa_util.h" /* for OPA_ATTRIBUTE and friends */
| #include "primitives/opa_sun_atomic_ops.h"
| 
| int
| main ()
| {
| 
|     OPA_int_t a, b;
|     int c;
| 
|     OPA_store_int(&a, 0);
|     OPA_store_int(&b, 1);
|     c = OPA_load_int(&a);
| 
|     OPA_add_int(&a, 10);
|     OPA_incr_int(&a);
|     OPA_decr_int(&a);
| 
|     c = OPA_decr_and_test_int(&a);
|     c = OPA_fetch_and_add_int(&a, 10);
|     c = OPA_fetch_and_incr_int(&a);
|     c = OPA_fetch_and_decr_int(&a);
| 
|     c = OPA_cas_int(&a, 10, 11);
|     c = OPA_swap_int(&a, OPA_load_int(&b));
| 
|     OPA_write_barrier();
|     OPA_read_barrier();
|     OPA_read_write_barrier();
| 
|   ;
|   return 0;
| }
| 
configure:6685: result: no
configure:6734: WARNING:
===================================================
Using locks to implement atomic primitives.  This
will result in a substantial impact on performance.
Use this only for testing.
===================================================
configure:6874: creating ./config.status

## ---------------------- ##
## Running config.status. ##
## ---------------------- ##

This file was extended by OpenPA config.status 1.0.1, which was
generated by GNU Autoconf 2.63.  Invocation command line was

  CONFIG_FILES    = 
  CONFIG_HEADERS  = 
  CONFIG_LINKS    = 
  CONFIG_COMMANDS = 
  $ ./config.status 

on tg-login2

config.status:786: creating Makefile
config.status:786: creating src/Makefile
config.status:786: creating test/Makefile
config.status:786: creating src/config.h
config.status:1060: executing src/opa_config.h commands
config.status:1100: creating src/opa_config.h - prefix OPA for src/config.h defines
config.status:1060: executing depfiles commands

## ---------------- ##
## Cache variables. ##
## ---------------- ##

ac_cv_c_compiler_gnu=yes
ac_cv_c_inline=inline
ac_cv_c_restrict=__restrict
ac_cv_env_CC_set=set
ac_cv_env_CC_value=gcc
ac_cv_env_CFLAGS_set=set
ac_cv_env_CFLAGS_value=' -O2'
ac_cv_env_CPPFLAGS_set=set
ac_cv_env_CPPFLAGS_value=' -I/users/kenneth/info/mpich2/mpich2-1.1.1/src/openpa/src -I/users/kenneth/info/mpich2/mpich2-1.1.1/src/openpa/src -DUSE_PROCESS_LOCKS'
ac_cv_env_CPP_set=
ac_cv_env_CPP_value=
ac_cv_env_LDFLAGS_set=set
ac_cv_env_LDFLAGS_value=' -lpthread'
ac_cv_env_LIBS_set=set
ac_cv_env_LIBS_value=
ac_cv_env_build_alias_set=
ac_cv_env_build_alias_value=
ac_cv_env_host_alias_set=
ac_cv_env_host_alias_value=
ac_cv_env_target_alias_set=
ac_cv_env_target_alias_value=
ac_cv_header_atomic_h=no
ac_cv_header_intrin_h=no
ac_cv_header_inttypes_h=yes
ac_cv_header_memory_h=yes
ac_cv_header_pthread_h=yes
ac_cv_header_stdc=yes
ac_cv_header_stdint_h=yes
ac_cv_header_stdlib_h=yes
ac_cv_header_string_h=yes
ac_cv_header_strings_h=yes
ac_cv_header_sys_stat_h=yes
ac_cv_header_sys_types_h=yes
ac_cv_header_unistd_h=yes
ac_cv_lib_pthread_pthread_create=yes
ac_cv_objext=o
ac_cv_path_EGREP='/bin/grep -E'
ac_cv_path_GREP=/bin/grep
ac_cv_path_install='/usr/bin/install -c'
ac_cv_prog_AWK=gawk
ac_cv_prog_CPP='gcc -E'
ac_cv_prog_ac_ct_CC=gcc
ac_cv_prog_ac_ct_RANLIB=ranlib
ac_cv_prog_cc_c89=
ac_cv_prog_cc_g=yes
ac_cv_prog_make_make_set=yes
ac_cv_sizeof_int=4
ac_cv_sizeof_void_p=8
am_cv_CC_dependencies_compiler_type=gcc3
pac_cv_gnu_attr_format=yes
pac_cv_gnu_attr_pure=yes

## ----------------- ##
## Output variables. ##
## ----------------- ##

ACLOCAL='${SHELL} /users/kenneth/info/mpich2/mpich2-1.1.1/src/openpa/confdb/missing --run aclocal-1.11'
AMDEPBACKSLASH='\'
AMDEP_FALSE='#'
AMDEP_TRUE=''
AMTAR='${SHELL} /users/kenneth/info/mpich2/mpich2-1.1.1/src/openpa/confdb/missing --run tar'
AUTOCONF='${SHELL} /users/kenneth/info/mpich2/mpich2-1.1.1/src/openpa/confdb/missing --run autoconf'
AUTOHEADER='${SHELL} /users/kenneth/info/mpich2/mpich2-1.1.1/src/openpa/confdb/missing --run autoheader'
AUTOMAKE='${SHELL} /users/kenneth/info/mpich2/mpich2-1.1.1/src/openpa/confdb/missing --run automake-1.11'
AWK='gawk'
CC='gcc'
CCDEPMODE='depmode=gcc3'
CFLAGS=' -O2'
CPP='gcc -E'
CPPFLAGS=' -I/users/kenneth/info/mpich2/mpich2-1.1.1/src/openpa/src -I/users/kenneth/info/mpich2/mpich2-1.1.1/src/openpa/src -DUSE_PROCESS_LOCKS'
CYGPATH_W='echo'
DEFS='-DHAVE_CONFIG_H'
DEPDIR='.deps'
ECHO_C=''
ECHO_N='-n'
ECHO_T=''
EGREP='/bin/grep -E'
EXEEXT=''
GREP='/bin/grep'
INSTALL_DATA='${INSTALL} -m 644'
INSTALL_PROGRAM='${INSTALL}'
INSTALL_SCRIPT='${INSTALL}'
INSTALL_STRIP_PROGRAM='$(install_sh) -c -s'
LDFLAGS=' -lpthread'
LIBOBJS=''
LIBS='-lpthread '
LTLIBOBJS=''
MAKEINFO='${SHELL} /users/kenneth/info/mpich2/mpich2-1.1.1/src/openpa/confdb/missing --run makeinfo'
MKDIR_P='mkdir -p'
OBJEXT='o'
PACKAGE='openpa'
PACKAGE_BUGREPORT='https://trac.mcs.anl.gov/projects/openpa/newticket'
PACKAGE_NAME='OpenPA'
PACKAGE_STRING='OpenPA 1.0.1'
PACKAGE_TARNAME='openpa'
PACKAGE_VERSION='1.0.1'
PATH_SEPARATOR=':'
RANLIB='ranlib'
SET_MAKE=''
SHELL='/bin/sh'
STRIP=''
VERSION='1.0.1'
ac_ct_CC='gcc'
am__EXEEXT_FALSE=''
am__EXEEXT_TRUE='#'
am__fastdepCC_FALSE='#'
am__fastdepCC_TRUE=''
am__include='include'
am__isrc=''
am__leading_dot='.'
am__quote=''
am__tar='${AMTAR} chof - "$$tardir"'
am__untar='${AMTAR} xf -'
bindir='${exec_prefix}/bin'
build_alias=''
datadir='${datarootdir}'
datarootdir='${prefix}/share'
docdir='${datarootdir}/doc/${PACKAGE_TARNAME}'
dvidir='${docdir}'
exec_prefix='${prefix}'
host_alias=''
htmldir='${docdir}'
includedir='${prefix}/include'
infodir='${datarootdir}/info'
install_sh='${SHELL} /users/kenneth/info/mpich2/mpich2-1.1.1/src/openpa/confdb/install-sh'
libdir='${exec_prefix}/lib'
libexecdir='${exec_prefix}/libexec'
localedir='${datarootdir}/locale'
localstatedir='${prefix}/var'
mandir='${datarootdir}/man'
mkdir_p='mkdir -p'
oldincludedir='/usr/include'
pdfdir='${docdir}'
prefix='/users/kenneth/info/mpich2/install'
program_transform_name='s,x,x,'
psdir='${docdir}'
sbindir='${exec_prefix}/sbin'
sharedstatedir='${prefix}/com'
sysconfdir='${prefix}/etc'
target_alias=''

## ----------- ##
## confdefs.h. ##
## ----------- ##

#define PACKAGE_NAME "OpenPA"
#define PACKAGE_TARNAME "openpa"
#define PACKAGE_VERSION "1.0.1"
#define PACKAGE_STRING "OpenPA 1.0.1"
#define PACKAGE_BUGREPORT "https://trac.mcs.anl.gov/projects/openpa/newticket"
#define PACKAGE "openpa"
#define VERSION "1.0.1"
#define STDC_HEADERS 1
#define HAVE_SYS_TYPES_H 1
#define HAVE_SYS_STAT_H 1
#define HAVE_STDLIB_H 1
#define HAVE_STRING_H 1
#define HAVE_MEMORY_H 1
#define HAVE_STRINGS_H 1
#define HAVE_INTTYPES_H 1
#define HAVE_STDINT_H 1
#define HAVE_UNISTD_H 1
#define HAVE_PTHREAD_H 1
#define HAVE_INTTYPES_H 1
#define HAVE_STDINT_H 1
#define restrict __restrict
#define HAVE_LIBPTHREAD 1
#define LIMIT_THREADS 1
#define SIZEOF_VOID_P 8
#define SIZEOF_INT 4
#define HAVE_GCC_ATTRIBUTE 1
#define USE_LOCK_BASED_PRIMITIVES 1

configure: exit 0
