This file contains any messages produced by compilers while
running configure, to aid debugging if configure makes a mistake.

It was created by configure, which was
generated by GNU Autoconf 2.59.  Invocation command line was

  $ ./configure --enable-f90 --prefix=/home/you/mpich2-install

## --------- ##
## Platform. ##
## --------- ##

hostname = CDRHserver1.dese.fda.gov
uname -m = i686
uname -r = 2.6.18-92.1.10.el5xen
uname -s = Linux
uname -v = #1 SMP Tue Aug 5 08:46:32 EDT 2008

/usr/bin/uname -p = unknown
/bin/uname -X     = unknown

/bin/arch              = i686
/usr/bin/arch -k       = unknown
/usr/convex/getsysinfo = unknown
hostinfo               = unknown
/bin/machine           = unknown
/usr/bin/oslevel       = unknown
/bin/universe          = unknown

PATH: /opt/n1ge6/bin/lx24-x86
PATH: /opt/n1ge6/bin/lx24-x86
PATH: /opt/n1ge6/bin/lx24-x86
PATH: /usr/kerberos/sbin
PATH: /usr/kerberos/bin
PATH: /usr/local/sbin
PATH: /usr/local/bin
PATH: /sbin
PATH: /bin
PATH: /usr/sbin
PATH: /usr/bin
PATH: /usr/X11R6/bin
PATH: /opt/n1ge6/util
PATH: /opt/n1ge6/util
PATH: /etc/bin
PATH: /usr/share/fortran/irun/bin
PATH: /root/Desktop/mpich2-1.0.7/bin
PATH: /opt/n1ge6/util


## ----------- ##
## Core tests. ##
## ----------- ##

configure:3163: checking for gcc
configure:3179: found /usr/bin/gcc
configure:3189: result: gcc
configure:3433: checking for C compiler version
configure:3436: gcc --version </dev/null >&5
gcc (GCC) 4.1.2 20071124 (Red Hat 4.1.2-42)
Copyright (C) 2006 Free Software Foundation, Inc.
This is free software; see the source for copying conditions.  There is NO
warranty; not even for MERCHANTABILITY or FITNESS FOR A PARTICULAR PURPOSE.

configure:3439: $? = 0
configure:3441: gcc -v </dev/null >&5
Using built-in specs.
Target: i386-redhat-linux
Configured with: ../configure --prefix=/usr --mandir=/usr/share/man --infodir=/usr/share/info --enable-shared --enable-threads=posix --enable-checking=release --with-system-zlib --enable-__cxa_atexit --disable-libunwind-exceptions --enable-libgcj-multifile --enable-languages=c,c++,objc,obj-c++,java,fortran,ada --enable-java-awt=gtk --disable-dssi --enable-plugin --with-java-home=/usr/lib/jvm/java-1.4.2-gcj-1.4.2.0/jre --with-cpu=generic --host=i386-redhat-linux
Thread model: posix
gcc version 4.1.2 20071124 (Red Hat 4.1.2-42)
configure:3444: $? = 0
configure:3446: gcc -V </dev/null >&5
gcc: '-V' option must have argument
configure:3449: $? = 1
configure:3472: checking for C compiler default output file name
configure:3475: gcc    conftest.c  >&5
configure:3478: $? = 0
configure:3524: result: a.out
configure:3529: checking whether the C compiler works
configure:3535: ./a.out
configure:3538: $? = 0
configure:3555: result: yes
configure:3562: checking whether we are cross compiling
configure:3564: result: no
configure:3567: checking for suffix of executables
configure:3569: gcc -o conftest    conftest.c  >&5
configure:3572: $? = 0
configure:3597: result: 
configure:3603: checking for suffix of object files
configure:3624: gcc -c   conftest.c >&5
configure:3627: $? = 0
configure:3649: result: o
configure:3653: checking whether we are using the GNU C compiler
configure:3677: gcc -c   conftest.c >&5
configure:3683: $? = 0
configure:3686: test -z 			 || test ! -s conftest.err
configure:3689: $? = 0
configure:3692: test -s conftest.o
configure:3695: $? = 0
configure:3708: result: yes
configure:3714: checking whether gcc accepts -g
configure:3735: gcc -c -g  conftest.c >&5
configure:3741: $? = 0
configure:3744: test -z 			 || test ! -s conftest.err
configure:3747: $? = 0
configure:3750: test -s conftest.o
configure:3753: $? = 0
configure:3764: result: yes
configure:3781: checking for gcc option to accept ANSI C
configure:3851: gcc  -c -g -O2  conftest.c >&5
configure:3857: $? = 0
configure:3860: test -z 			 || test ! -s conftest.err
configure:3863: $? = 0
configure:3866: test -s conftest.o
configure:3869: $? = 0
configure:3887: result: none needed
configure:3905: gcc -c -g -O2  conftest.c >&5
conftest.c:2: error: expected '=', ',', ';', 'asm' or '__attribute__' before 'me'
configure:3911: $? = 1
configure: failed program was:
| #ifndef __cplusplus
|   choke me
| #endif
configure:4429: checking whether C compiler accepts option -O2
configure:4439: result: yes
configure:4441: checking whether routines compiled with -O2 can be linked with ones compiled without -O2
configure:4449: result: yes
configure:4668: checking for type of weak symbol support
configure:4697: gcc -o conftest  -O2   conftest.c  >&5
configure:4703: $? = 0
configure:4706: test -z 			 || test ! -s conftest.err
configure:4709: $? = 0
configure:4712: test -s conftest
configure:4715: $? = 0
configure:4893: result: pragma weak
configure:4920: checking whether __attribute__ ((weak)) allowed
configure:4942: gcc -c  -O2  conftest.c >&5
configure:4948: $? = 0
configure:4951: test -z 			 || test ! -s conftest.err
configure:4954: $? = 0
configure:4957: test -s conftest.o
configure:4960: $? = 0
configure:4971: result: yes
configure:4985: checking for multiple weak symbol support
configure:5022: result: yes
configure:5139: checking for g77
configure:5168: result: no
configure:5139: checking for f77
configure:5168: result: no
configure:5139: checking for xlf
configure:5168: result: no
configure:5139: checking for frt
configure:5168: result: no
configure:5139: checking for pgf77
configure:5168: result: no
configure:5139: checking for fort77
configure:5168: result: no
configure:5139: checking for fl32
configure:5168: result: no
configure:5139: checking for af77
configure:5168: result: no
configure:5139: checking for f90
configure:5155: found /usr/share/fortran/irun/bin/f90
configure:5165: result: f90
configure:5180: checking for Fortran 77 compiler version
configure:5183: f90 --version </dev/null >&5
GNU Fortran (GCC) 4.4.0 20080826 (experimental) [trunk revision 139587]
Copyright (C) 2008 Free Software Foundation, Inc.

GNU Fortran comes with NO WARRANTY, to the extent permitted by law.
You may redistribute copies of GNU Fortran
under the terms of the GNU General Public License.
For more information about these matters, see the file named COPYING

configure:5186: $? = 0
configure:5188: f90 -v </dev/null >&5
Using built-in specs.
Target: i586-pc-linux-gnu
Configured with: /home/fx/gfortran_nightbuild/trunk/configure --prefix=/home/fx/gfortran_nightbuild/irun-20080826 --enable-languages=c,fortran --build=i586-pc-linux-gnu --enable-checking=release --with-gmp=/home/fx/gfortran_nightbuild/software
Thread model: posix
gcc version 4.4.0 20080826 (experimental) [trunk revision 139587] (GCC) 
configure:5191: $? = 0
configure:5193: f90 -V </dev/null >&5
f90: '-V' option must have argument
configure:5196: $? = 1
configure:5204: checking whether we are using the GNU Fortran 77 compiler
configure:5218: f90 -c  conftest.F >&5
configure:5224: $? = 0
configure:5227: test -z 			 || test ! -s conftest.err
configure:5230: $? = 0
configure:5233: test -s conftest.o
configure:5236: $? = 0
configure:5249: result: yes
configure:5255: checking whether f90 accepts -g
configure:5267: f90 -c -g conftest.f >&5
configure:5273: $? = 0
configure:5276: test -z 			 || test ! -s conftest.err
configure:5279: $? = 0
configure:5282: test -s conftest.o
configure:5285: $? = 0
configure:5297: result: yes
configure:5571: checking whether Fortran 77 compiler accepts option -O2
configure:5587: f90  -o conftest conftest.f  >conftest.bas 2>&1
configure:5590: $? = 0
configure:5592: f90 -O2  -o conftest conftest.f  >conftest.out 2>&1
configure:5595: $? = 0
configure:5598: result: yes
configure:5600: checking whether routines compiled with -O2 can be linked with ones compiled without -O2
configure:5606: f90 -c  conftest2.f >conftest2.out 2>&1
configure:5609: $? = 0
configure:5611: f90 -O2  -o conftest conftest2.o conftest.f  >conftest.bas 2>&1
configure:5614: $? = 0
configure:5653: result: yes
configure:5837: checking how to get verbose linking output from f90
configure:5848: f90 -c  -O2 conftest.f >&5
configure:5854: $? = 0
configure:5857: test -z 			 || test ! -s conftest.err
configure:5860: $? = 0
configure:5863: test -s conftest.o
configure:5866: $? = 0
configure:5883: f90 -o conftest  -O2 -v  conftest.f  >&5
Using built-in specs.
Target: i586-pc-linux-gnu
Configured with: /home/fx/gfortran_nightbuild/trunk/configure --prefix=/home/fx/gfortran_nightbuild/irun-20080826 --enable-languages=c,fortran --build=i586-pc-linux-gnu --enable-checking=release --with-gmp=/home/fx/gfortran_nightbuild/software
Thread model: posix
gcc version 4.4.0 20080826 (experimental) [trunk revision 139587] (GCC) 
COLLECT_GCC_OPTIONS='-o' 'conftest' '-O2' '-v' '-shared-libgcc' '-mtune=pentium'
 /usr/share/fortran/irun/bin/../libexec/gcc/i586-pc-linux-gnu/4.4.0/f951 conftest.f -ffixed-form -quiet -dumpbase conftest.f -mtune=pentium -auxbase conftest -O2 -version -fintrinsic-modules-path /usr/share/fortran/irun/bin/../lib/gcc/i586-pc-linux-gnu/4.4.0/finclude -o /tmp/ccxX57LJ.s
GNU Fortran (GCC) version 4.4.0 20080826 (experimental) [trunk revision 139587] (i586-pc-linux-gnu)
	compiled by GNU C version 4.4.0 20080826 (experimental) [trunk revision 139587], GMP version 4.2.2, MPFR version 2.3.1.
GGC heuristics: --param ggc-min-expand=100 --param ggc-min-heapsize=131072
COLLECT_GCC_OPTIONS='-o' 'conftest' '-O2' '-v' '-shared-libgcc' '-mtune=pentium'
 as -V -Qy -o /tmp/cccsHaUj.o /tmp/ccxX57LJ.s
GNU assembler version 2.17.50.0.6-6.el5 (i386-redhat-linux) using BFD version 2.17.50.0.6-6.el5 20061020
COMPILER_PATH=/usr/share/fortran/irun/bin/../libexec/gcc/i586-pc-linux-gnu/4.4.0/:/usr/share/fortran/irun/bin/../libexec/gcc/
LIBRARY_PATH=/usr/share/fortran/irun/bin/../lib/gcc/i586-pc-linux-gnu/4.4.0/:/usr/share/fortran/irun/bin/../lib/gcc/:/usr/share/fortran/irun/bin/../lib/gcc/i586-pc-linux-gnu/4.4.0/../../../:/lib/:/usr/lib/
COLLECT_GCC_OPTIONS='-o' 'conftest' '-O2' '-v' '-shared-libgcc' '-mtune=pentium'
 /usr/share/fortran/irun/bin/../libexec/gcc/i586-pc-linux-gnu/4.4.0/collect2 --eh-frame-hdr -m elf_i386 -dynamic-linker /lib/ld-linux.so.2 -o conftest /usr/lib/crt1.o /usr/lib/crti.o /usr/share/fortran/irun/bin/../lib/gcc/i586-pc-linux-gnu/4.4.0/crtbegin.o -L/usr/share/fortran/irun/bin/../lib/gcc/i586-pc-linux-gnu/4.4.0 -L/usr/share/fortran/irun/bin/../lib/gcc -L/usr/share/fortran/irun/bin/../lib/gcc/i586-pc-linux-gnu/4.4.0/../../.. /tmp/cccsHaUj.o -lgfortranbegin -lgfortran -lm -lgcc_s -lgcc -lc -lgcc_s -lgcc /usr/share/fortran/irun/bin/../lib/gcc/i586-pc-linux-gnu/4.4.0/crtend.o /usr/lib/crtn.o
configure:5938: result: -v
configure:5940: checking for Fortran libraries of f90
configure:5961: f90 -o conftest  -O2 -v  conftest.f  >&5
Using built-in specs.
Target: i586-pc-linux-gnu
Configured with: /home/fx/gfortran_nightbuild/trunk/configure --prefix=/home/fx/gfortran_nightbuild/irun-20080826 --enable-languages=c,fortran --build=i586-pc-linux-gnu --enable-checking=release --with-gmp=/home/fx/gfortran_nightbuild/software
Thread model: posix
gcc version 4.4.0 20080826 (experimental) [trunk revision 139587] (GCC) 
COLLECT_GCC_OPTIONS='-o' 'conftest' '-O2' '-v' '-shared-libgcc' '-mtune=pentium'
 /usr/share/fortran/irun/bin/../libexec/gcc/i586-pc-linux-gnu/4.4.0/f951 conftest.f -ffixed-form -quiet -dumpbase conftest.f -mtune=pentium -auxbase conftest -O2 -version -fintrinsic-modules-path /usr/share/fortran/irun/bin/../lib/gcc/i586-pc-linux-gnu/4.4.0/finclude -o /tmp/ccvcItMO.s
GNU Fortran (GCC) version 4.4.0 20080826 (experimental) [trunk revision 139587] (i586-pc-linux-gnu)
	compiled by GNU C version 4.4.0 20080826 (experimental) [trunk revision 139587], GMP version 4.2.2, MPFR version 2.3.1.
GGC heuristics: --param ggc-min-expand=100 --param ggc-min-heapsize=131072
COLLECT_GCC_OPTIONS='-o' 'conftest' '-O2' '-v' '-shared-libgcc' '-mtune=pentium'
 as -V -Qy -o /tmp/ccaLT7hw.o /tmp/ccvcItMO.s
GNU assembler version 2.17.50.0.6-6.el5 (i386-redhat-linux) using BFD version 2.17.50.0.6-6.el5 20061020
COMPILER_PATH=/usr/share/fortran/irun/bin/../libexec/gcc/i586-pc-linux-gnu/4.4.0/:/usr/share/fortran/irun/bin/../libexec/gcc/
LIBRARY_PATH=/usr/share/fortran/irun/bin/../lib/gcc/i586-pc-linux-gnu/4.4.0/:/usr/share/fortran/irun/bin/../lib/gcc/:/usr/share/fortran/irun/bin/../lib/gcc/i586-pc-linux-gnu/4.4.0/../../../:/lib/:/usr/lib/
COLLECT_GCC_OPTIONS='-o' 'conftest' '-O2' '-v' '-shared-libgcc' '-mtune=pentium'
 /usr/share/fortran/irun/bin/../libexec/gcc/i586-pc-linux-gnu/4.4.0/collect2 --eh-frame-hdr -m elf_i386 -dynamic-linker /lib/ld-linux.so.2 -o conftest /usr/lib/crt1.o /usr/lib/crti.o /usr/share/fortran/irun/bin/../lib/gcc/i586-pc-linux-gnu/4.4.0/crtbegin.o -L/usr/share/fortran/irun/bin/../lib/gcc/i586-pc-linux-gnu/4.4.0 -L/usr/share/fortran/irun/bin/../lib/gcc -L/usr/share/fortran/irun/bin/../lib/gcc/i586-pc-linux-gnu/4.4.0/../../.. /tmp/ccaLT7hw.o -lgfortranbegin -lgfortran -lm -lgcc_s -lgcc -lc -lgcc_s -lgcc /usr/share/fortran/irun/bin/../lib/gcc/i586-pc-linux-gnu/4.4.0/crtend.o /usr/lib/crtn.o
configure:6122: result:  -L/usr/share/fortran/irun/bin/../lib/gcc/i586-pc-linux-gnu/4.4.0 -L/usr/share/fortran/irun/bin/../lib/gcc -L/usr/share/fortran/irun/bin/../lib/gcc/i586-pc-linux-gnu/4.4.0/../../.. -lgfortranbegin -lgfortran -lm -lgcc_s
configure:6138: checking whether f90 accepts the FLIBS found by autoconf
configure:6151: f90 -o conftest  -O2  conftest.f  >&5
configure:6154: $? = 0
configure:6162: result: yes
configure:6198: checking whether C can link with  -L/usr/share/fortran/irun/bin/../lib/gcc/i586-pc-linux-gnu/4.4.0 -L/usr/share/fortran/irun/bin/../lib/gcc -L/usr/share/fortran/irun/bin/../lib/gcc/i586-pc-linux-gnu/4.4.0/../../.. -lgfortranbegin -lgfortran -lm -lgcc_s
configure:6219: gcc -o conftest  -O2   conftest.c   -L/usr/share/fortran/irun/bin/../lib/gcc/i586-pc-linux-gnu/4.4.0 -L/usr/share/fortran/irun/bin/../lib/gcc -L/usr/share/fortran/irun/bin/../lib/gcc/i586-pc-linux-gnu/4.4.0/../../.. -lgfortranbegin -lgfortran -lm -lgcc_s >&5
configure:6225: $? = 0
configure:6228: test -z 			 || test ! -s conftest.err
configure:6231: $? = 0
configure:6234: test -s conftest
configure:6237: $? = 0
configure:6249: result: yes
configure:6347: gcc -c  -O2  conftest.c >&5
configure:6353: $? = 0
configure:6356: test -z 			 || test ! -s conftest.err
configure:6359: $? = 0
configure:6362: test -s conftest.o
configure:6365: $? = 0
configure:6378: checking for linker for Fortran main programs
configure:6388: gcc -c  -O2  conftest.c >&5
configure:6391: $? = 0
configure:6410: f90 -c  -O2 conftest.f >&5
configure:6413: $? = 0
configure:6421: result: Use Fortran to link programs
configure:6446: checking for Fortran 77 name mangling
configure:6471: f90 -c  -O2 conftest.f 1>&5
configure:6474: $? = 0
configure:6508: gcc -o conftest  -O2   conftest.c fconftestf.o  -L/usr/share/fortran/irun/bin/../lib/gcc/i586-pc-linux-gnu/4.4.0 -L/usr/share/fortran/irun/bin/../lib/gcc -L/usr/share/fortran/irun/bin/../lib/gcc/i586-pc-linux-gnu/4.4.0/../../.. -lgfortranbegin -lgfortran -lm -lgcc_s  >&5
/tmp/cckOe0Ob.o: In function `main':
conftest.c:(.text+0x12): undefined reference to `my_name'
collect2: ld returned 1 exit status
configure:6514: $? = 1
configure: failed program was:
| /* confdefs.h.  */
| 
| #define PACKAGE_NAME ""
| #define PACKAGE_TARNAME ""
| #define PACKAGE_VERSION ""
| #define PACKAGE_STRING ""
| #define PACKAGE_BUGREPORT ""
| #define HAVE_ERROR_CHECKING MPID_ERROR_LEVEL_ALL
| #define MPICH_ERROR_MSG_LEVEL MPICH_ERROR_MSG_ALL
| #define USE_LOGGING MPID_LOGGING_NONE
| #define HAVE_RUNTIME_THREADCHECK 1
| #define MPICH_THREAD_LEVEL MPI_THREAD_MULTIPLE
| #define USE_THREAD_IMPL MPICH_THREAD_IMPL_GLOBAL_MUTEX
| #define HAVE_ROMIO 1
| #define HAVE_PRAGMA_WEAK 1
| #define USE_WEAK_SYMBOLS 1
| #define HAVE_MULTIPLE_PRAGMA_WEAK 1
| #define HAVE_LONG_LONG 1
| /* end confdefs.h.  */
| 
| int
| main ()
| {
| my_name();
|   ;
|   return 0;
| }
configure:6553: gcc -o conftest  -O2   conftest.c fconftestf.o  -L/usr/share/fortran/irun/bin/../lib/gcc/i586-pc-linux-gnu/4.4.0 -L/usr/share/fortran/irun/bin/../lib/gcc -L/usr/share/fortran/irun/bin/../lib/gcc/i586-pc-linux-gnu/4.4.0/../../.. -lgfortranbegin -lgfortran -lm -lgcc_s  >&5
configure:6559: $? = 0
configure:6562: test -z 			 || test ! -s conftest.err
configure:6565: $? = 0
configure:6568: test -s conftest
configure:6571: $? = 0
configure:7196: result: lower underscore
configure:7289: checking what libraries are needed to link Fortran programs with C routines that use stdio
configure:7308: gcc -c  -O2 conftestc.c 1>&5
configure:7311: $? = 0
configure:7320: f90  -O2 -o conftest conftest.f conftestc.o 1>&5
configure:7323: $? = 0
configure:7346: result: none
configure:8150: checking whether Fortran accepts ! for comments
configure:8169: f90 -c  -O2 conftest.f >&5
configure:8175: $? = 0
configure:8178: test -z 			 || test ! -s conftest.err
configure:8181: $? = 0
configure:8184: test -s conftest.o
configure:8187: $? = 0
configure:8204: result: yes
configure:8214: checking for include directory flag for Fortran
configure:8234: f90 -c  -O2 -Isrc conftest.f 1>&5
configure:8237: $? = 0
configure:8247: result: -I
configure:8265: checking for Fortran 77 flag for library directories
configure:8283: f90 -c  -O2 conftest1.f 1>&5
configure:8286: $? = 0
configure:8294: ar cr conftest2/libconftest.a conftest1.o
configure:8297: $? = 0
configure:8300: ranlib conftest2/libconftest.a
configure:8303: $? = 0
configure:8307: f90 -o conftest  -O2 -Lconftest2 conftest.f -lconftest  1>&5
configure:8310: $? = 0
configure:8324: result: -L
configure:8396: checking for which Fortran libraries are needed to link C with Fortran
configure:8407: f90 -c  -O2 conftest.f 1>&5
configure:8410: $? = 0
configure:8446: gcc -o conftest  -O2   conftest.c mconftestf.o  >&5
configure:8452: $? = 0
configure:8455: test -z 			 || test ! -s conftest.err
configure:8458: $? = 0
configure:8461: test -s conftest
configure:8464: $? = 0
configure:8617: result: none
configure:8707: checking whether Fortran compiler processes .F files with C preprocessor
configure:8718: f90 -c  -O2  conftest.F 1>&5
configure:8721: $? = 0
configure:8743: result: yes
configure:8848: checking for f90
configure:8864: found /usr/share/fortran/irun/bin/f90
configure:8874: result: f90
configure:8889: checking that f works as the extension for Fortran 90 program
configure:8895: f90 -c  conftest.f >&5
configure:8898: $? = 0
configure:8900: result: yes
configure:8948: checking for Fortran 90 compiler version
configure:8951: f90 --version </dev/null >&5
GNU Fortran (GCC) 4.4.0 20080826 (experimental) [trunk revision 139587]
Copyright (C) 2008 Free Software Foundation, Inc.

GNU Fortran comes with NO WARRANTY, to the extent permitted by law.
You may redistribute copies of GNU Fortran
under the terms of the GNU General Public License.
For more information about these matters, see the file named COPYING

configure:8954: $? = 0
configure:8956: f90 -v </dev/null >&5
Using built-in specs.
Target: i586-pc-linux-gnu
Configured with: /home/fx/gfortran_nightbuild/trunk/configure --prefix=/home/fx/gfortran_nightbuild/irun-20080826 --enable-languages=c,fortran --build=i586-pc-linux-gnu --enable-checking=release --with-gmp=/home/fx/gfortran_nightbuild/software
Thread model: posix
gcc version 4.4.0 20080826 (experimental) [trunk revision 139587] (GCC) 
configure:8959: $? = 0
configure:8961: f90 -V </dev/null >&5
f90: '-V' option must have argument
configure:8964: $? = 1
configure:8972: checking whether we are using the GNU Fortran 90 compiler
configure:8986: f90 -c  conftest.F >&5
configure:8992: $? = 0
configure:8995: test -z 			 || test ! -s conftest.err
configure:8998: $? = 0
configure:9001: test -s conftest.o
configure:9004: $? = 0
configure:9017: result: yes
configure:9024: checking whether f90 accepts -g
configure:9036: f90 -c -g conftest.f >&5
configure:9042: $? = 0
configure:9045: test -z 			 || test ! -s conftest.err
configure:9048: $? = 0
configure:9051: test -s conftest.o
configure:9054: $? = 0
configure:9066: result: yes
configure:9089: checking for extension for Fortran 90 programs
configure:9097: f90 -c -g -O2 conftest.f90 1>&5
configure:9100: $? = 0
configure:9102: result: f90
configure:9123: checking whether the Fortran 90 compiler (f90 -g -O2 ) works
configure:9141: f90 -o conftest -g -O2  conftest.f90  1>&5
configure:9144: $? = 0
configure:9165: result: yes
configure:9171: checking whether the Fortran 90 compiler (f90 -g -O2 ) is a cross-compiler
configure:9173: result: yes
configure:9202: checking for Fortran 90 module extension
configure:9221: f90 -c  conftest.f >&5
configure:9224: $? = 0
configure:9276: result: mod
configure:9286: checking for Fortran 90 module include flag
configure:9311: f90 -c  conftest.f >&5
configure:9314: $? = 0
configure:9389: result: -I
configure:9427: checking whether Fortran 90 accepts f90 suffix
configure:9446: f90 -c  conftest.f90 >&5
configure:9452: $? = 0
configure:9455: test -z 			 || test ! -s conftest.err
configure:9458: $? = 0
configure:9461: test -s conftest.o
configure:9464: $? = 0
configure:9481: result: yes
configure:9496: checking whether Fortran 90 compiler accepts option -O2
configure:9512: f90  -o conftest conftest.f90  >conftest.bas 2>&1
configure:9515: $? = 0
configure:9517: f90 -O2  -o conftest conftest.f90  >conftest.out 2>&1
configure:9520: $? = 0
configure:9523: result: yes
configure:9525: checking whether routines compiled with -O2 can be linked with ones compiled without -O2
configure:9531: f90 -c  conftest2.f90 >conftest2.out 2>&1
configure:9534: $? = 0
configure:9536: f90 -O2  -o conftest conftest2.o conftest.f90  >conftest.bas 2>&1
configure:9539: $? = 0
configure:9578: result: yes
configure:9756: checking whether Fortran 90 compiler processes .F90 files with C preprocessor
configure:9767: f90 -c  -O2  conftest.F90 1>&5
configure:9770: $? = 0
configure:9792: result: yes
configure:9822: checking what libraries are needed to link Fortran90 programs with C routines that use stdio
configure:9842: gcc -c  -O2 conftestc.c 1>&5
configure:9845: $? = 0
configure:9854: f90  -O2 -o conftest conftest.f90 conftestc.o 1>&5
configure:9857: $? = 0
configure:9880: result: none
configure:9900: checking for f90 compiler vendor
configure:9940: result: gnu
configure:10012: checking for c++
configure:10028: found /usr/bin/c++
configure:10038: result: c++
configure:10156: checking for C++ compiler version
configure:10159: c++ --version </dev/null >&5
c++ (GCC) 4.1.2 20071124 (Red Hat 4.1.2-42)
Copyright (C) 2006 Free Software Foundation, Inc.
This is free software; see the source for copying conditions.  There is NO
warranty; not even for MERCHANTABILITY or FITNESS FOR A PARTICULAR PURPOSE.

configure:10162: $? = 0
configure:10164: c++ -v </dev/null >&5
Using built-in specs.
Target: i386-redhat-linux
Configured with: ../configure --prefix=/usr --mandir=/usr/share/man --infodir=/usr/share/info --enable-shared --enable-threads=posix --enable-checking=release --with-system-zlib --enable-__cxa_atexit --disable-libunwind-exceptions --enable-libgcj-multifile --enable-languages=c,c++,objc,obj-c++,java,fortran,ada --enable-java-awt=gtk --disable-dssi --enable-plugin --with-java-home=/usr/lib/jvm/java-1.4.2-gcj-1.4.2.0/jre --with-cpu=generic --host=i386-redhat-linux
Thread model: posix
gcc version 4.1.2 20071124 (Red Hat 4.1.2-42)
configure:10167: $? = 0
configure:10169: c++ -V </dev/null >&5
c++: '-V' option must have argument
configure:10172: $? = 1
configure:10175: checking whether we are using the GNU C++ compiler
configure:10199: c++ -c   conftest.cc >&5
configure:10205: $? = 0
configure:10208: test -z 			 || test ! -s conftest.err
configure:10211: $? = 0
configure:10214: test -s conftest.o
configure:10217: $? = 0
configure:10230: result: yes
configure:10236: checking whether c++ accepts -g
configure:10257: c++ -c -g  conftest.cc >&5
configure:10263: $? = 0
configure:10266: test -z 			 || test ! -s conftest.err
configure:10269: $? = 0
configure:10272: test -s conftest.o
configure:10275: $? = 0
configure:10286: result: yes
configure:10328: c++ -c -g -O2  conftest.cc >&5
configure:10334: $? = 0
configure:10337: test -z 			 || test ! -s conftest.err
configure:10340: $? = 0
configure:10343: test -s conftest.o
configure:10346: $? = 0
configure:10372: c++ -c -g -O2  conftest.cc >&5
conftest.cc: In function 'int main()':
conftest.cc:27: error: 'exit' was not declared in this scope
configure:10378: $? = 1
configure: failed program was:
| /* confdefs.h.  */
| 
| #define PACKAGE_NAME ""
| #define PACKAGE_TARNAME ""
| #define PACKAGE_VERSION ""
| #define PACKAGE_STRING ""
| #define PACKAGE_BUGREPORT ""
| #define HAVE_ERROR_CHECKING MPID_ERROR_LEVEL_ALL
| #define MPICH_ERROR_MSG_LEVEL MPICH_ERROR_MSG_ALL
| #define USE_LOGGING MPID_LOGGING_NONE
| #define HAVE_RUNTIME_THREADCHECK 1
| #define MPICH_THREAD_LEVEL MPI_THREAD_MULTIPLE
| #define USE_THREAD_IMPL MPICH_THREAD_IMPL_GLOBAL_MUTEX
| #define HAVE_ROMIO 1
| #define HAVE_PRAGMA_WEAK 1
| #define USE_WEAK_SYMBOLS 1
| #define HAVE_MULTIPLE_PRAGMA_WEAK 1
| #define HAVE_LONG_LONG 1
| #define F77_NAME_LOWER_USCORE 1
| #define STDCALL 
| #define HAVE_FORTRAN_BINDING 1
| /* end confdefs.h.  */
| 
| int
| main ()
| {
| exit (42);
|   ;
|   return 0;
| }
configure:10328: c++ -c -g -O2  conftest.cc >&5
configure:10334: $? = 0
configure:10337: test -z 			 || test ! -s conftest.err
configure:10340: $? = 0
configure:10343: test -s conftest.o
configure:10346: $? = 0
configure:10372: c++ -c -g -O2  conftest.cc >&5
configure:10378: $? = 0
configure:10381: test -z 			 || test ! -s conftest.err
configure:10384: $? = 0
configure:10387: test -s conftest.o
configure:10390: $? = 0
configure:10434: checking whether the C++ compiler c++ can build an executable
configure:10470: c++ -o conftest    conftest.cc  >&5
configure:10476: $? = 0
configure:10479: test -z 			 || test ! -s conftest.err
configure:10482: $? = 0
configure:10485: test -s conftest
configure:10488: $? = 0
configure:10506: result: yes
configure:10520: checking whether the compiler supports exceptions
configure:10549: c++ -c   conftest.cc >&5
configure:10555: $? = 0
configure:10558: test -z 			 || test ! -s conftest.err
configure:10561: $? = 0
configure:10564: test -s conftest.o
configure:10567: $? = 0
configure:10585: result: yes
configure:10595: checking whether the compiler recognizes bool as a built-in type
configure:10628: c++ -c   conftest.cc >&5
configure:10634: $? = 0
configure:10637: test -z 			 || test ! -s conftest.err
configure:10640: $? = 0
configure:10643: test -s conftest.o
configure:10646: $? = 0
configure:10664: result: yes
configure:10674: checking whether the compiler implements namespaces
configure:10703: c++ -c   conftest.cc >&5
configure:10709: $? = 0
configure:10712: test -z 			 || test ! -s conftest.err
configure:10715: $? = 0
configure:10718: test -s conftest.o
configure:10721: $? = 0
configure:10739: result: yes
configure:10760: checking whether <iostream> available
configure:10784: c++ -c   conftest.cc >&5
configure:10790: $? = 0
configure:10793: test -z 			 || test ! -s conftest.err
configure:10796: $? = 0
configure:10799: test -s conftest.o
configure:10802: $? = 0
configure:10813: result: yes
configure:10819: checking whether the compiler implements the namespace std
configure:10852: c++ -c   conftest.cc >&5
configure:10858: $? = 0
configure:10861: test -z 			 || test ! -s conftest.err
configure:10864: $? = 0
configure:10867: test -s conftest.o
configure:10870: $? = 0
configure:10889: result: yes
configure:10903: checking whether <math> available
configure:10927: c++ -c   conftest.cc >&5
conftest.cc:30:16: error: math: No such file or directory
configure:10933: $? = 1
configure: failed program was:
| /* confdefs.h.  */
| 
| #define PACKAGE_NAME ""
| #define PACKAGE_TARNAME ""
| #define PACKAGE_VERSION ""
| #define PACKAGE_STRING ""
| #define PACKAGE_BUGREPORT ""
| #define HAVE_ERROR_CHECKING MPID_ERROR_LEVEL_ALL
| #define MPICH_ERROR_MSG_LEVEL MPICH_ERROR_MSG_ALL
| #define USE_LOGGING MPID_LOGGING_NONE
| #define HAVE_RUNTIME_THREADCHECK 1
| #define MPICH_THREAD_LEVEL MPI_THREAD_MULTIPLE
| #define USE_THREAD_IMPL MPICH_THREAD_IMPL_GLOBAL_MUTEX
| #define HAVE_ROMIO 1
| #define HAVE_PRAGMA_WEAK 1
| #define USE_WEAK_SYMBOLS 1
| #define HAVE_MULTIPLE_PRAGMA_WEAK 1
| #define HAVE_LONG_LONG 1
| #define F77_NAME_LOWER_USCORE 1
| #define STDCALL 
| #define HAVE_FORTRAN_BINDING 1
| #ifdef __cplusplus
| extern "C" void std::exit (int) throw (); using std::exit;
| #endif
| #define HAVE_CXX_EXCEPTIONS
| #define HAVE_NAMESPACES
| #define HAVE_NAMESPACE_STD
| /* end confdefs.h.  */
| 
| #include <math>
| 
| int
| main ()
| {
| using namespace std;
|   ;
|   return 0;
| }
configure:10956: result: no
configure:11000: checking for GNU g++ version
configure:11031: c++ -o conftest    conftest.cc  >&5
configure:11034: $? = 0
configure:11036: ./conftest
configure:11039: $? = 0
configure:11053: result: 4 . 1
configure:11101: checking whether C++ compiler accepts option -O2
configure:11111: result: yes
configure:11113: checking whether routines compiled with -O2 can be linked with ones compiled without -O2
configure:11121: result: yes
configure:11374: checking for perl
configure:11392: found /usr/bin/perl
configure:11404: result: /usr/bin/perl
configure:11416: checking for ar
configure:11432: found /usr/bin/ar
configure:11442: result: ar
configure:11463: checking for ranlib
configure:11479: found /usr/bin/ranlib
configure:11489: result: ranlib
configure:11511: checking for etags
configure:11540: result: no
configure:11587: checking for killall
configure:11603: found /usr/bin/killall
configure:11613: result: killall
configure:11658: checking for a BSD-compatible install
configure:11713: result: /usr/bin/install -c
configure:11733: checking whether install works
configure:11741: result: yes
configure:11837: checking whether install breaks libraries
configure:11878: result: no
configure:11900: checking whether mkdir -p works
configure:11916: result: yes
configure:11934: checking for make
configure:11950: found /usr/bin/make
configure:11960: result: make
configure:11973: checking whether clock skew breaks make
configure:11994: result: no
configure:12004: checking whether make supports include
configure:12028: result: yes
configure:12037: checking whether make allows comments in actions
configure:12060: result: yes
configure:12074: checking for virtual path format
configure:12113: result: VPATH
configure:12123: checking whether make sets CFLAGS
configure:12145: result: no
configure:12192: checking for bash
configure:12222: result: /bin/sh
configure:12244: checking whether /bin/sh supports arrays
configure:12253: result: yes
configure:13373: checking for doctext
configure:13404: result: false
configure:13413: checking for location of doctext style files
configure:13430: result: unavailable
configure:13442: checking for an ANSI C-conforming const
configure:13509: gcc -c  -O2  conftest.c >&5
configure:13515: $? = 0
configure:13518: test -z 			 || test ! -s conftest.err
configure:13521: $? = 0
configure:13524: test -s conftest.o
configure:13527: $? = 0
configure:13538: result: yes
configure:13549: checking for volatile
configure:13571: gcc -c  -O2  conftest.c >&5
configure:13577: $? = 0
configure:13580: test -z 			 || test ! -s conftest.err
configure:13583: $? = 0
configure:13586: test -s conftest.o
configure:13589: $? = 0
configure:13600: result: yes
configure:13611: checking for restrict
configure:13633: gcc -c  -O2  conftest.c >&5
conftest.c: In function 'main':
conftest.c:35: error: expected '=', ',', ';', 'asm' or '__attribute__' before 'a'
conftest.c:35: error: 'a' undeclared (first use in this function)
conftest.c:35: error: (Each undeclared identifier is reported only once
conftest.c:35: error: for each function it appears in.)
configure:13639: $? = 1
configure: failed program was:
| /* confdefs.h.  */
| 
| #define PACKAGE_NAME ""
| #define PACKAGE_TARNAME ""
| #define PACKAGE_VERSION ""
| #define PACKAGE_STRING ""
| #define PACKAGE_BUGREPORT ""
| #define HAVE_ERROR_CHECKING MPID_ERROR_LEVEL_ALL
| #define MPICH_ERROR_MSG_LEVEL MPICH_ERROR_MSG_ALL
| #define USE_LOGGING MPID_LOGGING_NONE
| #define HAVE_RUNTIME_THREADCHECK 1
| #define MPICH_THREAD_LEVEL MPI_THREAD_MULTIPLE
| #define USE_THREAD_IMPL MPICH_THREAD_IMPL_GLOBAL_MUTEX
| #define HAVE_ROMIO 1
| #define HAVE_PRAGMA_WEAK 1
| #define USE_WEAK_SYMBOLS 1
| #define HAVE_MULTIPLE_PRAGMA_WEAK 1
| #define HAVE_LONG_LONG 1
| #define F77_NAME_LOWER_USCORE 1
| #define STDCALL 
| #define HAVE_FORTRAN_BINDING 1
| #ifdef __cplusplus
| extern "C" void std::exit (int) throw (); using std::exit;
| #endif
| #define HAVE_CXX_EXCEPTIONS
| #define HAVE_NAMESPACES
| #define HAVE_NAMESPACE_STD
| #define HAVE_CXX_BINDING 1
| #define HAVE_NAMEPUB_SERVICE 1
| /* end confdefs.h.  */
| 
| int
| main ()
| {
| int * restrict a;
|   ;
|   return 0;
| }
configure:13678: gcc -c  -O2  conftest.c >&5
conftest.c: In function 'main':
conftest.c:35: error: expected '=', ',', ';', 'asm' or '__attribute__' before 'a'
conftest.c:35: error: 'a' undeclared (first use in this function)
conftest.c:35: error: (Each undeclared identifier is reported only once
conftest.c:35: error: for each function it appears in.)
configure:13684: $? = 1
configure: failed program was:
| /* confdefs.h.  */
| 
| #define PACKAGE_NAME ""
| #define PACKAGE_TARNAME ""
| #define PACKAGE_VERSION ""
| #define PACKAGE_STRING ""
| #define PACKAGE_BUGREPORT ""
| #define HAVE_ERROR_CHECKING MPID_ERROR_LEVEL_ALL
| #define MPICH_ERROR_MSG_LEVEL MPICH_ERROR_MSG_ALL
| #define USE_LOGGING MPID_LOGGING_NONE
| #define HAVE_RUNTIME_THREADCHECK 1
| #define MPICH_THREAD_LEVEL MPI_THREAD_MULTIPLE
| #define USE_THREAD_IMPL MPICH_THREAD_IMPL_GLOBAL_MUTEX
| #define HAVE_ROMIO 1
| #define HAVE_PRAGMA_WEAK 1
| #define USE_WEAK_SYMBOLS 1
| #define HAVE_MULTIPLE_PRAGMA_WEAK 1
| #define HAVE_LONG_LONG 1
| #define F77_NAME_LOWER_USCORE 1
| #define STDCALL 
| #define HAVE_FORTRAN_BINDING 1
| #ifdef __cplusplus
| extern "C" void std::exit (int) throw (); using std::exit;
| #endif
| #define HAVE_CXX_EXCEPTIONS
| #define HAVE_NAMESPACES
| #define HAVE_NAMESPACE_STD
| #define HAVE_CXX_BINDING 1
| #define HAVE_NAMEPUB_SERVICE 1
| /* end confdefs.h.  */
| 
| int
| main ()
| {
| int * _Restrict a;
|   ;
|   return 0;
| }
configure:13724: gcc -c  -O2  conftest.c >&5
configure:13730: $? = 0
configure:13733: test -z 			 || test ! -s conftest.err
configure:13736: $? = 0
configure:13739: test -s conftest.o
configure:13742: $? = 0
configure:13755: result: __restrict
configure:13770: checking for inline
configure:13791: gcc -c  -O2  conftest.c >&5
configure:13797: $? = 0
configure:13800: test -z 			 || test ! -s conftest.err
configure:13803: $? = 0
configure:13806: test -s conftest.o
configure:13809: $? = 0
configure:13821: result: inline
configure:13844: checking whether __attribute__ allowed
configure:13866: gcc -c  -O2  conftest.c >&5
configure:13872: $? = 0
configure:13875: test -z 			 || test ! -s conftest.err
configure:13878: $? = 0
configure:13881: test -s conftest.o
configure:13884: $? = 0
configure:13895: result: yes
configure:13897: checking whether __attribute__((format)) allowed
configure:13919: gcc -c  -O2  conftest.c >&5
configure:13925: $? = 0
configure:13928: test -z 			 || test ! -s conftest.err
configure:13931: $? = 0
configure:13934: test -s conftest.o
configure:13937: $? = 0
configure:13948: result: yes
configure:13962: checking whether byte ordering is bigendian
configure:13989: gcc -c  -O2  conftest.c >&5
configure:13995: $? = 0
configure:13998: test -z 			 || test ! -s conftest.err
configure:14001: $? = 0
configure:14004: test -s conftest.o
configure:14007: $? = 0
configure:14031: gcc -c  -O2  conftest.c >&5
conftest.c: In function 'main':
conftest.c:40: error: 'not' undeclared (first use in this function)
conftest.c:40: error: (Each undeclared identifier is reported only once
conftest.c:40: error: for each function it appears in.)
conftest.c:40: error: expected ';' before 'big'
configure:14037: $? = 1
configure: failed program was:
| /* confdefs.h.  */
| 
| #define PACKAGE_NAME ""
| #define PACKAGE_TARNAME ""
| #define PACKAGE_VERSION ""
| #define PACKAGE_STRING ""
| #define PACKAGE_BUGREPORT ""
| #define HAVE_ERROR_CHECKING MPID_ERROR_LEVEL_ALL
| #define MPICH_ERROR_MSG_LEVEL MPICH_ERROR_MSG_ALL
| #define USE_LOGGING MPID_LOGGING_NONE
| #define HAVE_RUNTIME_THREADCHECK 1
| #define MPICH_THREAD_LEVEL MPI_THREAD_MULTIPLE
| #define USE_THREAD_IMPL MPICH_THREAD_IMPL_GLOBAL_MUTEX
| #define HAVE_ROMIO 1
| #define HAVE_PRAGMA_WEAK 1
| #define USE_WEAK_SYMBOLS 1
| #define HAVE_MULTIPLE_PRAGMA_WEAK 1
| #define HAVE_LONG_LONG 1
| #define F77_NAME_LOWER_USCORE 1
| #define STDCALL 
| #define HAVE_FORTRAN_BINDING 1
| #ifdef __cplusplus
| extern "C" void std::exit (int) throw (); using std::exit;
| #endif
| #define HAVE_CXX_EXCEPTIONS
| #define HAVE_NAMESPACES
| #define HAVE_NAMESPACE_STD
| #define HAVE_CXX_BINDING 1
| #define HAVE_NAMEPUB_SERVICE 1
| #define restrict __restrict
| #define HAVE_GCC_ATTRIBUTE 1
| /* end confdefs.h.  */
| #include <sys/types.h>
| #include <sys/param.h>
| 
| int
| main ()
| {
| #if BYTE_ORDER != BIG_ENDIAN
|  not big endian
| #endif
| 
|   ;
|   return 0;
| }
configure:14170: result: no
configure:14197: checking whether C compiler allows unaligned doubles
configure:14235: gcc -o conftest  -O2   conftest.c  >&5
configure:14238: $? = 0
configure:14240: ./conftest
configure:14243: $? = 0
configure:14257: result: yes
configure:14276: checking whether gcc supports __func__
configure:14297: gcc -c  -O2  conftest.c >&5
configure:14303: $? = 0
configure:14306: test -z 			 || test ! -s conftest.err
configure:14309: $? = 0
configure:14312: test -s conftest.o
configure:14315: $? = 0
configure:14326: result: yes
configure:14470: result: Using gcc to determine dependencies
configure:14502: checking whether long double is supported
configure:14524: gcc -c  -O2  conftest.c >&5
configure:14530: $? = 0
configure:14533: test -z 			 || test ! -s conftest.err
configure:14536: $? = 0
configure:14539: test -s conftest.o
configure:14542: $? = 0
configure:14553: result: yes
configure:14564: checking whether long long is supported
configure:14586: gcc -c  -O2  conftest.c >&5
configure:14592: $? = 0
configure:14595: test -z 			 || test ! -s conftest.err
configure:14598: $? = 0
configure:14601: test -s conftest.o
configure:14604: $? = 0
configure:14615: result: yes
configure:14628: checking for max C struct integer alignment
configure:14751: gcc -o conftest  -O2   conftest.c  >&5
configure:14754: $? = 0
configure:14756: ./conftest
configure:14759: $? = 0
configure:14775: result: four
configure:14812: checking for max C struct floating point alignment
configure:14919: gcc -o conftest  -O2   conftest.c  >&5
configure:14922: $? = 0
configure:14924: ./conftest
configure:14927: $? = 0
configure:14943: result: four
configure:14978: checking for max C struct alignment of structs with doubles
configure:15054: gcc -o conftest  -O2   conftest.c  >&5
configure:15057: $? = 0
configure:15059: ./conftest
configure:15062: $? = 0
configure:15078: result: four
configure:15085: checking for max C struct floating point alignment with long doubles
configure:15162: gcc -o conftest  -O2   conftest.c  >&5
configure:15165: $? = 0
configure:15167: ./conftest
configure:15170: $? = 0
configure:15186: result: four
configure:15231: checking if alignment of structs with doubles is based on position
configure:15270: gcc -o conftest  -O2   conftest.c  >&5
configure:15273: $? = 0
configure:15275: ./conftest
configure:15278: $? = 0
configure:15294: result: no
configure:15310: checking if alignment of structs with long long ints is based on position
configure:15351: gcc -o conftest  -O2   conftest.c  >&5
configure:15354: $? = 0
configure:15356: ./conftest
configure:15359: $? = 0
configure:15375: result: no
configure:15391: checking if double alignment breaks rules, find actual alignment
configure:15443: gcc -o conftest  -O2   conftest.c  >&5
configure:15446: $? = 0
configure:15448: ./conftest
configure:15451: $? = 0
configure:15467: result: no
configure:15483: checking for alignment restrictions on pointers
configure:15508: gcc -o conftest  -O2   conftest.c  >&5
configure:15511: $? = 0
configure:15513: ./conftest
configure:15516: $? = 0
configure:15539: result: int or better
configure:15547: checking for egrep
configure:15557: result: grep -E
configure:15562: checking for ANSI C header files
configure:15587: gcc -c  -O2  conftest.c >&5
configure:15593: $? = 0
configure:15596: test -z 			 || test ! -s conftest.err
configure:15599: $? = 0
configure:15602: test -s conftest.o
configure:15605: $? = 0
./configure: line 15627: conftest.c: command not found
configure:15717: result: no
configure:15741: checking for sys/types.h
configure:15757:   conftest.c
./configure: line 15758: conftest.c: command not found
configure:15763: $? = 127
configure: failed program was:
| /* confdefs.h.  */
| 
| #define PACKAGE_NAME ""
| #define PACKAGE_TARNAME ""
| #define PACKAGE_VERSION ""
| #define PACKAGE_STRING ""
| #define PACKAGE_BUGREPORT ""
| #define HAVE_ERROR_CHECKING MPID_ERROR_LEVEL_ALL
| #define MPICH_ERROR_MSG_LEVEL MPICH_ERROR_MSG_ALL
| #define USE_LOGGING MPID_LOGGING_NONE
| #define HAVE_RUNTIME_THREADCHECK 1
| #define MPICH_THREAD_LEVEL MPI_THREAD_MULTIPLE
| #define USE_THREAD_IMPL MPICH_THREAD_IMPL_GLOBAL_MUTEX
| #define HAVE_ROMIO 1
| #define HAVE_PRAGMA_WEAK 1
| #define USE_WEAK_SYMBOLS 1
| #define HAVE_MULTIPLE_PRAGMA_WEAK 1
| #define HAVE_LONG_LONG 1
| #define F77_NAME_LOWER_USCORE 1
| #define STDCALL 
| #define HAVE_FORTRAN_BINDING 1
| #ifdef __cplusplus
| extern "C" void std::exit (int) throw (); using std::exit;
| #endif
| #define HAVE_CXX_EXCEPTIONS
| #define HAVE_NAMESPACES
| #define HAVE_NAMESPACE_STD
| #define HAVE_CXX_BINDING 1
| #define HAVE_NAMEPUB_SERVICE 1
| #define restrict __restrict
| #define HAVE_GCC_ATTRIBUTE 1
| #define WORDS_LITTLEENDIAN 1
| #define HAVE_LONG_DOUBLE 1
| #define HAVE_LONG_LONG_INT 1
| #define HAVE_MAX_INTEGER_ALIGNMENT 4
| #define HAVE_MAX_STRUCT_ALIGNMENT 4
| #define HAVE_MAX_FP_ALIGNMENT 4
| /* end confdefs.h.  */
| #include <sys/types.h>
configure:15793: gcc -c  -O2  conftest.c 1>&5
configure:15796: $? = 0
configure:15814: result: yes
configure:15741: checking for sys/stat.h
configure:15757:   conftest.c
./configure: line 15758: conftest.c: command not found
configure:15763: $? = 127
configure: failed program was:
| /* confdefs.h.  */
| 
| #define PACKAGE_NAME ""
| #define PACKAGE_TARNAME ""
| #define PACKAGE_VERSION ""
| #define PACKAGE_STRING ""
| #define PACKAGE_BUGREPORT ""
| #define HAVE_ERROR_CHECKING MPID_ERROR_LEVEL_ALL
| #define MPICH_ERROR_MSG_LEVEL MPICH_ERROR_MSG_ALL
| #define USE_LOGGING MPID_LOGGING_NONE
| #define HAVE_RUNTIME_THREADCHECK 1
| #define MPICH_THREAD_LEVEL MPI_THREAD_MULTIPLE
| #define USE_THREAD_IMPL MPICH_THREAD_IMPL_GLOBAL_MUTEX
| #define HAVE_ROMIO 1
| #define HAVE_PRAGMA_WEAK 1
| #define USE_WEAK_SYMBOLS 1
| #define HAVE_MULTIPLE_PRAGMA_WEAK 1
| #define HAVE_LONG_LONG 1
| #define F77_NAME_LOWER_USCORE 1
| #define STDCALL 
| #define HAVE_FORTRAN_BINDING 1
| #ifdef __cplusplus
| extern "C" void std::exit (int) throw (); using std::exit;
| #endif
| #define HAVE_CXX_EXCEPTIONS
| #define HAVE_NAMESPACES
| #define HAVE_NAMESPACE_STD
| #define HAVE_CXX_BINDING 1
| #define HAVE_NAMEPUB_SERVICE 1
| #define restrict __restrict
| #define HAVE_GCC_ATTRIBUTE 1
| #define WORDS_LITTLEENDIAN 1
| #define HAVE_LONG_DOUBLE 1
| #define HAVE_LONG_LONG_INT 1
| #define HAVE_MAX_INTEGER_ALIGNMENT 4
| #define HAVE_MAX_STRUCT_ALIGNMENT 4
| #define HAVE_MAX_FP_ALIGNMENT 4
| #define HAVE_SYS_TYPES_H 1
| /* end confdefs.h.  */
| #include <sys/stat.h>
configure:15793: gcc -c  -O2  conftest.c 1>&5
configure:15796: $? = 0
configure:15814: result: yes
configure:15741: checking for stdlib.h
configure:15757:   conftest.c
./configure: line 15758: conftest.c: command not found
configure:15763: $? = 127
configure: failed program was:
| /* confdefs.h.  */
| 
| #define PACKAGE_NAME ""
| #define PACKAGE_TARNAME ""
| #define PACKAGE_VERSION ""
| #define PACKAGE_STRING ""
| #define PACKAGE_BUGREPORT ""
| #define HAVE_ERROR_CHECKING MPID_ERROR_LEVEL_ALL
| #define MPICH_ERROR_MSG_LEVEL MPICH_ERROR_MSG_ALL
| #define USE_LOGGING MPID_LOGGING_NONE
| #define HAVE_RUNTIME_THREADCHECK 1
| #define MPICH_THREAD_LEVEL MPI_THREAD_MULTIPLE
| #define USE_THREAD_IMPL MPICH_THREAD_IMPL_GLOBAL_MUTEX
| #define HAVE_ROMIO 1
| #define HAVE_PRAGMA_WEAK 1
| #define USE_WEAK_SYMBOLS 1
| #define HAVE_MULTIPLE_PRAGMA_WEAK 1
| #define HAVE_LONG_LONG 1
| #define F77_NAME_LOWER_USCORE 1
| #define STDCALL 
| #define HAVE_FORTRAN_BINDING 1
| #ifdef __cplusplus
| extern "C" void std::exit (int) throw (); using std::exit;
| #endif
| #define HAVE_CXX_EXCEPTIONS
| #define HAVE_NAMESPACES
| #define HAVE_NAMESPACE_STD
| #define HAVE_CXX_BINDING 1
| #define HAVE_NAMEPUB_SERVICE 1
| #define restrict __restrict
| #define HAVE_GCC_ATTRIBUTE 1
| #define WORDS_LITTLEENDIAN 1
| #define HAVE_LONG_DOUBLE 1
| #define HAVE_LONG_LONG_INT 1
| #define HAVE_MAX_INTEGER_ALIGNMENT 4
| #define HAVE_MAX_STRUCT_ALIGNMENT 4
| #define HAVE_MAX_FP_ALIGNMENT 4
| #define HAVE_SYS_TYPES_H 1
| #define HAVE_SYS_STAT_H 1
| /* end confdefs.h.  */
| #include <stdlib.h>
configure:15793: gcc -c  -O2  conftest.c 1>&5
configure:15796: $? = 0
configure:15814: result: yes
configure:15741: checking for string.h
configure:15757:   conftest.c
./configure: line 15758: conftest.c: command not found
configure:15763: $? = 127
configure: failed program was:
| /* confdefs.h.  */
| 
| #define PACKAGE_NAME ""
| #define PACKAGE_TARNAME ""
| #define PACKAGE_VERSION ""
| #define PACKAGE_STRING ""
| #define PACKAGE_BUGREPORT ""
| #define HAVE_ERROR_CHECKING MPID_ERROR_LEVEL_ALL
| #define MPICH_ERROR_MSG_LEVEL MPICH_ERROR_MSG_ALL
| #define USE_LOGGING MPID_LOGGING_NONE
| #define HAVE_RUNTIME_THREADCHECK 1
| #define MPICH_THREAD_LEVEL MPI_THREAD_MULTIPLE
| #define USE_THREAD_IMPL MPICH_THREAD_IMPL_GLOBAL_MUTEX
| #define HAVE_ROMIO 1
| #define HAVE_PRAGMA_WEAK 1
| #define USE_WEAK_SYMBOLS 1
| #define HAVE_MULTIPLE_PRAGMA_WEAK 1
| #define HAVE_LONG_LONG 1
| #define F77_NAME_LOWER_USCORE 1
| #define STDCALL 
| #define HAVE_FORTRAN_BINDING 1
| #ifdef __cplusplus
| extern "C" void std::exit (int) throw (); using std::exit;
| #endif
| #define HAVE_CXX_EXCEPTIONS
| #define HAVE_NAMESPACES
| #define HAVE_NAMESPACE_STD
| #define HAVE_CXX_BINDING 1
| #define HAVE_NAMEPUB_SERVICE 1
| #define restrict __restrict
| #define HAVE_GCC_ATTRIBUTE 1
| #define WORDS_LITTLEENDIAN 1
| #define HAVE_LONG_DOUBLE 1
| #define HAVE_LONG_LONG_INT 1
| #define HAVE_MAX_INTEGER_ALIGNMENT 4
| #define HAVE_MAX_STRUCT_ALIGNMENT 4
| #define HAVE_MAX_FP_ALIGNMENT 4
| #define HAVE_SYS_TYPES_H 1
| #define HAVE_SYS_STAT_H 1
| #define HAVE_STDLIB_H 1
| /* end confdefs.h.  */
| #include <string.h>
configure:15793: gcc -c  -O2  conftest.c 1>&5
configure:15796: $? = 0
configure:15814: result: yes
configure:15741: checking for memory.h
configure:15757:   conftest.c
./configure: line 15758: conftest.c: command not found
configure:15763: $? = 127
configure: failed program was:
| /* confdefs.h.  */
| 
| #define PACKAGE_NAME ""
| #define PACKAGE_TARNAME ""
| #define PACKAGE_VERSION ""
| #define PACKAGE_STRING ""
| #define PACKAGE_BUGREPORT ""
| #define HAVE_ERROR_CHECKING MPID_ERROR_LEVEL_ALL
| #define MPICH_ERROR_MSG_LEVEL MPICH_ERROR_MSG_ALL
| #define USE_LOGGING MPID_LOGGING_NONE
| #define HAVE_RUNTIME_THREADCHECK 1
| #define MPICH_THREAD_LEVEL MPI_THREAD_MULTIPLE
| #define USE_THREAD_IMPL MPICH_THREAD_IMPL_GLOBAL_MUTEX
| #define HAVE_ROMIO 1
| #define HAVE_PRAGMA_WEAK 1
| #define USE_WEAK_SYMBOLS 1
| #define HAVE_MULTIPLE_PRAGMA_WEAK 1
| #define HAVE_LONG_LONG 1
| #define F77_NAME_LOWER_USCORE 1
| #define STDCALL 
| #define HAVE_FORTRAN_BINDING 1
| #ifdef __cplusplus
| extern "C" void std::exit (int) throw (); using std::exit;
| #endif
| #define HAVE_CXX_EXCEPTIONS
| #define HAVE_NAMESPACES
| #define HAVE_NAMESPACE_STD
| #define HAVE_CXX_BINDING 1
| #define HAVE_NAMEPUB_SERVICE 1
| #define restrict __restrict
| #define HAVE_GCC_ATTRIBUTE 1
| #define WORDS_LITTLEENDIAN 1
| #define HAVE_LONG_DOUBLE 1
| #define HAVE_LONG_LONG_INT 1
| #define HAVE_MAX_INTEGER_ALIGNMENT 4
| #define HAVE_MAX_STRUCT_ALIGNMENT 4
| #define HAVE_MAX_FP_ALIGNMENT 4
| #define HAVE_SYS_TYPES_H 1
| #define HAVE_SYS_STAT_H 1
| #define HAVE_STDLIB_H 1
| #define HAVE_STRING_H 1
| /* end confdefs.h.  */
| #include <memory.h>
configure:15793: gcc -c  -O2  conftest.c 1>&5
configure:15796: $? = 0
configure:15814: result: yes
configure:15741: checking for strings.h
configure:15757:   conftest.c
./configure: line 15758: conftest.c: command not found
configure:15763: $? = 127
configure: failed program was:
| /* confdefs.h.  */
| 
| #define PACKAGE_NAME ""
| #define PACKAGE_TARNAME ""
| #define PACKAGE_VERSION ""
| #define PACKAGE_STRING ""
| #define PACKAGE_BUGREPORT ""
| #define HAVE_ERROR_CHECKING MPID_ERROR_LEVEL_ALL
| #define MPICH_ERROR_MSG_LEVEL MPICH_ERROR_MSG_ALL
| #define USE_LOGGING MPID_LOGGING_NONE
| #define HAVE_RUNTIME_THREADCHECK 1
| #define MPICH_THREAD_LEVEL MPI_THREAD_MULTIPLE
| #define USE_THREAD_IMPL MPICH_THREAD_IMPL_GLOBAL_MUTEX
| #define HAVE_ROMIO 1
| #define HAVE_PRAGMA_WEAK 1
| #define USE_WEAK_SYMBOLS 1
| #define HAVE_MULTIPLE_PRAGMA_WEAK 1
| #define HAVE_LONG_LONG 1
| #define F77_NAME_LOWER_USCORE 1
| #define STDCALL 
| #define HAVE_FORTRAN_BINDING 1
| #ifdef __cplusplus
| extern "C" void std::exit (int) throw (); using std::exit;
| #endif
| #define HAVE_CXX_EXCEPTIONS
| #define HAVE_NAMESPACES
| #define HAVE_NAMESPACE_STD
| #define HAVE_CXX_BINDING 1
| #define HAVE_NAMEPUB_SERVICE 1
| #define restrict __restrict
| #define HAVE_GCC_ATTRIBUTE 1
| #define WORDS_LITTLEENDIAN 1
| #define HAVE_LONG_DOUBLE 1
| #define HAVE_LONG_LONG_INT 1
| #define HAVE_MAX_INTEGER_ALIGNMENT 4
| #define HAVE_MAX_STRUCT_ALIGNMENT 4
| #define HAVE_MAX_FP_ALIGNMENT 4
| #define HAVE_SYS_TYPES_H 1
| #define HAVE_SYS_STAT_H 1
| #define HAVE_STDLIB_H 1
| #define HAVE_STRING_H 1
| #define HAVE_MEMORY_H 1
| /* end confdefs.h.  */
| #include <strings.h>
configure:15793: gcc -c  -O2  conftest.c 1>&5
configure:15796: $? = 0
configure:15814: result: yes
configure:15741: checking for inttypes.h
configure:15757:   conftest.c
./configure: line 15758: conftest.c: command not found
configure:15763: $? = 127
configure: failed program was:
| /* confdefs.h.  */
| 
| #define PACKAGE_NAME ""
| #define PACKAGE_TARNAME ""
| #define PACKAGE_VERSION ""
| #define PACKAGE_STRING ""
| #define PACKAGE_BUGREPORT ""
| #define HAVE_ERROR_CHECKING MPID_ERROR_LEVEL_ALL
| #define MPICH_ERROR_MSG_LEVEL MPICH_ERROR_MSG_ALL
| #define USE_LOGGING MPID_LOGGING_NONE
| #define HAVE_RUNTIME_THREADCHECK 1
| #define MPICH_THREAD_LEVEL MPI_THREAD_MULTIPLE
| #define USE_THREAD_IMPL MPICH_THREAD_IMPL_GLOBAL_MUTEX
| #define HAVE_ROMIO 1
| #define HAVE_PRAGMA_WEAK 1
| #define USE_WEAK_SYMBOLS 1
| #define HAVE_MULTIPLE_PRAGMA_WEAK 1
| #define HAVE_LONG_LONG 1
| #define F77_NAME_LOWER_USCORE 1
| #define STDCALL 
| #define HAVE_FORTRAN_BINDING 1
| #ifdef __cplusplus
| extern "C" void std::exit (int) throw (); using std::exit;
| #endif
| #define HAVE_CXX_EXCEPTIONS
| #define HAVE_NAMESPACES
| #define HAVE_NAMESPACE_STD
| #define HAVE_CXX_BINDING 1
| #define HAVE_NAMEPUB_SERVICE 1
| #define restrict __restrict
| #define HAVE_GCC_ATTRIBUTE 1
| #define WORDS_LITTLEENDIAN 1
| #define HAVE_LONG_DOUBLE 1
| #define HAVE_LONG_LONG_INT 1
| #define HAVE_MAX_INTEGER_ALIGNMENT 4
| #define HAVE_MAX_STRUCT_ALIGNMENT 4
| #define HAVE_MAX_FP_ALIGNMENT 4
| #define HAVE_SYS_TYPES_H 1
| #define HAVE_SYS_STAT_H 1
| #define HAVE_STDLIB_H 1
| #define HAVE_STRING_H 1
| #define HAVE_MEMORY_H 1
| #define HAVE_STRINGS_H 1
| /* end confdefs.h.  */
| #include <inttypes.h>
configure:15793: gcc -c  -O2  conftest.c 1>&5
configure:15796: $? = 0
configure:15814: result: yes
configure:15741: checking for stdint.h
configure:15757:   conftest.c
./configure: line 15758: conftest.c: command not found
configure:15763: $? = 127
configure: failed program was:
| /* confdefs.h.  */
| 
| #define PACKAGE_NAME ""
| #define PACKAGE_TARNAME ""
| #define PACKAGE_VERSION ""
| #define PACKAGE_STRING ""
| #define PACKAGE_BUGREPORT ""
| #define HAVE_ERROR_CHECKING MPID_ERROR_LEVEL_ALL
| #define MPICH_ERROR_MSG_LEVEL MPICH_ERROR_MSG_ALL
| #define USE_LOGGING MPID_LOGGING_NONE
| #define HAVE_RUNTIME_THREADCHECK 1
| #define MPICH_THREAD_LEVEL MPI_THREAD_MULTIPLE
| #define USE_THREAD_IMPL MPICH_THREAD_IMPL_GLOBAL_MUTEX
| #define HAVE_ROMIO 1
| #define HAVE_PRAGMA_WEAK 1
| #define USE_WEAK_SYMBOLS 1
| #define HAVE_MULTIPLE_PRAGMA_WEAK 1
| #define HAVE_LONG_LONG 1
| #define F77_NAME_LOWER_USCORE 1
| #define STDCALL 
| #define HAVE_FORTRAN_BINDING 1
| #ifdef __cplusplus
| extern "C" void std::exit (int) throw (); using std::exit;
| #endif
| #define HAVE_CXX_EXCEPTIONS
| #define HAVE_NAMESPACES
| #define HAVE_NAMESPACE_STD
| #define HAVE_CXX_BINDING 1
| #define HAVE_NAMEPUB_SERVICE 1
| #define restrict __restrict
| #define HAVE_GCC_ATTRIBUTE 1
| #define WORDS_LITTLEENDIAN 1
| #define HAVE_LONG_DOUBLE 1
| #define HAVE_LONG_LONG_INT 1
| #define HAVE_MAX_INTEGER_ALIGNMENT 4
| #define HAVE_MAX_STRUCT_ALIGNMENT 4
| #define HAVE_MAX_FP_ALIGNMENT 4
| #define HAVE_SYS_TYPES_H 1
| #define HAVE_SYS_STAT_H 1
| #define HAVE_STDLIB_H 1
| #define HAVE_STRING_H 1
| #define HAVE_MEMORY_H 1
| #define HAVE_STRINGS_H 1
| #define HAVE_INTTYPES_H 1
| /* end confdefs.h.  */
| #include <stdint.h>
configure:15793: gcc -c  -O2  conftest.c 1>&5
configure:15796: $? = 0
configure:15814: result: yes
configure:15741: checking for unistd.h
configure:15757:   conftest.c
./configure: line 15758: conftest.c: command not found
configure:15763: $? = 127
configure: failed program was:
| /* confdefs.h.  */
| 
| #define PACKAGE_NAME ""
| #define PACKAGE_TARNAME ""
| #define PACKAGE_VERSION ""
| #define PACKAGE_STRING ""
| #define PACKAGE_BUGREPORT ""
| #define HAVE_ERROR_CHECKING MPID_ERROR_LEVEL_ALL
| #define MPICH_ERROR_MSG_LEVEL MPICH_ERROR_MSG_ALL
| #define USE_LOGGING MPID_LOGGING_NONE
| #define HAVE_RUNTIME_THREADCHECK 1
| #define MPICH_THREAD_LEVEL MPI_THREAD_MULTIPLE
| #define USE_THREAD_IMPL MPICH_THREAD_IMPL_GLOBAL_MUTEX
| #define HAVE_ROMIO 1
| #define HAVE_PRAGMA_WEAK 1
| #define USE_WEAK_SYMBOLS 1
| #define HAVE_MULTIPLE_PRAGMA_WEAK 1
| #define HAVE_LONG_LONG 1
| #define F77_NAME_LOWER_USCORE 1
| #define STDCALL 
| #define HAVE_FORTRAN_BINDING 1
| #ifdef __cplusplus
| extern "C" void std::exit (int) throw (); using std::exit;
| #endif
| #define HAVE_CXX_EXCEPTIONS
| #define HAVE_NAMESPACES
| #define HAVE_NAMESPACE_STD
| #define HAVE_CXX_BINDING 1
| #define HAVE_NAMEPUB_SERVICE 1
| #define restrict __restrict
| #define HAVE_GCC_ATTRIBUTE 1
| #define WORDS_LITTLEENDIAN 1
| #define HAVE_LONG_DOUBLE 1
| #define HAVE_LONG_LONG_INT 1
| #define HAVE_MAX_INTEGER_ALIGNMENT 4
| #define HAVE_MAX_STRUCT_ALIGNMENT 4
| #define HAVE_MAX_FP_ALIGNMENT 4
| #define HAVE_SYS_TYPES_H 1
| #define HAVE_SYS_STAT_H 1
| #define HAVE_STDLIB_H 1
| #define HAVE_STRING_H 1
| #define HAVE_MEMORY_H 1
| #define HAVE_STRINGS_H 1
| #define HAVE_INTTYPES_H 1
| #define HAVE_STDINT_H 1
| /* end confdefs.h.  */
| #include <unistd.h>
configure:15793: gcc -c  -O2  conftest.c 1>&5
configure:15796: $? = 0
configure:15814: result: yes
configure:15827: checking for char
configure:15851: gcc -c  -O2  conftest.c >&5
configure:15857: $? = 0
configure:15860: test -z 			 || test ! -s conftest.err
configure:15863: $? = 0
configure:15866: test -s conftest.o
configure:15869: $? = 0
configure:15880: result: yes
configure:15883: checking size of char
configure:16195: gcc -o conftest  -O2   conftest.c  >&5
configure:16198: $? = 0
configure:16200: ./conftest
configure:16203: $? = 0
configure:16226: result: 1
configure:16233: checking for short
configure:16257: gcc -c  -O2  conftest.c >&5
configure:16263: $? = 0
configure:16266: test -z 			 || test ! -s conftest.err
configure:16269: $? = 0
configure:16272: test -s conftest.o
configure:16275: $? = 0
configure:16286: result: yes
configure:16289: checking size of short
configure:16601: gcc -o conftest  -O2   conftest.c  >&5
configure:16604: $? = 0
configure:16606: ./conftest
configure:16609: $? = 0
configure:16632: result: 2
configure:16639: checking for int
configure:16663: gcc -c  -O2  conftest.c >&5
configure:16669: $? = 0
configure:16672: test -z 			 || test ! -s conftest.err
configure:16675: $? = 0
configure:16678: test -s conftest.o
configure:16681: $? = 0
configure:16692: result: yes
configure:16695: checking size of int
configure:17007: gcc -o conftest  -O2   conftest.c  >&5
configure:17010: $? = 0
configure:17012: ./conftest
configure:17015: $? = 0
configure:17038: result: 4
configure:17045: checking for long
configure:17069: gcc -c  -O2  conftest.c >&5
configure:17075: $? = 0
configure:17078: test -z 			 || test ! -s conftest.err
configure:17081: $? = 0
configure:17084: test -s conftest.o
configure:17087: $? = 0
configure:17098: result: yes
configure:17101: checking size of long
configure:17413: gcc -o conftest  -O2   conftest.c  >&5
configure:17416: $? = 0
configure:17418: ./conftest
configure:17421: $? = 0
configure:17444: result: 4
configure:17451: checking for long long
configure:17475: gcc -c  -O2  conftest.c >&5
configure:17481: $? = 0
configure:17484: test -z 			 || test ! -s conftest.err
configure:17487: $? = 0
configure:17490: test -s conftest.o
configure:17493: $? = 0
configure:17504: result: yes
configure:17507: checking size of long long
configure:17819: gcc -o conftest  -O2   conftest.c  >&5
configure:17822: $? = 0
configure:17824: ./conftest
configure:17827: $? = 0
configure:17850: result: 8
configure:17857: checking for float
configure:17881: gcc -c  -O2  conftest.c >&5
configure:17887: $? = 0
configure:17890: test -z 			 || test ! -s conftest.err
configure:17893: $? = 0
configure:17896: test -s conftest.o
configure:17899: $? = 0
configure:17910: result: yes
configure:17913: checking size of float
configure:18225: gcc -o conftest  -O2   conftest.c  >&5
configure:18228: $? = 0
configure:18230: ./conftest
configure:18233: $? = 0
configure:18256: result: 4
configure:18263: checking for double
configure:18287: gcc -c  -O2  conftest.c >&5
configure:18293: $? = 0
configure:18296: test -z 			 || test ! -s conftest.err
configure:18299: $? = 0
configure:18302: test -s conftest.o
configure:18305: $? = 0
configure:18316: result: yes
configure:18319: checking size of double
configure:18631: gcc -o conftest  -O2   conftest.c  >&5
configure:18634: $? = 0
configure:18636: ./conftest
configure:18639: $? = 0
configure:18662: result: 8
configure:18669: checking for long double
configure:18693: gcc -c  -O2  conftest.c >&5
configure:18699: $? = 0
configure:18702: test -z 			 || test ! -s conftest.err
configure:18705: $? = 0
configure:18708: test -s conftest.o
configure:18711: $? = 0
configure:18722: result: yes
configure:18725: checking size of long double
configure:19037: gcc -o conftest  -O2   conftest.c  >&5
configure:19040: $? = 0
configure:19042: ./conftest
configure:19045: $? = 0
configure:19068: result: 12
configure:19075: checking for wchar_t
configure:19099: gcc -c  -O2  conftest.c >&5
configure:19105: $? = 0
configure:19108: test -z 			 || test ! -s conftest.err
configure:19111: $? = 0
configure:19114: test -s conftest.o
configure:19117: $? = 0
configure:19128: result: yes
configure:19131: checking size of wchar_t
configure:19443: gcc -o conftest  -O2   conftest.c  >&5
configure:19446: $? = 0
configure:19448: ./conftest
configure:19451: $? = 0
configure:19474: result: 4
configure:19627: checking for void *
configure:19651: gcc -c  -O2  conftest.c >&5
configure:19657: $? = 0
configure:19660: test -z 			 || test ! -s conftest.err
configure:19663: $? = 0
configure:19666: test -s conftest.o
configure:19669: $? = 0
configure:19680: result: yes
configure:19683: checking size of void *
configure:19995: gcc -o conftest  -O2   conftest.c  >&5
configure:19998: $? = 0
configure:20000: ./conftest
configure:20003: $? = 0
configure:20026: result: 4
configure:20035: checking for size of float int
configure:20061: gcc -o conftest  -O2   conftest.c  >&5
conftest.c: In function 'main':
conftest.c:64: warning: incompatible implicit declaration of built-in function 'exit'
configure:20064: $? = 0
configure:20066: ./conftest
configure:20069: $? = 0
configure:20091: result: 8
configure:20097: checking for size of double int
configure:20123: gcc -o conftest  -O2   conftest.c  >&5
conftest.c: In function 'main':
conftest.c:64: warning: incompatible implicit declaration of built-in function 'exit'
configure:20126: $? = 0
configure:20128: ./conftest
configure:20131: $? = 0
configure:20153: result: 12
configure:20159: checking for size of long int
configure:20185: gcc -o conftest  -O2   conftest.c  >&5
conftest.c: In function 'main':
conftest.c:64: warning: incompatible implicit declaration of built-in function 'exit'
configure:20188: $? = 0
configure:20190: ./conftest
configure:20193: $? = 0
configure:20215: result: 8
configure:20221: checking for size of short int
configure:20247: gcc -o conftest  -O2   conftest.c  >&5
conftest.c: In function 'main':
conftest.c:64: warning: incompatible implicit declaration of built-in function 'exit'
configure:20250: $? = 0
configure:20252: ./conftest
configure:20255: $? = 0
configure:20277: result: 6
configure:20283: checking for size of 2 int
configure:20309: gcc -o conftest  -O2   conftest.c  >&5
conftest.c: In function 'main':
conftest.c:64: warning: incompatible implicit declaration of built-in function 'exit'
configure:20312: $? = 0
configure:20314: ./conftest
configure:20317: $? = 0
configure:20339: result: 8
configure:20345: checking for size of long double int
configure:20371: gcc -o conftest  -O2   conftest.c  >&5
conftest.c: In function 'main':
conftest.c:64: warning: incompatible implicit declaration of built-in function 'exit'
configure:20374: $? = 0
configure:20376: ./conftest
configure:20379: $? = 0
configure:20401: result: 16
configure:20410: checking for sys/bitypes.h
configure:20426:   conftest.c
./configure: line 20427: conftest.c: command not found
configure:20432: $? = 127
configure: failed program was:
| /* confdefs.h.  */
| 
| #define PACKAGE_NAME ""
| #define PACKAGE_TARNAME ""
| #define PACKAGE_VERSION ""
| #define PACKAGE_STRING ""
| #define PACKAGE_BUGREPORT ""
| #define HAVE_ERROR_CHECKING MPID_ERROR_LEVEL_ALL
| #define MPICH_ERROR_MSG_LEVEL MPICH_ERROR_MSG_ALL
| #define USE_LOGGING MPID_LOGGING_NONE
| #define HAVE_RUNTIME_THREADCHECK 1
| #define MPICH_THREAD_LEVEL MPI_THREAD_MULTIPLE
| #define USE_THREAD_IMPL MPICH_THREAD_IMPL_GLOBAL_MUTEX
| #define HAVE_ROMIO 1
| #define HAVE_PRAGMA_WEAK 1
| #define USE_WEAK_SYMBOLS 1
| #define HAVE_MULTIPLE_PRAGMA_WEAK 1
| #define HAVE_LONG_LONG 1
| #define F77_NAME_LOWER_USCORE 1
| #define STDCALL 
| #define HAVE_FORTRAN_BINDING 1
| #ifdef __cplusplus
| extern "C" void std::exit (int) throw (); using std::exit;
| #endif
| #define HAVE_CXX_EXCEPTIONS
| #define HAVE_NAMESPACES
| #define HAVE_NAMESPACE_STD
| #define HAVE_CXX_BINDING 1
| #define HAVE_NAMEPUB_SERVICE 1
| #define restrict __restrict
| #define HAVE_GCC_ATTRIBUTE 1
| #define WORDS_LITTLEENDIAN 1
| #define HAVE_LONG_DOUBLE 1
| #define HAVE_LONG_LONG_INT 1
| #define HAVE_MAX_INTEGER_ALIGNMENT 4
| #define HAVE_MAX_STRUCT_ALIGNMENT 4
| #define HAVE_MAX_FP_ALIGNMENT 4
| #define HAVE_SYS_TYPES_H 1
| #define HAVE_SYS_STAT_H 1
| #define HAVE_STDLIB_H 1
| #define HAVE_STRING_H 1
| #define HAVE_MEMORY_H 1
| #define HAVE_STRINGS_H 1
| #define HAVE_INTTYPES_H 1
| #define HAVE_STDINT_H 1
| #define HAVE_UNISTD_H 1
| #define SIZEOF_CHAR 1
| #define SIZEOF_SHORT 2
| #define SIZEOF_INT 4
| #define SIZEOF_LONG 4
| #define SIZEOF_LONG_LONG 8
| #define SIZEOF_FLOAT 4
| #define SIZEOF_DOUBLE 8
| #define SIZEOF_LONG_DOUBLE 12
| #define SIZEOF_WCHAR_T 4
| #define SIZEOF_VOID_P 4
| /* end confdefs.h.  */
| #include <sys/bitypes.h>
configure:20462: gcc -c  -O2  conftest.c 1>&5
configure:20465: $? = 0
configure:20483: result: yes
configure:20496: checking for int16_t
configure:20520: gcc -c  -O2  conftest.c >&5
configure:20526: $? = 0
configure:20529: test -z 			 || test ! -s conftest.err
configure:20532: $? = 0
configure:20535: test -s conftest.o
configure:20538: $? = 0
configure:20549: result: yes
configure:20980: checking for int32_t
configure:21004: gcc -c  -O2  conftest.c >&5
configure:21010: $? = 0
configure:21013: test -z 			 || test ! -s conftest.err
configure:21016: $? = 0
configure:21019: test -s conftest.o
configure:21022: $? = 0
configure:21033: result: yes
configure:21463: checking for int64_t
configure:21487: gcc -c  -O2  conftest.c >&5
configure:21493: $? = 0
configure:21496: test -z 			 || test ! -s conftest.err
configure:21499: $? = 0
configure:21502: test -s conftest.o
configure:21505: $? = 0
configure:21516: result: yes
configure:22698: checking for size of Fortran type integer
configure:22732: gcc -c  -O2  conftestc.c >&5
configure:22735: $? = 0
configure:22755: f90 -o conftest  -O2  conftest.f conftestc.o  >&5
configure:22758: $? = 0
configure:22792: result: 0
configure:22803: checking for size of Fortran type real
configure:22837: gcc -c  -O2  conftestc.c >&5
configure:22840: $? = 0
configure:22860: f90 -o conftest  -O2  conftest.f conftestc.o  >&5
configure:22863: $? = 0
configure:22897: result: 0
configure:22908: checking for size of Fortran type double precision
configure:22942: gcc -c  -O2  conftestc.c >&5
configure:22945: $? = 0
configure:22965: f90 -o conftest  -O2  conftest.f conftestc.o  >&5
configure:22968: $? = 0
configure:23002: result: 0
configure:23021: checking whether integer*1 is supported
configure:23033: f90 -c  -O2 conftest.f >&5
configure:23039: $? = 0
configure:23042: test -z 			 || test ! -s conftest.err
configure:23045: $? = 0
configure:23048: test -s conftest.o
configure:23051: $? = 0
configure:23062: result: yes
configure:23064: checking whether integer*2 is supported
configure:23076: f90 -c  -O2 conftest.f >&5
configure:23082: $? = 0
configure:23085: test -z 			 || test ! -s conftest.err
configure:23088: $? = 0
configure:23091: test -s conftest.o
configure:23094: $? = 0
configure:23105: result: yes
configure:23107: checking whether integer*4 is supported
configure:23119: f90 -c  -O2 conftest.f >&5
configure:23125: $? = 0
configure:23128: test -z 			 || test ! -s conftest.err
configure:23131: $? = 0
configure:23134: test -s conftest.o
configure:23137: $? = 0
configure:23148: result: yes
configure:23150: checking whether integer*8 is supported
configure:23162: f90 -c  -O2 conftest.f >&5
configure:23168: $? = 0
configure:23171: test -z 			 || test ! -s conftest.err
configure:23174: $? = 0
configure:23177: test -s conftest.o
configure:23180: $? = 0
configure:23191: result: yes
configure:23193: checking whether integer*16 is supported
configure:23205: f90 -c  -O2 conftest.f >&5
conftest.f:2.16:

      integer*16 i                                                      
               1
Error: Old-style type declaration INTEGER*16 not supported at (1)
configure:23211: $? = 1
configure: failed program was:
|       program main
|       integer*16 i
|       end
configure:23234: result: no
configure:23236: checking whether real*4 is supported
configure:23248: f90 -c  -O2 conftest.f >&5
configure:23254: $? = 0
configure:23257: test -z 			 || test ! -s conftest.err
configure:23260: $? = 0
configure:23263: test -s conftest.o
configure:23266: $? = 0
configure:23277: result: yes
configure:23279: checking whether real*8 is supported
configure:23291: f90 -c  -O2 conftest.f >&5
configure:23297: $? = 0
configure:23300: test -z 			 || test ! -s conftest.err
configure:23303: $? = 0
configure:23306: test -s conftest.o
configure:23309: $? = 0
configure:23320: result: yes
configure:23322: checking whether real*16 is supported
configure:23334: f90 -c  -O2 conftest.f >&5
conftest.f:2.13:

      real*16 a                                                         
            1
Error: Old-style type declaration REAL*16 not supported at (1)
configure:23340: $? = 1
configure: failed program was:
|       program main
|       real*16 a
|       end
configure:23363: result: no
configure:23410: WARNING: Unable to determine size of an INTEGER type; using 4
configure:23462: WARNING: Unable to determine size of a DOUBLE PRECISION type; using 8
configure:23479: WARNING: Unable to determine size of a DOUBLE PRECISION type; using 8
configure:23755: checking for C type matching Fortran integer
configure:23772: result: unavailable
configure:23811: checking for size of MPI_Status
configure:23845: gcc -o conftest  -O2   conftest.c  >&5
conftest.c: In function 'main':
conftest.c:85: warning: incompatible implicit declaration of built-in function 'exit'
configure:23848: $? = 0
configure:23850: ./conftest
configure:23853: $? = 0
configure:23868: result: 20
configure:23897: checking for values of Fortran logicals
configure:23937: gcc -c  -O2  conftestc.c >&5
conftestc.c: In function 'ftest_':
conftestc.c:12: warning: incompatible implicit declaration of built-in function 'exit'
configure:23940: $? = 0
configure:23951: f90 -o conftest  -O2  conftest.f conftestc.o  >&5
configure:23954: $? = 0
configure:23961: WARNING: Unable to run the program to determine the values of logicals
configure: failed program was:
       program main
       logical itrue, ifalse
       itrue = .TRUE.
       ifalse = .FALSE.
       call ftest( itrue, ifalse )
       end
configure:23995: result: could not determine
configure:24082: checking how to run the C preprocessor
configure:24117: gcc -E  conftest.c
configure:24123: $? = 0
configure:24155: gcc -E  conftest.c
conftest.c:73:28: error: ac_nonexistent.h: No such file or directory
configure:24161: $? = 1
configure: failed program was:
| /* confdefs.h.  */
| 
| #define PACKAGE_NAME ""
| #define PACKAGE_TARNAME ""
| #define PACKAGE_VERSION ""
| #define PACKAGE_STRING ""
| #define PACKAGE_BUGREPORT ""
| #define HAVE_ERROR_CHECKING MPID_ERROR_LEVEL_ALL
| #define MPICH_ERROR_MSG_LEVEL MPICH_ERROR_MSG_ALL
| #define USE_LOGGING MPID_LOGGING_NONE
| #define HAVE_RUNTIME_THREADCHECK 1
| #define MPICH_THREAD_LEVEL MPI_THREAD_MULTIPLE
| #define USE_THREAD_IMPL MPICH_THREAD_IMPL_GLOBAL_MUTEX
| #define HAVE_ROMIO 1
| #define HAVE_PRAGMA_WEAK 1
| #define USE_WEAK_SYMBOLS 1
| #define HAVE_MULTIPLE_PRAGMA_WEAK 1
| #define HAVE_LONG_LONG 1
| #define F77_NAME_LOWER_USCORE 1
| #define STDCALL 
| #define HAVE_FORTRAN_BINDING 1
| #ifdef __cplusplus
| extern "C" void std::exit (int) throw (); using std::exit;
| #endif
| #define HAVE_CXX_EXCEPTIONS
| #define HAVE_NAMESPACES
| #define HAVE_NAMESPACE_STD
| #define HAVE_CXX_BINDING 1
| #define HAVE_NAMEPUB_SERVICE 1
| #define restrict __restrict
| #define HAVE_GCC_ATTRIBUTE 1
| #define WORDS_LITTLEENDIAN 1
| #define HAVE_LONG_DOUBLE 1
| #define HAVE_LONG_LONG_INT 1
| #define HAVE_MAX_INTEGER_ALIGNMENT 4
| #define HAVE_MAX_STRUCT_ALIGNMENT 4
| #define HAVE_MAX_FP_ALIGNMENT 4
| #define HAVE_SYS_TYPES_H 1
| #define HAVE_SYS_STAT_H 1
| #define HAVE_STDLIB_H 1
| #define HAVE_STRING_H 1
| #define HAVE_MEMORY_H 1
| #define HAVE_STRINGS_H 1
| #define HAVE_INTTYPES_H 1
| #define HAVE_STDINT_H 1
| #define HAVE_UNISTD_H 1
| #define SIZEOF_CHAR 1
| #define SIZEOF_SHORT 2
| #define SIZEOF_INT 4
| #define SIZEOF_LONG 4
| #define SIZEOF_LONG_LONG 8
| #define SIZEOF_FLOAT 4
| #define SIZEOF_DOUBLE 8
| #define SIZEOF_LONG_DOUBLE 12
| #define SIZEOF_WCHAR_T 4
| #define SIZEOF_VOID_P 4
| #define HAVE_SYS_BITYPES_H 1
| #define HAVE_INT16_T 1
| #define HAVE_INT32_T 1
| #define HAVE_INT64_T 1
| #define MPIR_REAL4_CTYPE float
| #define MPIR_REAL8_CTYPE double
| #define MPIR_INTEGER1_CTYPE char
| #define MPIR_INTEGER2_CTYPE short
| #define MPIR_INTEGER4_CTYPE int
| #define MPIR_INTEGER8_CTYPE long long
| #define SIZEOF_F77_INTEGER 0
| #define SIZEOF_F77_REAL 0
| #define SIZEOF_F77_DOUBLE_PRECISION 0
| #define HAVE_AINT_LARGER_THAN_FINT 1
| #define HAVE_FINT_IS_INT 1
| /* end confdefs.h.  */
| #include <ac_nonexistent.h>
configure:24200: result: gcc -E
configure:24224: gcc -E  conftest.c
configure:24230: $? = 0
configure:24262: gcc -E  conftest.c
conftest.c:73:28: error: ac_nonexistent.h: No such file or directory
configure:24268: $? = 1
configure: failed program was:
| /* confdefs.h.  */
| 
| #define PACKAGE_NAME ""
| #define PACKAGE_TARNAME ""
| #define PACKAGE_VERSION ""
| #define PACKAGE_STRING ""
| #define PACKAGE_BUGREPORT ""
| #define HAVE_ERROR_CHECKING MPID_ERROR_LEVEL_ALL
| #define MPICH_ERROR_MSG_LEVEL MPICH_ERROR_MSG_ALL
| #define USE_LOGGING MPID_LOGGING_NONE
| #define HAVE_RUNTIME_THREADCHECK 1
| #define MPICH_THREAD_LEVEL MPI_THREAD_MULTIPLE
| #define USE_THREAD_IMPL MPICH_THREAD_IMPL_GLOBAL_MUTEX
| #define HAVE_ROMIO 1
| #define HAVE_PRAGMA_WEAK 1
| #define USE_WEAK_SYMBOLS 1
| #define HAVE_MULTIPLE_PRAGMA_WEAK 1
| #define HAVE_LONG_LONG 1
| #define F77_NAME_LOWER_USCORE 1
| #define STDCALL 
| #define HAVE_FORTRAN_BINDING 1
| #ifdef __cplusplus
| extern "C" void std::exit (int) throw (); using std::exit;
| #endif
| #define HAVE_CXX_EXCEPTIONS
| #define HAVE_NAMESPACES
| #define HAVE_NAMESPACE_STD
| #define HAVE_CXX_BINDING 1
| #define HAVE_NAMEPUB_SERVICE 1
| #define restrict __restrict
| #define HAVE_GCC_ATTRIBUTE 1
| #define WORDS_LITTLEENDIAN 1
| #define HAVE_LONG_DOUBLE 1
| #define HAVE_LONG_LONG_INT 1
| #define HAVE_MAX_INTEGER_ALIGNMENT 4
| #define HAVE_MAX_STRUCT_ALIGNMENT 4
| #define HAVE_MAX_FP_ALIGNMENT 4
| #define HAVE_SYS_TYPES_H 1
| #define HAVE_SYS_STAT_H 1
| #define HAVE_STDLIB_H 1
| #define HAVE_STRING_H 1
| #define HAVE_MEMORY_H 1
| #define HAVE_STRINGS_H 1
| #define HAVE_INTTYPES_H 1
| #define HAVE_STDINT_H 1
| #define HAVE_UNISTD_H 1
| #define SIZEOF_CHAR 1
| #define SIZEOF_SHORT 2
| #define SIZEOF_INT 4
| #define SIZEOF_LONG 4
| #define SIZEOF_LONG_LONG 8
| #define SIZEOF_FLOAT 4
| #define SIZEOF_DOUBLE 8
| #define SIZEOF_LONG_DOUBLE 12
| #define SIZEOF_WCHAR_T 4
| #define SIZEOF_VOID_P 4
| #define HAVE_SYS_BITYPES_H 1
| #define HAVE_INT16_T 1
| #define HAVE_INT32_T 1
| #define HAVE_INT64_T 1
| #define MPIR_REAL4_CTYPE float
| #define MPIR_REAL8_CTYPE double
| #define MPIR_INTEGER1_CTYPE char
| #define MPIR_INTEGER2_CTYPE short
| #define MPIR_INTEGER4_CTYPE int
| #define MPIR_INTEGER8_CTYPE long long
| #define SIZEOF_F77_INTEGER 0
| #define SIZEOF_F77_REAL 0
| #define SIZEOF_F77_DOUBLE_PRECISION 0
| #define HAVE_AINT_LARGER_THAN_FINT 1
| #define HAVE_FINT_IS_INT 1
| /* end confdefs.h.  */
| #include <ac_nonexistent.h>
configure:24333: gcc -E conftest.c >/dev/null 2>conftest.out
configure:24336: $? = 0
configure:24435: gcc -o conftest  -O2   conftest.c  >&5
configure:24438: $? = 0
configure:24479: f90 -o conftest  -O2  conftest.f  >&5
configure:24482: $? = 0
configure:24526: c++ -o conftest  -O2   conftest.cc  >&5
configure:24529: $? = 0
configure:2324: f90 -o conftest  -O2  conftest.f90  >&5
configure:24865: error: Unable to determine Fortran integer kinds for MPI types.  If you do not need Fortran 90, add --disable-f90 to the configure options.  If you need Fortran 90, please send the output of configure and the file config.log to mpich2-maint@mcs.anl.gov .

## ---------------- ##
## Cache variables. ##
## ---------------- ##

ac_cv_c_bigendian=no
ac_cv_c_compiler_gnu=yes
ac_cv_c_const=yes
ac_cv_c_inline=inline
ac_cv_cxx_bool=yes
ac_cv_cxx_compiler_gnu=yes
ac_cv_cxx_exceptions=yes
ac_cv_cxx_namespace_std=yes
ac_cv_cxx_namespaces=yes
ac_cv_env_CC_set=
ac_cv_env_CC_value=
ac_cv_env_CFLAGS_set=
ac_cv_env_CFLAGS_value=
ac_cv_env_CPPFLAGS_set=
ac_cv_env_CPPFLAGS_value=
ac_cv_env_CPP_set=
ac_cv_env_CPP_value=
ac_cv_env_CXXCPP_set=
ac_cv_env_CXXCPP_value=
ac_cv_env_CXXFLAGS_set=
ac_cv_env_CXXFLAGS_value=
ac_cv_env_CXX_set=
ac_cv_env_CXX_value=
ac_cv_env_F77_set=
ac_cv_env_F77_value=
ac_cv_env_F90FLAGS_set=
ac_cv_env_F90FLAGS_value=
ac_cv_env_F90_set=
ac_cv_env_F90_value=
ac_cv_env_FFLAGS_set=
ac_cv_env_FFLAGS_value=
ac_cv_env_LDFLAGS_set=
ac_cv_env_LDFLAGS_value=
ac_cv_env_MPICH2LIB_CFLAGS_set=
ac_cv_env_MPICH2LIB_CFLAGS_value=
ac_cv_env_MPICH2LIB_CXXFLAGS_set=
ac_cv_env_MPICH2LIB_CXXFLAGS_value=
ac_cv_env_MPICH2LIB_F90FLAGS_set=
ac_cv_env_MPICH2LIB_F90FLAGS_value=
ac_cv_env_MPICH2LIB_FFLAGS_set=
ac_cv_env_MPICH2LIB_FFLAGS_value=
ac_cv_env_build_alias_set=
ac_cv_env_build_alias_value=
ac_cv_env_host_alias_set=
ac_cv_env_host_alias_value=
ac_cv_env_target_alias_set=
ac_cv_env_target_alias_value=
ac_cv_exeext=
ac_cv_f77_compiler_gnu=yes
ac_cv_f77_libs=' -L/usr/share/fortran/irun/bin/../lib/gcc/i586-pc-linux-gnu/4.4.0 -L/usr/share/fortran/irun/bin/../lib/gcc -L/usr/share/fortran/irun/bin/../lib/gcc/i586-pc-linux-gnu/4.4.0/../../.. -lgfortranbegin -lgfortran -lm -lgcc_s'
ac_cv_f90_compiler_gnu=yes
ac_cv_header_inttypes_h=yes
ac_cv_header_memory_h=yes
ac_cv_header_stdc=no
ac_cv_header_stdint_h=yes
ac_cv_header_stdlib_h=yes
ac_cv_header_string_h=yes
ac_cv_header_strings_h=yes
ac_cv_header_sys_bitypes_h=yes
ac_cv_header_sys_stat_h=yes
ac_cv_header_sys_types_h=yes
ac_cv_header_unistd_h=yes
ac_cv_objext=o
ac_cv_path_BASH=/bin/sh
ac_cv_path_DOCTEXT=false
ac_cv_path_PERL=/usr/bin/perl
ac_cv_path_install='/usr/bin/install -c'
ac_cv_prog_AR=ar
ac_cv_prog_CPP='gcc -E'
ac_cv_prog_CXX=c++
ac_cv_prog_KILLALL=killall
ac_cv_prog_MAKE=make
ac_cv_prog_RANLIB=ranlib
ac_cv_prog_ac_ct_CC=gcc
ac_cv_prog_ac_ct_F77=f90
ac_cv_prog_ac_ct_F90=f90
ac_cv_prog_cc_cross=
ac_cv_prog_cc_g=yes
ac_cv_prog_cc_stdc=
ac_cv_prog_cc_works=yes
ac_cv_prog_cxx_cross=
ac_cv_prog_cxx_g=yes
ac_cv_prog_cxx_works=yes
ac_cv_prog_egrep='grep -E'
ac_cv_prog_f77_cross=
ac_cv_prog_f77_g=yes
ac_cv_prog_f77_v=-v
ac_cv_prog_f77_works=yes
ac_cv_prog_f90_cross=yes
ac_cv_prog_f90_g=yes
ac_cv_prog_f90_works=yes
ac_cv_prog_install_breaks_libs=no
ac_cv_sizeof_char=1
ac_cv_sizeof_double=8
ac_cv_sizeof_float=4
ac_cv_sizeof_int=4
ac_cv_sizeof_long=4
ac_cv_sizeof_long_double=12
ac_cv_sizeof_long_long=8
ac_cv_sizeof_short=2
ac_cv_sizeof_void_p=4
ac_cv_sizeof_wchar_t=4
ac_cv_type_char=yes
ac_cv_type_double=yes
ac_cv_type_float=yes
ac_cv_type_int=yes
ac_cv_type_long=yes
ac_cv_type_long_double=yes
ac_cv_type_long_long=yes
ac_cv_type_short=yes
ac_cv_type_void_p=yes
ac_cv_type_wchar_t=yes
pac_cv_attr_weak=yes
pac_cv_c_double_alignment_exception=no
pac_cv_c_double_pos_align=no
pac_cv_c_fp_align_nr=4
pac_cv_c_llint_pos_align=no
pac_cv_c_max_double_fp_align=four
pac_cv_c_max_fp_align=four
pac_cv_c_max_integer_align=four
pac_cv_c_max_longdouble_fp_align=four
pac_cv_c_restrict=__restrict
pac_cv_c_struct_align_nr=4
pac_cv_c_volatile=yes
pac_cv_cc_has___func__=yes
pac_cv_cxx_builds_exe=yes
pac_cv_cxx_has_iostream=yes
pac_cv_cxx_has_math=no
pac_cv_f77_flibs_valid=yes
pac_cv_f77_sizeof_double_precision=0
pac_cv_f77_sizeof_integer=0
pac_cv_f77_sizeof_real=0
pac_cv_f90_accepts_F90=yes
pac_cv_f90_ext=f90
pac_cv_f90_ext_f90=yes
pac_cv_f90_module_case=lower
pac_cv_f90_module_ext=mod
pac_cv_f90_module_incflag=-I
pac_cv_f90_vendor=gnu
pac_cv_fort_accepts_F=yes
pac_cv_fort_integer1=yes
pac_cv_fort_integer16=no
pac_cv_fort_integer2=yes
pac_cv_fort_integer4=yes
pac_cv_fort_integer8=yes
pac_cv_fort_real16=no
pac_cv_fort_real4=yes
pac_cv_fort_real8=yes
pac_cv_gnu_attr_format=yes
pac_cv_gnu_attr_pure=yes
pac_cv_have_long_double=yes
pac_cv_have_long_long=yes
pac_cv_int16_t=yes
pac_cv_int32_t=yes
pac_cv_int64_t=yes
pac_cv_mkdir_p=yes
pac_cv_my_conf_dir=/root/Desktop/mpich2-1.0.7
pac_cv_pointers_have_int_alignment=yes
pac_cv_prog_TESTCPP='gcc -E'
pac_cv_prog_c_multiple_weak_symbols=yes
pac_cv_prog_c_unaligned_doubles=yes
pac_cv_prog_c_weak_symbols='pragma weak'
pac_cv_prog_f77_and_c_stdio_libs=none
pac_cv_prog_f77_exclaim_comments=yes
pac_cv_prog_f77_has_incdir=-I
pac_cv_prog_f77_library_dir_flag=-L
pac_cv_prog_f77_name_mangle='lower underscore'
pac_cv_prog_f90_and_c_stdio_libs=none
pac_cv_prog_f90_cross=yes
pac_cv_prog_f90_works=yes
pac_cv_prog_make_allows_comments=yes
pac_cv_prog_make_found_clock_skew=no
pac_cv_prog_make_include=yes
pac_cv_prog_make_set_cflags=no
pac_cv_prog_make_vpath=VPATH
pac_cv_sizeof_2_int=8
pac_cv_sizeof_double_int=12
pac_cv_sizeof_float_int=8
pac_cv_sizeof_long_double_int=16
pac_cv_sizeof_long_int=8
pac_cv_sizeof_mpi_status=20
pac_cv_sizeof_short_int=6
pac_cv_test_stdcall=

## ----------------- ##
## Output variables. ##
## ----------------- ##

ABIVERSION='1:1'
ADDRESS_KIND='0'
ALLOCA=''
AR='ar'
BASH='/bin/sh'
BSEND_OVERHEAD=''
BUILD_BASH_SCRIPTS='yes'
BUILD_DLLS='no'
BUILD_TVDLL='no'
CC='gcc'
CC_SHL='true'
CC_SHL_DBG=''
CFLAGS=' -O2'
CONFIGURE_ARGS_CLEAN='--enable-f90 --prefix=/home/you/mpich2-install'
CONFIGURE_ARGUMENTS=''--enable-f90' '--prefix=/home/you/mpich2-install''
CPP='gcc -E'
CPPFLAGS=''
CREATESHLIB='false'
CXX='c++'
CXXCPP=''
CXXFLAGS=' -O2'
CXX_DEFS=' -DHAVE_CXX_IOSTREAM -DHAVE_NAMESPACE_STD'
CXX_LINKPATH_SHL=''
CXX_SHL='false'
C_LINKPATH_SHL=''
C_LINK_SHL='true'
C_LINK_SHL_DBG=''
DEFS=''
DEVICE='ch3'
DEVICE_ARGS=''
DEVICE_NAME='ch3'
DLLIMPORT=''
DOCTEXT='false'
DOCTEXTSTYLE=''
ECHO_C=''
ECHO_N='-n'
ECHO_T=''
EGREP='grep -E'
ENABLE_SHLIB='none'
ETAGS='true'
ETAGSADD=''
EXEEXT=''
EXTERNAL_SRC_DIRS=''
EXTRA_STATUS_DECL=''
F77='f90'
F77CPP=''
F77_COMPLEX16='1275072554'
F77_COMPLEX32='MPI_DATATYPE_NULL'
F77_COMPLEX8='1275070504'
F77_INCDIR='-I'
F77_INTEGER16='MPI_DATATYPE_NULL'
F77_INTEGER1='1275068717'
F77_INTEGER2='1275068975'
F77_INTEGER4='1275069488'
F77_INTEGER8='1275070513'
F77_IN_C_LIBS=''
F77_LIBDIR_LEADER='-L'
F77_NAME_MANGLE='F77_NAME_LOWER_USCORE'
F77_OTHER_LIBS=''
F77_REAL16='MPI_DATATYPE_NULL'
F77_REAL4='1275069479'
F77_REAL8='1275070505'
F90='f90'
F90CPP=''
F90EXT='f90'
F90FLAGS=' -O2'
F90INC='-I'
F90INCFLAG='-I'
F90MODEXT='mod'
F90MODINCFLAG='-I'
F90MODINCSPEC=''
F90_LINKPATH_SHL=''
F90_OTHER_LIBS=''
F90_SHL=''
F90_WORK_FILES_ARG=''
FC='f90'
FC_LINKPATH_SHL=''
FC_SHL='false'
FFLAGS=' -O2'
FINCLUDES='-I/root/Desktop/mpich2-1.0.7/src'
FLIBS=' -L/usr/share/fortran/irun/bin/../lib/gcc/i586-pc-linux-gnu/4.4.0 -L/usr/share/fortran/irun/bin/../lib/gcc -L/usr/share/fortran/irun/bin/../lib/gcc/i586-pc-linux-gnu/4.4.0/../../.. -lgfortranbegin -lgfortran -lm -lgcc_s'
FORTRAN_BINDING='1'
FORTRAN_MPI_OFFSET=''
FWRAPNAME='fmpich'
GCC='yes'
GNUC_MINORVERSION='1'
GNUC_VERSION='4'
HAVE_CXX_EXCEPTIONS='1'
HAVE_ROMIO='#include "mpio.h"'
INCLUDE_MPICXX_H='#include "mpicxx.h"'
INCLUDE_MPIDDEFS_H='/* ... no device specific definitions ... */'
INSTALL_DATA='${INSTALL} -m 644'
INSTALL_PROGRAM='${INSTALL}'
INSTALL_SCRIPT='${INSTALL}'
INT16_T=''
INT32_T=''
INT64_T=''
KILLALL='killall'
LDFLAGS=''
LIBOBJS=''
LIBS=''
LIBTOOL=''
LTLIBOBJS=''
MAKE='make'
MAKE_DEPEND_C='gcc -MM'
MANY_PM='no'
MKDIR_P='mkdir -p'
MPE_THREAD_LIB_NAME=''
MPIBASEMODNAME='mpi_base'
MPICC=''
MPICH2LIB_CFLAGS=''
MPICH2LIB_CXXFLAGS=''
MPICH2LIB_F90FLAGS=''
MPICH2LIB_FFLAGS=''
MPICH_TIMER_KIND=''
MPICONSTMODNAME='mpi_constants'
MPICXX=''
MPICXXLIBNAME='mpichcxx'
MPID_TIMER_TYPE=''
MPIF77=''
MPIF90=''
MPIFLIBNAME='mpich'
MPIFPMPI=',PMPI_WTIME,PMPI_WTICK'
MPILIBNAME='mpich'
MPIMODNAME='mpi'
MPIR_CXX_BOOL='0x0c000000'
MPIR_CXX_COMPLEX='0x0c000000'
MPIR_CXX_DOUBLE_COMPLEX='0x0c000000'
MPIR_CXX_LONG_DOUBLE_COMPLEX='0x0c000000'
MPISIZEOFMODNAME='mpi_sizeofs'
MPIU_DLL_SPEC_DEF=''
MPI_2COMPLEX='1275072548'
MPI_2DOUBLE_COMPLEX='1275068453'
MPI_2DOUBLE_PRECISION='1275072547'
MPI_2INT='0x4c000816'
MPI_2INTEGER='1275070496'
MPI_2REAL='1275070497'
MPI_AINT=''
MPI_AINT_FMT_DEC_SPEC=''
MPI_AINT_FMT_HEX_SPEC=''
MPI_BYTE='0x4c00010d'
MPI_CHAR='0x4c000101'
MPI_CHARACTER='1275068698'
MPI_COMPLEX16='0x4c00102a'
MPI_COMPLEX32='MPI_DATATYPE_NULL'
MPI_COMPLEX8='0x4c000828'
MPI_COMPLEX='1275070494'
MPI_DOUBLE='0x4c00080b'
MPI_DOUBLE_COMPLEX='1275072546'
MPI_DOUBLE_INT='0x8c000001'
MPI_DOUBLE_PRECISION='1275070495'
MPI_F77_BYTE='1275068685'
MPI_F77_LB='1275068432'
MPI_F77_PACKED='1275068687'
MPI_F77_UB='1275068433'
MPI_FINT='int'
MPI_FLOAT='0x4c00040a'
MPI_FLOAT_INT='0x8c000000'
MPI_INT='0x4c000405'
MPI_INTEGER16='MPI_DATATYPE_NULL'
MPI_INTEGER1='0x4c00012d'
MPI_INTEGER2='0x4c00022f'
MPI_INTEGER4='0x4c000430'
MPI_INTEGER8='0x4c000831'
MPI_INTEGER='1275069467'
MPI_LB='0x4c000010'
MPI_LOGICAL='1275069469'
MPI_LONG='0x4c000407'
MPI_LONG_DOUBLE='0x4c000c0c'
MPI_LONG_DOUBLE_INT='0x8c000004'
MPI_LONG_INT='0x8c000002'
MPI_LONG_LONG='0x4c000809'
MPI_MAX_PROCESSOR_NAME=''
MPI_OFFSET=''
MPI_OFFSET_TYPEDEF=''
MPI_PACKED='0x4c00010f'
MPI_REAL16='MPI_DATATYPE_NULL'
MPI_REAL4='0x4c000427'
MPI_REAL8='0x4c000829'
MPI_REAL='1275069468'
MPI_SHORT='0x4c000203'
MPI_SHORT_INT='0x8c000003'
MPI_SIGNED_CHAR='0x4c000118'
MPI_STATUS_SIZE='5'
MPI_UB='0x4c000011'
MPI_UNSIGNED_CHAR='0x4c000102'
MPI_UNSIGNED_INT='0x4c000406'
MPI_UNSIGNED_LONG='0x4c000408'
MPI_UNSIGNED_LONG_LONG='0x4c000819'
MPI_UNSIGNED_SHORT='0x4c000204'
MPI_WCHAR='0x4c00040e'
NEEDSPLIB='no'
NO_WEAK_SYM=''
NO_WEAK_SYM_TARGET='build_proflib'
NUMVERSION='10007300'
OBJEXT='o'
OFFSET_KIND='0'
PACKAGE_BUGREPORT=''
PACKAGE_NAME=''
PACKAGE_STRING=''
PACKAGE_TARNAME=''
PACKAGE_VERSION=''
PATH_SEPARATOR=':'
PERL='/usr/bin/perl'
PMPIFLIBNAME='pmpich'
PMPILIBNAME='pmpich'
PROFILE_DEF_MPI=''
RANLIB='ranlib'
RANLIB_AFTER_INSTALL='no'
RELEASE_DATE='Unknown, built on Thu Sep  4 16:55:51 EDT 2008'
REQD=''
SET_CFLAGS=''
SET_MAKE='MAKE=make'
SHELL='/bin/sh'
SHLIB_EXT='so'
SHLIB_FROM_LO='no'
SHLIB_INSTALL='$(INSTALL_PROGRAM)'
SIZEOF_F90_CHARACTER=''
SIZEOF_F90_DOUBLE_PRECISION=''
SIZEOF_F90_INTEGER=''
SIZEOF_F90_REAL=''
SIZEOF_MPI_STATUS='20'
TESTCPP='gcc -E'
THR_CFLAGS=''
THR_CPPFLAGS=''
THR_DEFS=''
THR_LDFLAGS=''
THR_LIBS=''
VERSION='1.0.7'
VPATH='VPATH=.:${srcdir}'
WRAPPER_CFLAGS=''
WRAPPER_CXXFLAGS=''
WRAPPER_F90FLAGS=''
WRAPPER_FFLAGS=''
WRAPPER_LDFLAGS=''
XARGS_NODATA_OPT='-r'
ac_ct_CC='gcc'
ac_ct_CXX=''
ac_ct_F77='f90'
ac_ct_F90='f90'
ac_ct_RANLIB=''
bindings=' f77 f90 cxx'
bindings_dirs=' src/binding/f77 src/binding/f90 src/binding/cxx'
bindir='${exec_prefix}/bin'
build_alias=''
datadir='${prefix}/share'
debugger_dir=''
device_name='ch3'
docdir='${prefix}/doc'
exec_prefix='NONE'
host_alias=''
htmldir='${prefix}/www'
includedir='${prefix}/include'
infodir='${prefix}/info'
libdir='${exec_prefix}/lib'
libexecdir='${exec_prefix}/libexec'
localstatedir='${prefix}/var'
logging_dir=''
logging_name='none'
logging_subdirs=''
mandir='${prefix}/man'
master_top_builddir='/root/Desktop/mpich2-1.0.7'
master_top_srcdir='/root/Desktop/mpich2-1.0.7'
modincdir='${prefix}/include'
mpe_dir='mpe2'
nameserv_name='mpd'
oldincludedir='/usr/include'
other_install_dirs=' src/pm/mpd src/mpe2'
other_pm_names=''
pac_prog=''
pm_name='mpd'
pmi_name='simple'
prefix='/home/you/mpich2-install'
program_transform_name='s,x,x,'
romio_dir='romio'
sbindir='${exec_prefix}/sbin'
sharedstatedir='${prefix}/com'
subdirs=''
subsystems=' src/mpi/romio src/pmi/simple src/pm/mpd src/mpe2'
sysconfdir='${prefix}/etc'
target_alias=''

## ------------- ##
## Output files. ##
## ------------- ##

MPE_THREAD_FUNCS=''
MPE_THREAD_TYPEDEFS=''

## ----------- ##
## confdefs.h. ##
## ----------- ##

#define F77_NAME_LOWER_USCORE 1
#define HAVE_AINT_LARGER_THAN_FINT 1
#define HAVE_CXX_BINDING 1
#define HAVE_CXX_EXCEPTIONS
#define HAVE_ERROR_CHECKING MPID_ERROR_LEVEL_ALL
#define HAVE_FINT_IS_INT 1
#define HAVE_FORTRAN_BINDING 1
#define HAVE_GCC_ATTRIBUTE 1
#define HAVE_INT16_T 1
#define HAVE_INT32_T 1
#define HAVE_INT64_T 1
#define HAVE_INTTYPES_H 1
#define HAVE_LONG_DOUBLE 1
#define HAVE_LONG_LONG 1
#define HAVE_LONG_LONG_INT 1
#define HAVE_MAX_FP_ALIGNMENT 4
#define HAVE_MAX_INTEGER_ALIGNMENT 4
#define HAVE_MAX_STRUCT_ALIGNMENT 4
#define HAVE_MEMORY_H 1
#define HAVE_MULTIPLE_PRAGMA_WEAK 1
#define HAVE_NAMEPUB_SERVICE 1
#define HAVE_NAMESPACES
#define HAVE_NAMESPACE_STD
#define HAVE_PRAGMA_WEAK 1
#define HAVE_ROMIO 1
#define HAVE_RUNTIME_THREADCHECK 1
#define HAVE_STDINT_H 1
#define HAVE_STDLIB_H 1
#define HAVE_STRINGS_H 1
#define HAVE_STRING_H 1
#define HAVE_SYS_BITYPES_H 1
#define HAVE_SYS_STAT_H 1
#define HAVE_SYS_TYPES_H 1
#define HAVE_UNISTD_H 1
#define MPICH_ERROR_MSG_LEVEL MPICH_ERROR_MSG_ALL
#define MPICH_THREAD_LEVEL MPI_THREAD_MULTIPLE
#define MPIR_INTEGER1_CTYPE char
#define MPIR_INTEGER2_CTYPE short
#define MPIR_INTEGER4_CTYPE int
#define MPIR_INTEGER8_CTYPE long long
#define MPIR_REAL4_CTYPE float
#define MPIR_REAL8_CTYPE double
#define PACKAGE_BUGREPORT ""
#define PACKAGE_NAME ""
#define PACKAGE_STRING ""
#define PACKAGE_TARNAME ""
#define PACKAGE_VERSION ""
#define SIZEOF_CHAR 1
#define SIZEOF_DOUBLE 8
#define SIZEOF_F77_DOUBLE_PRECISION 0
#define SIZEOF_F77_INTEGER 0
#define SIZEOF_F77_REAL 0
#define SIZEOF_FLOAT 4
#define SIZEOF_INT 4
#define SIZEOF_LONG 4
#define SIZEOF_LONG_DOUBLE 12
#define SIZEOF_LONG_LONG 8
#define SIZEOF_SHORT 2
#define SIZEOF_VOID_P 4
#define SIZEOF_WCHAR_T 4
#define STDCALL 
#define USE_LOGGING MPID_LOGGING_NONE
#define USE_THREAD_IMPL MPICH_THREAD_IMPL_GLOBAL_MUTEX
#define USE_WEAK_SYMBOLS 1
#define WORDS_LITTLEENDIAN 1
#define restrict __restrict
#endif
#ifdef __cplusplus
extern "C" void std::exit (int) throw (); using std::exit;

configure: exit 1