This file contains any messages produced by compilers while
running configure, to aid debugging if configure makes a mistake.

It was created by configure, which was
generated by GNU Autoconf 2.59.  Invocation command line was

  $ /home/Jonas/libraries/mpich2-1.0.7/configure -prefix=/home/Jonas/mpich2-install

## --------- ##
## Platform. ##
## --------- ##

hostname = martinim
uname -m = i686
uname -r = 1.5.25(0.156/4/2)
uname -s = CYGWIN_NT-5.1
uname -v = 2008-06-12 19:34

/usr/bin/uname -p = unknown
/bin/uname -X     = unknown

/bin/arch              = i686
/usr/bin/arch -k       = unknown
/usr/convex/getsysinfo = unknown
hostinfo               = unknown
/bin/machine           = unknown
/usr/bin/oslevel       = unknown
/bin/universe          = unknown

PATH: ./
PATH: /usr/local/bin/mpich2-install/bin
PATH: /usr/local/bin
PATH: /usr/bin
PATH: /bin
PATH: /usr/X11R6/bin
PATH: /cygdrive/c/Programme/RSA SecurID Token Common
PATH: /cygdrive/c/WINDOWS/system32
PATH: /cygdrive/c/WINDOWS
PATH: /cygdrive/c/WINDOWS/System32/Wbem
PATH: /cygdrive/c/Programme/Gemeinsame Dateien/Lenovo
PATH: /cygdrive/c/Programme/Intel/Wireless/Bin/
PATH: /cygdrive/c/Programme/ThinkPad/ConnectUtilities


## ----------- ##
## Core tests. ##
## ----------- ##

configure:3163: checking for gcc
configure:3179: found /usr/bin/gcc
configure:3189: result: gcc
configure:3433: checking for C compiler version
configure:3436: gcc --version </dev/null >&5
gcc (GCC) 3.4.4 (cygming special, gdc 0.12, using dmd 0.125)
Copyright (C) 2004 Free Software Foundation, Inc.
This is free software; see the source for copying conditions.  There is NO
warranty; not even for MERCHANTABILITY or FITNESS FOR A PARTICULAR PURPOSE.

configure:3439: $? = 0
configure:3441: gcc -v </dev/null >&5
Reading specs from /usr/lib/gcc/i686-pc-cygwin/3.4.4/specs
Configured with: /usr/build/package/orig/test.respin/gcc-3.4.4-3/configure --verbose --prefix=/usr --exec-prefix=/usr --sysconfdir=/etc --libdir=/usr/lib --libexecdir=/usr/lib --mandir=/usr/share/man --infodir=/usr/share/info --enable-languages=c,ada,c++,d,f77,pascal,java,objc --enable-nls --without-included-gettext --enable-version-specific-runtime-libs --without-x --enable-libgcj --disable-java-awt --with-system-zlib --enable-interpreter --disable-libgcj-debug --enable-threads=posix --enable-java-gc=boehm --disable-win32-registry --enable-sjlj-exceptions --enable-hash-synchronization --enable-libstdcxx-debug
Thread model: posix
gcc version 3.4.4 (cygming special, gdc 0.12, using dmd 0.125)
configure:3444: $? = 0
configure:3446: gcc -V </dev/null >&5
gcc: `-V' option must have argument
configure:3449: $? = 1
configure:3472: checking for C compiler default output file name
configure:3475: gcc    conftest.c  >&5
configure:3478: $? = 0
configure:3524: result: a.exe
configure:3529: checking whether the C compiler works
configure:3535: ./a.exe
configure:3538: $? = 0
configure:3555: result: yes
configure:3562: checking whether we are cross compiling
configure:3564: result: no
configure:3567: checking for suffix of executables
configure:3569: gcc -o conftest.exe    conftest.c  >&5
configure:3572: $? = 0
configure:3597: result: .exe
configure:3603: checking for suffix of object files
configure:3624: gcc -c   conftest.c >&5
configure:3627: $? = 0
configure:3649: result: o
configure:3653: checking whether we are using the GNU C compiler
configure:3677: gcc -c   conftest.c >&5
configure:3683: $? = 0
configure:3686: test -z 			 || test ! -s conftest.err
configure:3689: $? = 0
configure:3692: test -s conftest.o
configure:3695: $? = 0
configure:3708: result: yes
configure:3714: checking whether gcc accepts -g
configure:3735: gcc -c -g  conftest.c >&5
configure:3741: $? = 0
configure:3744: test -z 			 || test ! -s conftest.err
configure:3747: $? = 0
configure:3750: test -s conftest.o
configure:3753: $? = 0
configure:3764: result: yes
configure:3781: checking for gcc option to accept ANSI C
configure:3851: gcc  -c -g -O2  conftest.c >&5
configure:3857: $? = 0
configure:3860: test -z 			 || test ! -s conftest.err
configure:3863: $? = 0
configure:3866: test -s conftest.o
configure:3869: $? = 0
configure:3887: result: none needed
configure:3905: gcc -c -g -O2  conftest.c >&5
conftest.c:2: error: parse error before "me"
configure:3911: $? = 1
configure: failed program was:
| #ifndef __cplusplus
|   choke me
| #endif
configure:4429: checking whether C compiler accepts option -O2
configure:4439: result: yes
configure:4441: checking whether routines compiled with -O2 can be linked with ones compiled without -O2
configure:4449: result: yes
configure:4668: checking for type of weak symbol support
configure:4697: gcc -o conftest.exe  -O2   conftest.c  >&5
conftest.c:17: warning: weak declaration of 'PFoo' not supported
configure:4703: $? = 0
configure:4706: test -z 			 || test ! -s conftest.err
configure:4709: $? = 0
configure:4712: test -s conftest.exe
configure:4715: $? = 0
configure:4806: gcc -o conftest.exe  -O2   conftest.c  >&5
/cygdrive/c/DOKUME~1/Jonas/LOKALE~1/Temp/ccm8sT5f.o:conftest.c:(.text+0x30): undefined reference to `_PFoo'
collect2: ld returned 1 exit status
configure:4812: $? = 1
configure: failed program was:
| /* confdefs.h.  */
| 
| #define PACKAGE_NAME ""
| #define PACKAGE_TARNAME ""
| #define PACKAGE_VERSION ""
| #define PACKAGE_STRING ""
| #define PACKAGE_BUGREPORT ""
| #define HAVE_ERROR_CHECKING MPID_ERROR_LEVEL_ALL
| #define MPICH_ERROR_MSG_LEVEL MPICH_ERROR_MSG_ALL
| #define USE_LOGGING MPID_LOGGING_NONE
| #define HAVE_RUNTIME_THREADCHECK 1
| #define MPICH_THREAD_LEVEL MPI_THREAD_MULTIPLE
| #define USE_THREAD_IMPL MPICH_THREAD_IMPL_GLOBAL_MUTEX
| #define HAVE_ROMIO 1
| /* end confdefs.h.  */
| 
| extern int PFoo(int);
| #pragma _HP_SECONDARY_DEF Foo  PFoo
| int Foo(int a) { return a; }
| 
| int
| main ()
| {
| return PFoo(1);
|   ;
|   return 0;
| }
configure:4856: gcc -o conftest.exe  -O2   conftest.c  >&5
/cygdrive/c/DOKUME~1/Jonas/LOKALE~1/Temp/ccmZoFnX.o:conftest.c:(.text+0x30): undefined reference to `_PFoo'
collect2: ld returned 1 exit status
configure:4862: $? = 1
configure: failed program was:
| /* confdefs.h.  */
| 
| #define PACKAGE_NAME ""
| #define PACKAGE_TARNAME ""
| #define PACKAGE_VERSION ""
| #define PACKAGE_STRING ""
| #define PACKAGE_BUGREPORT ""
| #define HAVE_ERROR_CHECKING MPID_ERROR_LEVEL_ALL
| #define MPICH_ERROR_MSG_LEVEL MPICH_ERROR_MSG_ALL
| #define USE_LOGGING MPID_LOGGING_NONE
| #define HAVE_RUNTIME_THREADCHECK 1
| #define MPICH_THREAD_LEVEL MPI_THREAD_MULTIPLE
| #define USE_THREAD_IMPL MPICH_THREAD_IMPL_GLOBAL_MUTEX
| #define HAVE_ROMIO 1
| /* end confdefs.h.  */
| 
| extern int PFoo(int);
| #pragma _CRI duplicate PFoo as Foo
| int Foo(int a) { return a; }
| 
| int
| main ()
| {
| return PFoo(1);
|   ;
|   return 0;
| }
configure:4893: result: no
configure:4920: checking whether __attribute__ ((weak)) allowed
configure:4942: gcc -c  -O2  conftest.c >&5
conftest.c:16: warning: weak declaration of 'foo' not supported
configure:4948: $? = 0
configure:4951: test -z 			 || test ! -s conftest.err
configure:4954: $? = 0
configure:4957: test -s conftest.o
configure:4960: $? = 0
configure:4971: result: yes
configure:5139: checking for g77
configure:5155: found /usr/bin/g77
configure:5165: result: g77
configure:5180: checking for Fortran 77 compiler version
configure:5183: g77 --version </dev/null >&5
GNU Fortran (GCC) 3.4.4 (cygming special, gdc 0.12, using dmd 0.125)
Copyright (C) 2004 Free Software Foundation, Inc.

GNU Fortran comes with NO WARRANTY, to the extent permitted by law.
You may redistribute copies of GNU Fortran
under the terms of the GNU General Public License.
For more information about these matters, see the file named COPYING
or type the command `info -f g77 Copying'.
configure:5186: $? = 0
configure:5188: g77 -v </dev/null >&5
Reading specs from /usr/lib/gcc/i686-pc-cygwin/3.4.4/specs
Configured with: /usr/build/package/orig/test.respin/gcc-3.4.4-3/configure --verbose --prefix=/usr --exec-prefix=/usr --sysconfdir=/etc --libdir=/usr/lib --libexecdir=/usr/lib --mandir=/usr/share/man --infodir=/usr/share/info --enable-languages=c,ada,c++,d,f77,pascal,java,objc --enable-nls --without-included-gettext --enable-version-specific-runtime-libs --without-x --enable-libgcj --disable-java-awt --with-system-zlib --enable-interpreter --disable-libgcj-debug --enable-threads=posix --enable-java-gc=boehm --disable-win32-registry --enable-sjlj-exceptions --enable-hash-synchronization --enable-libstdcxx-debug
Thread model: posix
gcc version 3.4.4 (cygming special, gdc 0.12, using dmd 0.125)
configure:5191: $? = 0
configure:5193: g77 -V </dev/null >&5
g77: `-V' option must have argument
configure:5196: $? = 1
configure:5204: checking whether we are using the GNU Fortran 77 compiler
configure:5218: g77 -c  conftest.F >&5
configure:5224: $? = 0
configure:5227: test -z 			 || test ! -s conftest.err
configure:5230: $? = 0
configure:5233: test -s conftest.o
configure:5236: $? = 0
configure:5249: result: yes
configure:5255: checking whether g77 accepts -g
configure:5267: g77 -c -g conftest.f >&5
configure:5273: $? = 0
configure:5276: test -z 			 || test ! -s conftest.err
configure:5279: $? = 0
configure:5282: test -s conftest.o
configure:5285: $? = 0
configure:5297: result: yes
configure:5571: checking whether Fortran 77 compiler accepts option -O2
configure:5587: g77  -o conftest conftest.f  >conftest.bas 2>&1
configure:5590: $? = 0
configure:5592: g77 -O2  -o conftest conftest.f  >conftest.out 2>&1
configure:5595: $? = 0
configure:5598: result: yes
configure:5600: checking whether routines compiled with -O2 can be linked with ones compiled without -O2
configure:5606: g77 -c  conftest2.f >conftest2.out 2>&1
configure:5609: $? = 0
configure:5611: g77 -O2  -o conftest conftest2.o conftest.f  >conftest.bas 2>&1
configure:5614: $? = 0
configure:5653: result: yes
configure:5837: checking how to get verbose linking output from g77
configure:5848: g77 -c  -O2 conftest.f >&5
configure:5854: $? = 0
configure:5857: test -z 			 || test ! -s conftest.err
configure:5860: $? = 0
configure:5863: test -s conftest.o
configure:5866: $? = 0
configure:5883: g77 -o conftest.exe  -O2 -v  conftest.f  >&5
Reading specs from /usr/lib/gcc/i686-pc-cygwin/3.4.4/specs
Configured with: /usr/build/package/orig/test.respin/gcc-3.4.4-3/configure --verbose --prefix=/usr --exec-prefix=/usr --sysconfdir=/etc --libdir=/usr/lib --libexecdir=/usr/lib --mandir=/usr/share/man --infodir=/usr/share/info --enable-languages=c,ada,c++,d,f77,pascal,java,objc --enable-nls --without-included-gettext --enable-version-specific-runtime-libs --without-x --enable-libgcj --disable-java-awt --with-system-zlib --enable-interpreter --disable-libgcj-debug --enable-threads=posix --enable-java-gc=boehm --disable-win32-registry --enable-sjlj-exceptions --enable-hash-synchronization --enable-libstdcxx-debug
Thread model: posix
gcc version 3.4.4 (cygming special, gdc 0.12, using dmd 0.125)
 /usr/lib/gcc/i686-pc-cygwin/3.4.4/f771.exe conftest.f -quiet -dumpbase conftest.f -mtune=pentiumpro -auxbase conftest -O2 -version -o /cygdrive/c/DOKUME~1/Jonas/LOKALE~1/Temp/ccGXUPMo.s
GNU F77 version 3.4.4 (cygming special, gdc 0.12, using dmd 0.125) (i686-pc-cygwin)
	compiled by GNU C version 3.4.4 (cygming special, gdc 0.12, using dmd 0.125).
GGC heuristics: --param ggc-min-expand=100 --param ggc-min-heapsize=131072
 /usr/lib/gcc/i686-pc-cygwin/3.4.4/../../../../i686-pc-cygwin/bin/as.exe -o /cygdrive/c/DOKUME~1/Jonas/LOKALE~1/Temp/ccemu8oH.o /cygdrive/c/DOKUME~1/Jonas/LOKALE~1/Temp/ccGXUPMo.s
 /usr/lib/gcc/i686-pc-cygwin/3.4.4/collect2.exe -Bdynamic --dll-search-prefix=cyg -o conftest.exe /usr/lib/gcc/i686-pc-cygwin/3.4.4/../../../crt0.o -L/usr/lib/gcc/i686-pc-cygwin/3.4.4 -L/usr/lib/gcc/i686-pc-cygwin/3.4.4 -L/usr/lib/gcc/i686-pc-cygwin/3.4.4/../../.. /cygdrive/c/DOKUME~1/Jonas/LOKALE~1/Temp/ccemu8oH.o -lfrtbegin -lg2c -lgcc -lcygwin -luser32 -lkernel32 -ladvapi32 -lshell32 -lgcc
configure:5938: result: -v
configure:5940: checking for Fortran libraries of g77
configure:5961: g77 -o conftest.exe  -O2 -v  conftest.f  >&5
Reading specs from /usr/lib/gcc/i686-pc-cygwin/3.4.4/specs
Configured with: /usr/build/package/orig/test.respin/gcc-3.4.4-3/configure --verbose --prefix=/usr --exec-prefix=/usr --sysconfdir=/etc --libdir=/usr/lib --libexecdir=/usr/lib --mandir=/usr/share/man --infodir=/usr/share/info --enable-languages=c,ada,c++,d,f77,pascal,java,objc --enable-nls --without-included-gettext --enable-version-specific-runtime-libs --without-x --enable-libgcj --disable-java-awt --with-system-zlib --enable-interpreter --disable-libgcj-debug --enable-threads=posix --enable-java-gc=boehm --disable-win32-registry --enable-sjlj-exceptions --enable-hash-synchronization --enable-libstdcxx-debug
Thread model: posix
gcc version 3.4.4 (cygming special, gdc 0.12, using dmd 0.125)
 /usr/lib/gcc/i686-pc-cygwin/3.4.4/f771.exe conftest.f -quiet -dumpbase conftest.f -mtune=pentiumpro -auxbase conftest -O2 -version -o /cygdrive/c/DOKUME~1/Jonas/LOKALE~1/Temp/ccW9cuFR.s
GNU F77 version 3.4.4 (cygming special, gdc 0.12, using dmd 0.125) (i686-pc-cygwin)
	compiled by GNU C version 3.4.4 (cygming special, gdc 0.12, using dmd 0.125).
GGC heuristics: --param ggc-min-expand=100 --param ggc-min-heapsize=131072
 /usr/lib/gcc/i686-pc-cygwin/3.4.4/../../../../i686-pc-cygwin/bin/as.exe -o /cygdrive/c/DOKUME~1/Jonas/LOKALE~1/Temp/ccI7CUty.o /cygdrive/c/DOKUME~1/Jonas/LOKALE~1/Temp/ccW9cuFR.s
 /usr/lib/gcc/i686-pc-cygwin/3.4.4/collect2.exe -Bdynamic --dll-search-prefix=cyg -o conftest.exe /usr/lib/gcc/i686-pc-cygwin/3.4.4/../../../crt0.o -L/usr/lib/gcc/i686-pc-cygwin/3.4.4 -L/usr/lib/gcc/i686-pc-cygwin/3.4.4 -L/usr/lib/gcc/i686-pc-cygwin/3.4.4/../../.. /cygdrive/c/DOKUME~1/Jonas/LOKALE~1/Temp/ccI7CUty.o -lfrtbegin -lg2c -lgcc -lcygwin -luser32 -lkernel32 -ladvapi32 -lshell32 -lgcc
configure:6122: result:  -L/usr/lib/gcc/i686-pc-cygwin/3.4.4 -L/usr/lib/gcc/i686-pc-cygwin/3.4.4/../../.. -lfrtbegin -lg2c -lcygwin -luser32 -lkernel32 -ladvapi32 -lshell32
configure:6138: checking whether g77 accepts the FLIBS found by autoconf
configure:6151: g77 -o conftest.exe  -O2  conftest.f  >&5
configure:6154: $? = 0
configure:6162: result: yes
configure:6198: checking whether C can link with  -L/usr/lib/gcc/i686-pc-cygwin/3.4.4 -L/usr/lib/gcc/i686-pc-cygwin/3.4.4/../../.. -lfrtbegin -lg2c -lcygwin -luser32 -lkernel32 -ladvapi32 -lshell32
configure:6219: gcc -o conftest.exe  -O2   conftest.c   -L/usr/lib/gcc/i686-pc-cygwin/3.4.4 -L/usr/lib/gcc/i686-pc-cygwin/3.4.4/../../.. -lfrtbegin -lg2c -lcygwin -luser32 -lkernel32 -ladvapi32 -lshell32 >&5
configure:6225: $? = 0
configure:6228: test -z 			 || test ! -s conftest.err
configure:6231: $? = 0
configure:6234: test -s conftest.exe
configure:6237: $? = 0
configure:6249: result: yes
configure:6347: gcc -c  -O2  conftest.c >&5
configure:6353: $? = 0
configure:6356: test -z 			 || test ! -s conftest.err
configure:6359: $? = 0
configure:6362: test -s conftest.o
configure:6365: $? = 0
configure:6378: checking for linker for Fortran main programs
configure:6388: gcc -c  -O2  conftest.c >&5
configure:6391: $? = 0
configure:6410: g77 -c  -O2 conftest.f >&5
configure:6413: $? = 0
configure:6421: result: Use Fortran to link programs
configure:6446: checking for Fortran 77 name mangling
configure:6471: g77 -c  -O2 conftest.f 1>&5
configure:6474: $? = 0
configure:6508: gcc -o conftest.exe  -O2   conftest.c fconftestf.o  -L/usr/lib/gcc/i686-pc-cygwin/3.4.4 -L/usr/lib/gcc/i686-pc-cygwin/3.4.4/../../.. -lfrtbegin -lg2c -lcygwin -luser32 -lkernel32 -ladvapi32 -lshell32  >&5
/cygdrive/c/DOKUME~1/Jonas/LOKALE~1/Temp/ccIveDf9.o:conftest.c:(.text+0x19): undefined reference to `_my_name'
collect2: ld returned 1 exit status
configure:6514: $? = 1
configure: failed program was:
| /* confdefs.h.  */
| 
| #define PACKAGE_NAME ""
| #define PACKAGE_TARNAME ""
| #define PACKAGE_VERSION ""
| #define PACKAGE_STRING ""
| #define PACKAGE_BUGREPORT ""
| #define HAVE_ERROR_CHECKING MPID_ERROR_LEVEL_ALL
| #define MPICH_ERROR_MSG_LEVEL MPICH_ERROR_MSG_ALL
| #define USE_LOGGING MPID_LOGGING_NONE
| #define HAVE_RUNTIME_THREADCHECK 1
| #define MPICH_THREAD_LEVEL MPI_THREAD_MULTIPLE
| #define USE_THREAD_IMPL MPICH_THREAD_IMPL_GLOBAL_MUTEX
| #define HAVE_ROMIO 1
| #define HAVE_LONG_LONG 1
| /* end confdefs.h.  */
| 
| int
| main ()
| {
| my_name();
|   ;
|   return 0;
| }
configure:6553: gcc -o conftest.exe  -O2   conftest.c fconftestf.o  -L/usr/lib/gcc/i686-pc-cygwin/3.4.4 -L/usr/lib/gcc/i686-pc-cygwin/3.4.4/../../.. -lfrtbegin -lg2c -lcygwin -luser32 -lkernel32 -ladvapi32 -lshell32  >&5
/cygdrive/c/DOKUME~1/Jonas/LOKALE~1/Temp/cc4HVT5S.o:conftest.c:(.text+0x19): undefined reference to `_my_name_'
collect2: ld returned 1 exit status
configure:6559: $? = 1
configure: failed program was:
| /* confdefs.h.  */
| 
| #define PACKAGE_NAME ""
| #define PACKAGE_TARNAME ""
| #define PACKAGE_VERSION ""
| #define PACKAGE_STRING ""
| #define PACKAGE_BUGREPORT ""
| #define HAVE_ERROR_CHECKING MPID_ERROR_LEVEL_ALL
| #define MPICH_ERROR_MSG_LEVEL MPICH_ERROR_MSG_ALL
| #define USE_LOGGING MPID_LOGGING_NONE
| #define HAVE_RUNTIME_THREADCHECK 1
| #define MPICH_THREAD_LEVEL MPI_THREAD_MULTIPLE
| #define USE_THREAD_IMPL MPICH_THREAD_IMPL_GLOBAL_MUTEX
| #define HAVE_ROMIO 1
| #define HAVE_LONG_LONG 1
| /* end confdefs.h.  */
| 
| int
| main ()
| {
| my_name_();
|   ;
|   return 0;
| }
configure:6599: gcc -o conftest.exe  -O2   conftest.c fconftestf.o  -L/usr/lib/gcc/i686-pc-cygwin/3.4.4 -L/usr/lib/gcc/i686-pc-cygwin/3.4.4/../../.. -lfrtbegin -lg2c -lcygwin -luser32 -lkernel32 -ladvapi32 -lshell32  >&5
/cygdrive/c/DOKUME~1/Jonas/LOKALE~1/Temp/cc6oBWMX.o:conftest.c:(.text+0x20): undefined reference to `_MY_NAME@4'
collect2: ld returned 1 exit status
configure:6605: $? = 1
configure: failed program was:
| /* confdefs.h.  */
| 
| #define PACKAGE_NAME ""
| #define PACKAGE_TARNAME ""
| #define PACKAGE_VERSION ""
| #define PACKAGE_STRING ""
| #define PACKAGE_BUGREPORT ""
| #define HAVE_ERROR_CHECKING MPID_ERROR_LEVEL_ALL
| #define MPICH_ERROR_MSG_LEVEL MPICH_ERROR_MSG_ALL
| #define USE_LOGGING MPID_LOGGING_NONE
| #define HAVE_RUNTIME_THREADCHECK 1
| #define MPICH_THREAD_LEVEL MPI_THREAD_MULTIPLE
| #define USE_THREAD_IMPL MPICH_THREAD_IMPL_GLOBAL_MUTEX
| #define HAVE_ROMIO 1
| #define HAVE_LONG_LONG 1
| /* end confdefs.h.  */
| void __stdcall MY_NAME(int);
| int
| main ()
| {
| MY_NAME(0);
|   ;
|   return 0;
| }
configure:6645: gcc -o conftest.exe  -O2   conftest.c fconftestf.o  -L/usr/lib/gcc/i686-pc-cygwin/3.4.4 -L/usr/lib/gcc/i686-pc-cygwin/3.4.4/../../.. -lfrtbegin -lg2c -lcygwin -luser32 -lkernel32 -ladvapi32 -lshell32  >&5
/cygdrive/c/DOKUME~1/Jonas/LOKALE~1/Temp/ccG8fwIQ.o:conftest.c:(.text+0x19): undefined reference to `_MY_NAME'
collect2: ld returned 1 exit status
configure:6651: $? = 1
configure: failed program was:
| /* confdefs.h.  */
| 
| #define PACKAGE_NAME ""
| #define PACKAGE_TARNAME ""
| #define PACKAGE_VERSION ""
| #define PACKAGE_STRING ""
| #define PACKAGE_BUGREPORT ""
| #define HAVE_ERROR_CHECKING MPID_ERROR_LEVEL_ALL
| #define MPICH_ERROR_MSG_LEVEL MPICH_ERROR_MSG_ALL
| #define USE_LOGGING MPID_LOGGING_NONE
| #define HAVE_RUNTIME_THREADCHECK 1
| #define MPICH_THREAD_LEVEL MPI_THREAD_MULTIPLE
| #define USE_THREAD_IMPL MPICH_THREAD_IMPL_GLOBAL_MUTEX
| #define HAVE_ROMIO 1
| #define HAVE_LONG_LONG 1
| /* end confdefs.h.  */
| 
| int
| main ()
| {
| MY_NAME();
|   ;
|   return 0;
| }
configure:6691: gcc -o conftest.exe  -O2   conftest.c fconftestf.o  -L/usr/lib/gcc/i686-pc-cygwin/3.4.4 -L/usr/lib/gcc/i686-pc-cygwin/3.4.4/../../.. -lfrtbegin -lg2c -lcygwin -luser32 -lkernel32 -ladvapi32 -lshell32  >&5
configure:6697: $? = 0
configure:6700: test -z 			 || test ! -s conftest.err
configure:6703: $? = 0
configure:6706: test -s conftest.exe
configure:6709: $? = 0
configure:7196: result: lower doubleunderscore
configure:7289: checking what libraries are needed to link Fortran programs with C routines that use stdio
configure:7308: gcc -c  -O2 conftestc.c 1>&5
configure:7311: $? = 0
configure:7320: g77  -O2 -o conftest conftest.f conftestc.o 1>&5
configure:7323: $? = 0
configure:7346: result: none
configure:7461: checking for f90
configure:7490: result: no
configure:7461: checking for xlf90
configure:7490: result: no
configure:7461: checking for pgf90
configure:7490: result: no
configure:7461: checking for ifort
configure:7490: result: no
configure:7461: checking for epcf90
configure:7490: result: no
configure:7461: checking for f95
configure:7490: result: no
configure:7461: checking for fort
configure:7490: result: no
configure:7461: checking for xlf95
configure:7490: result: no
configure:7461: checking for lf95
configure:7490: result: no
configure:7461: checking for pathf90
configure:7490: result: no
configure:7461: checking for g95
configure:7490: result: no
configure:7461: checking for gfortran
configure:7490: result: no
configure:7461: checking for ifc
configure:7490: result: no
configure:7461: checking for efc
configure:7490: result: no
configure:7502: checking that f works as the extension for Fortran 90 program
configure:7508:  -c  conftest.f >&5
/home/Jonas/libraries/mpich2-1.0.7/configure: line 7509: -c: command not found
configure:7511: $? = 127
configure:7516: result: no
configure:7518: checking for extension for Fortran 90 programs
configure:7525:  -c  conftest.f90 >&5
/home/Jonas/libraries/mpich2-1.0.7/configure: line 7526: -c: command not found
configure:7528: $? = 127
configure:7539:  -c  conftest.f >&5
/home/Jonas/libraries/mpich2-1.0.7/configure: line 7540: -c: command not found
configure:7542: $? = 127
configure:7547: result: unknown!
configure:7561: checking for Fortran 90 compiler version
configure:7564:  --version </dev/null >&5
/home/Jonas/libraries/mpich2-1.0.7/configure: line 7565: --version: command not found
configure:7567: $? = 127
configure:7569:  -v </dev/null >&5
/home/Jonas/libraries/mpich2-1.0.7/configure: line 7570: -v: command not found
configure:7572: $? = 127
configure:7574:  -V </dev/null >&5
/home/Jonas/libraries/mpich2-1.0.7/configure: line 7575: -V: command not found
configure:7577: $? = 127
configure:8150: checking whether Fortran accepts ! for comments
configure:8169: g77 -c  -O2 conftest.f >&5
configure:8175: $? = 0
configure:8178: test -z 			 || test ! -s conftest.err
configure:8181: $? = 0
configure:8184: test -s conftest.o
configure:8187: $? = 0
configure:8204: result: yes
configure:8214: checking for include directory flag for Fortran
configure:8234: g77 -c  -O2 -Isrc conftest.f 1>&5
configure:8237: $? = 0
configure:8247: result: -I
configure:8265: checking for Fortran 77 flag for library directories
configure:8283: g77 -c  -O2 conftest1.f 1>&5
configure:8286: $? = 0
configure:8294: ar cr conftest2/libconftest.a conftest1.o
configure:8297: $? = 0
configure:8300: ranlib conftest2/libconftest.a
configure:8303: $? = 0
configure:8307: g77 -o conftest  -O2 -Lconftest2 conftest.f -lconftest  1>&5
configure:8310: $? = 0
configure:8324: result: -L
configure:8396: checking for which Fortran libraries are needed to link C with Fortran
configure:8407: g77 -c  -O2 conftest.f 1>&5
configure:8410: $? = 0
configure:8446: gcc -o conftest.exe  -O2   conftest.c mconftestf.o  >&5
configure:8452: $? = 0
configure:8455: test -z 			 || test ! -s conftest.err
configure:8458: $? = 0
configure:8461: test -s conftest.exe
configure:8464: $? = 0
configure:8617: result: none
configure:8707: checking whether Fortran compiler processes .F files with C preprocessor
configure:8718: g77 -c  -O2  conftest.F 1>&5
configure:8721: $? = 0
configure:8743: result: yes
configure:10012: checking for c++
configure:10028: found /usr/bin/c++
configure:10038: result: c++
configure:10156: checking for C++ compiler version
configure:10159: c++ --version </dev/null >&5
c++ (GCC) 3.4.4 (cygming special, gdc 0.12, using dmd 0.125)
Copyright (C) 2004 Free Software Foundation, Inc.
This is free software; see the source for copying conditions.  There is NO
warranty; not even for MERCHANTABILITY or FITNESS FOR A PARTICULAR PURPOSE.

configure:10162: $? = 0
configure:10164: c++ -v </dev/null >&5
Reading specs from /usr/lib/gcc/i686-pc-cygwin/3.4.4/specs
Configured with: /usr/build/package/orig/test.respin/gcc-3.4.4-3/configure --verbose --prefix=/usr --exec-prefix=/usr --sysconfdir=/etc --libdir=/usr/lib --libexecdir=/usr/lib --mandir=/usr/share/man --infodir=/usr/share/info --enable-languages=c,ada,c++,d,f77,pascal,java,objc --enable-nls --without-included-gettext --enable-version-specific-runtime-libs --without-x --enable-libgcj --disable-java-awt --with-system-zlib --enable-interpreter --disable-libgcj-debug --enable-threads=posix --enable-java-gc=boehm --disable-win32-registry --enable-sjlj-exceptions --enable-hash-synchronization --enable-libstdcxx-debug
Thread model: posix
gcc version 3.4.4 (cygming special, gdc 0.12, using dmd 0.125)
configure:10167: $? = 0
configure:10169: c++ -V </dev/null >&5
c++: `-V' option must have argument
configure:10172: $? = 1
configure:10175: checking whether we are using the GNU C++ compiler
configure:10199: c++ -c   conftest.cc >&5
configure:10205: $? = 0
configure:10208: test -z 			 || test ! -s conftest.err
configure:10211: $? = 0
configure:10214: test -s conftest.o
configure:10217: $? = 0
configure:10230: result: yes
configure:10236: checking whether c++ accepts -g
configure:10257: c++ -c -g  conftest.cc >&5
configure:10263: $? = 0
configure:10266: test -z 			 || test ! -s conftest.err
configure:10269: $? = 0
configure:10272: test -s conftest.o
configure:10275: $? = 0
configure:10286: result: yes
configure:10328: c++ -c -g -O2  conftest.cc >&5
configure:10334: $? = 0
configure:10337: test -z 			 || test ! -s conftest.err
configure:10340: $? = 0
configure:10343: test -s conftest.o
configure:10346: $? = 0
configure:10372: c++ -c -g -O2  conftest.cc >&5
conftest.cc: In function `int main()':
conftest.cc:24: error: `exit' undeclared (first use this function)
conftest.cc:24: error: (Each undeclared identifier is reported only once for each function it appears in.)
configure:10378: $? = 1
configure: failed program was:
| /* confdefs.h.  */
| 
| #define PACKAGE_NAME ""
| #define PACKAGE_TARNAME ""
| #define PACKAGE_VERSION ""
| #define PACKAGE_STRING ""
| #define PACKAGE_BUGREPORT ""
| #define HAVE_ERROR_CHECKING MPID_ERROR_LEVEL_ALL
| #define MPICH_ERROR_MSG_LEVEL MPICH_ERROR_MSG_ALL
| #define USE_LOGGING MPID_LOGGING_NONE
| #define HAVE_RUNTIME_THREADCHECK 1
| #define MPICH_THREAD_LEVEL MPI_THREAD_MULTIPLE
| #define USE_THREAD_IMPL MPICH_THREAD_IMPL_GLOBAL_MUTEX
| #define HAVE_ROMIO 1
| #define HAVE_LONG_LONG 1
| #define F77_NAME_LOWER_2USCORE 1
| #define STDCALL 
| #define HAVE_FORTRAN_BINDING 1
| /* end confdefs.h.  */
| 
| int
| main ()
| {
| exit (42);
|   ;
|   return 0;
| }
configure:10328: c++ -c -g -O2  conftest.cc >&5
configure:10334: $? = 0
configure:10337: test -z 			 || test ! -s conftest.err
configure:10340: $? = 0
configure:10343: test -s conftest.o
configure:10346: $? = 0
configure:10372: c++ -c -g -O2  conftest.cc >&5
configure:10378: $? = 0
configure:10381: test -z 			 || test ! -s conftest.err
configure:10384: $? = 0
configure:10387: test -s conftest.o
configure:10390: $? = 0
configure:10434: checking whether the C++ compiler c++ can build an executable
configure:10470: c++ -o conftest.exe    conftest.cc  >&5
configure:10476: $? = 0
configure:10479: test -z 			 || test ! -s conftest.err
configure:10482: $? = 0
configure:10485: test -s conftest.exe
configure:10488: $? = 0
configure:10506: result: yes
configure:10520: checking whether the compiler supports exceptions
configure:10549: c++ -c   conftest.cc >&5
configure:10555: $? = 0
configure:10558: test -z 			 || test ! -s conftest.err
configure:10561: $? = 0
configure:10564: test -s conftest.o
configure:10567: $? = 0
configure:10585: result: yes
configure:10595: checking whether the compiler recognizes bool as a built-in type
configure:10628: c++ -c   conftest.cc >&5
configure:10634: $? = 0
configure:10637: test -z 			 || test ! -s conftest.err
configure:10640: $? = 0
configure:10643: test -s conftest.o
configure:10646: $? = 0
configure:10664: result: yes
configure:10674: checking whether the compiler implements namespaces
configure:10703: c++ -c   conftest.cc >&5
configure:10709: $? = 0
configure:10712: test -z 			 || test ! -s conftest.err
configure:10715: $? = 0
configure:10718: test -s conftest.o
configure:10721: $? = 0
configure:10739: result: yes
configure:10760: checking whether <iostream> available
configure:10784: c++ -c   conftest.cc >&5
configure:10790: $? = 0
configure:10793: test -z 			 || test ! -s conftest.err
configure:10796: $? = 0
configure:10799: test -s conftest.o
configure:10802: $? = 0
configure:10813: result: yes
configure:10819: checking whether the compiler implements the namespace std
configure:10852: c++ -c   conftest.cc >&5
configure:10858: $? = 0
configure:10861: test -z 			 || test ! -s conftest.err
configure:10864: $? = 0
configure:10867: test -s conftest.o
configure:10870: $? = 0
configure:10889: result: yes
configure:10903: checking whether <math> available
configure:10927: c++ -c   conftest.cc >&5
conftest.cc:27:16: math: No such file or directory
configure:10933: $? = 1
configure: failed program was:
| /* confdefs.h.  */
| 
| #define PACKAGE_NAME ""
| #define PACKAGE_TARNAME ""
| #define PACKAGE_VERSION ""
| #define PACKAGE_STRING ""
| #define PACKAGE_BUGREPORT ""
| #define HAVE_ERROR_CHECKING MPID_ERROR_LEVEL_ALL
| #define MPICH_ERROR_MSG_LEVEL MPICH_ERROR_MSG_ALL
| #define USE_LOGGING MPID_LOGGING_NONE
| #define HAVE_RUNTIME_THREADCHECK 1
| #define MPICH_THREAD_LEVEL MPI_THREAD_MULTIPLE
| #define USE_THREAD_IMPL MPICH_THREAD_IMPL_GLOBAL_MUTEX
| #define HAVE_ROMIO 1
| #define HAVE_LONG_LONG 1
| #define F77_NAME_LOWER_2USCORE 1
| #define STDCALL 
| #define HAVE_FORTRAN_BINDING 1
| #ifdef __cplusplus
| extern "C" void std::exit (int) throw (); using std::exit;
| #endif
| #define HAVE_CXX_EXCEPTIONS
| #define HAVE_NAMESPACES
| #define HAVE_NAMESPACE_STD
| /* end confdefs.h.  */
| 
| #include <math>
| 
| int
| main ()
| {
| using namespace std;
|   ;
|   return 0;
| }
configure:10956: result: no
configure:11000: checking for GNU g++ version
configure:11031: c++ -o conftest.exe    conftest.cc  >&5
configure:11034: $? = 0
configure:11036: ./conftest.exe
configure:11039: $? = 0
configure:11053: result: 3 . 4
configure:11101: checking whether C++ compiler accepts option -O2
configure:11111: result: yes
configure:11113: checking whether routines compiled with -O2 can be linked with ones compiled without -O2
configure:11121: result: yes
configure:11374: checking for perl
configure:11407: result: no
configure:11416: checking for ar
configure:11432: found /usr/bin/ar
configure:11442: result: ar
configure:11463: checking for ranlib
configure:11479: found /usr/bin/ranlib
configure:11489: result: ranlib
configure:11511: checking for etags
configure:11540: result: no
configure:11587: checking for killall
configure:11616: result: no
configure:11658: checking for a BSD-compatible install
configure:11713: result: /usr/bin/install -c
configure:11733: checking whether install works
configure:11741: result: yes
configure:11837: checking whether install breaks libraries
configure:11878: result: no
configure:11900: checking whether mkdir -p works
configure:11916: result: yes
configure:11934: checking for make
configure:11950: found /usr/bin/make
configure:11960: result: make
configure:11973: checking whether clock skew breaks make
configure:11994: result: no
configure:12004: checking whether make supports include
configure:12028: result: yes
configure:12037: checking whether make allows comments in actions
configure:12060: result: yes
configure:12074: checking for virtual path format
configure:12113: result: VPATH
configure:12123: checking whether make sets CFLAGS
configure:12145: result: no
configure:12192: checking for bash
configure:12222: result: /usr/bin/sh
configure:12244: checking whether /usr/bin/sh supports arrays
configure:12253: result: yes
configure:13373: checking for doctext
configure:13404: result: false
configure:13413: checking for location of doctext style files
configure:13430: result: unavailable
configure:13442: checking for an ANSI C-conforming const
configure:13509: gcc -c  -O2  conftest.c >&5
configure:13515: $? = 0
configure:13518: test -z 			 || test ! -s conftest.err
configure:13521: $? = 0
configure:13524: test -s conftest.o
configure:13527: $? = 0
configure:13538: result: yes
configure:13549: checking for volatile
configure:13571: gcc -c  -O2  conftest.c >&5
configure:13577: $? = 0
configure:13580: test -z 			 || test ! -s conftest.err
configure:13583: $? = 0
configure:13586: test -s conftest.o
configure:13589: $? = 0
configure:13600: result: yes
configure:13611: checking for restrict
configure:13633: gcc -c  -O2  conftest.c >&5
conftest.c: In function `main':
conftest.c:32: error: syntax error before "a"
configure:13639: $? = 1
configure: failed program was:
| /* confdefs.h.  */
| 
| #define PACKAGE_NAME ""
| #define PACKAGE_TARNAME ""
| #define PACKAGE_VERSION ""
| #define PACKAGE_STRING ""
| #define PACKAGE_BUGREPORT ""
| #define HAVE_ERROR_CHECKING MPID_ERROR_LEVEL_ALL
| #define MPICH_ERROR_MSG_LEVEL MPICH_ERROR_MSG_ALL
| #define USE_LOGGING MPID_LOGGING_NONE
| #define HAVE_RUNTIME_THREADCHECK 1
| #define MPICH_THREAD_LEVEL MPI_THREAD_MULTIPLE
| #define USE_THREAD_IMPL MPICH_THREAD_IMPL_GLOBAL_MUTEX
| #define HAVE_ROMIO 1
| #define HAVE_LONG_LONG 1
| #define F77_NAME_LOWER_2USCORE 1
| #define STDCALL 
| #define HAVE_FORTRAN_BINDING 1
| #ifdef __cplusplus
| extern "C" void std::exit (int) throw (); using std::exit;
| #endif
| #define HAVE_CXX_EXCEPTIONS
| #define HAVE_NAMESPACES
| #define HAVE_NAMESPACE_STD
| #define HAVE_CXX_BINDING 1
| #define HAVE_NAMEPUB_SERVICE 1
| /* end confdefs.h.  */
| 
| int
| main ()
| {
| int * restrict a;
|   ;
|   return 0;
| }
configure:13678: gcc -c  -O2  conftest.c >&5
conftest.c: In function `main':
conftest.c:32: error: syntax error before "a"
configure:13684: $? = 1
configure: failed program was:
| /* confdefs.h.  */
| 
| #define PACKAGE_NAME ""
| #define PACKAGE_TARNAME ""
| #define PACKAGE_VERSION ""
| #define PACKAGE_STRING ""
| #define PACKAGE_BUGREPORT ""
| #define HAVE_ERROR_CHECKING MPID_ERROR_LEVEL_ALL
| #define MPICH_ERROR_MSG_LEVEL MPICH_ERROR_MSG_ALL
| #define USE_LOGGING MPID_LOGGING_NONE
| #define HAVE_RUNTIME_THREADCHECK 1
| #define MPICH_THREAD_LEVEL MPI_THREAD_MULTIPLE
| #define USE_THREAD_IMPL MPICH_THREAD_IMPL_GLOBAL_MUTEX
| #define HAVE_ROMIO 1
| #define HAVE_LONG_LONG 1
| #define F77_NAME_LOWER_2USCORE 1
| #define STDCALL 
| #define HAVE_FORTRAN_BINDING 1
| #ifdef __cplusplus
| extern "C" void std::exit (int) throw (); using std::exit;
| #endif
| #define HAVE_CXX_EXCEPTIONS
| #define HAVE_NAMESPACES
| #define HAVE_NAMESPACE_STD
| #define HAVE_CXX_BINDING 1
| #define HAVE_NAMEPUB_SERVICE 1
| /* end confdefs.h.  */
| 
| int
| main ()
| {
| int * _Restrict a;
|   ;
|   return 0;
| }
configure:13724: gcc -c  -O2  conftest.c >&5
configure:13730: $? = 0
configure:13733: test -z 			 || test ! -s conftest.err
configure:13736: $? = 0
configure:13739: test -s conftest.o
configure:13742: $? = 0
configure:13755: result: __restrict
configure:13770: checking for inline
configure:13791: gcc -c  -O2  conftest.c >&5
configure:13797: $? = 0
configure:13800: test -z 			 || test ! -s conftest.err
configure:13803: $? = 0
configure:13806: test -s conftest.o
configure:13809: $? = 0
configure:13821: result: inline
configure:13844: checking whether __attribute__ allowed
configure:13866: gcc -c  -O2  conftest.c >&5
configure:13872: $? = 0
configure:13875: test -z 			 || test ! -s conftest.err
configure:13878: $? = 0
configure:13881: test -s conftest.o
configure:13884: $? = 0
configure:13895: result: yes
configure:13897: checking whether __attribute__((format)) allowed
configure:13919: gcc -c  -O2  conftest.c >&5
configure:13925: $? = 0
configure:13928: test -z 			 || test ! -s conftest.err
configure:13931: $? = 0
configure:13934: test -s conftest.o
configure:13937: $? = 0
configure:13948: result: yes
configure:13962: checking whether byte ordering is bigendian
configure:13989: gcc -c  -O2  conftest.c >&5
configure:13995: $? = 0
configure:13998: test -z 			 || test ! -s conftest.err
configure:14001: $? = 0
configure:14004: test -s conftest.o
configure:14007: $? = 0
configure:14031: gcc -c  -O2  conftest.c >&5
conftest.c: In function `main':
conftest.c:37: error: `not' undeclared (first use in this function)
conftest.c:37: error: (Each undeclared identifier is reported only once
conftest.c:37: error: for each function it appears in.)
conftest.c:37: error: parse error before "big"
configure:14037: $? = 1
configure: failed program was:
| /* confdefs.h.  */
| 
| #define PACKAGE_NAME ""
| #define PACKAGE_TARNAME ""
| #define PACKAGE_VERSION ""
| #define PACKAGE_STRING ""
| #define PACKAGE_BUGREPORT ""
| #define HAVE_ERROR_CHECKING MPID_ERROR_LEVEL_ALL
| #define MPICH_ERROR_MSG_LEVEL MPICH_ERROR_MSG_ALL
| #define USE_LOGGING MPID_LOGGING_NONE
| #define HAVE_RUNTIME_THREADCHECK 1
| #define MPICH_THREAD_LEVEL MPI_THREAD_MULTIPLE
| #define USE_THREAD_IMPL MPICH_THREAD_IMPL_GLOBAL_MUTEX
| #define HAVE_ROMIO 1
| #define HAVE_LONG_LONG 1
| #define F77_NAME_LOWER_2USCORE 1
| #define STDCALL 
| #define HAVE_FORTRAN_BINDING 1
| #ifdef __cplusplus
| extern "C" void std::exit (int) throw (); using std::exit;
| #endif
| #define HAVE_CXX_EXCEPTIONS
| #define HAVE_NAMESPACES
| #define HAVE_NAMESPACE_STD
| #define HAVE_CXX_BINDING 1
| #define HAVE_NAMEPUB_SERVICE 1
| #define restrict __restrict
| #define HAVE_GCC_ATTRIBUTE 1
| /* end confdefs.h.  */
| #include <sys/types.h>
| #include <sys/param.h>
| 
| int
| main ()
| {
| #if BYTE_ORDER != BIG_ENDIAN
|  not big endian
| #endif
| 
|   ;
|   return 0;
| }
configure:14170: result: no
configure:14197: checking whether C compiler allows unaligned doubles
configure:14235: gcc -o conftest.exe  -O2   conftest.c  >&5
configure:14238: $? = 0
configure:14240: ./conftest.exe
configure:14243: $? = 0
configure:14257: result: yes
configure:14276: checking whether gcc supports __func__
configure:14297: gcc -c  -O2  conftest.c >&5
configure:14303: $? = 0
configure:14306: test -z 			 || test ! -s conftest.err
configure:14309: $? = 0
configure:14312: test -s conftest.o
configure:14315: $? = 0
configure:14326: result: yes
configure:14470: result: Using gcc to determine dependencies
configure:14502: checking whether long double is supported
configure:14524: gcc -c  -O2  conftest.c >&5
configure:14530: $? = 0
configure:14533: test -z 			 || test ! -s conftest.err
configure:14536: $? = 0
configure:14539: test -s conftest.o
configure:14542: $? = 0
configure:14553: result: yes
configure:14564: checking whether long long is supported
configure:14586: gcc -c  -O2  conftest.c >&5
configure:14592: $? = 0
configure:14595: test -z 			 || test ! -s conftest.err
configure:14598: $? = 0
configure:14601: test -s conftest.o
configure:14604: $? = 0
configure:14615: result: yes
configure:14628: checking for max C struct integer alignment
configure:14751: gcc -o conftest.exe  -O2   conftest.c  >&5
configure:14754: $? = 0
configure:14756: ./conftest.exe
configure:14759: $? = 0
configure:14775: result: eight
configure:14812: checking for max C struct floating point alignment
configure:14919: gcc -o conftest.exe  -O2   conftest.c  >&5
configure:14922: $? = 0
configure:14924: ./conftest.exe
configure:14927: $? = 0
configure:14943: result: four
configure:14978: checking for max C struct alignment of structs with doubles
configure:15054: gcc -o conftest.exe  -O2   conftest.c  >&5
configure:15057: $? = 0
configure:15059: ./conftest.exe
configure:15062: $? = 0
configure:15078: result: eight
configure:15085: checking for max C struct floating point alignment with long doubles
configure:15162: gcc -o conftest.exe  -O2   conftest.c  >&5
configure:15165: $? = 0
configure:15167: ./conftest.exe
configure:15170: $? = 0
configure:15186: result: four
configure:15196: WARNING: Structures containing long doubles may be aligned differently from structures with floats or longs.  MPICH2 does not handle this case automatically and you should avoid assumed extents for structures containing float types.
configure:15231: checking if alignment of structs with doubles is based on position
configure:15270: gcc -o conftest.exe  -O2   conftest.c  >&5
configure:15273: $? = 0
configure:15275: ./conftest.exe
configure:15278: $? = 0
configure:15294: result: no
configure:15310: checking if alignment of structs with long long ints is based on position
configure:15351: gcc -o conftest.exe  -O2   conftest.c  >&5
configure:15354: $? = 0
configure:15356: ./conftest.exe
configure:15359: $? = 0
configure:15375: result: no
configure:15391: checking if double alignment breaks rules, find actual alignment
configure:15443: gcc -o conftest.exe  -O2   conftest.c  >&5
configure:15446: $? = 0
configure:15448: ./conftest.exe
configure:15451: $? = 0
configure:15467: result: no
configure:15483: checking for alignment restrictions on pointers
configure:15508: gcc -o conftest.exe  -O2   conftest.c  >&5
configure:15511: $? = 0
configure:15513: ./conftest.exe
configure:15516: $? = 0
configure:15539: result: int or better
configure:15547: checking for egrep
configure:15557: result: grep -E
configure:15562: checking for ANSI C header files
configure:15587: gcc -c  -O2  conftest.c >&5
configure:15593: $? = 0
configure:15596: test -z 			 || test ! -s conftest.err
configure:15599: $? = 0
configure:15602: test -s conftest.o
configure:15605: $? = 0
]0;~
[32mJonas@martinim [33m~[0m
$ 
]0;~
[32mJonas@martinim [33m~[0m
$ 
## ---------------- ##
## Cache variables. ##
## ---------------- ##

ac_cv_c_bigendian=no
ac_cv_c_compiler_gnu=yes
ac_cv_c_const=yes
ac_cv_c_inline=inline
ac_cv_cxx_bool=yes
ac_cv_cxx_compiler_gnu=yes
ac_cv_cxx_exceptions=yes
ac_cv_cxx_namespace_std=yes
ac_cv_cxx_namespaces=yes
ac_cv_env_CC_set=
ac_cv_env_CC_value=
ac_cv_env_CFLAGS_set=
ac_cv_env_CFLAGS_value=
ac_cv_env_CPPFLAGS_set=
ac_cv_env_CPPFLAGS_value=
ac_cv_env_CPP_set=
ac_cv_env_CPP_value=
ac_cv_env_CXXCPP_set=
ac_cv_env_CXXCPP_value=
ac_cv_env_CXXFLAGS_set=
ac_cv_env_CXXFLAGS_value=
ac_cv_env_CXX_set=
ac_cv_env_CXX_value=
ac_cv_env_F77_set=
ac_cv_env_F77_value=
ac_cv_env_F90FLAGS_set=
ac_cv_env_F90FLAGS_value=
ac_cv_env_F90_set=
ac_cv_env_F90_value=
ac_cv_env_FFLAGS_set=
ac_cv_env_FFLAGS_value=
ac_cv_env_LDFLAGS_set=
ac_cv_env_LDFLAGS_value=
ac_cv_env_MPICH2LIB_CFLAGS_set=
ac_cv_env_MPICH2LIB_CFLAGS_value=
ac_cv_env_MPICH2LIB_CXXFLAGS_set=
ac_cv_env_MPICH2LIB_CXXFLAGS_value=
ac_cv_env_MPICH2LIB_F90FLAGS_set=
ac_cv_env_MPICH2LIB_F90FLAGS_value=
ac_cv_env_MPICH2LIB_FFLAGS_set=
ac_cv_env_MPICH2LIB_FFLAGS_value=
ac_cv_env_build_alias_set=
ac_cv_env_build_alias_value=
ac_cv_env_host_alias_set=
ac_cv_env_host_alias_value=
ac_cv_env_target_alias_set=
ac_cv_env_target_alias_value=
ac_cv_exeext=.exe
ac_cv_f77_compiler_gnu=yes
ac_cv_f77_libs=' -L/usr/lib/gcc/i686-pc-cygwin/3.4.4 -L/usr/lib/gcc/i686-pc-cygwin/3.4.4/../../.. -lfrtbegin -lg2c -lcygwin -luser32 -lkernel32 -ladvapi32 -lshell32'
ac_cv_header_stdc=yes
ac_cv_objext=o
ac_cv_path_BASH=/usr/bin/sh
ac_cv_path_DOCTEXT=false
ac_cv_path_install='/usr/bin/install -c'
ac_cv_prog_AR=ar
ac_cv_prog_CXX=c++
ac_cv_prog_MAKE=make
ac_cv_prog_RANLIB=ranlib
ac_cv_prog_ac_ct_CC=gcc
ac_cv_prog_ac_ct_F77=g77
ac_cv_prog_cc_g=yes
ac_cv_prog_cc_stdc=
ac_cv_prog_cxx_g=yes
ac_cv_prog_egrep='grep -E'
ac_cv_prog_f77_g=yes
ac_cv_prog_f77_v=-v
ac_cv_prog_install_breaks_libs=no
pac_cv_attr_weak=yes
pac_cv_c_double_alignment_exception=no
pac_cv_c_double_pos_align=no
pac_cv_c_fp_align_nr=4
pac_cv_c_llint_pos_align=no
pac_cv_c_max_double_fp_align=eight
pac_cv_c_max_fp_align=four
pac_cv_c_max_integer_align=eight
pac_cv_c_max_longdouble_fp_align=four
pac_cv_c_restrict=__restrict
pac_cv_c_struct_align_nr=8
pac_cv_c_volatile=yes
pac_cv_cc_has___func__=yes
pac_cv_cxx_builds_exe=yes
pac_cv_cxx_has_iostream=yes
pac_cv_cxx_has_math=no
pac_cv_f77_flibs_valid=yes
pac_cv_f90_ext=f
pac_cv_f90_ext_f90=no
pac_cv_fort_accepts_F=yes
pac_cv_gnu_attr_format=yes
pac_cv_gnu_attr_pure=yes
pac_cv_have_long_double=yes
pac_cv_have_long_long=yes
pac_cv_mkdir_p=yes
pac_cv_my_conf_dir=/tmp/Jonas/mpich2-1.0.7
pac_cv_pointers_have_int_alignment=yes
pac_cv_prog_c_unaligned_doubles=yes
pac_cv_prog_c_weak_symbols=no
pac_cv_prog_f77_and_c_stdio_libs=none
pac_cv_prog_f77_exclaim_comments=yes
pac_cv_prog_f77_has_incdir=-I
pac_cv_prog_f77_library_dir_flag=-L
pac_cv_prog_f77_name_mangle='lower doubleunderscore'
pac_cv_prog_make_allows_comments=yes
pac_cv_prog_make_found_clock_skew=no
pac_cv_prog_make_include=yes
pac_cv_prog_make_set_cflags=no
pac_cv_prog_make_vpath=VPATH
pac_cv_test_stdcall=

## ----------------- ##
## Output variables. ##
## ----------------- ##

ABIVERSION='1:1'
ADDRESS_KIND=''
ALLOCA=''
AR='ar'
BASH='/usr/bin/sh'
BSEND_OVERHEAD=''
BUILD_BASH_SCRIPTS='yes'
BUILD_DLLS='no'
BUILD_TVDLL='no'
CC='gcc'
CC_SHL='true'
CC_SHL_DBG=''
CFLAGS=' -O2'
CONFIGURE_ARGS_CLEAN='-prefix=/home/Jonas/mpich2-install'
CONFIGURE_ARGUMENTS=''-prefix=/home/Jonas/mpich2-install''
CPP=''
CPPFLAGS=''
CREATESHLIB='false'
CXX='c++'
CXXCPP=''
CXXFLAGS=' -O2'
CXX_DEFS=' -DHAVE_CXX_IOSTREAM -DHAVE_NAMESPACE_STD'
CXX_LINKPATH_SHL=''
CXX_SHL='false'
C_LINKPATH_SHL=''
C_LINK_SHL='true'
C_LINK_SHL_DBG=''
DEFS=''
DEVICE='ch3'
DEVICE_ARGS=''
DEVICE_NAME='ch3'
DLLIMPORT=''
DOCTEXT='false'
DOCTEXTSTYLE=''
ECHO_C=''
ECHO_N='-n'
ECHO_T=''
EGREP='grep -E'
ENABLE_SHLIB='none'
ETAGS='true'
ETAGSADD=''
EXEEXT='.exe'
EXTERNAL_SRC_DIRS=''
EXTRA_STATUS_DECL=''
F77='g77'
F77CPP=''
F77_COMPLEX16=''
F77_COMPLEX32=''
F77_COMPLEX8=''
F77_INCDIR='-I'
F77_INTEGER16=''
F77_INTEGER1=''
F77_INTEGER2=''
F77_INTEGER4=''
F77_INTEGER8=''
F77_IN_C_LIBS=''
F77_LIBDIR_LEADER='-L'
F77_NAME_MANGLE='F77_NAME_LOWER_2USCORE'
F77_OTHER_LIBS=''
F77_REAL16=''
F77_REAL4=''
F77_REAL8=''
F90=''
F90CPP=''
F90EXT=''
F90FLAGS=''
F90INC=''
F90INCFLAG=''
F90MODEXT=''
F90MODINCFLAG=''
F90MODINCSPEC=''
F90_LINKPATH_SHL=''
F90_OTHER_LIBS=''
F90_SHL=''
F90_WORK_FILES_ARG=''
FC='g77'
FC_LINKPATH_SHL=''
FC_SHL='false'
FFLAGS=' -O2'
FINCLUDES='-I/tmp/Jonas/mpich2-1.0.7/src'
FLIBS=' -L/usr/lib/gcc/i686-pc-cygwin/3.4.4 -L/usr/lib/gcc/i686-pc-cygwin/3.4.4/../../.. -lfrtbegin -lg2c -lcygwin -luser32 -lkernel32 -ladvapi32 -lshell32'
FORTRAN_BINDING='1'
FORTRAN_MPI_OFFSET=''
FWRAPNAME='fmpich'
GCC='yes'
GNUC_MINORVERSION='4'
GNUC_VERSION='3'
HAVE_CXX_EXCEPTIONS='1'
HAVE_ROMIO='#include "mpio.h"'
INCLUDE_MPICXX_H='#include "mpicxx.h"'
INCLUDE_MPIDDEFS_H='/* ... no device specific definitions ... */'
INSTALL_DATA='${INSTALL} -m 644'
INSTALL_PROGRAM='${INSTALL}'
INSTALL_SCRIPT='${INSTALL}'
INT16_T=''
INT32_T=''
INT64_T=''
KILLALL='true'
LDFLAGS=''
LIBOBJS=''
LIBS=''
LIBTOOL=''
LTLIBOBJS=''
MAKE='make'
MAKE_DEPEND_C='gcc -MM'
MANY_PM='no'
MKDIR_P='mkdir -p'
MPE_THREAD_LIB_NAME=''
MPIBASEMODNAME='mpi_base'
MPICC=''
MPICH2LIB_CFLAGS=''
MPICH2LIB_CXXFLAGS=''
MPICH2LIB_F90FLAGS=''
MPICH2LIB_FFLAGS=''
MPICH_TIMER_KIND=''
MPICONSTMODNAME='mpi_constants'
MPICXX=''
MPICXXLIBNAME='mpichcxx'
MPID_TIMER_TYPE=''
MPIF77=''
MPIF90=''
MPIFLIBNAME='mpich'
MPIFPMPI=',PMPI_WTIME,PMPI_WTICK'
MPILIBNAME='mpich'
MPIMODNAME='mpi'
MPIR_CXX_BOOL='0x0c000000'
MPIR_CXX_COMPLEX='0x0c000000'
MPIR_CXX_DOUBLE_COMPLEX='0x0c000000'
MPIR_CXX_LONG_DOUBLE_COMPLEX='0x0c000000'
MPISIZEOFMODNAME='mpi_sizeofs'
MPIU_DLL_SPEC_DEF=''
MPI_2COMPLEX=''
MPI_2DOUBLE_COMPLEX=''
MPI_2DOUBLE_PRECISION=''
MPI_2INT=''
MPI_2INTEGER=''
MPI_2REAL=''
MPI_AINT=''
MPI_AINT_FMT_DEC_SPEC=''
MPI_AINT_FMT_HEX_SPEC=''
MPI_BYTE=''
MPI_CHAR=''
MPI_CHARACTER=''
MPI_COMPLEX16=''
MPI_COMPLEX32=''
MPI_COMPLEX8=''
MPI_COMPLEX=''
MPI_DOUBLE=''
MPI_DOUBLE_COMPLEX=''
MPI_DOUBLE_INT=''
MPI_DOUBLE_PRECISION=''
MPI_F77_BYTE=''
MPI_F77_LB=''
MPI_F77_PACKED=''
MPI_F77_UB=''
MPI_FINT=''
MPI_FLOAT=''
MPI_FLOAT_INT=''
MPI_INT=''
MPI_INTEGER16=''
MPI_INTEGER1=''
MPI_INTEGER2=''
MPI_INTEGER4=''
MPI_INTEGER8=''
MPI_INTEGER=''
MPI_LB=''
MPI_LOGICAL=''
MPI_LONG=''
MPI_LONG_DOUBLE=''
MPI_LONG_DOUBLE_INT=''
MPI_LONG_INT=''
MPI_LONG_LONG=''
MPI_MAX_PROCESSOR_NAME=''
MPI_OFFSET=''
MPI_OFFSET_TYPEDEF=''
MPI_PACKED=''
MPI_REAL16=''
MPI_REAL4=''
MPI_REAL8=''
MPI_REAL=''
MPI_SHORT=''
MPI_SHORT_INT=''
MPI_SIGNED_CHAR=''
MPI_STATUS_SIZE=''
MPI_UB=''
MPI_UNSIGNED_CHAR=''
MPI_UNSIGNED_INT=''
MPI_UNSIGNED_LONG=''
MPI_UNSIGNED_LONG_LONG=''
MPI_UNSIGNED_SHORT=''
MPI_WCHAR=''
NEEDSPLIB='yes'
NO_WEAK_SYM='build_proflib'
NO_WEAK_SYM_TARGET='build_proflib'
NUMVERSION='10007300'
OBJEXT='o'
OFFSET_KIND=''
PACKAGE_BUGREPORT=''
PACKAGE_NAME=''
PACKAGE_STRING=''
PACKAGE_TARNAME=''
PACKAGE_VERSION=''
PATH_SEPARATOR=':'
PERL=''
PMPIFLIBNAME='pmpich'
PMPILIBNAME='pmpich'
PROFILE_DEF_MPI='-DMPICH_MPI_FROM_PMPI'
RANLIB='ranlib'
RANLIB_AFTER_INSTALL='no'
RELEASE_DATE='Unknown, built on Tue Oct 14 18:20:29     2008'
REQD=''
SET_CFLAGS=''
SET_MAKE='MAKE=make'
SHELL='/bin/sh'
SHLIB_EXT='dll'
SHLIB_FROM_LO='no'
SHLIB_INSTALL='$(INSTALL_PROGRAM)'
SIZEOF_F90_CHARACTER=''
SIZEOF_F90_DOUBLE_PRECISION=''
SIZEOF_F90_INTEGER=''
SIZEOF_F90_REAL=''
SIZEOF_MPI_STATUS=''
TESTCPP=''
THR_CFLAGS=''
THR_CPPFLAGS=''
THR_DEFS=''
THR_LDFLAGS=''
THR_LIBS=''
VERSION='1.0.7'
VPATH='VPATH=.:${srcdir}'
WRAPPER_CFLAGS=''
WRAPPER_CXXFLAGS=''
WRAPPER_F90FLAGS=''
WRAPPER_FFLAGS=''
WRAPPER_LDFLAGS=''
XARGS_NODATA_OPT='-r'
ac_ct_CC='gcc'
ac_ct_CXX=''
ac_ct_F77='g77'
ac_ct_F90=''
ac_ct_RANLIB=''
bindings=' f77 cxx'
bindings_dirs=' src/binding/f77 src/binding/cxx'
bindir='${exec_prefix}/bin'
build_alias=''
datadir='${prefix}/share'
debugger_dir=''
device_name='ch3'
docdir='${prefix}/doc'
exec_prefix='NONE'
host_alias=''
htmldir='${prefix}/www'
includedir='${prefix}/include'
infodir='${prefix}/info'
libdir='${exec_prefix}/lib'
libexecdir='${exec_prefix}/libexec'
localstatedir='${prefix}/var'
logging_dir=''
logging_name='none'
logging_subdirs=''
mandir='${prefix}/man'
master_top_builddir='/tmp/Jonas/mpich2-1.0.7'
master_top_srcdir='/home/Jonas/libraries/mpich2-1.0.7'
modincdir=''
mpe_dir='mpe2'
nameserv_name='mpd'
oldincludedir='/usr/include'
other_install_dirs=' src/pm/mpd src/mpe2'
other_pm_names=''
pac_prog=''
pm_name='mpd'
pmi_name='simple'
prefix='/home/Jonas/mpich2-install'
program_transform_name='s,x,x,'
romio_dir='romio'
sbindir='${exec_prefix}/sbin'
sharedstatedir='${prefix}/com'
subdirs=''
subsystems=' src/mpi/romio src/pmi/simple src/pm/mpd src/mpe2'
sysconfdir='${prefix}/etc'
target_alias=''

## ------------- ##
## Output files. ##
## ------------- ##

MPE_THREAD_FUNCS=''
MPE_THREAD_TYPEDEFS=''

## ----------- ##
## confdefs.h. ##
## ----------- ##

#define F77_NAME_LOWER_2USCORE 1
#define HAVE_CXX_BINDING 1
#define HAVE_CXX_EXCEPTIONS
#define HAVE_ERROR_CHECKING MPID_ERROR_LEVEL_ALL
#define HAVE_FORTRAN_BINDING 1
#define HAVE_GCC_ATTRIBUTE 1
#define HAVE_LONG_DOUBLE 1
#define HAVE_LONG_LONG 1
#define HAVE_LONG_LONG_INT 1
#define HAVE_MAX_DOUBLE_FP_ALIGNMENT 8
#define HAVE_MAX_FP_ALIGNMENT 4
#define HAVE_MAX_INTEGER_ALIGNMENT 8
#define HAVE_MAX_LONG_DOUBLE_FP_ALIGNMENT 4
#define HAVE_MAX_STRUCT_ALIGNMENT 8
#define HAVE_NAMEPUB_SERVICE 1
#define HAVE_NAMESPACES
#define HAVE_NAMESPACE_STD
#define HAVE_ROMIO 1
#define HAVE_RUNTIME_THREADCHECK 1
#define MPICH_ERROR_MSG_LEVEL MPICH_ERROR_MSG_ALL
#define MPICH_THREAD_LEVEL MPI_THREAD_MULTIPLE
#define PACKAGE_BUGREPORT ""
#define PACKAGE_NAME ""
#define PACKAGE_STRING ""
#define PACKAGE_TARNAME ""
#define PACKAGE_VERSION ""
#define STDCALL 
#define USE_LOGGING MPID_LOGGING_NONE
#define USE_THREAD_IMPL MPICH_THREAD_IMPL_GLOBAL_MUTEX
#define WORDS_LITTLEENDIAN 1
#define restrict __restrict
#endif
#ifdef __cplusplus
extern "C" void std::exit (int) throw (); using std::exit;

configure: caught signal 2
configure: exit 1
ssdfsdfsdfsdf
